[MAIN]: START
[ENV]: Started init Environment
[ENV]: ACTIONS_SPACE: 257
[ENV]: Finished init Environment
[TRAIN]: actions: 257, observations: 12
[TRAIN]: CUDA: True
[TRAIN]: (1/1400) reward: -12.855512872338295, rho: 0.40625
[TRAIN]: SAVE MODEL: best_reward: -0.6427756436169147
[TRAIN]: (2/1400) reward: -17.25421430915594, rho: 0.44375
[TRAIN]: (3/1400) reward: -14.687806896865368, rho: 0.46875
[TRAIN]: (4/1400) reward: -8.795793354511261, rho: 0.4875
[TRAIN]: (5/1400) reward: -7.257954955101013, rho: 0.4375
[TRAIN]: (6/1400) reward: -10.23953914642334, rho: 0.4625
[TRAIN]: (7/1400) reward: -20.0, rho: 0.4625
[TRAIN]: (8/1400) reward: -13.068187296390533, rho: 0.5125
[TRAIN]: (9/1400) reward: -13.732250862929504, rho: 0.33125
[TRAIN]: (10/1400) reward: -18.688049852848053, rho: 0.4875
[TRAIN]: (11/1400) reward: -15.816308796405792, rho: 0.4
[TRAIN]: (12/1400) reward: -13.261374782770872, rho: 0.5125
[TRAIN]: (13/1400) reward: -5.562558064237237, rho: 0.51875
[TRAIN]: (14/1400) reward: -20.0, rho: 0.4625
[TRAIN]: (15/1400) reward: -17.335614724084735, rho: 0.39375
[TRAIN]: (16/1400) reward: -9.064611534588039, rho: 0.48125
[TRAIN]: (17/1400) reward: -11.792212953791022, rho: 0.44375
[TRAIN]: (18/1400) reward: -18.877542048692703, rho: 0.38125
[TRAIN]: (19/1400) reward: -16.18652629852295, rho: 0.56875
[TRAIN]: (20/1400) reward: -16.740140303969383, rho: 0.41875
[TRAIN]: (21/1400) reward: -5.75884236395359, rho: 0.41875
[TRAIN]: (22/1400) reward: -15.338412314653397, rho: 0.425
[TRAIN]: (23/1400) reward: -0.7451806515455246, rho: 0.39375
[TRAIN]: (24/1400) reward: -1.28285600990057, rho: 0.54375
[TRAIN]: (25/1400) reward: -18.028331458568573, rho: 0.53125
[TRAIN]: (26/1400) reward: -3.3147614002227783, rho: 0.34375
[TRAIN]: (27/1400) reward: -8.17030519247055, rho: 0.4375
[TRAIN]: (28/1400) reward: -8.0674754884094, rho: 0.38125
[TRAIN]: (29/1400) reward: 9.197496183216572, rho: 0.44375
[TRAIN]: (30/1400) reward: -16.926564721390605, rho: 0.55625
[TRAIN]: (31/1400) reward: -9.118000149726868, rho: 0.44375
[TRAIN]: (32/1400) reward: -9.15725314617157, rho: 0.39375
[TRAIN]: (33/1400) reward: -17.961017608642578, rho: 0.45
[TRAIN]: (34/1400) reward: -9.701615564525127, rho: 0.4375
[TRAIN]: (35/1400) reward: -18.82333256304264, rho: 0.49375
[TRAIN]: (36/1400) reward: -0.4256763458251953, rho: 0.375
[TRAIN]: (37/1400) reward: -1.6718052625656128, rho: 0.45
[TRAIN]: (38/1400) reward: -18.337952315807343, rho: 0.5
[TRAIN]: (39/1400) reward: -4.077657029032707, rho: 0.4625
[TRAIN]: (40/1400) reward: -14.433318913914263, rho: 0.58125
[TRAIN]: (41/1400) reward: -8.158822706347564, rho: 0.3625
[TRAIN]: (42/1400) reward: -1.659190308302641, rho: 0.35
[TRAIN]: (43/1400) reward: 3.207540988922119, rho: 0.5125
[TRAIN]: (44/1400) reward: -14.558867454528809, rho: 0.44375
[TRAIN]: (45/1400) reward: -12.906123179302085, rho: 0.5625
[TRAIN]: (46/1400) reward: -20.0, rho: 0.3625
[TRAIN]: (47/1400) reward: -16.27370858192444, rho: 0.3625
[TRAIN]: (48/1400) reward: -11.120628833770752, rho: 0.41875
[TRAIN]: (49/1400) reward: -9.935333907604218, rho: 0.475
[TRAIN]: (50/1400) reward: -10.642223358154297, rho: 0.3625
[TRAIN]: (51/1400) reward: -18.98541009426117, rho: 0.45
[TRAIN]: (52/1400) reward: 9.224758942611516, rho: 0.35625
[TRAIN]: (53/1400) reward: -17.82486927509308, rho: 0.29375
[TRAIN]: (54/1400) reward: -5.811750926077366, rho: 0.50625
[TRAIN]: (55/1400) reward: -6.96073904633522, rho: 0.4625
[TRAIN]: (56/1400) reward: -10.659699976444244, rho: 0.4875
[TRAIN]: (57/1400) reward: -10.914500713348389, rho: 0.525
[TRAIN]: (58/1400) reward: -13.882975578308105, rho: 0.55625
[TRAIN]: (59/1400) reward: 6.768195271492004, rho: 0.475
[TRAIN]: (60/1400) reward: 16.183628797531128, rho: 0.3
[TRAIN]: (61/1400) reward: -18.602407455444336, rho: 0.425
[TRAIN]: (62/1400) reward: -15.528662532567978, rho: 0.4875
[TRAIN]: (63/1400) reward: -9.996220588684082, rho: 0.43125
[TRAIN]: (64/1400) reward: -4.818815141916275, rho: 0.4625
[TRAIN]: (65/1400) reward: -11.459977405611426, rho: 0.4125
[TRAIN]: (66/1400) reward: -20.0, rho: 0.45
[TRAIN]: (67/1400) reward: -4.455420643091202, rho: 0.525
[TRAIN]: (68/1400) reward: -9.263511603698134, rho: 0.24375
[TRAIN]: (69/1400) reward: -9.169093608856201, rho: 0.48125
[TRAIN]: (70/1400) reward: -16.155858729034662, rho: 0.425
[TRAIN]: (71/1400) reward: -13.636704314500093, rho: 0.4
[TRAIN]: (72/1400) reward: -8.50559914112091, rho: 0.40625
[TRAIN]: (73/1400) reward: -14.312527298927307, rho: 0.35
[TRAIN]: (74/1400) reward: -14.409989148378372, rho: 0.40625
[TRAIN]: (75/1400) reward: -2.010546565055847, rho: 0.375
[TRAIN]: (76/1400) reward: -20.0, rho: 0.48125
[TRAIN]: (77/1400) reward: -11.767975091934204, rho: 0.3375
[TRAIN]: (78/1400) reward: -5.218687403947115, rho: 0.45625
[TRAIN]: (79/1400) reward: -9.965962536633015, rho: 0.44375
[TRAIN]: (80/1400) reward: 0.5939035415649414, rho: 0.46875
[TRAIN]: (81/1400) reward: -3.0380115509033203, rho: 0.3875
[TRAIN]: (82/1400) reward: -10.242909401655197, rho: 0.4125
[TRAIN]: (83/1400) reward: -11.945607662200928, rho: 0.5375
[TRAIN]: (84/1400) reward: 2.4275307152420282, rho: 0.39375
[TRAIN]: (85/1400) reward: -14.56692886352539, rho: 0.4875
[TRAIN]: (86/1400) reward: -17.35520827770233, rho: 0.38125
[TRAIN]: (87/1400) reward: -14.146191596984863, rho: 0.275
[TRAIN]: (88/1400) reward: -3.465468943119049, rho: 0.39375
[TRAIN]: (89/1400) reward: -16.43976740539074, rho: 0.45
[TRAIN]: (90/1400) reward: 2.667895570397377, rho: 0.38125
[TRAIN]: (91/1400) reward: -20.0, rho: 0.44375
[TRAIN]: (92/1400) reward: -9.612731993198395, rho: 0.425
[TRAIN]: (93/1400) reward: -14.126754105091095, rho: 0.525
[TRAIN]: (94/1400) reward: -19.0, rho: 0.44375
[TRAIN]: (95/1400) reward: -10.732547876425087, rho: 0.2875
[TRAIN]: (96/1400) reward: -17.68695367872715, rho: 0.40625
[TRAIN]: (97/1400) reward: -12.558279991149902, rho: 0.34375
[TRAIN]: (98/1400) reward: -19.0, rho: 0.50625
[TRAIN]: (99/1400) reward: -2.320237770676613, rho: 0.3625
[TRAIN]: (100/1400) reward: -9.76838834490627, rho: 0.51875
[TRAIN]: (101/1400) reward: 6.748621940612793, rho: 0.425
[TRAIN]: (102/1400) reward: -13.783791184425354, rho: 0.48125
[TRAIN]: (103/1400) reward: -12.985902771353722, rho: 0.33125
[TRAIN]: (104/1400) reward: -6.237559971865267, rho: 0.5375
[TRAIN]: (105/1400) reward: -5.811006665229797, rho: 0.55
[TRAIN]: (106/1400) reward: -5.282112304121256, rho: 0.5875
[TRAIN]: (107/1400) reward: -11.160265494138002, rho: 0.43125
[TRAIN]: (108/1400) reward: -9.383010506629944, rho: 0.4125
[TRAIN]: (109/1400) reward: -15.446270138025284, rho: 0.45625
[TRAIN]: (110/1400) reward: -17.250232338905334, rho: 0.475
[TRAIN]: (111/1400) reward: -0.6833324432373047, rho: 0.39375
[TRAIN]: (112/1400) reward: -16.87794427573681, rho: 0.45
[TRAIN]: (113/1400) reward: -20.0, rho: 0.50625
[TRAIN]: (114/1400) reward: -10.570408754050732, rho: 0.45625
[TRAIN]: (115/1400) reward: -0.7060079574584961, rho: 0.45625
[TRAIN]: (116/1400) reward: -17.667833379469812, rho: 0.45625
[TRAIN]: (117/1400) reward: -18.98278365470469, rho: 0.44375
[TRAIN]: (118/1400) reward: -17.097273148596287, rho: 0.375
[TRAIN]: (119/1400) reward: -12.18631637096405, rho: 0.26875
[TRAIN]: (120/1400) reward: -0.3803714889800176, rho: 0.4375
[TRAIN]: (121/1400) reward: 0.6232519038021564, rho: 0.35625
[TRAIN]: (122/1400) reward: -13.209184753708541, rho: 0.4625
[TRAIN]: (123/1400) reward: 2.4294190108776093, rho: 0.5125
[TRAIN]: (124/1400) reward: -12.04477345943451, rho: 0.575
[TRAIN]: (125/1400) reward: -9.483467429876328, rho: 0.44375
[TRAIN]: (126/1400) reward: -12.240746334195137, rho: 0.48125
[TRAIN]: (127/1400) reward: -18.69551119208336, rho: 0.48125
[TRAIN]: (128/1400) reward: -7.830453634262085, rho: 0.4
[TRAIN]: (129/1400) reward: 0.3901200294494629, rho: 0.4125
[TRAIN]: (130/1400) reward: -5.875374928116798, rho: 0.425
[TRAIN]: (131/1400) reward: -13.240255355834961, rho: 0.48125
[TRAIN]: (132/1400) reward: -12.705993086099625, rho: 0.53125
[TRAIN]: (133/1400) reward: -17.814887138083577, rho: 0.55
[TRAIN]: (134/1400) reward: -16.97408890724182, rho: 0.34375
[TRAIN]: (135/1400) reward: -17.89270118623972, rho: 0.46875
[TRAIN]: (136/1400) reward: -5.059709429740906, rho: 0.48125
[TRAIN]: (137/1400) reward: -12.705540627241135, rho: 0.56875
[TRAIN]: (138/1400) reward: -3.9218153953552246, rho: 0.4
[TRAIN]: (139/1400) reward: -20.0, rho: 0.45625
[TRAIN]: (140/1400) reward: -8.858383178710938, rho: 0.5625
[TRAIN]: (141/1400) reward: -13.953901821747422, rho: 0.45625
[TRAIN]: (142/1400) reward: -4.848333477973938, rho: 0.525
[TRAIN]: (143/1400) reward: -7.148656287230551, rho: 0.5875
[TRAIN]: (144/1400) reward: -18.94100385531783, rho: 0.33125
[TRAIN]: (145/1400) reward: -14.048795953392982, rho: 0.39375
[TRAIN]: (146/1400) reward: 7.44647041708231, rho: 0.5
[TRAIN]: (147/1400) reward: 0.902634859085083, rho: 0.36875
[TRAIN]: (148/1400) reward: -20.0, rho: 0.41875
[TRAIN]: (149/1400) reward: -14.407577991485596, rho: 0.51875
[TRAIN]: (150/1400) reward: -10.366685912013054, rho: 0.45625
[TRAIN]: (151/1400) reward: -10.08166790008545, rho: 0.31875
[TRAIN]: (152/1400) reward: -17.079291701316833, rho: 0.35625
[TRAIN]: (153/1400) reward: -8.809614710509777, rho: 0.43125
[TRAIN]: (154/1400) reward: 3.77298104763031, rho: 0.4125
[TRAIN]: (155/1400) reward: -20.0, rho: 0.375
[TRAIN]: (156/1400) reward: -15.67518538236618, rho: 0.4375
[TRAIN]: (157/1400) reward: -10.07632029056549, rho: 0.41875
[TRAIN]: (158/1400) reward: -3.063870668411255, rho: 0.38125
[TRAIN]: (159/1400) reward: -20.0, rho: 0.39375
[TRAIN]: (160/1400) reward: -11.273195147514343, rho: 0.6
[TRAIN]: (161/1400) reward: 4.475292786955833, rho: 0.2875
[TRAIN]: (162/1400) reward: -12.726036619395018, rho: 0.4875
[TRAIN]: (163/1400) reward: -18.974046625196934, rho: 0.4625
[TRAIN]: (164/1400) reward: -16.505102060735226, rho: 0.51875
[TRAIN]: (165/1400) reward: -13.46088457107544, rho: 0.45
[TRAIN]: (166/1400) reward: -20.0, rho: 0.48125
[TRAIN]: (167/1400) reward: -14.704064816236496, rho: 0.44375
[TRAIN]: (168/1400) reward: 6.178639352321625, rho: 0.48125
[TRAIN]: (169/1400) reward: -9.53504417464137, rho: 0.40625
[TRAIN]: (170/1400) reward: -1.8239965438842773, rho: 0.48125
[TRAIN]: (171/1400) reward: -18.422391653060913, rho: 0.45
[TRAIN]: (172/1400) reward: -11.9789497256279, rho: 0.4625
[TRAIN]: (173/1400) reward: -17.746971011161804, rho: 0.35
[TRAIN]: (174/1400) reward: -3.4875732245855033, rho: 0.45625
[TRAIN]: (175/1400) reward: -13.476516723632812, rho: 0.43125
[TRAIN]: (176/1400) reward: -10.706155836582184, rho: 0.4625
[TRAIN]: (177/1400) reward: -18.99723738990724, rho: 0.6
[TRAIN]: (178/1400) reward: -13.979012966156006, rho: 0.4125
[TRAIN]: (179/1400) reward: -14.92302942276001, rho: 0.35
[TRAIN]: (180/1400) reward: -18.988355055451393, rho: 0.51875
[TRAIN]: (181/1400) reward: -17.57654857635498, rho: 0.49375
[TRAIN]: (182/1400) reward: -18.65449768304825, rho: 0.65625
[TRAIN]: (183/1400) reward: -9.42987310513854, rho: 0.51875
[TRAIN]: (184/1400) reward: -4.192924112081528, rho: 0.44375
[TRAIN]: (185/1400) reward: -11.26920536160469, rho: 0.45625
[TRAIN]: (186/1400) reward: 7.9926948100328445, rho: 0.51875
[TRAIN]: (187/1400) reward: -16.184460058808327, rho: 0.54375
[TRAIN]: (188/1400) reward: -19.0, rho: 0.39375
[TRAIN]: (189/1400) reward: -6.998890399932861, rho: 0.43125
[TRAIN]: (190/1400) reward: -16.09356138110161, rho: 0.45625
[TRAIN]: (191/1400) reward: -12.955540478229523, rho: 0.49375
[TRAIN]: (192/1400) reward: -13.585217576473951, rho: 0.58125
[TRAIN]: (193/1400) reward: -9.033883824944496, rho: 0.46875
[TRAIN]: (194/1400) reward: -15.299533054232597, rho: 0.4
[TRAIN]: (195/1400) reward: 7.652272397652268, rho: 0.50625
[TRAIN]: (196/1400) reward: -8.452598571777344, rho: 0.44375
[TRAIN]: (197/1400) reward: -11.771209053695202, rho: 0.475
[TRAIN]: (198/1400) reward: -9.82245223224163, rho: 0.4625
[TRAIN]: (199/1400) reward: -10.218664169311523, rho: 0.53125
[TRAIN]: (200/1400) reward: -10.287968635559082, rho: 0.475
[TRAIN]: (201/1400) reward: -5.35265938937664, rho: 0.40625
[TRAIN]: (202/1400) reward: -10.62731158733368, rho: 0.5125
[TRAIN]: (203/1400) reward: -16.079405784606934, rho: 0.56875
[TRAIN]: (204/1400) reward: -18.000719368457794, rho: 0.38125
[TRAIN]: (205/1400) reward: -16.486401319503784, rho: 0.4
[TRAIN]: (206/1400) reward: -17.141513347625732, rho: 0.4125
[TRAIN]: (207/1400) reward: -16.597408771514893, rho: 0.2875
[TRAIN]: (208/1400) reward: -20.0, rho: 0.3875
[TRAIN]: (209/1400) reward: -16.71931630373001, rho: 0.475
[TRAIN]: (210/1400) reward: -15.261510556563735, rho: 0.525
[TRAIN]: (211/1400) reward: -11.20453204959631, rho: 0.48125
[TRAIN]: (212/1400) reward: -6.445930123329163, rho: 0.56875
[TRAIN]: (213/1400) reward: -17.80124045163393, rho: 0.50625
[TRAIN]: (214/1400) reward: -17.81577968224883, rho: 0.425
[TRAIN]: (215/1400) reward: -15.298806518316269, rho: 0.575
[TRAIN]: (216/1400) reward: -5.009641051292419, rho: 0.48125
[TRAIN]: (217/1400) reward: -14.128124237060547, rho: 0.46875
[TRAIN]: (218/1400) reward: 6.132072359323502, rho: 0.45
[TRAIN]: (219/1400) reward: 0.07742568850517273, rho: 0.5125
[TRAIN]: (220/1400) reward: -4.165198173373938, rho: 0.41875
[TRAIN]: (221/1400) reward: -16.815531969070435, rho: 0.525
[TRAIN]: (222/1400) reward: -10.640260457992554, rho: 0.50625
[TRAIN]: (223/1400) reward: -17.42809760570526, rho: 0.55625
[TRAIN]: (224/1400) reward: -2.0189149975776672, rho: 0.46875
[TRAIN]: (225/1400) reward: -7.452998042106628, rho: 0.49375
[TRAIN]: (226/1400) reward: -0.47580528259277344, rho: 0.475
[TRAIN]: (227/1400) reward: -2.6535985469818115, rho: 0.3625
[TRAIN]: (228/1400) reward: -13.132745742797852, rho: 0.3625
[TRAIN]: (229/1400) reward: 7.564087390899658, rho: 0.35625
[TRAIN]: (230/1400) reward: -4.491429263725877, rho: 0.49375
[TRAIN]: (231/1400) reward: -3.846390698105097, rho: 0.3125
[TRAIN]: (232/1400) reward: -5.45514103397727, rho: 0.48125
[TRAIN]: (233/1400) reward: -20.0, rho: 0.3625
[TRAIN]: (234/1400) reward: -6.071146182715893, rho: 0.4
[TRAIN]: (235/1400) reward: -8.948123455047607, rho: 0.38125
[TRAIN]: (236/1400) reward: -6.605074301362038, rho: 0.35625
[TRAIN]: (237/1400) reward: -4.2479225397109985, rho: 0.3875
[TRAIN]: (238/1400) reward: -7.461759924888611, rho: 0.4
[TRAIN]: (239/1400) reward: -11.156259059906006, rho: 0.43125
[TRAIN]: (240/1400) reward: -18.753812983632088, rho: 0.40625
[TRAIN]: (241/1400) reward: -15.471265614032745, rho: 0.45625
[TRAIN]: (242/1400) reward: -10.050949096679688, rho: 0.40625
[TRAIN]: (243/1400) reward: -17.109647274017334, rho: 0.3125
[TRAIN]: (244/1400) reward: -17.50460848212242, rho: 0.5625
[TRAIN]: (245/1400) reward: -15.845589876174927, rho: 0.475
[TRAIN]: (246/1400) reward: -10.890650033950806, rho: 0.59375
[TRAIN]: (247/1400) reward: -12.325075033120811, rho: 0.58125
[TRAIN]: (248/1400) reward: -10.683999717235565, rho: 0.50625
[TRAIN]: (249/1400) reward: -15.653727293014526, rho: 0.45
[TRAIN]: (250/1400) reward: -3.4959793826565146, rho: 0.4625
[TRAIN]: (251/1400) reward: -8.3751620054245, rho: 0.41875
[TRAIN]: (252/1400) reward: -5.632146004587412, rho: 0.48125
[TRAIN]: (253/1400) reward: -18.938982967287302, rho: 0.48125
[TRAIN]: (254/1400) reward: 1.3774052308872342, rho: 0.38125
[TRAIN]: (255/1400) reward: -16.8617262840271, rho: 0.56875
[TRAIN]: (256/1400) reward: -13.922754764556885, rho: 0.41875
[TRAIN]: (257/1400) reward: -20.0, rho: 0.41875
[TRAIN]: (258/1400) reward: -17.58070182800293, rho: 0.36875
[TRAIN]: (259/1400) reward: -8.187029242515564, rho: 0.4375
[TRAIN]: (260/1400) reward: -20.0, rho: 0.425
[TRAIN]: (261/1400) reward: 0.19717802107334137, rho: 0.36875
[TRAIN]: (262/1400) reward: -12.05970647931099, rho: 0.38125
[TRAIN]: (263/1400) reward: -12.909953832626343, rho: 0.4875
[TRAIN]: (264/1400) reward: -2.3038777709007263, rho: 0.34375
[TRAIN]: (265/1400) reward: -9.243141412734985, rho: 0.425
[TRAIN]: (266/1400) reward: -18.913304664194584, rho: 0.4125
[TRAIN]: (267/1400) reward: -5.973570555448532, rho: 0.3
[TRAIN]: (268/1400) reward: -7.352983921766281, rho: 0.375
[TRAIN]: (269/1400) reward: -12.864961043000221, rho: 0.3375
[TRAIN]: (270/1400) reward: -8.074488401412964, rho: 0.3375
[TRAIN]: (271/1400) reward: -18.97148538939655, rho: 0.34375
[TRAIN]: (272/1400) reward: -8.504562735557556, rho: 0.2125
[TRAIN]: (273/1400) reward: -2.635731428861618, rho: 0.44375
[TRAIN]: (274/1400) reward: -20.0, rho: 0.325
[TRAIN]: (275/1400) reward: -11.84070686250925, rho: 0.4375
[TRAIN]: (276/1400) reward: -0.15503168106079102, rho: 0.4375
[TRAIN]: (277/1400) reward: -9.015922710299492, rho: 0.4625
[TRAIN]: (278/1400) reward: 6.077010631561279, rho: 0.51875
[TRAIN]: (279/1400) reward: -8.3039629929699, rho: 0.4375
[TRAIN]: (280/1400) reward: -18.78645533323288, rho: 0.39375
[TRAIN]: (281/1400) reward: -16.92751432955265, rho: 0.49375
[TRAIN]: (282/1400) reward: -16.513391375541687, rho: 0.4125
[TRAIN]: (283/1400) reward: -20.0, rho: 0.46875
[TRAIN]: (284/1400) reward: -10.23357954621315, rho: 0.4125
[TRAIN]: (285/1400) reward: -18.962151311337948, rho: 0.53125
[TRAIN]: (286/1400) reward: -12.410244413651526, rho: 0.46875
[TRAIN]: (287/1400) reward: -6.280161023139954, rho: 0.4125
[TRAIN]: (288/1400) reward: -10.405771493911743, rho: 0.40625
[TRAIN]: (289/1400) reward: 11.507921934127808, rho: 0.44375
[TRAIN]: (290/1400) reward: -6.0762013755738735, rho: 0.35
[TRAIN]: (291/1400) reward: 1.9876922816038132, rho: 0.30625
[TRAIN]: (292/1400) reward: -18.92349972575903, rho: 0.35
[TRAIN]: (293/1400) reward: -14.5503711104393, rho: 0.33125
[TRAIN]: (294/1400) reward: -7.191095717251301, rho: 0.375
[TRAIN]: (295/1400) reward: -6.430029205977917, rho: 0.4875
[TRAIN]: (296/1400) reward: -18.993513045832515, rho: 0.4375
[TRAIN]: (297/1400) reward: -16.24829888343811, rho: 0.53125
[TRAIN]: (298/1400) reward: -13.597830772399902, rho: 0.54375
[TRAIN]: (299/1400) reward: -11.929615497589111, rho: 0.56875
[TRAIN]: (300/1400) reward: -6.124713189899921, rho: 0.60625
[TRAIN]: (301/1400) reward: -18.729425847530365, rho: 0.43125
[TRAIN]: (302/1400) reward: -5.583274116739631, rho: 0.475
[TRAIN]: (303/1400) reward: -11.552969574928284, rho: 0.59375
[TRAIN]: (304/1400) reward: -8.10361823439598, rho: 0.53125
[TRAIN]: (305/1400) reward: -7.009235858917236, rho: 0.48125
[TRAIN]: (306/1400) reward: 7.731359347701073, rho: 0.45
[TRAIN]: (307/1400) reward: -16.737719774246216, rho: 0.5375
[TRAIN]: (308/1400) reward: -12.991312175989151, rho: 0.64375
[TRAIN]: (309/1400) reward: -8.439788103103638, rho: 0.41875
[TRAIN]: (310/1400) reward: 5.843310832977295, rho: 0.425
[TRAIN]: (311/1400) reward: -18.914219193160534, rho: 0.50625
[TRAIN]: (312/1400) reward: -18.41113543510437, rho: 0.45625
[TRAIN]: (313/1400) reward: -2.5194718837738037, rho: 0.45
[TRAIN]: (314/1400) reward: -15.541934728622437, rho: 0.5125
[TRAIN]: (315/1400) reward: -4.769672098336741, rho: 0.4625
[TRAIN]: (316/1400) reward: -20.0, rho: 0.45
[TRAIN]: (317/1400) reward: -1.288481593132019, rho: 0.43125
[TRAIN]: (318/1400) reward: 1.751986026763916, rho: 0.5125
[TRAIN]: (319/1400) reward: -1.0872845314443111, rho: 0.44375
[TRAIN]: (320/1400) reward: -14.63009774684906, rho: 0.6125
[TRAIN]: (321/1400) reward: -12.525601228233427, rho: 0.49375
[TRAIN]: (322/1400) reward: -20.0, rho: 0.4125
[TRAIN]: (323/1400) reward: -15.115333381574601, rho: 0.41875
[TRAIN]: (324/1400) reward: -1.6509773135185242, rho: 0.4875
[TRAIN]: (325/1400) reward: -12.157509567216039, rho: 0.55
[TRAIN]: (326/1400) reward: -10.710033193230629, rho: 0.45
[TRAIN]: (327/1400) reward: -20.0, rho: 0.475
[TRAIN]: (328/1400) reward: -13.919751167297363, rho: 0.55
[TRAIN]: (329/1400) reward: -7.361524343490601, rho: 0.61875
[TRAIN]: (330/1400) reward: -6.182750940322876, rho: 0.35625
[TRAIN]: (331/1400) reward: -18.67817059159279, rho: 0.36875
[TRAIN]: (332/1400) reward: -18.970373272895813, rho: 0.49375
[TRAIN]: (333/1400) reward: 6.148007541894913, rho: 0.5375
[TRAIN]: (334/1400) reward: -13.715257998555899, rho: 0.63125
[TRAIN]: (335/1400) reward: -17.738087944686413, rho: 0.625
[TRAIN]: (336/1400) reward: 1.378021389245987, rho: 0.48125
[TRAIN]: (337/1400) reward: -11.109970331192017, rho: 0.58125
[TRAIN]: (338/1400) reward: -10.1951664686203, rho: 0.5375
[TRAIN]: (339/1400) reward: -17.33267617225647, rho: 0.425
[TRAIN]: (340/1400) reward: -12.302330136299133, rho: 0.55
[TRAIN]: (341/1400) reward: -7.839057385921478, rho: 0.60625
[TRAIN]: (342/1400) reward: -17.48697980493307, rho: 0.625
[TRAIN]: (343/1400) reward: -15.509477138519287, rho: 0.5875
[TRAIN]: (344/1400) reward: -10.328330993652344, rho: 0.39375
[TRAIN]: (345/1400) reward: -8.250011444091797, rho: 0.29375
[TRAIN]: (346/1400) reward: 4.423395646736026, rho: 0.39375
[TRAIN]: (347/1400) reward: -10.067953132092953, rho: 0.4625
[TRAIN]: (348/1400) reward: 7.23061791062355, rho: 0.4375
[TRAIN]: (349/1400) reward: -7.730628650635481, rho: 0.60625
[TRAIN]: (350/1400) reward: -8.85361398011446, rho: 0.51875
[TRAIN]: (351/1400) reward: -19.0, rho: 0.45
[TRAIN]: (352/1400) reward: -7.77905198931694, rho: 0.45625
[TRAIN]: (353/1400) reward: -12.376180209219456, rho: 0.54375
[TRAIN]: (354/1400) reward: -9.13557744026184, rho: 0.375
[TRAIN]: (355/1400) reward: -11.624027140438557, rho: 0.325
[TRAIN]: (356/1400) reward: -6.6334488093853, rho: 0.29375
[TRAIN]: (357/1400) reward: -16.141238927841187, rho: 0.29375
[TRAIN]: (358/1400) reward: 0.5948321614414454, rho: 0.29375
[TRAIN]: (359/1400) reward: -9.029569376260042, rho: 0.43125
[TRAIN]: (360/1400) reward: -6.2348912358284, rho: 0.5
[TRAIN]: (361/1400) reward: -12.318254005163908, rho: 0.46875
[TRAIN]: (362/1400) reward: -10.196750711649656, rho: 0.48125
[TRAIN]: (363/1400) reward: 6.328364968299866, rho: 0.5875
[TRAIN]: (364/1400) reward: -8.184428691864014, rho: 0.5375
[TRAIN]: (365/1400) reward: -11.991595396772027, rho: 0.60625
[TRAIN]: (366/1400) reward: -1.6054415125399828, rho: 0.45
[TRAIN]: (367/1400) reward: -18.776406407356262, rho: 0.5
[TRAIN]: (368/1400) reward: -14.59700658917427, rho: 0.625
[TRAIN]: (369/1400) reward: -17.799169750884175, rho: 0.4875
[TRAIN]: (370/1400) reward: 0.15440143644809723, rho: 0.50625
[TRAIN]: (371/1400) reward: -20.0, rho: 0.60625
[TRAIN]: (372/1400) reward: -5.047932028770447, rho: 0.51875
[TRAIN]: (373/1400) reward: -10.665991187095642, rho: 0.51875
[TRAIN]: (374/1400) reward: -8.732523918151855, rho: 0.5375
[TRAIN]: (375/1400) reward: -13.68283212184906, rho: 0.425
[TRAIN]: (376/1400) reward: -4.245481729507446, rho: 0.26875
[TRAIN]: (377/1400) reward: 4.126533508300781, rho: 0.26875
[TRAIN]: (378/1400) reward: -18.951302979141474, rho: 0.3375
[TRAIN]: (379/1400) reward: -15.501827985048294, rho: 0.33125
[TRAIN]: (380/1400) reward: -18.128166496753693, rho: 0.24375
[TRAIN]: (381/1400) reward: -18.940226051956415, rho: 0.175
[TRAIN]: (382/1400) reward: 0.12955395877361298, rho: 0.375
[TRAIN]: (383/1400) reward: -2.832017719745636, rho: 0.39375
[TRAIN]: (384/1400) reward: -15.251105979084969, rho: 0.3375
[TRAIN]: (385/1400) reward: -4.289501368999481, rho: 0.31875
[TRAIN]: (386/1400) reward: -11.959221363067627, rho: 0.1625
[TRAIN]: (387/1400) reward: -17.003503063693643, rho: 0.2375
[TRAIN]: (388/1400) reward: -20.0, rho: 0.2875
[TRAIN]: (389/1400) reward: -18.89427874982357, rho: 0.31875
[TRAIN]: (390/1400) reward: -20.0, rho: 0.36875
[TRAIN]: (391/1400) reward: -7.738466739654541, rho: 0.44375
[TRAIN]: (392/1400) reward: -2.773630142211914, rho: 0.4
[TRAIN]: (393/1400) reward: -20.0, rho: 0.4625
[TRAIN]: (394/1400) reward: -13.894563734531403, rho: 0.45625
[TRAIN]: (395/1400) reward: -14.98384266719222, rho: 0.50625
[TRAIN]: (396/1400) reward: -14.072897030506283, rho: 0.61875
[TRAIN]: (397/1400) reward: -14.197156324982643, rho: 0.3875
[TRAIN]: (398/1400) reward: -0.05424976348876953, rho: 0.5375
[TRAIN]: (399/1400) reward: -0.09375500679016113, rho: 0.51875
[TRAIN]: (400/1400) reward: 7.065630912780762, rho: 0.6
[TRAIN]: (401/1400) reward: -2.509969651699066, rho: 0.55
[TRAIN]: (402/1400) reward: -11.167966604232788, rho: 0.58125
[TRAIN]: (403/1400) reward: -8.381580382585526, rho: 0.55
[TRAIN]: (404/1400) reward: -15.429743881337345, rho: 0.36875
[TRAIN]: (405/1400) reward: -12.11677360534668, rho: 0.33125
[TRAIN]: (406/1400) reward: -16.671703997068107, rho: 0.44375
[TRAIN]: (407/1400) reward: -8.588510990142822, rho: 0.3
[TRAIN]: (408/1400) reward: -7.406794786453247, rho: 0.4875
[TRAIN]: (409/1400) reward: -7.388559103012085, rho: 0.3125
[TRAIN]: (410/1400) reward: -9.54639521613717, rho: 0.3875
[TRAIN]: (411/1400) reward: -15.536062479019165, rho: 0.35
[TRAIN]: (412/1400) reward: -4.855233192443848, rho: 0.3
[TRAIN]: (413/1400) reward: -8.887109756469727, rho: 0.30625
[TRAIN]: (414/1400) reward: -18.939993765205145, rho: 0.40625
[TRAIN]: (415/1400) reward: -18.785937905311584, rho: 0.4125
[TRAIN]: (416/1400) reward: -10.66041088104248, rho: 0.25
[TRAIN]: (417/1400) reward: -16.910704135894775, rho: 0.375
[TRAIN]: (418/1400) reward: -20.0, rho: 0.24375
[TRAIN]: (419/1400) reward: -20.0, rho: 0.33125
[TRAIN]: (420/1400) reward: -18.867865085601807, rho: 0.2875
[TRAIN]: (421/1400) reward: -20.0, rho: 0.36875
[TRAIN]: (422/1400) reward: 3.392975375056267, rho: 0.51875
[TRAIN]: (423/1400) reward: -9.215919613838196, rho: 0.53125
[TRAIN]: (424/1400) reward: -13.20947172283195, rho: 0.5125
[TRAIN]: (425/1400) reward: -16.37358834594488, rho: 0.5625
[TRAIN]: (426/1400) reward: -18.99992053397, rho: 0.45625
[TRAIN]: (427/1400) reward: -15.26614025235176, rho: 0.41875
[TRAIN]: (428/1400) reward: -8.977423161268234, rho: 0.49375
[TRAIN]: (429/1400) reward: 2.369058426236734, rho: 0.40625
[TRAIN]: (430/1400) reward: -8.791419744491577, rho: 0.3875
[TRAIN]: (431/1400) reward: -5.207539014518261, rho: 0.4125
[TRAIN]: (432/1400) reward: -15.314468584954739, rho: 0.41875
[TRAIN]: (433/1400) reward: -17.91539221443236, rho: 0.4625
[TRAIN]: (434/1400) reward: -0.7218952886760235, rho: 0.3125
[TRAIN]: (435/1400) reward: -8.699939727783203, rho: 0.58125
[TRAIN]: (436/1400) reward: -10.955435752868652, rho: 0.48125
[TRAIN]: (437/1400) reward: -13.852544248104095, rho: 0.46875
[TRAIN]: (438/1400) reward: -11.547064304351807, rho: 0.39375
[TRAIN]: (439/1400) reward: -12.610460758209229, rho: 0.46875
[TRAIN]: (440/1400) reward: -13.654456615447998, rho: 0.475
[TRAIN]: (441/1400) reward: -18.998366513755172, rho: 0.36875
[TRAIN]: (442/1400) reward: -6.850649833679199, rho: 0.41875
[TRAIN]: (443/1400) reward: -5.059344708919525, rho: 0.36875
[TRAIN]: (444/1400) reward: -6.114023923873901, rho: 0.475
[TRAIN]: (445/1400) reward: -4.8214065078645945, rho: 0.51875
[TRAIN]: (446/1400) reward: -8.013777494430542, rho: 0.59375
[TRAIN]: (447/1400) reward: -17.98436289303936, rho: 0.4625
[TRAIN]: (448/1400) reward: -6.551187753677368, rho: 0.4625
[TRAIN]: (449/1400) reward: -7.887617230415344, rho: 0.60625
[TRAIN]: (450/1400) reward: -7.9818795919418335, rho: 0.325
[TRAIN]: (451/1400) reward: -4.960537191480398, rho: 0.69375
[TRAIN]: (452/1400) reward: -15.352961298078299, rho: 0.63125
[TRAIN]: (453/1400) reward: -16.481967628002167, rho: 0.48125
[TRAIN]: (454/1400) reward: -8.345269307494164, rho: 0.46875
[TRAIN]: (455/1400) reward: -3.2601370811462402, rho: 0.41875
[TRAIN]: (456/1400) reward: -12.179204940795898, rho: 0.39375
[TRAIN]: (457/1400) reward: 0.3188752122223377, rho: 0.46875
[TRAIN]: (458/1400) reward: -0.6710958480834961, rho: 0.35625
[TRAIN]: (459/1400) reward: -16.352907091379166, rho: 0.6625
[TRAIN]: (460/1400) reward: -20.0, rho: 0.60625
[TRAIN]: (461/1400) reward: 6.019200291484594, rho: 0.50625
[TRAIN]: (462/1400) reward: -6.374579727649689, rho: 0.4625
[TRAIN]: (463/1400) reward: -18.87231269478798, rho: 0.35
[TRAIN]: (464/1400) reward: -11.738427639007568, rho: 0.35625
[TRAIN]: (465/1400) reward: 3.35424268245697, rho: 0.3125
[TRAIN]: (466/1400) reward: -20.0, rho: 0.26875
[TRAIN]: (467/1400) reward: -18.94826965406537, rho: 0.38125
[TRAIN]: (468/1400) reward: -20.0, rho: 0.26875
[TRAIN]: (469/1400) reward: -20.0, rho: 0.4125
[TRAIN]: (470/1400) reward: -20.0, rho: 0.18125
[TRAIN]: (471/1400) reward: -0.15617180557455868, rho: 0.3125
[TRAIN]: (472/1400) reward: -18.473691046237946, rho: 0.14375
[TRAIN]: (473/1400) reward: -17.77680778503418, rho: 0.33125
[TRAIN]: (474/1400) reward: -17.686187032610178, rho: 0.25625
[TRAIN]: (475/1400) reward: -17.3359279576689, rho: 0.28125
[TRAIN]: (476/1400) reward: 12.646087884902954, rho: 0.55625
[TRAIN]: (477/1400) reward: -16.668903589248657, rho: 0.5875
[TRAIN]: (478/1400) reward: -20.0, rho: 0.575
[TRAIN]: (479/1400) reward: -7.477163314819336, rho: 0.525
[TRAIN]: (480/1400) reward: -13.004891991615295, rho: 0.44375
[TRAIN]: (481/1400) reward: -10.384695902466774, rho: 0.59375
[TRAIN]: (482/1400) reward: -7.382959142327309, rho: 0.60625
[TRAIN]: (483/1400) reward: -4.954955101013184, rho: 0.44375
[TRAIN]: (484/1400) reward: -7.858193397521973, rho: 0.4625
[TRAIN]: (485/1400) reward: -9.509657442569733, rho: 0.5625
[TRAIN]: (486/1400) reward: -12.076316237449646, rho: 0.60625
[TRAIN]: (487/1400) reward: -12.201334953308105, rho: 0.5
[TRAIN]: (488/1400) reward: -18.990166606381536, rho: 0.3875
[TRAIN]: (489/1400) reward: -9.018651083111763, rho: 0.35625
[TRAIN]: (490/1400) reward: -8.190247297286987, rho: 0.3
[TRAIN]: (491/1400) reward: -18.97312675975263, rho: 0.43125
[TRAIN]: (492/1400) reward: -17.17906218767166, rho: 0.45
[TRAIN]: (493/1400) reward: -2.3319506738334894, rho: 0.53125
[TRAIN]: (494/1400) reward: -2.674499500542879, rho: 0.4375
[TRAIN]: (495/1400) reward: 5.514217108488083, rho: 0.55625
[TRAIN]: (496/1400) reward: -18.98176340572536, rho: 0.53125
[TRAIN]: (497/1400) reward: -11.082344055175781, rho: 0.575
[TRAIN]: (498/1400) reward: -7.687920458614826, rho: 0.56875
[TRAIN]: (499/1400) reward: -16.55237215012312, rho: 0.4875
[TRAIN]: (500/1400) reward: 3.324719175696373, rho: 0.5
[TRAIN]: (501/1400) reward: -12.76230913773179, rho: 0.53125
[TRAIN]: (502/1400) reward: -8.177676796913147, rho: 0.5
[TRAIN]: (503/1400) reward: -9.47609344124794, rho: 0.41875
[TRAIN]: (504/1400) reward: -14.416624147910625, rho: 0.40625
[TRAIN]: (505/1400) reward: -5.669827103614807, rho: 0.36875
[TRAIN]: (506/1400) reward: 4.142264187335968, rho: 0.3375
[TRAIN]: (507/1400) reward: -1.2012897431850433, rho: 0.25
[TRAIN]: (508/1400) reward: -11.187562942504883, rho: 0.35625
[TRAIN]: (509/1400) reward: 11.720678925514221, rho: 0.2375
[TRAIN]: (510/1400) reward: 4.790477752685547, rho: 0.18125
[TRAIN]: (511/1400) reward: 2.761638717725873, rho: 0.25625
[TRAIN]: (512/1400) reward: 4.332807779312134, rho: 0.28125
[TRAIN]: (513/1400) reward: 8.737147510051727, rho: 0.24375
[TRAIN]: (514/1400) reward: -3.1196220442652702, rho: 0.2125
[TRAIN]: (515/1400) reward: 13.913399696350098, rho: 0.20625
[TRAIN]: (516/1400) reward: 10.807136446237564, rho: 0.225
[TRAIN]: (517/1400) reward: -18.638719499111176, rho: 0.18125
[TRAIN]: (518/1400) reward: -13.410883508622646, rho: 0.3375
[TRAIN]: (519/1400) reward: -18.91326978057623, rho: 0.48125
[TRAIN]: (520/1400) reward: -11.686743259429932, rho: 0.44375
[TRAIN]: (521/1400) reward: -18.932646468281746, rho: 0.48125
[TRAIN]: (522/1400) reward: -10.274398922920227, rho: 0.41875
[TRAIN]: (523/1400) reward: -12.849932506680489, rho: 0.48125
[TRAIN]: (524/1400) reward: -18.99376130476594, rho: 0.23125
[TRAIN]: (525/1400) reward: 12.30911237001419, rho: 0.45625
[TRAIN]: (526/1400) reward: -12.036395072937012, rho: 0.3625
[TRAIN]: (527/1400) reward: -4.882404372096062, rho: 0.49375
[TRAIN]: (528/1400) reward: -16.39776635169983, rho: 0.45
[TRAIN]: (529/1400) reward: 5.446133621037006, rho: 0.475
[TRAIN]: (530/1400) reward: -16.64779758453369, rho: 0.525
[TRAIN]: (531/1400) reward: -10.705490350723267, rho: 0.50625
[TRAIN]: (532/1400) reward: -12.08109712600708, rho: 0.45625
[TRAIN]: (533/1400) reward: -18.32639616727829, rho: 0.30625
[TRAIN]: (534/1400) reward: -15.061315357685089, rho: 0.33125
[TRAIN]: (535/1400) reward: 8.625684421509504, rho: 0.31875
[TRAIN]: (536/1400) reward: -15.060780368745327, rho: 0.3875
[TRAIN]: (537/1400) reward: -17.632813192903996, rho: 0.2625
[TRAIN]: (538/1400) reward: -11.953356087207794, rho: 0.36875
[TRAIN]: (539/1400) reward: -9.271488294005394, rho: 0.3125
[TRAIN]: (540/1400) reward: -18.72576493024826, rho: 0.3125
[TRAIN]: (541/1400) reward: 2.7069711685180664, rho: 0.3625
[TRAIN]: (542/1400) reward: -14.649602519348264, rho: 0.44375
[TRAIN]: (543/1400) reward: -20.0, rho: 0.45
[TRAIN]: (544/1400) reward: 2.3063786029815674, rho: 0.34375
[TRAIN]: (545/1400) reward: -20.0, rho: 0.6125
[TRAIN]: (546/1400) reward: -15.516496419906616, rho: 0.56875
[TRAIN]: (547/1400) reward: -9.995992660522461, rho: 0.41875
[TRAIN]: (548/1400) reward: -18.999409983400255, rho: 0.38125
[TRAIN]: (549/1400) reward: -20.0, rho: 0.5625
[TRAIN]: (550/1400) reward: -17.233582139015198, rho: 0.6625
[TRAIN]: (551/1400) reward: -3.166760951280594, rho: 0.58125
[TRAIN]: (552/1400) reward: -9.190607070922852, rho: 0.5125
[TRAIN]: (553/1400) reward: -2.2236584424972534, rho: 0.3375
[TRAIN]: (554/1400) reward: -13.465298607945442, rho: 0.49375
[TRAIN]: (555/1400) reward: -17.51119863986969, rho: 0.4875
[TRAIN]: (556/1400) reward: -6.781938552856445, rho: 0.44375
[TRAIN]: (557/1400) reward: 17.044269669335335, rho: 0.4125
[TRAIN]: (558/1400) reward: -16.831870809197426, rho: 0.375
[TRAIN]: (559/1400) reward: -7.147663680836558, rho: 0.375
[TRAIN]: (560/1400) reward: -20.0, rho: 0.39375
[TRAIN]: (561/1400) reward: -17.544084072113037, rho: 0.46875
[TRAIN]: (562/1400) reward: -4.654404327273369, rho: 0.4125
[TRAIN]: (563/1400) reward: -8.93720929324627, rho: 0.4125
[TRAIN]: (564/1400) reward: -20.0, rho: 0.40625
[TRAIN]: (565/1400) reward: -15.839059352874756, rho: 0.38125
[TRAIN]: (566/1400) reward: -10.548259943723679, rho: 0.36875
[TRAIN]: (567/1400) reward: -10.72820197045803, rho: 0.3875
[TRAIN]: (568/1400) reward: -20.0, rho: 0.3875
[TRAIN]: (569/1400) reward: -17.256726145744324, rho: 0.5375
[TRAIN]: (570/1400) reward: -14.796355127356946, rho: 0.46875
[TRAIN]: (571/1400) reward: -5.644610732793808, rho: 0.56875
[TRAIN]: (572/1400) reward: -12.666465759277344, rho: 0.55625
[TRAIN]: (573/1400) reward: -6.454877018928528, rho: 0.6
[TRAIN]: (574/1400) reward: -18.388348519802094, rho: 0.5625
[TRAIN]: (575/1400) reward: -0.29315948486328125, rho: 0.53125
[TRAIN]: (576/1400) reward: -15.632318336516619, rho: 0.5625
[TRAIN]: (577/1400) reward: -16.39568567276001, rho: 0.54375
[TRAIN]: (578/1400) reward: -20.0, rho: 0.48125
[TRAIN]: (579/1400) reward: -15.067155055701733, rho: 0.55625
[TRAIN]: (580/1400) reward: -5.531930565834045, rho: 0.50625
[TRAIN]: (581/1400) reward: -3.310238793492317, rho: 0.5
[TRAIN]: (582/1400) reward: -20.0, rho: 0.53125
[TRAIN]: (583/1400) reward: -11.346048831939697, rho: 0.475
[TRAIN]: (584/1400) reward: -16.04188084602356, rho: 0.575
[TRAIN]: (585/1400) reward: -13.53930139541626, rho: 0.625
[TRAIN]: (586/1400) reward: -10.377218563109636, rho: 0.60625
[TRAIN]: (587/1400) reward: -20.0, rho: 0.3125
[TRAIN]: (588/1400) reward: -20.0, rho: 0.16875
[TRAIN]: (589/1400) reward: -20.0, rho: 0.3125
[TRAIN]: (590/1400) reward: -20.0, rho: 0.2125
[TRAIN]: (591/1400) reward: -20.0, rho: 0.20625
[TRAIN]: (592/1400) reward: -20.0, rho: 0.2
[TRAIN]: (593/1400) reward: -17.658580780029297, rho: 0.19375
[TRAIN]: (594/1400) reward: -13.076586246490479, rho: 0.30625
[TRAIN]: (595/1400) reward: -15.785121202468872, rho: 0.30625
[TRAIN]: (596/1400) reward: -14.740047559142113, rho: 0.35
[TRAIN]: (597/1400) reward: -0.03882947750389576, rho: 0.34375
[TRAIN]: (598/1400) reward: 15.690532684326172, rho: 0.3375
[TRAIN]: (599/1400) reward: -14.853233933448792, rho: 0.41875
[TRAIN]: (600/1400) reward: -15.752431154251099, rho: 0.35625
[TRAIN]: (601/1400) reward: -0.012793265283107758, rho: 0.3875
[TRAIN]: (602/1400) reward: -20.0, rho: 0.2125
[TRAIN]: (603/1400) reward: -16.756055116653442, rho: 0.375
[TRAIN]: (604/1400) reward: -20.0, rho: 0.26875
[TRAIN]: (605/1400) reward: -20.0, rho: 0.34375
[TRAIN]: (606/1400) reward: -14.04197359085083, rho: 0.38125
[TRAIN]: (607/1400) reward: -20.0, rho: 0.3625
[TRAIN]: (608/1400) reward: -17.65367329120636, rho: 0.34375
[TRAIN]: (609/1400) reward: -19.0, rho: 0.26875
[TRAIN]: (610/1400) reward: -18.94119033589959, rho: 0.26875
[TRAIN]: (611/1400) reward: -20.0, rho: 0.26875
[TRAIN]: (612/1400) reward: -15.886885106563568, rho: 0.2625
[TRAIN]: (613/1400) reward: -20.0, rho: 0.31875
[TRAIN]: (614/1400) reward: -17.4653582572937, rho: 0.3375
[TRAIN]: (615/1400) reward: -15.09682297706604, rho: 0.18125
[TRAIN]: (616/1400) reward: -17.63677167892456, rho: 0.3125
[TRAIN]: (617/1400) reward: -20.0, rho: 0.2375
[TRAIN]: (618/1400) reward: -20.0, rho: 0.19375
[TRAIN]: (619/1400) reward: -17.913483381271362, rho: 0.2625
[TRAIN]: (620/1400) reward: -15.7755355425179, rho: 0.33125
[TRAIN]: (621/1400) reward: -15.701414108276367, rho: 0.39375
[TRAIN]: (622/1400) reward: -20.0, rho: 0.3625
[TRAIN]: (623/1400) reward: -11.701985284686089, rho: 0.56875
[TRAIN]: (624/1400) reward: 5.7343877255916595, rho: 0.5625
[TRAIN]: (625/1400) reward: -20.0, rho: 0.5875
[TRAIN]: (626/1400) reward: -9.848914504051208, rho: 0.4625
[TRAIN]: (627/1400) reward: -8.967998863197863, rho: 0.5375
[TRAIN]: (628/1400) reward: -20.0, rho: 0.6
[TRAIN]: (629/1400) reward: -20.0, rho: 0.6
[TRAIN]: (630/1400) reward: -17.203261867165565, rho: 0.55
[TRAIN]: (631/1400) reward: -17.021671740338206, rho: 0.73125
[TRAIN]: (632/1400) reward: -14.30663470365107, rho: 0.53125
[TRAIN]: (633/1400) reward: -12.06170105934143, rho: 0.625
[TRAIN]: (634/1400) reward: -20.0, rho: 0.475
[TRAIN]: (635/1400) reward: -20.0, rho: 0.375
[TRAIN]: (636/1400) reward: -11.258581161499023, rho: 0.5375
[TRAIN]: (637/1400) reward: -7.767888430505991, rho: 0.58125
[TRAIN]: (638/1400) reward: -11.002521991729736, rho: 0.4375
[TRAIN]: (639/1400) reward: 3.5068405866622925, rho: 0.3875
[TRAIN]: (640/1400) reward: -4.664650406688452, rho: 0.3125
[TRAIN]: (641/1400) reward: -8.610456943511963, rho: 0.51875
[TRAIN]: (642/1400) reward: -2.0122999576851726, rho: 0.5
[TRAIN]: (643/1400) reward: -17.944352504913695, rho: 0.49375
[TRAIN]: (644/1400) reward: 0.5258278250694275, rho: 0.48125
[TRAIN]: (645/1400) reward: -6.742311045527458, rho: 0.48125
[TRAIN]: (646/1400) reward: 2.7288690130226314, rho: 0.49375
[TRAIN]: (647/1400) reward: 6.079016305506229, rho: 0.45625
[TRAIN]: (648/1400) reward: -2.4496654272079468, rho: 0.39375
[TRAIN]: (649/1400) reward: -4.7932250471785665, rho: 0.50625
[TRAIN]: (650/1400) reward: -7.830073803663254, rho: 0.425
[TRAIN]: (651/1400) reward: -2.542565792798996, rho: 0.5375
[TRAIN]: (652/1400) reward: 0.4399772039614618, rho: 0.54375
[TRAIN]: (653/1400) reward: 2.3484966456890106, rho: 0.5
[TRAIN]: (654/1400) reward: -6.354826714843512, rho: 0.3875
[TRAIN]: (655/1400) reward: -6.387164033949375, rho: 0.44375
[TRAIN]: (656/1400) reward: -10.227985985577106, rho: 0.43125
[TRAIN]: (657/1400) reward: 5.8231648206710815, rho: 0.38125
[TRAIN]: (658/1400) reward: 11.885795593261719, rho: 0.39375
[TRAIN]: (659/1400) reward: -11.761011600494385, rho: 0.4375
[TRAIN]: (660/1400) reward: -10.071283221244812, rho: 0.40625
[TRAIN]: (661/1400) reward: -14.355766355991364, rho: 0.46875
[TRAIN]: (662/1400) reward: -16.113241612911224, rho: 0.4125
[TRAIN]: (663/1400) reward: -12.360176146030426, rho: 0.45
[TRAIN]: (664/1400) reward: -9.40228171274066, rho: 0.38125
[TRAIN]: (665/1400) reward: -4.123087167739868, rho: 0.51875
[TRAIN]: (666/1400) reward: -5.147091910243034, rho: 0.55
[TRAIN]: (667/1400) reward: -17.17647509276867, rho: 0.45
[TRAIN]: (668/1400) reward: -9.51221215724945, rho: 0.45625
[TRAIN]: (669/1400) reward: -12.35219939565286, rho: 0.3875
[TRAIN]: (670/1400) reward: -20.0, rho: 0.4375
[TRAIN]: (671/1400) reward: 22.69760735426098, rho: 0.275
[TRAIN]: (672/1400) reward: -16.002353191375732, rho: 0.3
[TRAIN]: (673/1400) reward: -16.640113353729248, rho: 0.24375
[TRAIN]: (674/1400) reward: -8.17994213104248, rho: 0.275
[TRAIN]: (675/1400) reward: -2.1438060998916626, rho: 0.25
[TRAIN]: (676/1400) reward: -20.0, rho: 0.25625
[TRAIN]: (677/1400) reward: -17.964035153388977, rho: 0.29375
[TRAIN]: (678/1400) reward: -9.658284187316895, rho: 0.43125
[TRAIN]: (679/1400) reward: -12.504136443138123, rho: 0.4375
[TRAIN]: (680/1400) reward: -8.01748239994049, rho: 0.6125
[TRAIN]: (681/1400) reward: -8.086576644331217, rho: 0.4875
[TRAIN]: (682/1400) reward: -2.4983012974262238, rho: 0.45625
[TRAIN]: (683/1400) reward: -4.453296184539795, rho: 0.50625
[TRAIN]: (684/1400) reward: -10.182958170771599, rho: 0.49375
[TRAIN]: (685/1400) reward: -17.6573059335351, rho: 0.5875
[TRAIN]: (686/1400) reward: -14.530662536621094, rho: 0.4375
[TRAIN]: (687/1400) reward: -13.582738399505615, rho: 0.5125
[TRAIN]: (688/1400) reward: -17.82844553887844, rho: 0.55
[TRAIN]: (689/1400) reward: -11.500432789325714, rho: 0.5625
[TRAIN]: (690/1400) reward: -17.748680114746094, rho: 0.5
[TRAIN]: (691/1400) reward: -17.684520703740418, rho: 0.45
[TRAIN]: (692/1400) reward: -18.98366428539157, rho: 0.33125
[TRAIN]: (693/1400) reward: -20.0, rho: 0.3
[TRAIN]: (694/1400) reward: -20.0, rho: 0.5125
[TRAIN]: (695/1400) reward: -15.97451138496399, rho: 0.33125
[TRAIN]: (696/1400) reward: -12.726300448179245, rho: 0.40625
[TRAIN]: (697/1400) reward: -12.774062186479568, rho: 0.48125
[TRAIN]: (698/1400) reward: -16.41645123809576, rho: 0.48125
[TRAIN]: (699/1400) reward: -18.9213005900383, rho: 0.68125
[TRAIN]: (700/1400) reward: -18.95951895788312, rho: 0.6375
[TRAIN]: (701/1400) reward: -7.965542748570442, rho: 0.6375
[TRAIN]: (702/1400) reward: -7.808973118662834, rho: 0.5875
[TRAIN]: (703/1400) reward: -3.8264440931379795, rho: 0.575
[TRAIN]: (704/1400) reward: -11.81087052822113, rho: 0.35
[TRAIN]: (705/1400) reward: -17.04221883416176, rho: 0.4125
[TRAIN]: (706/1400) reward: -0.639197263866663, rho: 0.45625
[TRAIN]: (707/1400) reward: -9.95610325038433, rho: 0.51875
[TRAIN]: (708/1400) reward: -2.6724242568016052, rho: 0.325
[TRAIN]: (709/1400) reward: -20.0, rho: 0.38125
[TRAIN]: (710/1400) reward: -9.714625597000122, rho: 0.75625
[TRAIN]: (711/1400) reward: -17.758801579475403, rho: 0.4875
[TRAIN]: (712/1400) reward: -12.742834508419037, rho: 0.61875
[TRAIN]: (713/1400) reward: -18.384542763233185, rho: 0.40625
[TRAIN]: (714/1400) reward: -20.0, rho: 0.3875
[TRAIN]: (715/1400) reward: -12.899369835853577, rho: 0.26875
[TRAIN]: (716/1400) reward: -4.311342477798462, rho: 0.28125
[TRAIN]: (717/1400) reward: -20.0, rho: 0.19375
[TRAIN]: (718/1400) reward: -20.0, rho: 0.20625
[TRAIN]: (719/1400) reward: -1.9320683516561985, rho: 0.35
[TRAIN]: (720/1400) reward: -6.479022026062012, rho: 0.36875
[TRAIN]: (721/1400) reward: -12.677891731262207, rho: 0.29375
[TRAIN]: (722/1400) reward: -14.234601497650146, rho: 0.325
[TRAIN]: (723/1400) reward: -18.94525795802474, rho: 0.30625
[TRAIN]: (724/1400) reward: -18.915717221796513, rho: 0.39375
[TRAIN]: (725/1400) reward: -20.0, rho: 0.3625
[TRAIN]: (726/1400) reward: -10.798339508473873, rho: 0.45625
[TRAIN]: (727/1400) reward: -13.207632064819336, rho: 0.3375
[TRAIN]: (728/1400) reward: -14.350251227617264, rho: 0.3375
[TRAIN]: (729/1400) reward: -20.0, rho: 0.375
[TRAIN]: (730/1400) reward: 5.763880485086702, rho: 0.325
[TRAIN]: (731/1400) reward: -11.39609146444127, rho: 0.3125
[TRAIN]: (732/1400) reward: 3.2123333388008177, rho: 0.275
[TRAIN]: (733/1400) reward: -17.685826063156128, rho: 0.4125
[TRAIN]: (734/1400) reward: -20.0, rho: 0.34375
[TRAIN]: (735/1400) reward: -18.533191680908203, rho: 0.425
[TRAIN]: (736/1400) reward: -4.147197246551514, rho: 0.325
[TRAIN]: (737/1400) reward: 9.173030197620392, rho: 0.4375
[TRAIN]: (738/1400) reward: -9.265393257141113, rho: 0.4375
[TRAIN]: (739/1400) reward: -2.8055063784122467, rho: 0.5125
[TRAIN]: (740/1400) reward: -12.020733118057251, rho: 0.40625
[TRAIN]: (741/1400) reward: -5.706981917843223, rho: 0.525
[TRAIN]: (742/1400) reward: -10.615962892770767, rho: 0.5375
[TRAIN]: (743/1400) reward: -4.960921086370945, rho: 0.2625
[TRAIN]: (744/1400) reward: -18.0, rho: 0.23125
[TRAIN]: (745/1400) reward: 16.693727254867554, rho: 0.3375
[TRAIN]: (746/1400) reward: -14.920006275177002, rho: 0.2375
[TRAIN]: (747/1400) reward: -17.07373332232237, rho: 0.28125
[TRAIN]: (748/1400) reward: -4.886688858270645, rho: 0.63125
[TRAIN]: (749/1400) reward: -7.665638338774443, rho: 0.61875
[TRAIN]: (750/1400) reward: -1.119524301146157, rho: 0.54375
[TRAIN]: (751/1400) reward: -5.220951642841101, rho: 0.3375
[TRAIN]: (752/1400) reward: -4.793606638908386, rho: 0.55
[TRAIN]: (753/1400) reward: 12.816483148839325, rho: 0.6375
[TRAIN]: (754/1400) reward: 30.155260164290667, rho: 0.16875
[TRAIN]: (755/1400) reward: 19.914564100065036, rho: 0.26875
[TRAIN]: (756/1400) reward: 41.01573498919606, rho: 0.28125
[TRAIN]: (757/1400) reward: 5.953840686008334, rho: 0.2375
[TRAIN]: (758/1400) reward: -5.125506555661559, rho: 0.38125
[TRAIN]: (759/1400) reward: 8.04897165298462, rho: 0.31875
[TRAIN]: (760/1400) reward: -4.80415413249284, rho: 0.425
[TRAIN]: (761/1400) reward: -20.0, rho: 0.40625
[TRAIN]: (762/1400) reward: -0.9857973456382751, rho: 0.48125
[TRAIN]: (763/1400) reward: -17.277232468128204, rho: 0.49375
[TRAIN]: (764/1400) reward: -18.935083866119385, rho: 0.425
[TRAIN]: (765/1400) reward: -20.0, rho: 0.4375
[TRAIN]: (766/1400) reward: -13.816617786884308, rho: 0.4875
[TRAIN]: (767/1400) reward: -20.0, rho: 0.43125
[TRAIN]: (768/1400) reward: -17.73615380190313, rho: 0.3
[TRAIN]: (769/1400) reward: -20.0, rho: 0.23125
[TRAIN]: (770/1400) reward: -13.69592147320509, rho: 0.43125
[TRAIN]: (771/1400) reward: -5.362215548753738, rho: 0.44375
[TRAIN]: (772/1400) reward: -5.345800888724625, rho: 0.4125
[TRAIN]: (773/1400) reward: -18.98280270025134, rho: 0.45
[TRAIN]: (774/1400) reward: -15.320461736992002, rho: 0.35625
[TRAIN]: (775/1400) reward: -20.0, rho: 0.44375
[TRAIN]: (776/1400) reward: -10.69339370727539, rho: 0.25
[TRAIN]: (777/1400) reward: -15.754433512687683, rho: 0.325
[TRAIN]: (778/1400) reward: -18.6413397192955, rho: 0.25625
[TRAIN]: (779/1400) reward: 1.5419654250144958, rho: 0.275
[TRAIN]: (780/1400) reward: -18.953839901834726, rho: 0.375
[TRAIN]: (781/1400) reward: -17.328321918845177, rho: 0.39375
[TRAIN]: (782/1400) reward: -10.044824957847595, rho: 0.35
[TRAIN]: (783/1400) reward: 1.3587956223636866, rho: 0.425
[TRAIN]: (784/1400) reward: 23.49810928851366, rho: 0.38125
[TRAIN]: (785/1400) reward: -17.1735986340791, rho: 0.3125
[TRAIN]: (786/1400) reward: -11.298158288002014, rho: 0.25625
[TRAIN]: (787/1400) reward: -20.0, rho: 0.3375
[TRAIN]: (788/1400) reward: -10.109070464968681, rho: 0.39375
[TRAIN]: (789/1400) reward: -5.819811068475246, rho: 0.4875
[TRAIN]: (790/1400) reward: -11.519896030426025, rho: 0.475
[TRAIN]: (791/1400) reward: -11.099854111671448, rho: 0.36875
[TRAIN]: (792/1400) reward: -4.226242542266846, rho: 0.36875
[TRAIN]: (793/1400) reward: -14.383508205413818, rho: 0.2875
[TRAIN]: (794/1400) reward: 20.438325241208076, rho: 0.225
[TRAIN]: (795/1400) reward: 2.522405728697777, rho: 0.20625
[TRAIN]: (796/1400) reward: 16.501465074718, rho: 0.3
[TRAIN]: (797/1400) reward: -2.203851919621229, rho: 0.2375
[TRAIN]: (798/1400) reward: -15.534228801727295, rho: 0.33125
[TRAIN]: (799/1400) reward: 4.996834754943848, rho: 0.3875
[TRAIN]: (800/1400) reward: 1.9184477031230927, rho: 0.31875
[TRAIN]: (801/1400) reward: 12.379108494147658, rho: 0.40625
[TRAIN]: (802/1400) reward: -11.186017960309982, rho: 0.24375
[TRAIN]: (803/1400) reward: -6.214780122041702, rho: 0.43125
[TRAIN]: (804/1400) reward: -20.0, rho: 0.25625
[TRAIN]: (805/1400) reward: -12.321032762527466, rho: 0.35
[TRAIN]: (806/1400) reward: 4.802460407838225, rho: 0.3625
[TRAIN]: (807/1400) reward: -10.302755355834961, rho: 0.41875
[TRAIN]: (808/1400) reward: -17.095173835754395, rho: 0.23125
[TRAIN]: (809/1400) reward: -20.0, rho: 0.31875
[TRAIN]: (810/1400) reward: -18.910439029335976, rho: 0.325
[TRAIN]: (811/1400) reward: -3.859648110345006, rho: 0.3625
[TRAIN]: (812/1400) reward: -4.5327456798404455, rho: 0.4125
[TRAIN]: (813/1400) reward: -9.96512153930962, rho: 0.4375
[TRAIN]: (814/1400) reward: 24.766489773988724, rho: 0.48125
[TRAIN]: (815/1400) reward: -17.883415221236646, rho: 0.4125
[TRAIN]: (816/1400) reward: -5.157386049628258, rho: 0.625
[TRAIN]: (817/1400) reward: -10.507009595632553, rho: 0.55
[TRAIN]: (818/1400) reward: -5.508197143673897, rho: 0.34375
[TRAIN]: (819/1400) reward: -18.585861712694168, rho: 0.58125
[TRAIN]: (820/1400) reward: -14.854450225830078, rho: 0.675
[TRAIN]: (821/1400) reward: -10.189965821802616, rho: 0.65
[TRAIN]: (822/1400) reward: -17.70712525304407, rho: 0.675
[TRAIN]: (823/1400) reward: -20.0, rho: 0.35625
[TRAIN]: (824/1400) reward: -20.0, rho: 0.3625
[TRAIN]: (825/1400) reward: -20.0, rho: 0.36875
[TRAIN]: (826/1400) reward: -18.964022006839514, rho: 0.33125
[TRAIN]: (827/1400) reward: -18.631390064954758, rho: 0.35
[TRAIN]: (828/1400) reward: -1.5019406080245972, rho: 0.275
[TRAIN]: (829/1400) reward: -20.0, rho: 0.225
[TRAIN]: (830/1400) reward: -9.876912340521812, rho: 0.5
[TRAIN]: (831/1400) reward: -12.466083526611328, rho: 0.5625
[TRAIN]: (832/1400) reward: -13.14340353012085, rho: 0.53125
[TRAIN]: (833/1400) reward: -14.514143742620945, rho: 0.60625
[TRAIN]: (834/1400) reward: -10.031476020812988, rho: 0.45
[TRAIN]: (835/1400) reward: -9.774001747369766, rho: 0.55625
[TRAIN]: (836/1400) reward: -18.816123515367508, rho: 0.575
[TRAIN]: (837/1400) reward: -13.51668930053711, rho: 0.65
[TRAIN]: (838/1400) reward: -12.633836150169373, rho: 0.6125
[TRAIN]: (839/1400) reward: 13.688505641184747, rho: 0.39375
[TRAIN]: (840/1400) reward: -14.181584222242236, rho: 0.3625
[TRAIN]: (841/1400) reward: -20.0, rho: 0.45625
[TRAIN]: (842/1400) reward: 6.332720508333296, rho: 0.38125
[TRAIN]: (843/1400) reward: 8.881715894676745, rho: 0.45625
[TRAIN]: (844/1400) reward: -10.575777224963531, rho: 0.3875
[TRAIN]: (845/1400) reward: -5.330850463353272, rho: 0.43125
[TRAIN]: (846/1400) reward: -10.289653921499848, rho: 0.4375
[TRAIN]: (847/1400) reward: -11.282760620117188, rho: 0.4
[TRAIN]: (848/1400) reward: -8.855231165885925, rho: 0.4375
[TRAIN]: (849/1400) reward: -17.794617667794228, rho: 0.5
[TRAIN]: (850/1400) reward: -3.5789294242858887, rho: 0.4375
[TRAIN]: (851/1400) reward: -14.441965579986572, rho: 0.45625
[TRAIN]: (852/1400) reward: -18.354925513267517, rho: 0.48125
[TRAIN]: (853/1400) reward: -7.3680113554000854, rho: 0.4875
[TRAIN]: (854/1400) reward: -2.436230621067807, rho: 0.54375
[TRAIN]: (855/1400) reward: -10.13010311126709, rho: 0.375
[TRAIN]: (856/1400) reward: -1.3078040331602097, rho: 0.39375
[TRAIN]: (857/1400) reward: -4.443038836121559, rho: 0.34375
[TRAIN]: (858/1400) reward: -7.167888171970844, rho: 0.31875
[TRAIN]: (859/1400) reward: -10.628570199012756, rho: 0.525
[TRAIN]: (860/1400) reward: -2.378143555019051, rho: 0.39375
[TRAIN]: (861/1400) reward: -20.0, rho: 0.33125
[TRAIN]: (862/1400) reward: -20.0, rho: 0.31875
[TRAIN]: (863/1400) reward: -13.823663920164108, rho: 0.28125
[TRAIN]: (864/1400) reward: -12.658379554748535, rho: 0.50625
[TRAIN]: (865/1400) reward: -2.8842787742614746, rho: 0.55625
[TRAIN]: (866/1400) reward: -18.924740321934223, rho: 0.6625
[TRAIN]: (867/1400) reward: -15.295779401436448, rho: 0.60625
[TRAIN]: (868/1400) reward: -17.569841027259827, rho: 0.59375
[TRAIN]: (869/1400) reward: -8.927278554765508, rho: 0.51875
[TRAIN]: (870/1400) reward: -7.1755147324875, rho: 0.6375
[TRAIN]: (871/1400) reward: -10.478819847106934, rho: 0.51875
[TRAIN]: (872/1400) reward: -2.7294980362057686, rho: 0.45
[TRAIN]: (873/1400) reward: 11.087419468909502, rho: 0.375
[TRAIN]: (874/1400) reward: 3.357328176498413, rho: 0.29375
[TRAIN]: (875/1400) reward: 0.383905827999115, rho: 0.28125
[TRAIN]: (876/1400) reward: -1.9318101704120636, rho: 0.3
[TRAIN]: (877/1400) reward: -4.081273693591356, rho: 0.375
[TRAIN]: (878/1400) reward: -8.531521022319794, rho: 0.3875
[TRAIN]: (879/1400) reward: -14.997060179710388, rho: 0.40625
[TRAIN]: (880/1400) reward: -4.401745991315693, rho: 0.36875
[TRAIN]: (881/1400) reward: 12.243974208831787, rho: 0.2875
[TRAIN]: (882/1400) reward: -9.357147179543972, rho: 0.2375
[TRAIN]: (883/1400) reward: -15.291084066964686, rho: 0.34375
[TRAIN]: (884/1400) reward: -2.2095949053764343, rho: 0.4
[TRAIN]: (885/1400) reward: -16.754048824310303, rho: 0.35625
[TRAIN]: (886/1400) reward: -8.975265502929688, rho: 0.24375
[TRAIN]: (887/1400) reward: -13.503862857818604, rho: 0.3
[TRAIN]: (888/1400) reward: -0.8271093368530273, rho: 0.35
[TRAIN]: (889/1400) reward: -9.034633874893188, rho: 0.44375
[TRAIN]: (890/1400) reward: -9.242443919181824, rho: 0.35625
[TRAIN]: (891/1400) reward: -5.585062742233276, rho: 0.45
[TRAIN]: (892/1400) reward: 1.8770552927162498, rho: 0.425
[TRAIN]: (893/1400) reward: -12.652148723602295, rho: 0.5
[TRAIN]: (894/1400) reward: 5.791231632232666, rho: 0.425
[TRAIN]: (895/1400) reward: -10.197053074836731, rho: 0.36875
[TRAIN]: (896/1400) reward: -0.7147996383719146, rho: 0.325
[TRAIN]: (897/1400) reward: 0.6098356246948242, rho: 0.35
[TRAIN]: (898/1400) reward: 2.0251760482788086, rho: 0.35625
[TRAIN]: (899/1400) reward: -18.72745242714882, rho: 0.3625
[TRAIN]: (900/1400) reward: -11.480452537536621, rho: 0.35
[TRAIN]: (901/1400) reward: -9.415870189666748, rho: 0.4
[TRAIN]: (902/1400) reward: -17.809954285621643, rho: 0.26875
[TRAIN]: (903/1400) reward: -11.259119534865022, rho: 0.40625
[TRAIN]: (904/1400) reward: -11.761883437633514, rho: 0.31875
[TRAIN]: (905/1400) reward: -17.735470056533813, rho: 0.29375
[TRAIN]: (906/1400) reward: -14.168143808841705, rho: 0.35
[TRAIN]: (907/1400) reward: -20.0, rho: 0.35
[TRAIN]: (908/1400) reward: 17.083388328552246, rho: 0.33125
[TRAIN]: (909/1400) reward: -5.0930219776928425, rho: 0.4
[TRAIN]: (910/1400) reward: -14.008211135864258, rho: 0.3375
[TRAIN]: (911/1400) reward: 15.668166530318558, rho: 0.475
[TRAIN]: (912/1400) reward: 10.671544020064175, rho: 0.35625
[TRAIN]: (913/1400) reward: -9.299192428588867, rho: 0.38125
[TRAIN]: (914/1400) reward: -12.170020699501038, rho: 0.425
[TRAIN]: (915/1400) reward: -15.739866338670254, rho: 0.3875
[TRAIN]: (916/1400) reward: -7.5752734541893005, rho: 0.34375
[TRAIN]: (917/1400) reward: -14.962170124053955, rho: 0.45625
[TRAIN]: (918/1400) reward: -20.0, rho: 0.38125
[TRAIN]: (919/1400) reward: 1.138289451599121, rho: 0.2375
[TRAIN]: (920/1400) reward: 16.820478558540344, rho: 0.29375
[TRAIN]: (921/1400) reward: -11.052716076374054, rho: 0.3125
[TRAIN]: (922/1400) reward: -18.8951078876853, rho: 0.4
[TRAIN]: (923/1400) reward: -18.950717199593782, rho: 0.3125
[TRAIN]: (924/1400) reward: -15.242569506168365, rho: 0.325
[TRAIN]: (925/1400) reward: -7.878690764307976, rho: 0.4625
[TRAIN]: (926/1400) reward: -17.72731602191925, rho: 0.50625
[TRAIN]: (927/1400) reward: -4.349859714508057, rho: 0.33125
[TRAIN]: (928/1400) reward: -12.36655309703201, rho: 0.26875
[TRAIN]: (929/1400) reward: -1.5157007277011871, rho: 0.2625
[TRAIN]: (930/1400) reward: -17.163888692855835, rho: 0.30625
[TRAIN]: (931/1400) reward: 6.837121963500977, rho: 0.18125
[TRAIN]: (932/1400) reward: -4.819403640925884, rho: 0.3125
[TRAIN]: (933/1400) reward: -18.473046004772186, rho: 0.39375
[TRAIN]: (934/1400) reward: -9.060783486813307, rho: 0.4875
[TRAIN]: (935/1400) reward: -17.196936011314392, rho: 0.3625
[TRAIN]: (936/1400) reward: -1.6194235384464264, rho: 0.3625
[TRAIN]: (937/1400) reward: -10.939263433218002, rho: 0.65
[TRAIN]: (938/1400) reward: -8.204774379730225, rho: 0.64375
[TRAIN]: (939/1400) reward: -15.277741234749556, rho: 0.5125
[TRAIN]: (940/1400) reward: -20.0, rho: 0.8
[TRAIN]: (941/1400) reward: -20.0, rho: 0.76875
[TRAIN]: (942/1400) reward: -2.3224756876006722, rho: 0.70625
[TRAIN]: (943/1400) reward: -20.0, rho: 0.7125
[TRAIN]: (944/1400) reward: -17.7830810546875, rho: 0.5125
[TRAIN]: (945/1400) reward: -6.857493042945862, rho: 0.5875
[TRAIN]: (946/1400) reward: -9.665345251560211, rho: 0.70625
[TRAIN]: (947/1400) reward: -7.861955642700195, rho: 0.7375
[TRAIN]: (948/1400) reward: -14.589613033342175, rho: 0.79375
[TRAIN]: (949/1400) reward: -16.33807099191472, rho: 0.75
[TRAIN]: (950/1400) reward: -18.515774488449097, rho: 0.7
[TRAIN]: (951/1400) reward: -17.4154052734375, rho: 0.6625
[TRAIN]: (952/1400) reward: -20.0, rho: 0.78125
[TRAIN]: (953/1400) reward: -17.591498956549913, rho: 0.775
[TRAIN]: (954/1400) reward: -14.19595567509532, rho: 0.7125
[TRAIN]: (955/1400) reward: -7.808908939361572, rho: 0.775
[TRAIN]: (956/1400) reward: -5.35007905960083, rho: 0.70625
[TRAIN]: (957/1400) reward: -20.0, rho: 0.71875
[TRAIN]: (958/1400) reward: -12.524589359760284, rho: 0.6
[TRAIN]: (959/1400) reward: -8.2315673828125, rho: 0.625
[TRAIN]: (960/1400) reward: -15.319855272769928, rho: 0.7375
[TRAIN]: (961/1400) reward: -8.323217630386353, rho: 0.7
[TRAIN]: (962/1400) reward: -11.534562037326396, rho: 0.6
[TRAIN]: (963/1400) reward: -8.74759030342102, rho: 0.78125
[TRAIN]: (964/1400) reward: -17.46089279651642, rho: 0.69375
[TRAIN]: (965/1400) reward: -14.398772958666086, rho: 0.68125
[TRAIN]: (966/1400) reward: -14.797234773635864, rho: 0.69375
[TRAIN]: (967/1400) reward: 5.642903447151184, rho: 0.55
[TRAIN]: (968/1400) reward: -10.309508122503757, rho: 0.7
[TRAIN]: (969/1400) reward: -17.41981596313417, rho: 0.7625
[TRAIN]: (970/1400) reward: -18.986589089035988, rho: 0.675
[TRAIN]: (971/1400) reward: -18.9993720043567, rho: 0.65625
[TRAIN]: (972/1400) reward: -20.0, rho: 0.725
[TRAIN]: (973/1400) reward: -8.599563926458359, rho: 0.75625
[TRAIN]: (974/1400) reward: -14.23496580682695, rho: 0.69375
[TRAIN]: (975/1400) reward: -16.309924721717834, rho: 0.70625
[TRAIN]: (976/1400) reward: -7.4987702295184135, rho: 0.7
[TRAIN]: (977/1400) reward: -18.079851388931274, rho: 0.79375
[TRAIN]: (978/1400) reward: -3.7363414764404297, rho: 0.74375
[TRAIN]: (979/1400) reward: -15.18178145820275, rho: 0.7625
[TRAIN]: (980/1400) reward: -16.254798013716936, rho: 0.65
[TRAIN]: (981/1400) reward: -16.707154653966427, rho: 0.775
[TRAIN]: (982/1400) reward: -20.0, rho: 0.73125
[TRAIN]: (983/1400) reward: -6.724727630615234, rho: 0.70625
[TRAIN]: (984/1400) reward: 5.744609832763672, rho: 0.65625
[TRAIN]: (985/1400) reward: -15.193355858325958, rho: 0.78125
[TRAIN]: (986/1400) reward: -20.0, rho: 0.7875
[TRAIN]: (987/1400) reward: -20.0, rho: 0.78125
[TRAIN]: (988/1400) reward: -19.0, rho: 0.78125
[TRAIN]: (989/1400) reward: -6.777013301849365, rho: 0.675
[TRAIN]: (990/1400) reward: -3.9096468687057495, rho: 0.63125
[TRAIN]: (991/1400) reward: -20.0, rho: 0.7625
[TRAIN]: (992/1400) reward: -9.081437349319458, rho: 0.71875
[TRAIN]: (993/1400) reward: -12.960310384631157, rho: 0.8125
[TRAIN]: (994/1400) reward: -15.275164868118736, rho: 0.66875
[TRAIN]: (995/1400) reward: -20.0, rho: 0.7
[TRAIN]: (996/1400) reward: -13.997313976287842, rho: 0.5375
[TRAIN]: (997/1400) reward: -16.334494687616825, rho: 0.6375
[TRAIN]: (998/1400) reward: -20.0, rho: 0.79375
[TRAIN]: (999/1400) reward: -1.0415672659873962, rho: 0.74375
[TRAIN]: (1000/1400) reward: -18.977571837604046, rho: 0.74375
[TRAIN]: (1001/1400) reward: -18.593875408172607, rho: 0.65625
[TRAIN]: (1002/1400) reward: -13.54804003238678, rho: 0.65
[TRAIN]: (1003/1400) reward: -8.545328140258789, rho: 0.6125
[TRAIN]: (1004/1400) reward: -20.0, rho: 0.75
[TRAIN]: (1005/1400) reward: -17.94066733494401, rho: 0.65625
[TRAIN]: (1006/1400) reward: -18.66699680685997, rho: 0.73125
[TRAIN]: (1007/1400) reward: -20.0, rho: 0.7125
[TRAIN]: (1008/1400) reward: -14.230116747319698, rho: 0.7125
[TRAIN]: (1009/1400) reward: -20.0, rho: 0.73125
[TRAIN]: (1010/1400) reward: -17.27632451057434, rho: 0.75
[TRAIN]: (1011/1400) reward: -16.38136065006256, rho: 0.71875
[TRAIN]: (1012/1400) reward: -15.129508025944233, rho: 0.75
[TRAIN]: (1013/1400) reward: -17.588245250284672, rho: 0.75
[TRAIN]: (1014/1400) reward: -17.305330872535706, rho: 0.63125
[TRAIN]: (1015/1400) reward: -8.803666114807129, rho: 0.7875
[TRAIN]: (1016/1400) reward: -20.0, rho: 0.7
[TRAIN]: (1017/1400) reward: -20.0, rho: 0.7375
[TRAIN]: (1018/1400) reward: -20.0, rho: 0.7375
[TRAIN]: (1019/1400) reward: -12.67361405491829, rho: 0.66875
[TRAIN]: (1020/1400) reward: -7.032504677772522, rho: 0.7
[TRAIN]: (1021/1400) reward: -18.975161127746105, rho: 0.66875
[TRAIN]: (1022/1400) reward: -16.785293728113174, rho: 0.6625
[TRAIN]: (1023/1400) reward: -9.660268850624561, rho: 0.6625
[TRAIN]: (1024/1400) reward: -9.25826609134674, rho: 0.71875
[TRAIN]: (1025/1400) reward: -8.393507301807404, rho: 0.63125
[TRAIN]: (1026/1400) reward: -17.36551296710968, rho: 0.74375
[TRAIN]: (1027/1400) reward: -14.599634796380997, rho: 0.73125
[TRAIN]: (1028/1400) reward: -20.0, rho: 0.73125
[TRAIN]: (1029/1400) reward: -20.0, rho: 0.725
[TRAIN]: (1030/1400) reward: -16.30437108129263, rho: 0.7
[TRAIN]: (1031/1400) reward: -17.550768852233887, rho: 0.8125
[TRAIN]: (1032/1400) reward: -4.559293746948242, rho: 0.63125
[TRAIN]: (1033/1400) reward: -17.228984713554382, rho: 0.775
[TRAIN]: (1034/1400) reward: -18.8933367729187, rho: 0.775
[TRAIN]: (1035/1400) reward: -8.61672007292509, rho: 0.76875
[TRAIN]: (1036/1400) reward: -15.76191908121109, rho: 0.75
[TRAIN]: (1037/1400) reward: -4.39242222905159, rho: 0.725
[TRAIN]: (1038/1400) reward: -18.25623196363449, rho: 0.6625
[TRAIN]: (1039/1400) reward: -17.472021505236626, rho: 0.6625
[TRAIN]: (1040/1400) reward: -20.0, rho: 0.75625
[TRAIN]: (1041/1400) reward: -13.510201454162598, rho: 0.7125
[TRAIN]: (1042/1400) reward: -4.4881197810173035, rho: 0.68125
[TRAIN]: (1043/1400) reward: -16.850011601578444, rho: 0.8375
[TRAIN]: (1044/1400) reward: -20.0, rho: 0.7875
[TRAIN]: (1045/1400) reward: -11.470110267400742, rho: 0.78125
[TRAIN]: (1046/1400) reward: -15.365043997764587, rho: 0.7625
[TRAIN]: (1047/1400) reward: -15.041587992105633, rho: 0.61875
[TRAIN]: (1048/1400) reward: -17.71983204782009, rho: 0.71875
[TRAIN]: (1049/1400) reward: -16.4164464995265, rho: 0.64375
[TRAIN]: (1050/1400) reward: -20.0, rho: 0.75
[TRAIN]: (1051/1400) reward: -20.0, rho: 0.75625
[TRAIN]: (1052/1400) reward: -13.996477335691452, rho: 0.7625
[TRAIN]: (1053/1400) reward: -7.115040846168995, rho: 0.80625
[TRAIN]: (1054/1400) reward: -11.918712139129639, rho: 0.65625
[TRAIN]: (1055/1400) reward: -4.227997899055481, rho: 0.675
[TRAIN]: (1056/1400) reward: -11.502276681363583, rho: 0.5625
[TRAIN]: (1057/1400) reward: -17.531267046928406, rho: 0.75
[TRAIN]: (1058/1400) reward: -4.219335049390793, rho: 0.725
[TRAIN]: (1059/1400) reward: -11.956271060509607, rho: 0.6375
[TRAIN]: (1060/1400) reward: -18.89406980574131, rho: 0.69375
[TRAIN]: (1061/1400) reward: -18.974590254947543, rho: 0.6875
[TRAIN]: (1062/1400) reward: -13.56779708713293, rho: 0.775
[TRAIN]: (1063/1400) reward: -11.344834327697754, rho: 0.725
[TRAIN]: (1064/1400) reward: -17.861470837146044, rho: 0.725
[TRAIN]: (1065/1400) reward: -16.46698522567749, rho: 0.6625
[TRAIN]: (1066/1400) reward: -8.183810830116272, rho: 0.65625
[TRAIN]: (1067/1400) reward: -16.92379605770111, rho: 0.75625
[TRAIN]: (1068/1400) reward: -17.109280109405518, rho: 0.8
[TRAIN]: (1069/1400) reward: -20.0, rho: 0.74375
[TRAIN]: (1070/1400) reward: -13.856481291353703, rho: 0.68125
[TRAIN]: (1071/1400) reward: -16.077413827180862, rho: 0.7
[TRAIN]: (1072/1400) reward: -0.975128157006111, rho: 0.56875
[TRAIN]: (1073/1400) reward: -8.632481694221497, rho: 0.40625
[TRAIN]: (1074/1400) reward: 1.9384727478027344, rho: 0.40625
[TRAIN]: (1075/1400) reward: -3.1287454441189766, rho: 0.375
[TRAIN]: (1076/1400) reward: -11.771411657333374, rho: 0.425
[TRAIN]: (1077/1400) reward: -3.970353662967682, rho: 0.4
[TRAIN]: (1078/1400) reward: -14.092268466949463, rho: 0.38125
[TRAIN]: (1079/1400) reward: -12.919673442840576, rho: 0.34375
[TRAIN]: (1080/1400) reward: -13.392064571380615, rho: 0.41875
[TRAIN]: (1081/1400) reward: 1.1847374166827649, rho: 0.475
[TRAIN]: (1082/1400) reward: -1.4040100052952766, rho: 0.39375
[TRAIN]: (1083/1400) reward: -11.083364963531494, rho: 0.3375
[TRAIN]: (1084/1400) reward: -15.728447139263153, rho: 0.35625
[TRAIN]: (1085/1400) reward: -20.0, rho: 0.475
[TRAIN]: (1086/1400) reward: -12.333160936832428, rho: 0.40625
[TRAIN]: (1087/1400) reward: -9.812851428985596, rho: 0.39375
[TRAIN]: (1088/1400) reward: -17.96027410030365, rho: 0.45
[TRAIN]: (1089/1400) reward: -17.68012225627899, rho: 0.39375
[TRAIN]: (1090/1400) reward: -17.676225796341896, rho: 0.40625
[TRAIN]: (1091/1400) reward: -16.72267863713205, rho: 0.49375
[TRAIN]: (1092/1400) reward: -3.2179226875305176, rho: 0.425
[TRAIN]: (1093/1400) reward: -17.67355651431717, rho: 0.375
[TRAIN]: (1094/1400) reward: -18.97999856248498, rho: 0.4
[TRAIN]: (1095/1400) reward: -10.774376213550568, rho: 0.4125
[TRAIN]: (1096/1400) reward: -8.756110191345215, rho: 0.4125
[TRAIN]: (1097/1400) reward: -17.16762125492096, rho: 0.425
[TRAIN]: (1098/1400) reward: 0.3006494641304016, rho: 0.41875
[TRAIN]: (1099/1400) reward: -18.43866664171219, rho: 0.40625
[TRAIN]: (1100/1400) reward: -20.0, rho: 0.4
[TRAIN]: (1101/1400) reward: -3.9136862754821777, rho: 0.35
[TRAIN]: (1102/1400) reward: -3.129567712545395, rho: 0.35625
[TRAIN]: (1103/1400) reward: -8.846352905035019, rho: 0.38125
[TRAIN]: (1104/1400) reward: -15.751173973083496, rho: 0.29375
[TRAIN]: (1105/1400) reward: -2.935257315635681, rho: 0.45625
[TRAIN]: (1106/1400) reward: 0.9463789705187082, rho: 0.40625
[TRAIN]: (1107/1400) reward: 3.5293774008750916, rho: 0.3125
[TRAIN]: (1108/1400) reward: 5.00636625289917, rho: 0.35625
[TRAIN]: (1109/1400) reward: -20.0, rho: 0.33125
[TRAIN]: (1110/1400) reward: 0.6764400005340576, rho: 0.35625
[TRAIN]: (1111/1400) reward: -20.0, rho: 0.41875
[TRAIN]: (1112/1400) reward: -18.98267705924809, rho: 0.4125
[TRAIN]: (1113/1400) reward: -10.869876742362976, rho: 0.4375
[TRAIN]: (1114/1400) reward: 3.1583389937877655, rho: 0.38125
[TRAIN]: (1115/1400) reward: 6.678024858236313, rho: 0.4
[TRAIN]: (1116/1400) reward: -12.038965165615082, rho: 0.38125
[TRAIN]: (1117/1400) reward: -17.626463517546654, rho: 0.40625
[TRAIN]: (1118/1400) reward: -8.793242998421192, rho: 0.46875
[TRAIN]: (1119/1400) reward: -20.0, rho: 0.3875
[TRAIN]: (1120/1400) reward: -1.781404733657837, rho: 0.4375
[TRAIN]: (1121/1400) reward: -12.92467051744461, rho: 0.38125
[TRAIN]: (1122/1400) reward: -16.834592580795288, rho: 0.4375
[TRAIN]: (1123/1400) reward: -7.272794142365456, rho: 0.39375
[TRAIN]: (1124/1400) reward: -5.076638247817755, rho: 0.475
[TRAIN]: (1125/1400) reward: -1.718386322259903, rho: 0.45625
[TRAIN]: (1126/1400) reward: -8.45853328704834, rho: 0.35625
[TRAIN]: (1127/1400) reward: -10.104081101715565, rho: 0.35
[TRAIN]: (1128/1400) reward: 2.6274495124816895, rho: 0.35625
[TRAIN]: (1129/1400) reward: -6.169455528259277, rho: 0.425
[TRAIN]: (1130/1400) reward: -11.208653748035431, rho: 0.4375
[TRAIN]: (1131/1400) reward: -9.811395958065987, rho: 0.40625
[TRAIN]: (1132/1400) reward: -1.2488203048706055, rho: 0.45625
[TRAIN]: (1133/1400) reward: -18.4638432264328, rho: 0.425
[TRAIN]: (1134/1400) reward: -7.566002652049065, rho: 0.40625
[TRAIN]: (1135/1400) reward: -13.145033806562424, rho: 0.375
[TRAIN]: (1136/1400) reward: -15.850160270929337, rho: 0.35
[TRAIN]: (1137/1400) reward: -13.627143383026123, rho: 0.36875
[TRAIN]: (1138/1400) reward: -2.478275939822197, rho: 0.38125
[TRAIN]: (1139/1400) reward: 3.767408564686775, rho: 0.36875
[TRAIN]: (1140/1400) reward: -20.0, rho: 0.375
[TRAIN]: (1141/1400) reward: -6.343335248529911, rho: 0.43125
[TRAIN]: (1142/1400) reward: -18.357108056545258, rho: 0.39375
[TRAIN]: (1143/1400) reward: 4.202230989933014, rho: 0.375
[TRAIN]: (1144/1400) reward: -18.999925140560663, rho: 0.4375
[TRAIN]: (1145/1400) reward: -11.203826427459717, rho: 0.4
[TRAIN]: (1146/1400) reward: 5.716192759107798, rho: 0.4125
[TRAIN]: (1147/1400) reward: -4.116155624389648, rho: 0.38125
[TRAIN]: (1148/1400) reward: -8.516085982322693, rho: 0.3875
[TRAIN]: (1149/1400) reward: -3.2387628257274628, rho: 0.3875
[TRAIN]: (1150/1400) reward: -2.3290171027183533, rho: 0.4625
[TRAIN]: (1151/1400) reward: 5.636362314224243, rho: 0.35
[TRAIN]: (1152/1400) reward: -4.826376438140869, rho: 0.3875
[TRAIN]: (1153/1400) reward: -12.978604041039944, rho: 0.3625
[TRAIN]: (1154/1400) reward: -9.153733968734741, rho: 0.43125
[TRAIN]: (1155/1400) reward: -8.644112437963486, rho: 0.3875
[TRAIN]: (1156/1400) reward: 1.459354281425476, rho: 0.38125
[TRAIN]: (1157/1400) reward: -20.0, rho: 0.3625
[TRAIN]: (1158/1400) reward: 14.608117938041687, rho: 0.33125
[TRAIN]: (1159/1400) reward: -20.0, rho: 0.38125
[TRAIN]: (1160/1400) reward: -11.061720043420792, rho: 0.45
[TRAIN]: (1161/1400) reward: 3.6350614428520203, rho: 0.44375
[TRAIN]: (1162/1400) reward: -3.236802577972412, rho: 0.41875
[TRAIN]: (1163/1400) reward: 12.516889669001102, rho: 0.40625
[TRAIN]: (1164/1400) reward: -20.0, rho: 0.31875
[TRAIN]: (1165/1400) reward: -16.93414044380188, rho: 0.4875
[TRAIN]: (1166/1400) reward: -1.848378837108612, rho: 0.39375
[TRAIN]: (1167/1400) reward: -18.897660739719868, rho: 0.48125
[TRAIN]: (1168/1400) reward: -10.992056846618652, rho: 0.35625
[TRAIN]: (1169/1400) reward: 8.085285902023315, rho: 0.44375
[TRAIN]: (1170/1400) reward: -14.366539299488068, rho: 0.4125
[TRAIN]: (1171/1400) reward: -7.323857247829437, rho: 0.39375
[TRAIN]: (1172/1400) reward: -9.087925337255001, rho: 0.3625
[TRAIN]: (1173/1400) reward: 11.09554566256702, rho: 0.34375
[TRAIN]: (1174/1400) reward: -4.574539337307215, rho: 0.40625
[TRAIN]: (1175/1400) reward: -5.7679318292066455, rho: 0.41875
[TRAIN]: (1176/1400) reward: 12.277533054351807, rho: 0.4
[TRAIN]: (1177/1400) reward: -5.549174189567566, rho: 0.375
[TRAIN]: (1178/1400) reward: -8.692471027374268, rho: 0.4
[TRAIN]: (1179/1400) reward: -18.630163490772247, rho: 0.39375
[TRAIN]: (1180/1400) reward: -8.955792248249054, rho: 0.40625
[TRAIN]: (1181/1400) reward: 6.285168647766113, rho: 0.38125
[TRAIN]: (1182/1400) reward: -10.98941421508789, rho: 0.425
[TRAIN]: (1183/1400) reward: -17.44537889957428, rho: 0.4625
[TRAIN]: (1184/1400) reward: -11.399301290512085, rho: 0.425
[TRAIN]: (1185/1400) reward: -10.210124552249908, rho: 0.38125
[TRAIN]: (1186/1400) reward: -12.941010862588882, rho: 0.41875
[TRAIN]: (1187/1400) reward: -17.375818903557956, rho: 0.33125
[TRAIN]: (1188/1400) reward: -18.42827421426773, rho: 0.375
[TRAIN]: (1189/1400) reward: -4.979673862457275, rho: 0.40625
[TRAIN]: (1190/1400) reward: -20.0, rho: 0.375
[TRAIN]: (1191/1400) reward: -20.0, rho: 0.39375
[TRAIN]: (1192/1400) reward: -1.7298698425292969, rho: 0.425
[TRAIN]: (1193/1400) reward: -16.482141703367233, rho: 0.375
[TRAIN]: (1194/1400) reward: -11.053135752677917, rho: 0.375
[TRAIN]: (1195/1400) reward: -15.636708595789969, rho: 0.475
[TRAIN]: (1196/1400) reward: -15.834480345249176, rho: 0.40625
[TRAIN]: (1197/1400) reward: -20.0, rho: 0.29375
[TRAIN]: (1198/1400) reward: -3.795791059732437, rho: 0.38125
[TRAIN]: (1199/1400) reward: -8.09553736448288, rho: 0.3625
[TRAIN]: (1200/1400) reward: -5.541203677654266, rho: 0.36875
[TRAIN]: (1201/1400) reward: 4.159390449523926, rho: 0.35625
[TRAIN]: (1202/1400) reward: -18.934852972626686, rho: 0.38125
[TRAIN]: (1203/1400) reward: -9.278368651866913, rho: 0.35625
[TRAIN]: (1204/1400) reward: -17.205411434173584, rho: 0.4125
[TRAIN]: (1205/1400) reward: -8.341777682304382, rho: 0.45625
[TRAIN]: (1206/1400) reward: 1.5320094488561153, rho: 0.35625
[TRAIN]: (1207/1400) reward: -8.423434495925903, rho: 0.4
[TRAIN]: (1208/1400) reward: -1.0470911972224712, rho: 0.3375
[TRAIN]: (1209/1400) reward: -18.93782840296626, rho: 0.36875
[TRAIN]: (1210/1400) reward: -10.531063109636307, rho: 0.38125
[TRAIN]: (1211/1400) reward: -16.462840672582388, rho: 0.4
[TRAIN]: (1212/1400) reward: -16.97317971661687, rho: 0.36875
[TRAIN]: (1213/1400) reward: -3.009022295475006, rho: 0.43125
[TRAIN]: (1214/1400) reward: 3.944993750192225, rho: 0.38125
[TRAIN]: (1215/1400) reward: -18.972085820510983, rho: 0.35625
[TRAIN]: (1216/1400) reward: -9.693604499101639, rho: 0.40625
[TRAIN]: (1217/1400) reward: 7.4020708575844765, rho: 0.36875
[TRAIN]: (1218/1400) reward: -17.028981685638428, rho: 0.43125
[TRAIN]: (1219/1400) reward: -1.3564245700836182, rho: 0.38125
[TRAIN]: (1220/1400) reward: -17.06774592399597, rho: 0.4
[TRAIN]: (1221/1400) reward: -12.298571109771729, rho: 0.38125
[TRAIN]: (1222/1400) reward: 8.150467872619629, rho: 0.36875
[TRAIN]: (1223/1400) reward: -1.4559340476989746, rho: 0.39375
[TRAIN]: (1224/1400) reward: -9.817195402923971, rho: 0.39375
[TRAIN]: (1225/1400) reward: -11.74191427230835, rho: 0.4125
[TRAIN]: (1226/1400) reward: -11.093383461236954, rho: 0.375
[TRAIN]: (1227/1400) reward: -15.373614639043808, rho: 0.3875
[TRAIN]: (1228/1400) reward: 13.441736578941345, rho: 0.39375
[TRAIN]: (1229/1400) reward: -19.0, rho: 0.4125
[TRAIN]: (1230/1400) reward: -16.5893292427063, rho: 0.4
[TRAIN]: (1231/1400) reward: -18.59112188220024, rho: 0.40625
[TRAIN]: (1232/1400) reward: -10.237333003431559, rho: 0.39375
[TRAIN]: (1233/1400) reward: -7.4289242178201675, rho: 0.4625
[TRAIN]: (1234/1400) reward: -17.085336685180664, rho: 0.35625
[TRAIN]: (1235/1400) reward: -17.663435220718384, rho: 0.425
[TRAIN]: (1236/1400) reward: -1.6318674385547638, rho: 0.3125
[TRAIN]: (1237/1400) reward: -16.46278166770935, rho: 0.35
[TRAIN]: (1238/1400) reward: -9.225482314825058, rho: 0.45
[TRAIN]: (1239/1400) reward: -20.0, rho: 0.43125
[TRAIN]: (1240/1400) reward: -0.6879155110800639, rho: 0.45
[TRAIN]: (1241/1400) reward: -11.57679120451212, rho: 0.375
[TRAIN]: (1242/1400) reward: -8.172056466341019, rho: 0.39375
[TRAIN]: (1243/1400) reward: 11.303284659981728, rho: 0.35625
[TRAIN]: (1244/1400) reward: 2.230578236281872, rho: 0.36875
[TRAIN]: (1245/1400) reward: -13.254470884799957, rho: 0.375
[TRAIN]: (1246/1400) reward: -5.949761867523193, rho: 0.36875
[TRAIN]: (1247/1400) reward: -14.333935737609863, rho: 0.43125
[TRAIN]: (1248/1400) reward: 6.406863768585026, rho: 0.43125
[TRAIN]: (1249/1400) reward: -10.931942462921143, rho: 0.325
[TRAIN]: (1250/1400) reward: -2.9500027894973755, rho: 0.38125
[TRAIN]: (1251/1400) reward: 20.244568426162004, rho: 0.39375
[TRAIN]: (1252/1400) reward: -10.968794584274292, rho: 0.36875
[TRAIN]: (1253/1400) reward: -11.59186439216137, rho: 0.3875
[TRAIN]: (1254/1400) reward: -15.898134483024478, rho: 0.41875
[TRAIN]: (1255/1400) reward: -12.683262646198273, rho: 0.39375
[TRAIN]: (1256/1400) reward: -10.301095068454742, rho: 0.43125
[TRAIN]: (1257/1400) reward: -9.284475959837437, rho: 0.425
[TRAIN]: (1258/1400) reward: -18.493050038814545, rho: 0.35625
[TRAIN]: (1259/1400) reward: -0.9097328186035156, rho: 0.4125
[TRAIN]: (1260/1400) reward: -1.447197564470116, rho: 0.4625
[TRAIN]: (1261/1400) reward: -20.0, rho: 0.44375
[TRAIN]: (1262/1400) reward: -2.779118537902832, rho: 0.45625
[TRAIN]: (1263/1400) reward: -7.2614176869392395, rho: 0.36875
[TRAIN]: (1264/1400) reward: 8.887558460235596, rho: 0.4
[TRAIN]: (1265/1400) reward: 14.780685156583786, rho: 0.38125
[TRAIN]: (1266/1400) reward: -1.8547944128513336, rho: 0.38125
[TRAIN]: (1267/1400) reward: -6.841166377067566, rho: 0.4375
[TRAIN]: (1268/1400) reward: -13.000244438648224, rho: 0.41875
[TRAIN]: (1269/1400) reward: -9.467605113983154, rho: 0.43125
[TRAIN]: (1270/1400) reward: -15.524879783391953, rho: 0.375
[TRAIN]: (1271/1400) reward: -2.572859287261963, rho: 0.4125
[TRAIN]: (1272/1400) reward: -20.0, rho: 0.34375
[TRAIN]: (1273/1400) reward: -7.208431720733643, rho: 0.3375
[TRAIN]: (1274/1400) reward: -12.84155504964292, rho: 0.4125
[TRAIN]: (1275/1400) reward: -20.0, rho: 0.5375
[TRAIN]: (1276/1400) reward: -12.96968698501587, rho: 0.575
[TRAIN]: (1277/1400) reward: -20.0, rho: 0.5625
[TRAIN]: (1278/1400) reward: -17.91657649818808, rho: 0.56875
[TRAIN]: (1279/1400) reward: -13.568810682743788, rho: 0.575
[TRAIN]: (1280/1400) reward: -18.647016406059265, rho: 0.5875
[TRAIN]: (1281/1400) reward: -8.265144406817853, rho: 0.63125
[TRAIN]: (1282/1400) reward: 2.4097862243652344, rho: 0.56875
[TRAIN]: (1283/1400) reward: -5.792172908782959, rho: 0.6125
[TRAIN]: (1284/1400) reward: -18.88125302642584, rho: 0.50625
[TRAIN]: (1285/1400) reward: -3.292741060256958, rho: 0.575
[TRAIN]: (1286/1400) reward: -5.060205549001694, rho: 0.55
[TRAIN]: (1287/1400) reward: -20.0, rho: 0.575
[TRAIN]: (1288/1400) reward: -20.0, rho: 0.58125
[TRAIN]: (1289/1400) reward: -18.63041239976883, rho: 0.5875
[TRAIN]: (1290/1400) reward: -17.443959593772888, rho: 0.59375
[TRAIN]: (1291/1400) reward: -13.465451717376709, rho: 0.55625
[TRAIN]: (1292/1400) reward: -20.0, rho: 0.60625
[TRAIN]: (1293/1400) reward: -20.0, rho: 0.55625
[TRAIN]: (1294/1400) reward: -13.148273468017578, rho: 0.53125
[TRAIN]: (1295/1400) reward: -20.0, rho: 0.55
[TRAIN]: (1296/1400) reward: -11.042121887207031, rho: 0.5625
[TRAIN]: (1297/1400) reward: -18.966353688389063, rho: 0.575
[TRAIN]: (1298/1400) reward: -20.0, rho: 0.60625
[TRAIN]: (1299/1400) reward: -11.591731056571007, rho: 0.51875
[TRAIN]: (1300/1400) reward: -14.184724569320679, rho: 0.55625
[TRAIN]: (1301/1400) reward: -16.30677103996277, rho: 0.5875
[TRAIN]: (1302/1400) reward: -16.903566032648087, rho: 0.58125
[TRAIN]: (1303/1400) reward: -18.361702799797058, rho: 0.56875
[TRAIN]: (1304/1400) reward: -18.771101713180542, rho: 0.55625
[TRAIN]: (1305/1400) reward: -10.008590638637543, rho: 0.6
[TRAIN]: (1306/1400) reward: -18.587982773780823, rho: 0.55
[TRAIN]: (1307/1400) reward: -14.621679186820984, rho: 0.60625
[TRAIN]: (1308/1400) reward: -15.997477769851685, rho: 0.63125
[TRAIN]: (1309/1400) reward: -17.99213445186615, rho: 0.5875
[TRAIN]: (1310/1400) reward: -20.0, rho: 0.6
[TRAIN]: (1311/1400) reward: -3.634958505630493, rho: 0.6375
[TRAIN]: (1312/1400) reward: -20.0, rho: 0.58125
[TRAIN]: (1313/1400) reward: -18.703291922807693, rho: 0.59375
[TRAIN]: (1314/1400) reward: 7.129942297935486, rho: 0.5625
[TRAIN]: (1315/1400) reward: -13.431111723184586, rho: 0.58125
[TRAIN]: (1316/1400) reward: -17.69354309886694, rho: 0.6
[TRAIN]: (1317/1400) reward: -9.917524337768555, rho: 0.6125
[TRAIN]: (1318/1400) reward: -13.80146625963971, rho: 0.5875
[TRAIN]: (1319/1400) reward: -18.417471170425415, rho: 0.56875
[TRAIN]: (1320/1400) reward: -18.992520048748702, rho: 0.54375
[TRAIN]: (1321/1400) reward: -14.176690101623535, rho: 0.55
[TRAIN]: (1322/1400) reward: -10.947676867246628, rho: 0.575
[TRAIN]: (1323/1400) reward: -9.812798500061035, rho: 0.55625
[TRAIN]: (1324/1400) reward: -6.885463565587997, rho: 0.59375
[TRAIN]: (1325/1400) reward: -15.33915090560913, rho: 0.6375
[TRAIN]: (1326/1400) reward: -13.931111931800842, rho: 0.5875
[TRAIN]: (1327/1400) reward: -14.239629745483398, rho: 0.55625
[TRAIN]: (1328/1400) reward: -16.78941148519516, rho: 0.5625
[TRAIN]: (1329/1400) reward: -3.944047451019287, rho: 0.5625
[TRAIN]: (1330/1400) reward: -18.821785524487495, rho: 0.6125
[TRAIN]: (1331/1400) reward: -12.526015438139439, rho: 0.60625
[TRAIN]: (1332/1400) reward: -10.526829823851585, rho: 0.61875
[TRAIN]: (1333/1400) reward: -14.692045211791992, rho: 0.5875
[TRAIN]: (1334/1400) reward: -14.964359760284424, rho: 0.45625
[TRAIN]: (1335/1400) reward: 2.6395328044891357, rho: 0.58125
[TRAIN]: (1336/1400) reward: -18.980841463431716, rho: 0.6125
[TRAIN]: (1337/1400) reward: -13.42592179775238, rho: 0.6125
[TRAIN]: (1338/1400) reward: -16.532437707297504, rho: 0.5625
[TRAIN]: (1339/1400) reward: -14.017411604523659, rho: 0.54375
[TRAIN]: (1340/1400) reward: -7.552140533924103, rho: 0.58125
[TRAIN]: (1341/1400) reward: -13.77514362335205, rho: 0.575
[TRAIN]: (1342/1400) reward: -13.080074310302734, rho: 0.54375
[TRAIN]: (1343/1400) reward: -16.51831601327285, rho: 0.56875
[TRAIN]: (1344/1400) reward: -6.24902696441859, rho: 0.5125
[TRAIN]: (1345/1400) reward: -17.651854276657104, rho: 0.4875
[TRAIN]: (1346/1400) reward: -20.0, rho: 0.58125
[TRAIN]: (1347/1400) reward: -20.0, rho: 0.60625
[TRAIN]: (1348/1400) reward: -18.811153650283813, rho: 0.56875
[TRAIN]: (1349/1400) reward: -9.959912836551666, rho: 0.5875
[TRAIN]: (1350/1400) reward: -8.450464725494385, rho: 0.5625
[TRAIN]: (1351/1400) reward: -10.71877670288086, rho: 0.51875
[TRAIN]: (1352/1400) reward: -15.080282079055905, rho: 0.575
[TRAIN]: (1353/1400) reward: -9.9077849984169, rho: 0.525
[TRAIN]: (1354/1400) reward: -15.160269260406494, rho: 0.5125
[TRAIN]: (1355/1400) reward: -6.131797790527344, rho: 0.6375
[TRAIN]: (1356/1400) reward: -8.141114115715027, rho: 0.56875
[TRAIN]: (1357/1400) reward: -17.50564742088318, rho: 0.6
[TRAIN]: (1358/1400) reward: -20.0, rho: 0.60625
[TRAIN]: (1359/1400) reward: -8.29563956707716, rho: 0.53125
[TRAIN]: (1360/1400) reward: -0.4988391399383545, rho: 0.55625
[TRAIN]: (1361/1400) reward: -16.817655503749847, rho: 0.5875
[TRAIN]: (1362/1400) reward: -17.551448225975037, rho: 0.5375
[TRAIN]: (1363/1400) reward: -11.987719919765368, rho: 0.55625
[TRAIN]: (1364/1400) reward: -14.57519817352295, rho: 0.5625
[TRAIN]: (1365/1400) reward: -17.707998156547546, rho: 0.5375
[TRAIN]: (1366/1400) reward: -10.127087595872581, rho: 0.54375
[TRAIN]: (1367/1400) reward: -1.7411081194877625, rho: 0.575
[TRAIN]: (1368/1400) reward: -17.87424349784851, rho: 0.59375
[TRAIN]: (1369/1400) reward: -11.49078219756484, rho: 0.59375
[TRAIN]: (1370/1400) reward: -5.100146532058716, rho: 0.575
[TRAIN]: (1371/1400) reward: -7.696639657020569, rho: 0.5625
[TRAIN]: (1372/1400) reward: -20.0, rho: 0.6
[TRAIN]: (1373/1400) reward: -13.998882293701172, rho: 0.6
[TRAIN]: (1374/1400) reward: -4.412926994264126, rho: 0.55
[TRAIN]: (1375/1400) reward: -5.455488044768572, rho: 0.65625
[TRAIN]: (1376/1400) reward: -16.82028628885746, rho: 0.6
[TRAIN]: (1377/1400) reward: -18.989470882341266, rho: 0.5875
[TRAIN]: (1378/1400) reward: -17.556867480278015, rho: 0.625
[TRAIN]: (1379/1400) reward: -12.594543159008026, rho: 0.54375
[TRAIN]: (1380/1400) reward: -18.83776691555977, rho: 0.59375
[TRAIN]: (1381/1400) reward: -7.250654071569443, rho: 0.61875
[TRAIN]: (1382/1400) reward: -6.844160221517086, rho: 0.5625
[TRAIN]: (1383/1400) reward: -17.82572615146637, rho: 0.58125
[TRAIN]: (1384/1400) reward: -6.5322265625, rho: 0.55
[TRAIN]: (1385/1400) reward: -20.0, rho: 0.59375
[TRAIN]: (1386/1400) reward: -16.392027139663696, rho: 0.5375
[TRAIN]: (1387/1400) reward: -16.52291801571846, rho: 0.5625
[TRAIN]: (1388/1400) reward: -14.661497116088867, rho: 0.525
[TRAIN]: (1389/1400) reward: -16.108047485351562, rho: 0.58125
[TRAIN]: (1390/1400) reward: -9.450868129730225, rho: 0.60625
[TRAIN]: (1391/1400) reward: -18.64824664592743, rho: 0.55625
[TRAIN]: (1392/1400) reward: -12.635191917419434, rho: 0.5625
[TRAIN]: (1393/1400) reward: -16.703829050064087, rho: 0.54375
[TRAIN]: (1394/1400) reward: -18.878545433282852, rho: 0.6375
[TRAIN]: (1395/1400) reward: -8.329162120819092, rho: 0.6125
[TRAIN]: (1396/1400) reward: -16.302156507968903, rho: 0.575
[TRAIN]: (1397/1400) reward: -16.37153114262037, rho: 0.59375
[TRAIN]: (1398/1400) reward: -5.118391990661621, rho: 0.53125
[TRAIN]: (1399/1400) reward: -20.0, rho: 0.55
[TRAIN]: (1400/1400) reward: -18.728581190109253, rho: 0.44375
[MAIN]: END
