[MAIN]: START
[ENV]: Started init Environment
[ENV]: ACTIONS_SPACE: 257
[ENV]: Finished init Environment
[TRAIN]: actions: 257, observations: 12
[TRAIN]: CUDA: True
[TRAIN]: (1/1400) reward: -12.855512872338295, rho: 0.40625
[TRAIN]: SAVE MODEL: best_reward: -0.6427756436169147
[TRAIN]: (2/1400) reward: -17.25421430915594, rho: 0.44375
[TRAIN]: (3/1400) reward: -14.687806896865368, rho: 0.46875
[TRAIN]: (4/1400) reward: -8.795793354511261, rho: 0.4875
[TRAIN]: (5/1400) reward: -7.257954955101013, rho: 0.4375
[TRAIN]: (6/1400) reward: -10.23953914642334, rho: 0.4625
[TRAIN]: (7/1400) reward: -20.0, rho: 0.4625
[TRAIN]: (8/1400) reward: -13.068187296390533, rho: 0.5125
[TRAIN]: (9/1400) reward: -13.732250862929504, rho: 0.33125
[TRAIN]: (10/1400) reward: -18.688049852848053, rho: 0.4875
[TRAIN]: (11/1400) reward: -15.816308796405792, rho: 0.4
[TRAIN]: (12/1400) reward: -13.261374782770872, rho: 0.5125
[TRAIN]: (13/1400) reward: -5.562558064237237, rho: 0.51875
[TRAIN]: (14/1400) reward: -20.0, rho: 0.4625
[TRAIN]: (15/1400) reward: -17.335614724084735, rho: 0.39375
[TRAIN]: (16/1400) reward: -9.064611534588039, rho: 0.48125
[TRAIN]: (17/1400) reward: -11.792212953791022, rho: 0.44375
[TRAIN]: (18/1400) reward: -18.877542048692703, rho: 0.38125
[TRAIN]: (19/1400) reward: -16.18652629852295, rho: 0.56875
[TRAIN]: (20/1400) reward: -16.740140303969383, rho: 0.41875
[TRAIN]: (21/1400) reward: -5.75884236395359, rho: 0.41875
[TRAIN]: (22/1400) reward: -15.338412314653397, rho: 0.425
[TRAIN]: (23/1400) reward: -0.7451806515455246, rho: 0.39375
[TRAIN]: (24/1400) reward: -1.28285600990057, rho: 0.54375
[TRAIN]: (25/1400) reward: -18.028331458568573, rho: 0.53125
[TRAIN]: (26/1400) reward: -3.3147614002227783, rho: 0.34375
[TRAIN]: (27/1400) reward: -8.17030519247055, rho: 0.4375
[TRAIN]: (28/1400) reward: -8.0674754884094, rho: 0.38125
[TRAIN]: (29/1400) reward: 9.197496183216572, rho: 0.44375
[TRAIN]: (30/1400) reward: -16.926564721390605, rho: 0.59375
[TRAIN]: (31/1400) reward: -9.118000149726868, rho: 0.44375
[TRAIN]: (32/1400) reward: -0.4392756223678589, rho: 0.31875
[TRAIN]: (33/1400) reward: -17.961017608642578, rho: 0.45
[TRAIN]: (34/1400) reward: -9.701615564525127, rho: 0.45
[TRAIN]: (35/1400) reward: -18.82333256304264, rho: 0.475
[TRAIN]: (36/1400) reward: 0.588894453831017, rho: 0.35625
[TRAIN]: (37/1400) reward: -1.6718052625656128, rho: 0.45
[TRAIN]: (38/1400) reward: -18.337952315807343, rho: 0.46875
[TRAIN]: (39/1400) reward: -4.077657029032707, rho: 0.4625
[TRAIN]: (40/1400) reward: -13.284512997604907, rho: 0.54375
[TRAIN]: (41/1400) reward: -8.158822706347564, rho: 0.35625
[TRAIN]: (42/1400) reward: -1.659190308302641, rho: 0.35
[TRAIN]: (43/1400) reward: 3.207540988922119, rho: 0.5125
[TRAIN]: (44/1400) reward: -14.558867454528809, rho: 0.44375
[TRAIN]: (45/1400) reward: -12.906123179302085, rho: 0.5625
[TRAIN]: (46/1400) reward: -20.0, rho: 0.3625
[TRAIN]: (47/1400) reward: -16.27370858192444, rho: 0.3625
[TRAIN]: (48/1400) reward: -11.120628833770752, rho: 0.41875
[TRAIN]: (49/1400) reward: -9.935333907604218, rho: 0.4375
[TRAIN]: (50/1400) reward: -1.7334496974945068, rho: 0.30625
[TRAIN]: (51/1400) reward: -20.0, rho: 0.4125
[TRAIN]: (52/1400) reward: 9.224758942611516, rho: 0.35625
[TRAIN]: (53/1400) reward: -17.82486927509308, rho: 0.25
[TRAIN]: (54/1400) reward: -5.856239388696849, rho: 0.4875
[TRAIN]: (55/1400) reward: -8.12010669708252, rho: 0.43125
[TRAIN]: (56/1400) reward: -10.659699976444244, rho: 0.45625
[TRAIN]: (57/1400) reward: -10.914500713348389, rho: 0.5
[TRAIN]: (58/1400) reward: -13.882975578308105, rho: 0.55625
[TRAIN]: (59/1400) reward: 6.768195271492004, rho: 0.44375
[TRAIN]: (60/1400) reward: 16.183628797531128, rho: 0.2875
[TRAIN]: (61/1400) reward: -18.602407455444336, rho: 0.4
[TRAIN]: (62/1400) reward: -15.528662532567978, rho: 0.4875
[TRAIN]: (63/1400) reward: -2.4812421798706055, rho: 0.36875
[TRAIN]: (64/1400) reward: -4.825577858835459, rho: 0.425
[TRAIN]: (65/1400) reward: -3.20853258902207, rho: 0.45625
[TRAIN]: (66/1400) reward: -11.74515438079834, rho: 0.43125
[TRAIN]: (67/1400) reward: -4.482199566438794, rho: 0.5125
[TRAIN]: (68/1400) reward: -9.263511603698134, rho: 0.20625
[TRAIN]: (69/1400) reward: -9.169093608856201, rho: 0.48125
[TRAIN]: (70/1400) reward: -15.093609780073166, rho: 0.375
[TRAIN]: (71/1400) reward: -13.636704314500093, rho: 0.4125
[TRAIN]: (72/1400) reward: -8.50559914112091, rho: 0.40625
[TRAIN]: (73/1400) reward: -14.312527298927307, rho: 0.325
[TRAIN]: (74/1400) reward: -14.409989148378372, rho: 0.40625
[TRAIN]: (75/1400) reward: -2.010546565055847, rho: 0.375
[TRAIN]: (76/1400) reward: -20.0, rho: 0.4625
[TRAIN]: (77/1400) reward: -4.8553502559661865, rho: 0.35625
[TRAIN]: (78/1400) reward: -5.218687403947115, rho: 0.44375
[TRAIN]: (79/1400) reward: -9.965962536633015, rho: 0.44375
[TRAIN]: (80/1400) reward: 0.5939035415649414, rho: 0.4625
[TRAIN]: (81/1400) reward: -3.0380115509033203, rho: 0.3875
[TRAIN]: (82/1400) reward: -10.242909401655197, rho: 0.4375
[TRAIN]: (83/1400) reward: -11.945607662200928, rho: 0.5375
[TRAIN]: (84/1400) reward: 0.9630460236221552, rho: 0.3875
[TRAIN]: (85/1400) reward: -14.56692886352539, rho: 0.5
[TRAIN]: (86/1400) reward: -17.35520827770233, rho: 0.3875
[TRAIN]: (87/1400) reward: -14.146191596984863, rho: 0.29375
[TRAIN]: (88/1400) reward: -13.134636461734772, rho: 0.36875
[TRAIN]: (89/1400) reward: -16.43976740539074, rho: 0.45625
[TRAIN]: (90/1400) reward: 2.667895570397377, rho: 0.38125
[TRAIN]: (91/1400) reward: -20.0, rho: 0.425
[TRAIN]: (92/1400) reward: -9.612731993198395, rho: 0.35
[TRAIN]: (93/1400) reward: -14.126754105091095, rho: 0.5
[TRAIN]: (94/1400) reward: -19.0, rho: 0.41875
[TRAIN]: (95/1400) reward: -10.732547876425087, rho: 0.2875
[TRAIN]: (96/1400) reward: -9.669425144791603, rho: 0.36875
[TRAIN]: (97/1400) reward: -12.558279991149902, rho: 0.34375
[TRAIN]: (98/1400) reward: -19.0, rho: 0.33125
[TRAIN]: (99/1400) reward: -2.320237770676613, rho: 0.3625
[TRAIN]: (100/1400) reward: -9.76838834490627, rho: 0.44375
[TRAIN]: (101/1400) reward: 6.748621940612793, rho: 0.35625
[TRAIN]: (102/1400) reward: -13.783791184425354, rho: 0.44375
[TRAIN]: (103/1400) reward: -12.985902771353722, rho: 0.325
[TRAIN]: (104/1400) reward: -11.10921257501468, rho: 0.54375
[TRAIN]: (105/1400) reward: -14.467543482780457, rho: 0.5
[TRAIN]: (106/1400) reward: -10.484648887068033, rho: 0.575
[TRAIN]: (107/1400) reward: -11.160265494138002, rho: 0.40625
[TRAIN]: (108/1400) reward: -9.383010506629944, rho: 0.39375
[TRAIN]: (109/1400) reward: -15.446270138025284, rho: 0.45625
[TRAIN]: (110/1400) reward: -17.250232338905334, rho: 0.45625
[TRAIN]: (111/1400) reward: -0.6833324432373047, rho: 0.39375
[TRAIN]: (112/1400) reward: -14.471040174365044, rho: 0.3875
[TRAIN]: (113/1400) reward: -20.0, rho: 0.50625
[TRAIN]: (114/1400) reward: -10.570408754050732, rho: 0.45
[TRAIN]: (115/1400) reward: -0.7060079574584961, rho: 0.43125
[TRAIN]: (116/1400) reward: -17.667833379469812, rho: 0.45625
[TRAIN]: (117/1400) reward: -18.98278365470469, rho: 0.4
[TRAIN]: (118/1400) reward: -15.227304376661777, rho: 0.35625
[TRAIN]: (119/1400) reward: -12.18631637096405, rho: 0.275
[TRAIN]: (120/1400) reward: -0.3803714889800176, rho: 0.46875
[TRAIN]: (121/1400) reward: 0.6232519038021564, rho: 0.3375
[TRAIN]: (122/1400) reward: -13.209184753708541, rho: 0.4375
[TRAIN]: (123/1400) reward: 2.4294190108776093, rho: 0.4625
[TRAIN]: (124/1400) reward: -10.423289090394974, rho: 0.5125
[TRAIN]: (125/1400) reward: -9.483467429876328, rho: 0.41875
[TRAIN]: (126/1400) reward: -8.367429092526436, rho: 0.43125
[TRAIN]: (127/1400) reward: -17.66668888181448, rho: 0.4625
[TRAIN]: (128/1400) reward: -7.830453634262085, rho: 0.40625
[TRAIN]: (129/1400) reward: 2.7664475440979004, rho: 0.4125
[TRAIN]: (130/1400) reward: -5.875374928116798, rho: 0.425
[TRAIN]: (131/1400) reward: -13.240255355834961, rho: 0.475
[TRAIN]: (132/1400) reward: -12.705993086099625, rho: 0.50625
[TRAIN]: (133/1400) reward: -14.562995048239827, rho: 0.53125
[TRAIN]: (134/1400) reward: -16.97408890724182, rho: 0.325
[TRAIN]: (135/1400) reward: -17.89270118623972, rho: 0.46875
[TRAIN]: (136/1400) reward: -5.472432971000671, rho: 0.46875
[TRAIN]: (137/1400) reward: -11.39395022392273, rho: 0.56875
[TRAIN]: (138/1400) reward: -2.7627429515123367, rho: 0.4125
[TRAIN]: (139/1400) reward: -20.0, rho: 0.4875
[TRAIN]: (140/1400) reward: 0.8369772434234619, rho: 0.44375
[TRAIN]: (141/1400) reward: -13.953901821747422, rho: 0.4125
[TRAIN]: (142/1400) reward: -4.848333477973938, rho: 0.46875
[TRAIN]: (143/1400) reward: -12.220255770720541, rho: 0.5125
[TRAIN]: (144/1400) reward: -18.94100385531783, rho: 0.30625
[TRAIN]: (145/1400) reward: -14.048795953392982, rho: 0.3625
[TRAIN]: (146/1400) reward: 9.996505608782172, rho: 0.5125
[TRAIN]: (147/1400) reward: 0.902634859085083, rho: 0.3375
[TRAIN]: (148/1400) reward: -20.0, rho: 0.43125
[TRAIN]: (149/1400) reward: -20.0, rho: 0.5
[TRAIN]: (150/1400) reward: -10.366685912013054, rho: 0.45625
[TRAIN]: (151/1400) reward: -11.351434204727411, rho: 0.33125
[TRAIN]: (152/1400) reward: -17.079291701316833, rho: 0.35625
[TRAIN]: (153/1400) reward: -2.689683012664318, rho: 0.4625
[TRAIN]: (154/1400) reward: 3.77298104763031, rho: 0.4125
[TRAIN]: (155/1400) reward: -20.0, rho: 0.43125
[TRAIN]: (156/1400) reward: -8.684275329113007, rho: 0.44375
[TRAIN]: (157/1400) reward: 6.101376175880432, rho: 0.44375
[TRAIN]: (158/1400) reward: -3.063870668411255, rho: 0.38125
[TRAIN]: (159/1400) reward: -20.0, rho: 0.40625
[TRAIN]: (160/1400) reward: -11.273195147514343, rho: 0.58125
[TRAIN]: (161/1400) reward: 3.3547350764274597, rho: 0.275
[TRAIN]: (162/1400) reward: -12.726036619395018, rho: 0.5125
[TRAIN]: (163/1400) reward: -18.974046625196934, rho: 0.44375
[TRAIN]: (164/1400) reward: -16.505102060735226, rho: 0.51875
[TRAIN]: (165/1400) reward: -16.02501231431961, rho: 0.4625
[TRAIN]: (166/1400) reward: -20.0, rho: 0.4875
[TRAIN]: (167/1400) reward: -14.777431815862656, rho: 0.45625
[TRAIN]: (168/1400) reward: 6.124188050627708, rho: 0.425
[TRAIN]: (169/1400) reward: -9.53504417464137, rho: 0.41875
[TRAIN]: (170/1400) reward: -1.8239965438842773, rho: 0.5
[TRAIN]: (171/1400) reward: -18.422391653060913, rho: 0.4
[TRAIN]: (172/1400) reward: -10.823642060160637, rho: 0.46875
[TRAIN]: (173/1400) reward: -16.59973132610321, rho: 0.35
[TRAIN]: (174/1400) reward: -9.055435258429497, rho: 0.3375
[TRAIN]: (175/1400) reward: -13.476516723632812, rho: 0.38125
[TRAIN]: (176/1400) reward: -10.706155836582184, rho: 0.45
[TRAIN]: (177/1400) reward: -16.43461657129228, rho: 0.50625
[TRAIN]: (178/1400) reward: -20.0, rho: 0.4
[TRAIN]: (179/1400) reward: -12.505081176757812, rho: 0.3
[TRAIN]: (180/1400) reward: -12.116578951478004, rho: 0.4625
[TRAIN]: (181/1400) reward: -16.57054328918457, rho: 0.4125
[TRAIN]: (182/1400) reward: -17.64727269904688, rho: 0.54375
[TRAIN]: (183/1400) reward: -9.42987310513854, rho: 0.45
[TRAIN]: (184/1400) reward: -4.192924112081528, rho: 0.4125
[TRAIN]: (185/1400) reward: -4.563759595155716, rho: 0.45625
[TRAIN]: (186/1400) reward: 7.9926948100328445, rho: 0.5
[TRAIN]: (187/1400) reward: -17.807874605059624, rho: 0.4875
[TRAIN]: (188/1400) reward: -19.0, rho: 0.39375
[TRAIN]: (189/1400) reward: -6.998890399932861, rho: 0.4125
[TRAIN]: (190/1400) reward: -16.296247109770775, rho: 0.4
[TRAIN]: (191/1400) reward: -14.235486090183258, rho: 0.5
[TRAIN]: (192/1400) reward: -7.991819005459547, rho: 0.55625
[TRAIN]: (193/1400) reward: -9.033883824944496, rho: 0.4625
[TRAIN]: (194/1400) reward: -12.946033522486687, rho: 0.34375
[TRAIN]: (195/1400) reward: 0.4895650688558817, rho: 0.4875
[TRAIN]: (196/1400) reward: -8.452598571777344, rho: 0.44375
[TRAIN]: (197/1400) reward: -10.585075952112675, rho: 0.40625
[TRAIN]: (198/1400) reward: -7.992451891303062, rho: 0.45625
[TRAIN]: (199/1400) reward: -10.218664169311523, rho: 0.49375
[TRAIN]: (200/1400) reward: -10.287968635559082, rho: 0.39375
[TRAIN]: (201/1400) reward: -2.3940616101026535, rho: 0.375
[TRAIN]: (202/1400) reward: -10.62731158733368, rho: 0.4375
[TRAIN]: (203/1400) reward: -16.079405784606934, rho: 0.45
[TRAIN]: (204/1400) reward: -18.000719368457794, rho: 0.4125
[TRAIN]: (205/1400) reward: -16.486401319503784, rho: 0.4125
[TRAIN]: (206/1400) reward: -17.141513347625732, rho: 0.41875
[TRAIN]: (207/1400) reward: -16.597408771514893, rho: 0.40625
[TRAIN]: (208/1400) reward: -18.93389143049717, rho: 0.45625
[TRAIN]: (209/1400) reward: -13.235907852649689, rho: 0.50625
[TRAIN]: (210/1400) reward: -15.261510556563735, rho: 0.48125
[TRAIN]: (211/1400) reward: -17.80297150462866, rho: 0.5
[TRAIN]: (212/1400) reward: -4.700996994972229, rho: 0.55625
[TRAIN]: (213/1400) reward: -18.82889911532402, rho: 0.425
[TRAIN]: (214/1400) reward: -17.837358271703124, rho: 0.35625
[TRAIN]: (215/1400) reward: -18.853688567876816, rho: 0.46875
[TRAIN]: (216/1400) reward: -5.009641051292419, rho: 0.425
[TRAIN]: (217/1400) reward: -14.128124237060547, rho: 0.43125
[TRAIN]: (218/1400) reward: 6.132072359323502, rho: 0.45
[TRAIN]: (219/1400) reward: -2.270603895187378, rho: 0.475
[TRAIN]: (220/1400) reward: -5.2197104543447495, rho: 0.3625
[TRAIN]: (221/1400) reward: -20.0, rho: 0.41875
[TRAIN]: (222/1400) reward: -7.954607844352722, rho: 0.4
[TRAIN]: (223/1400) reward: -17.42809760570526, rho: 0.49375
[TRAIN]: (224/1400) reward: -9.458437204360962, rho: 0.40625
[TRAIN]: (225/1400) reward: -7.452998042106628, rho: 0.475
[TRAIN]: (226/1400) reward: -19.0, rho: 0.44375
[TRAIN]: (227/1400) reward: -8.351893663406372, rho: 0.3875
[TRAIN]: (228/1400) reward: -13.132745742797852, rho: 0.4125
[TRAIN]: (229/1400) reward: 14.27437686920166, rho: 0.3125
[TRAIN]: (230/1400) reward: -9.081531824544072, rho: 0.5875
[TRAIN]: (231/1400) reward: -10.969861004501581, rho: 0.33125
[TRAIN]: (232/1400) reward: -5.45514103397727, rho: 0.4875
[TRAIN]: (233/1400) reward: -18.84509488940239, rho: 0.36875
[TRAIN]: (234/1400) reward: -4.053628611160093, rho: 0.35
[TRAIN]: (235/1400) reward: -12.887526910752058, rho: 0.4125
[TRAIN]: (236/1400) reward: 0.8923808187246323, rho: 0.325
[TRAIN]: (237/1400) reward: -4.2479225397109985, rho: 0.43125
[TRAIN]: (238/1400) reward: -0.862761378288269, rho: 0.35625
[TRAIN]: (239/1400) reward: -12.477465629577637, rho: 0.44375
[TRAIN]: (240/1400) reward: -18.753812983632088, rho: 0.43125
[TRAIN]: (241/1400) reward: -7.007096111774445, rho: 0.4875
[TRAIN]: (242/1400) reward: -10.050949096679688, rho: 0.36875
[TRAIN]: (243/1400) reward: -17.109647274017334, rho: 0.275
[TRAIN]: (244/1400) reward: -3.6226199567317963, rho: 0.5
[TRAIN]: (245/1400) reward: -17.422794938087463, rho: 0.475
[TRAIN]: (246/1400) reward: 2.404839277267456, rho: 0.50625
[TRAIN]: (247/1400) reward: -12.718146148137748, rho: 0.575
[TRAIN]: (248/1400) reward: -10.683999717235565, rho: 0.43125
[TRAIN]: (249/1400) reward: -13.42687569744885, rho: 0.4625
[TRAIN]: (250/1400) reward: -2.4127814760431647, rho: 0.46875
[TRAIN]: (251/1400) reward: -7.302534192800522, rho: 0.39375
[TRAIN]: (252/1400) reward: -5.632146004587412, rho: 0.40625
[TRAIN]: (253/1400) reward: -18.938982967287302, rho: 0.35
[TRAIN]: (254/1400) reward: 1.2334161447361112, rho: 0.38125
[TRAIN]: (255/1400) reward: -16.8617262840271, rho: 0.475
[TRAIN]: (256/1400) reward: -11.269654870033264, rho: 0.375
[TRAIN]: (257/1400) reward: -20.0, rho: 0.44375
[TRAIN]: (258/1400) reward: -17.58070182800293, rho: 0.36875
[TRAIN]: (259/1400) reward: -11.6966313123703, rho: 0.48125
[TRAIN]: (260/1400) reward: -20.0, rho: 0.40625
[TRAIN]: (261/1400) reward: 0.19717802107334137, rho: 0.40625
[TRAIN]: (262/1400) reward: -3.883827954530716, rho: 0.45625
[TRAIN]: (263/1400) reward: -12.909953832626343, rho: 0.5625
[TRAIN]: (264/1400) reward: -2.3038777709007263, rho: 0.3625
[TRAIN]: (265/1400) reward: -9.243141412734985, rho: 0.48125
[TRAIN]: (266/1400) reward: -18.913304664194584, rho: 0.425
[TRAIN]: (267/1400) reward: 2.729658395051956, rho: 0.375
[TRAIN]: (268/1400) reward: 8.002715720795095, rho: 0.4125
[TRAIN]: (269/1400) reward: -11.864961043000221, rho: 0.3375
[TRAIN]: (270/1400) reward: -8.074488401412964, rho: 0.425
[TRAIN]: (271/1400) reward: -7.683486236259341, rho: 0.38125
[TRAIN]: (272/1400) reward: -5.208769824355841, rho: 0.31875
[TRAIN]: (273/1400) reward: -8.389112204313278, rho: 0.5375
[TRAIN]: (274/1400) reward: -18.587608188390732, rho: 0.3625
[TRAIN]: (275/1400) reward: -10.75322412699461, rho: 0.4625
[TRAIN]: (276/1400) reward: 0.8658990170806646, rho: 0.4875
[TRAIN]: (277/1400) reward: -7.939016491174698, rho: 0.49375
[TRAIN]: (278/1400) reward: 6.387685656547546, rho: 0.475
[TRAIN]: (279/1400) reward: -8.30225921003148, rho: 0.4
[TRAIN]: (280/1400) reward: -18.78645533323288, rho: 0.3375
[TRAIN]: (281/1400) reward: -18.784685030579567, rho: 0.44375
[TRAIN]: (282/1400) reward: -12.257067322731018, rho: 0.4
[TRAIN]: (283/1400) reward: -14.81978702545166, rho: 0.3625
[TRAIN]: (284/1400) reward: -2.9506005346775055, rho: 0.375
[TRAIN]: (285/1400) reward: -18.962151311337948, rho: 0.54375
[TRAIN]: (286/1400) reward: -12.410244413651526, rho: 0.48125
[TRAIN]: (287/1400) reward: -6.280161023139954, rho: 0.40625
[TRAIN]: (288/1400) reward: -13.669213652610779, rho: 0.43125
[TRAIN]: (289/1400) reward: 6.941061496734619, rho: 0.3875
[TRAIN]: (290/1400) reward: -4.977740582078695, rho: 0.375
[TRAIN]: (291/1400) reward: -6.812042102217674, rho: 0.44375
[TRAIN]: (292/1400) reward: -6.964276932179928, rho: 0.48125
[TRAIN]: (293/1400) reward: -14.850599497556686, rho: 0.31875
[TRAIN]: (294/1400) reward: -7.191095717251301, rho: 0.4125
[TRAIN]: (295/1400) reward: -6.430029205977917, rho: 0.4125
[TRAIN]: (296/1400) reward: -14.166464805603027, rho: 0.31875
[TRAIN]: (297/1400) reward: -10.80054296553135, rho: 0.4625
[TRAIN]: (298/1400) reward: -13.597830772399902, rho: 0.45625
[TRAIN]: (299/1400) reward: -2.4552597999572754, rho: 0.45
[TRAIN]: (300/1400) reward: -0.4786033406853676, rho: 0.5125
[TRAIN]: (301/1400) reward: -17.729425847530365, rho: 0.33125
[TRAIN]: (302/1400) reward: -4.583274116739631, rho: 0.43125
[TRAIN]: (303/1400) reward: -5.671913266181946, rho: 0.49375
[TRAIN]: (304/1400) reward: 2.5735162496566772, rho: 0.41875
[TRAIN]: (305/1400) reward: -10.0479896068573, rho: 0.43125
[TRAIN]: (306/1400) reward: 7.731359347701073, rho: 0.43125
[TRAIN]: (307/1400) reward: -16.737719774246216, rho: 0.44375
[TRAIN]: (308/1400) reward: -8.640082091093063, rho: 0.61875
[TRAIN]: (309/1400) reward: -7.158370137214661, rho: 0.26875
[TRAIN]: (310/1400) reward: 5.843310832977295, rho: 0.35
[TRAIN]: (311/1400) reward: -17.856814093887806, rho: 0.3625
[TRAIN]: (312/1400) reward: -18.41113543510437, rho: 0.35625
[TRAIN]: (313/1400) reward: -2.5194718837738037, rho: 0.35625
[TRAIN]: (314/1400) reward: -5.784357070922852, rho: 0.3375
[TRAIN]: (315/1400) reward: -4.769672098336741, rho: 0.41875
[TRAIN]: (316/1400) reward: -20.0, rho: 0.35625
[TRAIN]: (317/1400) reward: -1.288481593132019, rho: 0.41875
[TRAIN]: (318/1400) reward: 1.751986026763916, rho: 0.44375
[TRAIN]: (319/1400) reward: -1.0872845314443111, rho: 0.4125
[TRAIN]: (320/1400) reward: -14.63009774684906, rho: 0.625
[TRAIN]: (321/1400) reward: -12.525601228233427, rho: 0.49375
[TRAIN]: (322/1400) reward: -20.0, rho: 0.3375
[TRAIN]: (323/1400) reward: -15.115333381574601, rho: 0.44375
[TRAIN]: (324/1400) reward: 1.2690233290195465, rho: 0.4875
[TRAIN]: (325/1400) reward: -5.862640621140599, rho: 0.44375
[TRAIN]: (326/1400) reward: -10.248947158455849, rho: 0.41875
[TRAIN]: (327/1400) reward: -18.984760065563023, rho: 0.44375
[TRAIN]: (328/1400) reward: -12.752878874540329, rho: 0.4375
[TRAIN]: (329/1400) reward: -9.693477272987366, rho: 0.55625
[TRAIN]: (330/1400) reward: -6.182750940322876, rho: 0.36875
[TRAIN]: (331/1400) reward: -17.67817059159279, rho: 0.4125
[TRAIN]: (332/1400) reward: -17.970373272895813, rho: 0.475
[TRAIN]: (333/1400) reward: 7.2584700882434845, rho: 0.475
[TRAIN]: (334/1400) reward: -13.715257998555899, rho: 0.53125
[TRAIN]: (335/1400) reward: -17.795807234942913, rho: 0.43125
[TRAIN]: (336/1400) reward: 9.144944816827774, rho: 0.4125
[TRAIN]: (337/1400) reward: -3.499514728784561, rho: 0.36875
[TRAIN]: (338/1400) reward: -5.079751014709473, rho: 0.3875
[TRAIN]: (339/1400) reward: -13.448699474334717, rho: 0.2875
[TRAIN]: (340/1400) reward: -5.2725220918655396, rho: 0.425
[TRAIN]: (341/1400) reward: -7.839057385921478, rho: 0.53125
[TRAIN]: (342/1400) reward: -16.387495145201683, rho: 0.38125
[TRAIN]: (343/1400) reward: -15.509477138519287, rho: 0.5
[TRAIN]: (344/1400) reward: -10.328330993652344, rho: 0.44375
[TRAIN]: (345/1400) reward: -13.602152347564697, rho: 0.4125
[TRAIN]: (346/1400) reward: -5.763444436714053, rho: 0.5
[TRAIN]: (347/1400) reward: -17.69593119621277, rho: 0.45
[TRAIN]: (348/1400) reward: 8.526137560606003, rho: 0.3875
[TRAIN]: (349/1400) reward: -4.294575374573469, rho: 0.5125
[TRAIN]: (350/1400) reward: -5.5042059645056725, rho: 0.425
[TRAIN]: (351/1400) reward: -19.0, rho: 0.425
[TRAIN]: (352/1400) reward: -7.77905198931694, rho: 0.35625
[TRAIN]: (353/1400) reward: 0.4062429293990135, rho: 0.36875
[TRAIN]: (354/1400) reward: -11.623035907745361, rho: 0.40625
[TRAIN]: (355/1400) reward: -14.088327825069427, rho: 0.45
[TRAIN]: (356/1400) reward: 8.274615218862891, rho: 0.4125
[TRAIN]: (357/1400) reward: -16.141238927841187, rho: 0.45
[TRAIN]: (358/1400) reward: 0.5948321614414454, rho: 0.425
[TRAIN]: (359/1400) reward: -13.604491144418716, rho: 0.54375
[TRAIN]: (360/1400) reward: -3.663412570953369, rho: 0.41875
[TRAIN]: (361/1400) reward: -13.150227785110474, rho: 0.425
[TRAIN]: (362/1400) reward: -12.856427486985922, rho: 0.4125
[TRAIN]: (363/1400) reward: 11.79702889919281, rho: 0.36875
[TRAIN]: (364/1400) reward: -18.673135429620743, rho: 0.4375
[TRAIN]: (365/1400) reward: -12.976977482438087, rho: 0.5375
[TRAIN]: (366/1400) reward: -1.5922545809298754, rho: 0.39375
[TRAIN]: (367/1400) reward: -18.776406407356262, rho: 0.41875
[TRAIN]: (368/1400) reward: -18.502810806035995, rho: 0.425
[TRAIN]: (369/1400) reward: -18.97293679602444, rho: 0.4625
[TRAIN]: (370/1400) reward: 10.56996501982212, rho: 0.45625
[TRAIN]: (371/1400) reward: -20.0, rho: 0.50625
[TRAIN]: (372/1400) reward: -4.038900597952306, rho: 0.3625
[TRAIN]: (373/1400) reward: 4.182451903820038, rho: 0.34375
[TRAIN]: (374/1400) reward: 0.7381175756454468, rho: 0.45625
[TRAIN]: (375/1400) reward: -9.560433570295572, rho: 0.46875
[TRAIN]: (376/1400) reward: 2.225474461913109, rho: 0.38125
[TRAIN]: (377/1400) reward: 7.638544201850891, rho: 0.4625
[TRAIN]: (378/1400) reward: -18.951302979141474, rho: 0.3875
[TRAIN]: (379/1400) reward: -15.3500195145607, rho: 0.58125
[TRAIN]: (380/1400) reward: -15.307383954524994, rho: 0.3625
[TRAIN]: (381/1400) reward: -8.576575431972742, rho: 0.35625
[TRAIN]: (382/1400) reward: -4.3148277550935745, rho: 0.45
[TRAIN]: (383/1400) reward: -4.166405737400055, rho: 0.50625
[TRAIN]: (384/1400) reward: -8.748007968068123, rho: 0.49375
[TRAIN]: (385/1400) reward: -7.471456706523895, rho: 0.4
[TRAIN]: (386/1400) reward: -2.9093104898929596, rho: 0.4125
[TRAIN]: (387/1400) reward: -17.98814652301371, rho: 0.3625
[TRAIN]: (388/1400) reward: -10.419769525527954, rho: 0.4875
[TRAIN]: (389/1400) reward: -5.540559712797403, rho: 0.38125
[TRAIN]: (390/1400) reward: -0.5531853437423706, rho: 0.425
[TRAIN]: (391/1400) reward: -7.830583095550537, rho: 0.525
[TRAIN]: (392/1400) reward: -2.773630142211914, rho: 0.39375
[TRAIN]: (393/1400) reward: -18.89796982705593, rho: 0.39375
[TRAIN]: (394/1400) reward: -12.519509732723236, rho: 0.5125
[TRAIN]: (395/1400) reward: -11.18876462802291, rho: 0.5
[TRAIN]: (396/1400) reward: -14.072897030506283, rho: 0.55625
[TRAIN]: (397/1400) reward: -9.692620316054672, rho: 0.35625
[TRAIN]: (398/1400) reward: 8.074769392609596, rho: 0.45
[TRAIN]: (399/1400) reward: 13.600145398639143, rho: 0.43125
[TRAIN]: (400/1400) reward: 14.722715333104134, rho: 0.44375
[TRAIN]: (401/1400) reward: -1.0945255160331726, rho: 0.50625
[TRAIN]: (402/1400) reward: -10.134031131863594, rho: 0.525
[TRAIN]: (403/1400) reward: 2.6518909633159637, rho: 0.525
[TRAIN]: (404/1400) reward: -16.546433488838375, rho: 0.35
[TRAIN]: (405/1400) reward: -20.0, rho: 0.325
[TRAIN]: (406/1400) reward: -15.600910308770835, rho: 0.49375
[TRAIN]: (407/1400) reward: -8.588510990142822, rho: 0.3375
[TRAIN]: (408/1400) reward: -7.406794786453247, rho: 0.525
[TRAIN]: (409/1400) reward: 0.6342830657958984, rho: 0.3
[TRAIN]: (410/1400) reward: -9.54639521613717, rho: 0.4125
[TRAIN]: (411/1400) reward: -15.536062479019165, rho: 0.4125
[TRAIN]: (412/1400) reward: -11.138272404670715, rho: 0.29375
[TRAIN]: (413/1400) reward: -8.887109756469727, rho: 0.44375
[TRAIN]: (414/1400) reward: -11.738543894141912, rho: 0.425
[TRAIN]: (415/1400) reward: -16.454114452004433, rho: 0.425
[TRAIN]: (416/1400) reward: -14.267873346805573, rho: 0.36875
[TRAIN]: (417/1400) reward: -16.910704135894775, rho: 0.46875
[TRAIN]: (418/1400) reward: -7.144814491271973, rho: 0.3875
[TRAIN]: (419/1400) reward: -20.0, rho: 0.54375
[TRAIN]: (420/1400) reward: -16.28273706138134, rho: 0.375
[TRAIN]: (421/1400) reward: -17.524022795259953, rho: 0.39375
[TRAIN]: (422/1400) reward: 9.049014374613762, rho: 0.36875
[TRAIN]: (423/1400) reward: -12.750092923641205, rho: 0.475
[TRAIN]: (424/1400) reward: -14.408554097404703, rho: 0.4625
[TRAIN]: (425/1400) reward: -18.935237519443035, rho: 0.48125
[TRAIN]: (426/1400) reward: -18.99992053397, rho: 0.48125
[TRAIN]: (427/1400) reward: -16.427332401275635, rho: 0.4
[TRAIN]: (428/1400) reward: -10.043098106980324, rho: 0.45
[TRAIN]: (429/1400) reward: 6.0111467314418405, rho: 0.475
[TRAIN]: (430/1400) reward: -8.791419744491577, rho: 0.46875
[TRAIN]: (431/1400) reward: 1.05269343405962, rho: 0.5375
[TRAIN]: (432/1400) reward: -16.33290457725525, rho: 0.5
[TRAIN]: (433/1400) reward: -17.91539221443236, rho: 0.5125
[TRAIN]: (434/1400) reward: -4.4415682554244995, rho: 0.38125
[TRAIN]: (435/1400) reward: 3.42018323764205, rho: 0.46875
[TRAIN]: (436/1400) reward: -9.282950580120087, rho: 0.3875
[TRAIN]: (437/1400) reward: -9.750383257865906, rho: 0.50625
[TRAIN]: (438/1400) reward: -16.414880752563477, rho: 0.45
[TRAIN]: (439/1400) reward: -12.610460758209229, rho: 0.4375
[TRAIN]: (440/1400) reward: -12.654456615447998, rho: 0.425
[TRAIN]: (441/1400) reward: -15.572197118308395, rho: 0.45
[TRAIN]: (442/1400) reward: -6.850649833679199, rho: 0.50625
[TRAIN]: (443/1400) reward: -5.059344708919525, rho: 0.33125
[TRAIN]: (444/1400) reward: -3.2246756553649902, rho: 0.54375
[TRAIN]: (445/1400) reward: 6.567844962701201, rho: 0.43125
[TRAIN]: (446/1400) reward: -4.714007638394833, rho: 0.5
[TRAIN]: (447/1400) reward: -16.874640979105607, rho: 0.3625
[TRAIN]: (448/1400) reward: -3.2572104930877686, rho: 0.38125
[TRAIN]: (449/1400) reward: -0.15530145168304443, rho: 0.50625
[TRAIN]: (450/1400) reward: -10.412805557250977, rho: 0.225
[TRAIN]: (451/1400) reward: -6.987511396408081, rho: 0.575
[TRAIN]: (452/1400) reward: -18.665259569883347, rho: 0.45
[TRAIN]: (453/1400) reward: -20.0, rho: 0.375
[TRAIN]: (454/1400) reward: -5.502255663275719, rho: 0.4875
[TRAIN]: (455/1400) reward: -3.2601370811462402, rho: 0.4125
[TRAIN]: (456/1400) reward: -3.626347064971924, rho: 0.35625
[TRAIN]: (457/1400) reward: 1.9821285791695118, rho: 0.40625
[TRAIN]: (458/1400) reward: -0.6710958480834961, rho: 0.35625
[TRAIN]: (459/1400) reward: -9.721356838941574, rho: 0.45625
[TRAIN]: (460/1400) reward: -13.715590953826904, rho: 0.375
[TRAIN]: (461/1400) reward: 7.1201781667768955, rho: 0.43125
[TRAIN]: (462/1400) reward: -5.0855081379413605, rho: 0.4375
[TRAIN]: (463/1400) reward: -15.186867013573647, rho: 0.525
[TRAIN]: (464/1400) reward: 1.1550615727901459, rho: 0.50625
[TRAIN]: (465/1400) reward: -1.0768685340881348, rho: 0.375
[TRAIN]: (466/1400) reward: -20.0, rho: 0.44375
[TRAIN]: (467/1400) reward: -17.727510023862123, rho: 0.45
[TRAIN]: (468/1400) reward: -20.0, rho: 0.45
[TRAIN]: (469/1400) reward: -16.186281442642212, rho: 0.48125
[TRAIN]: (470/1400) reward: -20.0, rho: 0.36875
[TRAIN]: (471/1400) reward: -12.499773986055516, rho: 0.48125
[TRAIN]: (472/1400) reward: 4.860334753990173, rho: 0.3625
[TRAIN]: (473/1400) reward: -11.931282043457031, rho: 0.45
[TRAIN]: (474/1400) reward: -17.686187032610178, rho: 0.325
[TRAIN]: (475/1400) reward: -15.19184016622603, rho: 0.4125
[TRAIN]: (476/1400) reward: 8.458496570587158, rho: 0.51875
[TRAIN]: (477/1400) reward: -14.661675333976746, rho: 0.4875
[TRAIN]: (478/1400) reward: -20.0, rho: 0.48125
[TRAIN]: (479/1400) reward: -4.37106466293335, rho: 0.4625
[TRAIN]: (480/1400) reward: -13.004891991615295, rho: 0.34375
[TRAIN]: (481/1400) reward: -9.943021357059479, rho: 0.5375
[TRAIN]: (482/1400) reward: -7.452622972428799, rho: 0.5125
[TRAIN]: (483/1400) reward: -3.099191427230835, rho: 0.3
[TRAIN]: (484/1400) reward: -2.051586866378784, rho: 0.36875
[TRAIN]: (485/1400) reward: 15.730681896209717, rho: 0.39375
[TRAIN]: (486/1400) reward: -12.566131114959717, rho: 0.34375
[TRAIN]: (487/1400) reward: -12.201334953308105, rho: 0.4125
[TRAIN]: (488/1400) reward: -1.562290133908391, rho: 0.49375
[TRAIN]: (489/1400) reward: -9.018651083111763, rho: 0.36875
[TRAIN]: (490/1400) reward: -8.190247297286987, rho: 0.29375
[TRAIN]: (491/1400) reward: -18.97312675975263, rho: 0.55
[TRAIN]: (492/1400) reward: -17.03342193365097, rho: 0.45625
[TRAIN]: (493/1400) reward: -7.478866765275598, rho: 0.5
[TRAIN]: (494/1400) reward: 0.26770831644535065, rho: 0.33125
[TRAIN]: (495/1400) reward: 3.899896156974137, rho: 0.4625
[TRAIN]: (496/1400) reward: -18.98176340572536, rho: 0.4375
[TRAIN]: (497/1400) reward: -11.082344055175781, rho: 0.525
[TRAIN]: (498/1400) reward: -13.510223507881165, rho: 0.51875
[TRAIN]: (499/1400) reward: -18.860026478767395, rho: 0.35625
[TRAIN]: (500/1400) reward: 4.522403880953789, rho: 0.38125
[TRAIN]: (501/1400) reward: -10.071655988693237, rho: 0.48125
[TRAIN]: (502/1400) reward: -13.861354678869247, rho: 0.35625
[TRAIN]: (503/1400) reward: -16.86584249138832, rho: 0.39375
[TRAIN]: (504/1400) reward: -16.057992522139102, rho: 0.49375
[TRAIN]: (505/1400) reward: -7.14073634147644, rho: 0.4625
[TRAIN]: (506/1400) reward: -14.59139746427536, rho: 0.4
[TRAIN]: (507/1400) reward: -5.609170585870743, rho: 0.35625
[TRAIN]: (508/1400) reward: -17.654560565948486, rho: 0.38125
[TRAIN]: (509/1400) reward: 0.01195681095123291, rho: 0.35
[TRAIN]: (510/1400) reward: -17.996234067482874, rho: 0.3875
[TRAIN]: (511/1400) reward: -16.819412667304277, rho: 0.41875
[TRAIN]: (512/1400) reward: -18.320228338241577, rho: 0.55
[TRAIN]: (513/1400) reward: -7.225962340831757, rho: 0.50625
[TRAIN]: (514/1400) reward: -20.0, rho: 0.4625
[TRAIN]: (515/1400) reward: -0.34459543228149414, rho: 0.39375
[TRAIN]: (516/1400) reward: -5.469689466059208, rho: 0.43125
[TRAIN]: (517/1400) reward: -16.761985197663307, rho: 0.36875
[TRAIN]: (518/1400) reward: 0.6027974262833595, rho: 0.5
[TRAIN]: (519/1400) reward: -17.897893528454006, rho: 0.53125
[TRAIN]: (520/1400) reward: -14.669071435928345, rho: 0.4625
[TRAIN]: (521/1400) reward: -15.432757094502449, rho: 0.4375
[TRAIN]: (522/1400) reward: -8.502012848854065, rho: 0.33125
[TRAIN]: (523/1400) reward: -10.489021614193916, rho: 0.5125
[TRAIN]: (524/1400) reward: -18.99376130476594, rho: 0.36875
[TRAIN]: (525/1400) reward: 11.46089082956314, rho: 0.43125
[TRAIN]: (526/1400) reward: -12.036395072937012, rho: 0.34375
[TRAIN]: (527/1400) reward: 0.8807878494262695, rho: 0.46875
[TRAIN]: (528/1400) reward: -9.995803117752075, rho: 0.50625
[TRAIN]: (529/1400) reward: 6.750566728413105, rho: 0.45625
[TRAIN]: (530/1400) reward: -13.559739828109741, rho: 0.48125
[TRAIN]: (531/1400) reward: -12.756675243377686, rho: 0.475
[TRAIN]: (532/1400) reward: 3.258627027273178, rho: 0.4375
[TRAIN]: (533/1400) reward: -18.422625243663788, rho: 0.4375
[TRAIN]: (534/1400) reward: -15.41892920434475, rho: 0.43125
[TRAIN]: (535/1400) reward: -3.9979147650301456, rho: 0.4
[TRAIN]: (536/1400) reward: -10.115187052637339, rho: 0.51875
[TRAIN]: (537/1400) reward: -18.752624809741974, rho: 0.30625
[TRAIN]: (538/1400) reward: -8.052741408348083, rho: 0.525
[TRAIN]: (539/1400) reward: -8.806694492697716, rho: 0.54375
[TRAIN]: (540/1400) reward: -18.849244952201843, rho: 0.43125
[TRAIN]: (541/1400) reward: -6.779393196105957, rho: 0.4
[TRAIN]: (542/1400) reward: -10.612506495788693, rho: 0.43125
[TRAIN]: (543/1400) reward: -20.0, rho: 0.35
[TRAIN]: (544/1400) reward: -5.473794937133789, rho: 0.3
[TRAIN]: (545/1400) reward: -12.37246260046959, rho: 0.3875
[TRAIN]: (546/1400) reward: -11.41983351111412, rho: 0.475
[TRAIN]: (547/1400) reward: -9.995992660522461, rho: 0.35625
[TRAIN]: (548/1400) reward: -18.999409983400255, rho: 0.28125
[TRAIN]: (549/1400) reward: -20.0, rho: 0.45625
[TRAIN]: (550/1400) reward: -14.457718580961227, rho: 0.48125
[TRAIN]: (551/1400) reward: -2.0836070626974106, rho: 0.46875
[TRAIN]: (552/1400) reward: -12.668596353381872, rho: 0.50625
[TRAIN]: (553/1400) reward: -2.2236584424972534, rho: 0.35
[TRAIN]: (554/1400) reward: -14.021105006337166, rho: 0.43125
[TRAIN]: (555/1400) reward: -16.288541674613953, rho: 0.45625
[TRAIN]: (556/1400) reward: -8.328750133514404, rho: 0.475
[TRAIN]: (557/1400) reward: 4.935921418946236, rho: 0.45625
[TRAIN]: (558/1400) reward: -17.824515774846077, rho: 0.3375
[TRAIN]: (559/1400) reward: -11.12904522754252, rho: 0.4625
[TRAIN]: (560/1400) reward: -18.663430273532867, rho: 0.36875
[TRAIN]: (561/1400) reward: -20.0, rho: 0.43125
[TRAIN]: (562/1400) reward: -7.095433875918388, rho: 0.48125
[TRAIN]: (563/1400) reward: -2.76909251883626, rho: 0.40625
[TRAIN]: (564/1400) reward: -20.0, rho: 0.35
[TRAIN]: (565/1400) reward: -15.995012283325195, rho: 0.48125
[TRAIN]: (566/1400) reward: 10.244778014719486, rho: 0.4125
[TRAIN]: (567/1400) reward: -2.944177731871605, rho: 0.43125
[TRAIN]: (568/1400) reward: -20.0, rho: 0.46875
[TRAIN]: (569/1400) reward: -16.093622103333473, rho: 0.34375
[TRAIN]: (570/1400) reward: -18.98646843340248, rho: 0.4125
[TRAIN]: (571/1400) reward: 1.5972595810890198, rho: 0.4375
[TRAIN]: (572/1400) reward: -8.41681706905365, rho: 0.45
[TRAIN]: (573/1400) reward: 6.271845817565918, rho: 0.44375
[TRAIN]: (574/1400) reward: -10.107834341470152, rho: 0.35
[TRAIN]: (575/1400) reward: -0.29315948486328125, rho: 0.38125
[TRAIN]: (576/1400) reward: -16.667686462402344, rho: 0.5
[TRAIN]: (577/1400) reward: -19.0, rho: 0.425
[TRAIN]: (578/1400) reward: -20.0, rho: 0.3875
[TRAIN]: (579/1400) reward: -0.46232961118221283, rho: 0.48125
[TRAIN]: (580/1400) reward: -0.8256733119487762, rho: 0.3125
[TRAIN]: (581/1400) reward: 2.1633731555193663, rho: 0.3875
[TRAIN]: (582/1400) reward: -20.0, rho: 0.4375
[TRAIN]: (583/1400) reward: -4.421473503112793, rho: 0.375
[TRAIN]: (584/1400) reward: -14.90573637187481, rho: 0.4375
[TRAIN]: (585/1400) reward: -13.53930139541626, rho: 0.46875
[TRAIN]: (586/1400) reward: -14.803643453866243, rho: 0.4625
[TRAIN]: (587/1400) reward: -0.9960993193089962, rho: 0.4625
[TRAIN]: (588/1400) reward: -2.3690559174865484, rho: 0.30625
[TRAIN]: (589/1400) reward: -4.919471062719822, rho: 0.4
[TRAIN]: (590/1400) reward: -18.97762905061245, rho: 0.375
[TRAIN]: (591/1400) reward: 3.7010085973888636, rho: 0.4625
[TRAIN]: (592/1400) reward: -13.914050102233887, rho: 0.49375
[TRAIN]: (593/1400) reward: -17.658580780029297, rho: 0.40625
[TRAIN]: (594/1400) reward: -13.076586246490479, rho: 0.49375
[TRAIN]: (595/1400) reward: -10.721567407250404, rho: 0.41875
[TRAIN]: (596/1400) reward: -14.740047559142113, rho: 0.49375
[TRAIN]: (597/1400) reward: 0.048776475712656975, rho: 0.3625
[TRAIN]: (598/1400) reward: 10.721807479858398, rho: 0.34375
[TRAIN]: (599/1400) reward: -14.853233933448792, rho: 0.48125
[TRAIN]: (600/1400) reward: -17.79647195339203, rho: 0.2875
[TRAIN]: (601/1400) reward: -3.069813095033169, rho: 0.45625
[TRAIN]: (602/1400) reward: -18.91243491321802, rho: 0.38125
[TRAIN]: (603/1400) reward: -7.13086090964498, rho: 0.45625
[TRAIN]: (604/1400) reward: -20.0, rho: 0.44375
[TRAIN]: (605/1400) reward: -20.0, rho: 0.30625
[TRAIN]: (606/1400) reward: -14.04197359085083, rho: 0.4625
[TRAIN]: (607/1400) reward: -8.981598854064941, rho: 0.4
[TRAIN]: (608/1400) reward: -14.807203769683838, rho: 0.49375
[TRAIN]: (609/1400) reward: -7.709045901894569, rho: 0.4
[TRAIN]: (610/1400) reward: -0.058429453521966934, rho: 0.36875
[TRAIN]: (611/1400) reward: -18.97451332770288, rho: 0.45
[TRAIN]: (612/1400) reward: -14.695616602897644, rho: 0.40625
[TRAIN]: (613/1400) reward: -17.065584778785706, rho: 0.3625
[TRAIN]: (614/1400) reward: 0.9803175032138824, rho: 0.45625
[TRAIN]: (615/1400) reward: 7.727535605430603, rho: 0.4
[TRAIN]: (616/1400) reward: -11.286046589259058, rho: 0.54375
[TRAIN]: (617/1400) reward: -17.78406524658203, rho: 0.40625
[TRAIN]: (618/1400) reward: -5.7218881249427795, rho: 0.4
[TRAIN]: (619/1400) reward: -12.497512770816684, rho: 0.44375
[TRAIN]: (620/1400) reward: -14.7755355425179, rho: 0.475
[TRAIN]: (621/1400) reward: -2.2875512838363647, rho: 0.525
[TRAIN]: (622/1400) reward: -17.59483522363007, rho: 0.4
[TRAIN]: (623/1400) reward: -11.701985284686089, rho: 0.49375
[TRAIN]: (624/1400) reward: 6.197987914085388, rho: 0.3875
[TRAIN]: (625/1400) reward: -19.0, rho: 0.375
[TRAIN]: (626/1400) reward: -4.617974162101746, rho: 0.3125
[TRAIN]: (627/1400) reward: -5.243393779732287, rho: 0.39375
[TRAIN]: (628/1400) reward: -9.985603787004948, rho: 0.4
[TRAIN]: (629/1400) reward: -10.008156785741448, rho: 0.39375
[TRAIN]: (630/1400) reward: -8.642336383461952, rho: 0.40625
[TRAIN]: (631/1400) reward: -11.932084321975708, rho: 0.45625
[TRAIN]: (632/1400) reward: -14.89317629672587, rho: 0.35
[TRAIN]: (633/1400) reward: -15.483537366730161, rho: 0.5125
[TRAIN]: (634/1400) reward: -19.0, rho: 0.3875
[TRAIN]: (635/1400) reward: 2.0525708198547363, rho: 0.475
[TRAIN]: (636/1400) reward: -8.293794870376587, rho: 0.41875
[TRAIN]: (637/1400) reward: -2.484489720314741, rho: 0.4
[TRAIN]: (638/1400) reward: 5.143004181154538, rho: 0.4
[TRAIN]: (639/1400) reward: 5.03426194190979, rho: 0.36875
[TRAIN]: (640/1400) reward: -4.664650406688452, rho: 0.3375
[TRAIN]: (641/1400) reward: -20.0, rho: 0.45625
[TRAIN]: (642/1400) reward: -2.4489623829722404, rho: 0.5
[TRAIN]: (643/1400) reward: -18.940525986254215, rho: 0.51875
[TRAIN]: (644/1400) reward: -18.860852405428886, rho: 0.475
[TRAIN]: (645/1400) reward: -20.0, rho: 0.3375
[TRAIN]: (646/1400) reward: -17.578657865524292, rho: 0.50625
[TRAIN]: (647/1400) reward: -4.819903373718262, rho: 0.41875
[TRAIN]: (648/1400) reward: -17.260510802268982, rho: 0.35
[TRAIN]: (649/1400) reward: -12.405369126237929, rho: 0.48125
[TRAIN]: (650/1400) reward: -7.861180804669857, rho: 0.425
[TRAIN]: (651/1400) reward: -1.502501368522644, rho: 0.55
[TRAIN]: (652/1400) reward: -11.745202660560608, rho: 0.5375
[TRAIN]: (653/1400) reward: -15.625022023916245, rho: 0.49375
[TRAIN]: (654/1400) reward: -1.8423839723691344, rho: 0.35
[TRAIN]: (655/1400) reward: -6.691542126238346, rho: 0.4375
[TRAIN]: (656/1400) reward: -3.583592064678669, rho: 0.475
[TRAIN]: (657/1400) reward: -3.197991132736206, rho: 0.46875
[TRAIN]: (658/1400) reward: 12.508476257324219, rho: 0.35625
[TRAIN]: (659/1400) reward: -20.0, rho: 0.5
[TRAIN]: (660/1400) reward: -16.477740168571472, rho: 0.45
[TRAIN]: (661/1400) reward: -14.43872794508934, rho: 0.46875
[TRAIN]: (662/1400) reward: -13.465003192424774, rho: 0.45
[TRAIN]: (663/1400) reward: -5.569394171237946, rho: 0.41875
[TRAIN]: (664/1400) reward: -6.977852184325457, rho: 0.36875
[TRAIN]: (665/1400) reward: 6.517016768455505, rho: 0.44375
[TRAIN]: (666/1400) reward: 2.866404488682747, rho: 0.44375
[TRAIN]: (667/1400) reward: -17.17647509276867, rho: 0.48125
[TRAIN]: (668/1400) reward: -9.51221215724945, rho: 0.45625
[TRAIN]: (669/1400) reward: 5.954214269760996, rho: 0.3875
[TRAIN]: (670/1400) reward: -20.0, rho: 0.55625
[TRAIN]: (671/1400) reward: 5.8153300285339355, rho: 0.325
[TRAIN]: (672/1400) reward: -16.002353191375732, rho: 0.40625
[TRAIN]: (673/1400) reward: -4.070103779435158, rho: 0.4375
[TRAIN]: (674/1400) reward: 1.6850529313087463, rho: 0.4
[TRAIN]: (675/1400) reward: 6.958274245262146, rho: 0.3625
[TRAIN]: (676/1400) reward: -1.6393699645996094, rho: 0.3875
[TRAIN]: (677/1400) reward: -15.480826009617886, rho: 0.46875
[TRAIN]: (678/1400) reward: -15.671377658843994, rho: 0.33125
[TRAIN]: (679/1400) reward: -3.200260356068611, rho: 0.4125
[TRAIN]: (680/1400) reward: -8.484005093574524, rho: 0.63125
[TRAIN]: (681/1400) reward: 5.582764681428671, rho: 0.5
[TRAIN]: (682/1400) reward: -1.1351087391376495, rho: 0.3375
[TRAIN]: (683/1400) reward: 3.4210453033447266, rho: 0.34375
[TRAIN]: (684/1400) reward: -8.156658828258514, rho: 0.41875
[TRAIN]: (685/1400) reward: -17.617333494126797, rho: 0.51875
[TRAIN]: (686/1400) reward: -1.2695650823952747, rho: 0.35
[TRAIN]: (687/1400) reward: -9.007085800170898, rho: 0.4
[TRAIN]: (688/1400) reward: -9.072424612939358, rho: 0.375
[TRAIN]: (689/1400) reward: -11.500432789325714, rho: 0.5
[TRAIN]: (690/1400) reward: -20.0, rho: 0.40625
[TRAIN]: (691/1400) reward: -17.619753283448517, rho: 0.43125
[TRAIN]: (692/1400) reward: -20.0, rho: 0.36875
[TRAIN]: (693/1400) reward: -13.631911277770996, rho: 0.4125
[TRAIN]: (694/1400) reward: 1.2134823203086853, rho: 0.51875
[TRAIN]: (695/1400) reward: -8.678318701684475, rho: 0.3375
[TRAIN]: (696/1400) reward: -8.238328841282055, rho: 0.475
[TRAIN]: (697/1400) reward: -8.3462138408795, rho: 0.375
[TRAIN]: (698/1400) reward: -13.185156010091305, rho: 0.46875
[TRAIN]: (699/1400) reward: -14.064554870128632, rho: 0.375
[TRAIN]: (700/1400) reward: -12.040267664939165, rho: 0.46875
[TRAIN]: (701/1400) reward: -8.13568128598854, rho: 0.4875
[TRAIN]: (702/1400) reward: -3.352819249033928, rho: 0.425
[TRAIN]: (703/1400) reward: -3.8264440931379795, rho: 0.4875
[TRAIN]: (704/1400) reward: -7.5969473123550415, rho: 0.4375
[TRAIN]: (705/1400) reward: -17.02313606441021, rho: 0.43125
[TRAIN]: (706/1400) reward: -8.71328180655837, rho: 0.49375
[TRAIN]: (707/1400) reward: -13.764822289347649, rho: 0.59375
[TRAIN]: (708/1400) reward: 4.281108293682337, rho: 0.425
[TRAIN]: (709/1400) reward: -18.738823413848877, rho: 0.34375
[TRAIN]: (710/1400) reward: -2.290083885192871, rho: 0.40625
[TRAIN]: (711/1400) reward: -20.0, rho: 0.425
[TRAIN]: (712/1400) reward: -11.742834508419037, rho: 0.325
[TRAIN]: (713/1400) reward: -14.989858448505402, rho: 0.475
[TRAIN]: (714/1400) reward: -13.107317686080933, rho: 0.54375
[TRAIN]: (715/1400) reward: -1.359008401632309, rho: 0.4375
[TRAIN]: (716/1400) reward: 0.7927513848990202, rho: 0.3875
[TRAIN]: (717/1400) reward: -7.885124206542969, rho: 0.31875
[TRAIN]: (718/1400) reward: -12.974690727889538, rho: 0.3625
[TRAIN]: (719/1400) reward: 0.3864752817898989, rho: 0.38125
[TRAIN]: (720/1400) reward: -5.375404737889767, rho: 0.48125
[TRAIN]: (721/1400) reward: -7.3161599934101105, rho: 0.3375
[TRAIN]: (722/1400) reward: -17.21961886808276, rho: 0.40625
[TRAIN]: (723/1400) reward: -7.709879830479622, rho: 0.4375
[TRAIN]: (724/1400) reward: -17.760725013911724, rho: 0.36875
[TRAIN]: (725/1400) reward: -10.56057596206665, rho: 0.43125
[TRAIN]: (726/1400) reward: -7.546971779316664, rho: 0.5
[TRAIN]: (727/1400) reward: -8.111223936080933, rho: 0.48125
[TRAIN]: (728/1400) reward: -14.350251227617264, rho: 0.43125
[TRAIN]: (729/1400) reward: -14.534128941595554, rho: 0.5
[TRAIN]: (730/1400) reward: -18.998120249598287, rho: 0.45
[TRAIN]: (731/1400) reward: -11.690815498586744, rho: 0.35
[TRAIN]: (732/1400) reward: 14.952780306339264, rho: 0.4
[TRAIN]: (733/1400) reward: -8.90619957447052, rho: 0.51875
[TRAIN]: (734/1400) reward: -20.0, rho: 0.34375
[TRAIN]: (735/1400) reward: -13.994066327810287, rho: 0.45
[TRAIN]: (736/1400) reward: -11.145074367523193, rho: 0.43125
[TRAIN]: (737/1400) reward: 0.0023522861301898956, rho: 0.34375
[TRAIN]: (738/1400) reward: -11.405566692352295, rho: 0.35
[TRAIN]: (739/1400) reward: -7.881355300545692, rho: 0.4375
[TRAIN]: (740/1400) reward: 2.5207406133413315, rho: 0.33125
[TRAIN]: (741/1400) reward: 4.0997191444039345, rho: 0.36875
[TRAIN]: (742/1400) reward: -1.1301566064357758, rho: 0.39375
[TRAIN]: (743/1400) reward: -9.740331925451756, rho: 0.36875
[TRAIN]: (744/1400) reward: -12.719494462013245, rho: 0.3625
[TRAIN]: (745/1400) reward: 4.3671910762786865, rho: 0.53125
[TRAIN]: (746/1400) reward: -14.920006275177002, rho: 0.35625
[TRAIN]: (747/1400) reward: -17.67055942863226, rho: 0.40625
[TRAIN]: (748/1400) reward: -17.271741271018982, rho: 0.45
[TRAIN]: (749/1400) reward: -10.963630926795304, rho: 0.4625
[TRAIN]: (750/1400) reward: -3.9966392517089844, rho: 0.4375
[TRAIN]: (751/1400) reward: -5.373969227075577, rho: 0.35
[TRAIN]: (752/1400) reward: -17.731966495513916, rho: 0.40625
[TRAIN]: (753/1400) reward: 4.3728413581848145, rho: 0.4125
[TRAIN]: (754/1400) reward: -9.349714644253254, rho: 0.35625
[TRAIN]: (755/1400) reward: -3.203396797180176, rho: 0.45
[TRAIN]: (756/1400) reward: 3.797470808029175, rho: 0.45
[TRAIN]: (757/1400) reward: -9.737928196787834, rho: 0.39375
[TRAIN]: (758/1400) reward: -12.725151216611266, rho: 0.45
[TRAIN]: (759/1400) reward: -8.108025848865509, rho: 0.425
[TRAIN]: (760/1400) reward: -8.915485382080078, rho: 0.4625
[TRAIN]: (761/1400) reward: -20.0, rho: 0.375
[TRAIN]: (762/1400) reward: -3.25361704826355, rho: 0.5125
[TRAIN]: (763/1400) reward: -17.277232468128204, rho: 0.4625
[TRAIN]: (764/1400) reward: -9.783884048461914, rho: 0.39375
[TRAIN]: (765/1400) reward: -6.317897699773312, rho: 0.40625
[TRAIN]: (766/1400) reward: -13.816617786884308, rho: 0.35
[TRAIN]: (767/1400) reward: 3.31583309173584, rho: 0.51875
[TRAIN]: (768/1400) reward: 0.1556814108043909, rho: 0.4
[TRAIN]: (769/1400) reward: -12.009693622589111, rho: 0.33125
[TRAIN]: (770/1400) reward: -8.827596478164196, rho: 0.425
[TRAIN]: (771/1400) reward: 0.14821934700012207, rho: 0.3375
[TRAIN]: (772/1400) reward: 2.1673146365210414, rho: 0.3625
[TRAIN]: (773/1400) reward: -17.565548103302717, rho: 0.4375
[TRAIN]: (774/1400) reward: -8.425262244418263, rho: 0.39375
[TRAIN]: (775/1400) reward: -20.0, rho: 0.59375
[TRAIN]: (776/1400) reward: -11.377286434173584, rho: 0.30625
[TRAIN]: (777/1400) reward: -14.130861282348633, rho: 0.375
[TRAIN]: (778/1400) reward: -17.466554135084152, rho: 0.34375
[TRAIN]: (779/1400) reward: -1.1887221336364746, rho: 0.33125
[TRAIN]: (780/1400) reward: -10.567741709761322, rho: 0.40625
[TRAIN]: (781/1400) reward: -7.627890720963478, rho: 0.39375
[TRAIN]: (782/1400) reward: -5.246365211904049, rho: 0.44375
[TRAIN]: (783/1400) reward: 1.4086337089538574, rho: 0.49375
[TRAIN]: (784/1400) reward: 20.248217344284058, rho: 0.475
[TRAIN]: (785/1400) reward: -12.667104497551918, rho: 0.35
[TRAIN]: (786/1400) reward: -10.236833091825247, rho: 0.475
[TRAIN]: (787/1400) reward: -8.916824698448181, rho: 0.49375
[TRAIN]: (788/1400) reward: -0.8678865432739258, rho: 0.4125
[TRAIN]: (789/1400) reward: 2.2482637111097574, rho: 0.5125
[TRAIN]: (790/1400) reward: -5.444354851264507, rho: 0.5375
[TRAIN]: (791/1400) reward: -12.900308921933174, rho: 0.36875
[TRAIN]: (792/1400) reward: -0.5648603439331055, rho: 0.4375
[TRAIN]: (793/1400) reward: -20.0, rho: 0.38125
[TRAIN]: (794/1400) reward: -14.34065062738955, rho: 0.41875
[TRAIN]: (795/1400) reward: -5.882002353668213, rho: 0.38125
[TRAIN]: (796/1400) reward: -9.163945943117142, rho: 0.45
[TRAIN]: (797/1400) reward: -0.31189537048339844, rho: 0.3375
[TRAIN]: (798/1400) reward: -4.1263251304626465, rho: 0.36875
[TRAIN]: (799/1400) reward: 3.504897102713585, rho: 0.48125
[TRAIN]: (800/1400) reward: -12.220961779356003, rho: 0.2625
[TRAIN]: (801/1400) reward: -0.6186574045568705, rho: 0.475
[TRAIN]: (802/1400) reward: -5.116841062903404, rho: 0.3625
[TRAIN]: (803/1400) reward: -6.214780122041702, rho: 0.53125
[TRAIN]: (804/1400) reward: -20.0, rho: 0.38125
[TRAIN]: (805/1400) reward: -19.0, rho: 0.39375
[TRAIN]: (806/1400) reward: -5.487535053864121, rho: 0.46875
[TRAIN]: (807/1400) reward: -9.273197269067168, rho: 0.4625
[TRAIN]: (808/1400) reward: -17.04082202911377, rho: 0.4
[TRAIN]: (809/1400) reward: -20.0, rho: 0.45
[TRAIN]: (810/1400) reward: -10.62776917219162, rho: 0.41875
[TRAIN]: (811/1400) reward: -12.349676134064794, rho: 0.41875
[TRAIN]: (812/1400) reward: -12.665663719177246, rho: 0.425
[TRAIN]: (813/1400) reward: -9.368572235107422, rho: 0.4375
[TRAIN]: (814/1400) reward: -12.367875099182129, rho: 0.50625
[TRAIN]: (815/1400) reward: -18.78510917723179, rho: 0.35
[TRAIN]: (816/1400) reward: 8.746584296226501, rho: 0.35625
[TRAIN]: (817/1400) reward: 1.792842298746109, rho: 0.43125
[TRAIN]: (818/1400) reward: -6.195247609168291, rho: 0.3625
[TRAIN]: (819/1400) reward: -8.957085145637393, rho: 0.475
[TRAIN]: (820/1400) reward: -14.854450225830078, rho: 0.38125
[TRAIN]: (821/1400) reward: -7.925443299114704, rho: 0.4
[TRAIN]: (822/1400) reward: 1.455578243592754, rho: 0.425
[TRAIN]: (823/1400) reward: -17.41174751520157, rho: 0.425
[TRAIN]: (824/1400) reward: -5.198220798745751, rho: 0.3875
[TRAIN]: (825/1400) reward: -9.254984855651855, rho: 0.4
[TRAIN]: (826/1400) reward: -18.964022006839514, rho: 0.475
[TRAIN]: (827/1400) reward: -18.631390064954758, rho: 0.41875
[TRAIN]: (828/1400) reward: -10.017982125282288, rho: 0.41875
[TRAIN]: (829/1400) reward: -11.092614650726318, rho: 0.39375
[TRAIN]: (830/1400) reward: -8.845299200154841, rho: 0.45625
[TRAIN]: (831/1400) reward: -5.685577869415283, rho: 0.40625
[TRAIN]: (832/1400) reward: -13.14340353012085, rho: 0.475
[TRAIN]: (833/1400) reward: -5.69305032491684, rho: 0.425
[TRAIN]: (834/1400) reward: -15.898651599884033, rho: 0.35
[TRAIN]: (835/1400) reward: -1.8329441249370575, rho: 0.35
[TRAIN]: (836/1400) reward: -8.394694417715073, rho: 0.49375
[TRAIN]: (837/1400) reward: 1.8404572010040283, rho: 0.48125
[TRAIN]: (838/1400) reward: -0.4957059621810913, rho: 0.35625
[TRAIN]: (839/1400) reward: -5.06278021633625, rho: 0.4
[TRAIN]: (840/1400) reward: -6.861591041088104, rho: 0.325
[TRAIN]: (841/1400) reward: -10.536044597625732, rho: 0.49375
[TRAIN]: (842/1400) reward: -3.4083836525678635, rho: 0.475
[TRAIN]: (843/1400) reward: -3.5922289290465415, rho: 0.45
[TRAIN]: (844/1400) reward: -11.37558114528656, rho: 0.3625
[TRAIN]: (845/1400) reward: -8.106069564819336, rho: 0.33125
[TRAIN]: (846/1400) reward: -20.0, rho: 0.43125
[TRAIN]: (847/1400) reward: -15.332973308861256, rho: 0.4625
[TRAIN]: (848/1400) reward: -8.566225822083652, rho: 0.45625
[TRAIN]: (849/1400) reward: -10.217245526611805, rho: 0.5
[TRAIN]: (850/1400) reward: 3.3927550315856934, rho: 0.29375
[TRAIN]: (851/1400) reward: -18.9426741451025, rho: 0.375
[TRAIN]: (852/1400) reward: -20.0, rho: 0.4375
[TRAIN]: (853/1400) reward: -5.273302108049393, rho: 0.41875
[TRAIN]: (854/1400) reward: 4.078078866004944, rho: 0.40625
[TRAIN]: (855/1400) reward: -16.031569957733154, rho: 0.3875
[TRAIN]: (856/1400) reward: -2.37680321931839, rho: 0.4875
[TRAIN]: (857/1400) reward: -16.818971648812294, rho: 0.4875
[TRAIN]: (858/1400) reward: -15.812636978924274, rho: 0.4875
[TRAIN]: (859/1400) reward: -14.143754005432129, rho: 0.575
[TRAIN]: (860/1400) reward: 1.0599188804626465, rho: 0.4625
[TRAIN]: (861/1400) reward: -2.359494239091873, rho: 0.48125
[TRAIN]: (862/1400) reward: -13.559546947479248, rho: 0.41875
[TRAIN]: (863/1400) reward: -8.67985224723816, rho: 0.4125
[TRAIN]: (864/1400) reward: -0.7819916233420372, rho: 0.50625
[TRAIN]: (865/1400) reward: -12.739770621061325, rho: 0.35
[TRAIN]: (866/1400) reward: -7.994895704090595, rho: 0.3625
[TRAIN]: (867/1400) reward: -7.357697227969766, rho: 0.375
[TRAIN]: (868/1400) reward: -4.482396721839905, rho: 0.4125
[TRAIN]: (869/1400) reward: -12.381128246895969, rho: 0.4625
[TRAIN]: (870/1400) reward: -19.0, rho: 0.36875
[TRAIN]: (871/1400) reward: -12.947541236877441, rho: 0.41875
[TRAIN]: (872/1400) reward: -14.371518075466156, rho: 0.40625
[TRAIN]: (873/1400) reward: -9.015321254730225, rho: 0.4125
[TRAIN]: (874/1400) reward: -16.30858612060547, rho: 0.3125
[TRAIN]: (875/1400) reward: -4.043809950351715, rho: 0.275
[TRAIN]: (876/1400) reward: -1.6591524854302406, rho: 0.41875
[TRAIN]: (877/1400) reward: -3.550741672515869, rho: 0.4
[TRAIN]: (878/1400) reward: -4.098603010177612, rho: 0.46875
[TRAIN]: (879/1400) reward: -12.260756373405457, rho: 0.4625
[TRAIN]: (880/1400) reward: -3.8264567418955266, rho: 0.51875
[TRAIN]: (881/1400) reward: -1.6408157348632812, rho: 0.34375
[TRAIN]: (882/1400) reward: -4.576507279649377, rho: 0.425
[TRAIN]: (883/1400) reward: -12.328988209366798, rho: 0.5125
[TRAIN]: (884/1400) reward: 0.018928938545286655, rho: 0.4375
[TRAIN]: (885/1400) reward: -14.494534127414227, rho: 0.5375
[TRAIN]: (886/1400) reward: -9.564689323306084, rho: 0.45
[TRAIN]: (887/1400) reward: -10.181668072938919, rho: 0.35625
[TRAIN]: (888/1400) reward: -6.501591242849827, rho: 0.31875
[TRAIN]: (889/1400) reward: -8.034633874893188, rho: 0.35625
[TRAIN]: (890/1400) reward: -17.332257211208344, rho: 0.375
[TRAIN]: (891/1400) reward: -4.559449857100844, rho: 0.45625
[TRAIN]: (892/1400) reward: -4.397854680428281, rho: 0.4125
[TRAIN]: (893/1400) reward: -18.810842663049698, rho: 0.53125
[TRAIN]: (894/1400) reward: 10.166139602661133, rho: 0.425
[TRAIN]: (895/1400) reward: -10.579420350492, rho: 0.45
[TRAIN]: (896/1400) reward: -4.226760060060769, rho: 0.4375
[TRAIN]: (897/1400) reward: 3.2181302905082703, rho: 0.41875
[TRAIN]: (898/1400) reward: -3.2116289138793945, rho: 0.36875
[TRAIN]: (899/1400) reward: -20.0, rho: 0.39375
[TRAIN]: (900/1400) reward: -12.917292833328247, rho: 0.49375
[TRAIN]: (901/1400) reward: -11.485202312469482, rho: 0.36875
[TRAIN]: (902/1400) reward: -5.19508421421051, rho: 0.375
[TRAIN]: (903/1400) reward: -18.846939653158188, rho: 0.525
[TRAIN]: (904/1400) reward: 3.0685861706733704, rho: 0.425
[TRAIN]: (905/1400) reward: -16.577905625104904, rho: 0.375
[TRAIN]: (906/1400) reward: -2.790878936648369, rho: 0.375
[TRAIN]: (907/1400) reward: -18.968406420201063, rho: 0.4125
[TRAIN]: (908/1400) reward: 0.3401937484741211, rho: 0.28125
[TRAIN]: (909/1400) reward: -10.592097152024508, rho: 0.45625
[TRAIN]: (910/1400) reward: -14.008211135864258, rho: 0.4
[TRAIN]: (911/1400) reward: 11.991123375482857, rho: 0.4875
[TRAIN]: (912/1400) reward: -5.01862061675638, rho: 0.475
[TRAIN]: (913/1400) reward: -13.57192850112915, rho: 0.48125
[TRAIN]: (914/1400) reward: -10.41109961271286, rho: 0.48125
[TRAIN]: (915/1400) reward: -9.251845836639404, rho: 0.4375
[TRAIN]: (916/1400) reward: -0.3549698069691658, rho: 0.46875
[TRAIN]: (917/1400) reward: -5.750522613525391, rho: 0.43125
[TRAIN]: (918/1400) reward: -10.20524350553751, rho: 0.55625
[TRAIN]: (919/1400) reward: 2.8762083053588867, rho: 0.3875
[TRAIN]: (920/1400) reward: 7.8524943590164185, rho: 0.31875
[TRAIN]: (921/1400) reward: -11.71173095703125, rho: 0.45
[TRAIN]: (922/1400) reward: -15.621995069086552, rho: 0.45625
[TRAIN]: (923/1400) reward: -17.926885383203626, rho: 0.56875
[TRAIN]: (924/1400) reward: -9.20229321718216, rho: 0.375
[TRAIN]: (925/1400) reward: -7.878690764307976, rho: 0.54375
[TRAIN]: (926/1400) reward: -11.911276936531067, rho: 0.44375
[TRAIN]: (927/1400) reward: -3.8625547885894775, rho: 0.44375
[TRAIN]: (928/1400) reward: -5.018055055290461, rho: 0.5
[TRAIN]: (929/1400) reward: -1.5157007277011871, rho: 0.45
[TRAIN]: (930/1400) reward: -17.163888692855835, rho: 0.4375
[TRAIN]: (931/1400) reward: 3.7053419947624207, rho: 0.45
[TRAIN]: (932/1400) reward: 1.121579457540065, rho: 0.39375
[TRAIN]: (933/1400) reward: -20.0, rho: 0.4375
[TRAIN]: (934/1400) reward: -1.9965933561325073, rho: 0.36875
[TRAIN]: (935/1400) reward: -5.349335759878159, rho: 0.3625
[TRAIN]: (936/1400) reward: 6.4899397026747465, rho: 0.35
[TRAIN]: (937/1400) reward: -4.368070550262928, rho: 0.46875
[TRAIN]: (938/1400) reward: -12.732258796691895, rho: 0.34375
[TRAIN]: (939/1400) reward: 2.8975845724344254, rho: 0.35625
[TRAIN]: (940/1400) reward: -17.583620317745954, rho: 0.4125
[TRAIN]: (941/1400) reward: -11.937210083007812, rho: 0.4125
[TRAIN]: (942/1400) reward: -9.105121389962733, rho: 0.4
[TRAIN]: (943/1400) reward: -20.0, rho: 0.6
[TRAIN]: (944/1400) reward: -17.7830810546875, rho: 0.38125
[TRAIN]: (945/1400) reward: 3.813554286956787, rho: 0.34375
[TRAIN]: (946/1400) reward: -5.976106643676758, rho: 0.375
[TRAIN]: (947/1400) reward: -12.704933278262615, rho: 0.39375
[TRAIN]: (948/1400) reward: 0.46597974200267345, rho: 0.44375
[TRAIN]: (949/1400) reward: -7.400218767113984, rho: 0.35
[TRAIN]: (950/1400) reward: -18.515774488449097, rho: 0.34375
[TRAIN]: (951/1400) reward: -3.092930316925049, rho: 0.325
[TRAIN]: (952/1400) reward: -16.45833232626319, rho: 0.3875
[TRAIN]: (953/1400) reward: -4.396165445912629, rho: 0.46875
[TRAIN]: (954/1400) reward: -13.074975807219744, rho: 0.425
[TRAIN]: (955/1400) reward: -3.7639739513397217, rho: 0.525
[TRAIN]: (956/1400) reward: -2.8501142114400864, rho: 0.375
[TRAIN]: (957/1400) reward: -18.995563647244126, rho: 0.4
[TRAIN]: (958/1400) reward: -11.339681431651115, rho: 0.36875
[TRAIN]: (959/1400) reward: 4.97797504812479, rho: 0.33125
[TRAIN]: (960/1400) reward: -15.319855272769928, rho: 0.43125
[TRAIN]: (961/1400) reward: 10.07295161485672, rho: 0.44375
[TRAIN]: (962/1400) reward: -3.6454987172037363, rho: 0.3625
[TRAIN]: (963/1400) reward: 2.3746237754821777, rho: 0.425
[TRAIN]: (964/1400) reward: -3.3606719970703125, rho: 0.4625
[TRAIN]: (965/1400) reward: -15.657186329364777, rho: 0.44375
[TRAIN]: (966/1400) reward: -5.044562935829163, rho: 0.4375
[TRAIN]: (967/1400) reward: 30.038618087768555, rho: 0.31875
[TRAIN]: (968/1400) reward: -5.588586807250977, rho: 0.35625
[TRAIN]: (969/1400) reward: -11.646707838401198, rho: 0.4375
[TRAIN]: (970/1400) reward: -18.986589089035988, rho: 0.35
[TRAIN]: (971/1400) reward: -6.783368586387951, rho: 0.4125
[TRAIN]: (972/1400) reward: -18.99402108276263, rho: 0.44375
[TRAIN]: (973/1400) reward: -10.064053170382977, rho: 0.575
[TRAIN]: (974/1400) reward: -5.142784595489502, rho: 0.39375
[TRAIN]: (975/1400) reward: -6.19826602935791, rho: 0.31875
[TRAIN]: (976/1400) reward: -6.169676415622234, rho: 0.475
[TRAIN]: (977/1400) reward: 4.059173107147217, rho: 0.49375
[TRAIN]: (978/1400) reward: 3.442688465118408, rho: 0.39375
[TRAIN]: (979/1400) reward: -7.562911371234804, rho: 0.3625
[TRAIN]: (980/1400) reward: -18.9534764662385, rho: 0.38125
[TRAIN]: (981/1400) reward: 5.147551611065865, rho: 0.30625
[TRAIN]: (982/1400) reward: -20.0, rho: 0.48125
[TRAIN]: (983/1400) reward: -2.890683889389038, rho: 0.5375
[TRAIN]: (984/1400) reward: 19.00621233507991, rho: 0.39375
[TRAIN]: (985/1400) reward: -12.465150594711304, rho: 0.325
[TRAIN]: (986/1400) reward: -6.0322265625, rho: 0.4
[TRAIN]: (987/1400) reward: -20.0, rho: 0.51875
[TRAIN]: (988/1400) reward: -0.7723764106631279, rho: 0.33125
[TRAIN]: (989/1400) reward: -7.316209435462952, rho: 0.5125
[TRAIN]: (990/1400) reward: -2.9096468687057495, rho: 0.4625
[TRAIN]: (991/1400) reward: -8.025702327489853, rho: 0.3875
[TRAIN]: (992/1400) reward: -16.33673185110092, rho: 0.45625
[TRAIN]: (993/1400) reward: 7.523324698209763, rho: 0.475
[TRAIN]: (994/1400) reward: -11.463674544408605, rho: 0.4
[TRAIN]: (995/1400) reward: -14.836365917697549, rho: 0.43125
[TRAIN]: (996/1400) reward: -13.997313976287842, rho: 0.275
[TRAIN]: (997/1400) reward: -12.449169732630253, rho: 0.3875
[TRAIN]: (998/1400) reward: -17.14132372289896, rho: 0.49375
[TRAIN]: (999/1400) reward: 7.424874305725098, rho: 0.525
[TRAIN]: (1000/1400) reward: -11.258697808720171, rho: 0.43125
[TRAIN]: (1001/1400) reward: -17.578404994681478, rho: 0.46875
[TRAIN]: (1002/1400) reward: -6.704222664237022, rho: 0.2875
[TRAIN]: (1003/1400) reward: -8.545328140258789, rho: 0.4
[TRAIN]: (1004/1400) reward: -5.282125473022461, rho: 0.475
[TRAIN]: (1005/1400) reward: -10.062712669372559, rho: 0.475
[TRAIN]: (1006/1400) reward: -20.0, rho: 0.41875
[TRAIN]: (1007/1400) reward: -20.0, rho: 0.46875
[TRAIN]: (1008/1400) reward: -11.893211593851447, rho: 0.49375
[TRAIN]: (1009/1400) reward: -20.0, rho: 0.46875
[TRAIN]: (1010/1400) reward: -6.167360082268715, rho: 0.31875
[TRAIN]: (1011/1400) reward: -3.855100754648447, rho: 0.3625
[TRAIN]: (1012/1400) reward: -17.44215429574251, rho: 0.43125
[TRAIN]: (1013/1400) reward: -16.52185782790184, rho: 0.3375
[TRAIN]: (1014/1400) reward: -7.26827397942543, rho: 0.36875
[TRAIN]: (1015/1400) reward: 0.35125327482819557, rho: 0.425
[TRAIN]: (1016/1400) reward: -18.850280046463013, rho: 0.45625
[TRAIN]: (1017/1400) reward: -20.0, rho: 0.46875
[TRAIN]: (1018/1400) reward: -8.717591285705566, rho: 0.36875
[TRAIN]: (1019/1400) reward: -6.776671916246414, rho: 0.4875
[TRAIN]: (1020/1400) reward: 2.35752010345459, rho: 0.43125
[TRAIN]: (1021/1400) reward: -5.98493829369545, rho: 0.425
[TRAIN]: (1022/1400) reward: -14.653239876031876, rho: 0.46875
[TRAIN]: (1023/1400) reward: 4.630500487983227, rho: 0.3875
[TRAIN]: (1024/1400) reward: -9.25826609134674, rho: 0.39375
[TRAIN]: (1025/1400) reward: 5.397455386817455, rho: 0.39375
[TRAIN]: (1026/1400) reward: 3.935514450073242, rho: 0.275
[TRAIN]: (1027/1400) reward: -12.514112949371338, rho: 0.44375
[TRAIN]: (1028/1400) reward: -20.0, rho: 0.40625
[TRAIN]: (1029/1400) reward: -10.70727787911892, rho: 0.36875
[TRAIN]: (1030/1400) reward: -11.077204756438732, rho: 0.33125
[TRAIN]: (1031/1400) reward: -14.84519624710083, rho: 0.56875
[TRAIN]: (1032/1400) reward: -3.288019448518753, rho: 0.46875
[TRAIN]: (1033/1400) reward: -8.632770955562592, rho: 0.375
[TRAIN]: (1034/1400) reward: -17.7890010997653, rho: 0.49375
[TRAIN]: (1035/1400) reward: -13.62945019453764, rho: 0.4875
[TRAIN]: (1036/1400) reward: -6.8603494092822075, rho: 0.48125
[TRAIN]: (1037/1400) reward: 0.24949568510055542, rho: 0.375
[TRAIN]: (1038/1400) reward: 12.08874237537384, rho: 0.39375
[TRAIN]: (1039/1400) reward: -17.599139258265495, rho: 0.44375
[TRAIN]: (1040/1400) reward: -20.0, rho: 0.33125
[TRAIN]: (1041/1400) reward: -10.451251596212387, rho: 0.35
[TRAIN]: (1042/1400) reward: -8.269242465496063, rho: 0.45625
[TRAIN]: (1043/1400) reward: -5.892639693804085, rho: 0.50625
[TRAIN]: (1044/1400) reward: -20.0, rho: 0.4625
[TRAIN]: (1045/1400) reward: -2.45939239859581, rho: 0.5375
[TRAIN]: (1046/1400) reward: 4.86158874630928, rho: 0.36875
[TRAIN]: (1047/1400) reward: -13.161491794977337, rho: 0.46875
[TRAIN]: (1048/1400) reward: -17.71983204782009, rho: 0.43125
[TRAIN]: (1049/1400) reward: -6.193459175527096, rho: 0.41875
[TRAIN]: (1050/1400) reward: -18.497058272361755, rho: 0.44375
[TRAIN]: (1051/1400) reward: -17.89654839038849, rho: 0.58125
[TRAIN]: (1052/1400) reward: -11.448993080295622, rho: 0.46875
[TRAIN]: (1053/1400) reward: 11.47973607107997, rho: 0.3875
[TRAIN]: (1054/1400) reward: -7.365468263626099, rho: 0.3875
[TRAIN]: (1055/1400) reward: -6.982946157455444, rho: 0.4625
[TRAIN]: (1056/1400) reward: -11.367941036820412, rho: 0.40625
[TRAIN]: (1057/1400) reward: -10.922438740730286, rho: 0.4875
[TRAIN]: (1058/1400) reward: 3.8772047087550163, rho: 0.35
[TRAIN]: (1059/1400) reward: -5.663407981395721, rho: 0.51875
[TRAIN]: (1060/1400) reward: -16.15963739086874, rho: 0.36875
[TRAIN]: (1061/1400) reward: -18.974590254947543, rho: 0.3375
[TRAIN]: (1062/1400) reward: -9.0379793420434, rho: 0.4375
[TRAIN]: (1063/1400) reward: -11.344834327697754, rho: 0.475
[TRAIN]: (1064/1400) reward: -17.861470837146044, rho: 0.46875
[TRAIN]: (1065/1400) reward: -12.178606510162354, rho: 0.36875
[TRAIN]: (1066/1400) reward: 3.335099458694458, rho: 0.475
[TRAIN]: (1067/1400) reward: -0.19693394750356674, rho: 0.41875
[TRAIN]: (1068/1400) reward: -9.313703060150146, rho: 0.475
[TRAIN]: (1069/1400) reward: -13.986712455749512, rho: 0.46875
[TRAIN]: (1070/1400) reward: -7.527238763868809, rho: 0.4375
[TRAIN]: (1071/1400) reward: -15.610709309577942, rho: 0.43125
[TRAIN]: (1072/1400) reward: -1.417405217885971, rho: 0.48125
[TRAIN]: (1073/1400) reward: -6.362298294901848, rho: 0.475
[TRAIN]: (1074/1400) reward: -4.633139742538333, rho: 0.4
[TRAIN]: (1075/1400) reward: -14.054039664566517, rho: 0.45625
[TRAIN]: (1076/1400) reward: -6.264118909835815, rho: 0.40625
[TRAIN]: (1077/1400) reward: 5.310571655631065, rho: 0.3625
[TRAIN]: (1078/1400) reward: -16.079418109729886, rho: 0.4125
[TRAIN]: (1079/1400) reward: -8.752312779426575, rho: 0.35625
[TRAIN]: (1080/1400) reward: -20.0, rho: 0.475
[TRAIN]: (1081/1400) reward: 0.2993202533107251, rho: 0.46875
[TRAIN]: (1082/1400) reward: 0.28501730412244797, rho: 0.3375
[TRAIN]: (1083/1400) reward: 1.6164493560791016, rho: 0.375
[TRAIN]: (1084/1400) reward: -14.61670184135437, rho: 0.4125
[TRAIN]: (1085/1400) reward: -18.639238238334656, rho: 0.5125
[TRAIN]: (1086/1400) reward: -12.27186805009842, rho: 0.4125
[TRAIN]: (1087/1400) reward: 11.357897758483887, rho: 0.4375
[TRAIN]: (1088/1400) reward: -9.659914784133434, rho: 0.3875
[TRAIN]: (1089/1400) reward: -17.68012225627899, rho: 0.51875
[TRAIN]: (1090/1400) reward: -10.715618506073952, rho: 0.525
[TRAIN]: (1091/1400) reward: -16.72267863713205, rho: 0.525
[TRAIN]: (1092/1400) reward: -1.3203210234642029, rho: 0.39375
[TRAIN]: (1093/1400) reward: -6.5971081557217985, rho: 0.38125
[TRAIN]: (1094/1400) reward: -13.289940819144249, rho: 0.50625
[TRAIN]: (1095/1400) reward: -2.432802438735962, rho: 0.375
[TRAIN]: (1096/1400) reward: -7.946526050567627, rho: 0.4125
[TRAIN]: (1097/1400) reward: -15.40284598665312, rho: 0.4375
[TRAIN]: (1098/1400) reward: 6.374052010476589, rho: 0.43125
[TRAIN]: (1099/1400) reward: -20.0, rho: 0.375
[TRAIN]: (1100/1400) reward: -10.878846779465675, rho: 0.4375
[TRAIN]: (1101/1400) reward: -10.854411840438843, rho: 0.3625
[TRAIN]: (1102/1400) reward: -14.294234082568437, rho: 0.41875
[TRAIN]: (1103/1400) reward: -8.340689315693453, rho: 0.53125
[TRAIN]: (1104/1400) reward: -10.695979654788971, rho: 0.30625
[TRAIN]: (1105/1400) reward: 3.1049269884824753, rho: 0.475
[TRAIN]: (1106/1400) reward: 3.8809242490679026, rho: 0.4125
[TRAIN]: (1107/1400) reward: -16.300220660865307, rho: 0.3875
[TRAIN]: (1108/1400) reward: -7.485563099384308, rho: 0.475
[TRAIN]: (1109/1400) reward: -20.0, rho: 0.36875
[TRAIN]: (1110/1400) reward: -5.059687316417694, rho: 0.34375
[TRAIN]: (1111/1400) reward: -18.960321441292763, rho: 0.3625
[TRAIN]: (1112/1400) reward: -9.27555761858821, rho: 0.4375
[TRAIN]: (1113/1400) reward: -9.355561137199402, rho: 0.5
[TRAIN]: (1114/1400) reward: -1.338529258966446, rho: 0.43125
[TRAIN]: (1115/1400) reward: 5.666952311992645, rho: 0.35625
[TRAIN]: (1116/1400) reward: -16.63572508096695, rho: 0.41875
[TRAIN]: (1117/1400) reward: -9.027250900864601, rho: 0.38125
[TRAIN]: (1118/1400) reward: -7.448773093521595, rho: 0.525
[TRAIN]: (1119/1400) reward: -13.213676691055298, rho: 0.4875
[TRAIN]: (1120/1400) reward: -5.346735179424286, rho: 0.49375
[TRAIN]: (1121/1400) reward: -15.329643864184618, rho: 0.41875
[TRAIN]: (1122/1400) reward: -16.141266107559204, rho: 0.425
[TRAIN]: (1123/1400) reward: -8.481789592653513, rho: 0.4125
[TRAIN]: (1124/1400) reward: 1.9472627379000187, rho: 0.525
[TRAIN]: (1125/1400) reward: 0.39842045307159424, rho: 0.43125
[TRAIN]: (1126/1400) reward: -14.03751477599144, rho: 0.3875
[TRAIN]: (1127/1400) reward: -13.573301710188389, rho: 0.45
[TRAIN]: (1128/1400) reward: -2.773095488548279, rho: 0.38125
[TRAIN]: (1129/1400) reward: -13.614868760108948, rho: 0.5
[TRAIN]: (1130/1400) reward: -16.6599038541317, rho: 0.49375
[TRAIN]: (1131/1400) reward: -7.571151092648506, rho: 0.46875
[TRAIN]: (1132/1400) reward: -3.3918304443359375, rho: 0.4125
[TRAIN]: (1133/1400) reward: -16.508469223976135, rho: 0.46875
[TRAIN]: (1134/1400) reward: -9.304794669151306, rho: 0.43125
[TRAIN]: (1135/1400) reward: -15.1771359462291, rho: 0.41875
[TRAIN]: (1136/1400) reward: -6.783265233039856, rho: 0.3875
[TRAIN]: (1137/1400) reward: -14.388357162475586, rho: 0.39375
[TRAIN]: (1138/1400) reward: -3.977120876312256, rho: 0.38125
[TRAIN]: (1139/1400) reward: -5.9202587474137545, rho: 0.5
[TRAIN]: (1140/1400) reward: -17.000511563150212, rho: 0.41875
[TRAIN]: (1141/1400) reward: -2.657379187643528, rho: 0.49375
[TRAIN]: (1142/1400) reward: -9.275309909135103, rho: 0.39375
[TRAIN]: (1143/1400) reward: -0.5572418533265591, rho: 0.5875
[TRAIN]: (1144/1400) reward: 0.5983897854675888, rho: 0.5375
[TRAIN]: (1145/1400) reward: -10.669886231422424, rho: 0.44375
[TRAIN]: (1146/1400) reward: -10.101213105488569, rho: 0.44375
[TRAIN]: (1147/1400) reward: -13.704459190368652, rho: 0.4625
[TRAIN]: (1148/1400) reward: -12.508893489837646, rho: 0.3875
[TRAIN]: (1149/1400) reward: 0.05537138879299164, rho: 0.41875
[TRAIN]: (1150/1400) reward: -6.385357886552811, rho: 0.45625
[TRAIN]: (1151/1400) reward: 0.6871104389429092, rho: 0.375
[TRAIN]: (1152/1400) reward: -4.433931827545166, rho: 0.4
[TRAIN]: (1153/1400) reward: -8.588859744369984, rho: 0.28125
[TRAIN]: (1154/1400) reward: -6.697464346885681, rho: 0.45625
[TRAIN]: (1155/1400) reward: -3.819337844848633, rho: 0.44375
[TRAIN]: (1156/1400) reward: 6.913397550582886, rho: 0.4
[TRAIN]: (1157/1400) reward: -6.088646411895752, rho: 0.3375
[TRAIN]: (1158/1400) reward: 20.157470162957907, rho: 0.3625
[TRAIN]: (1159/1400) reward: -13.925968170166016, rho: 0.4
[TRAIN]: (1160/1400) reward: -20.0, rho: 0.4375
[TRAIN]: (1161/1400) reward: -4.471925973892212, rho: 0.45625
[TRAIN]: (1162/1400) reward: 0.10745906829833984, rho: 0.41875
[TRAIN]: (1163/1400) reward: -10.196792416274548, rho: 0.4125
[TRAIN]: (1164/1400) reward: -12.448331743478775, rho: 0.3375
[TRAIN]: (1165/1400) reward: -7.749975506216288, rho: 0.5375
[TRAIN]: (1166/1400) reward: -12.224396169185638, rho: 0.375
[TRAIN]: (1167/1400) reward: -9.210503108799458, rho: 0.49375
[TRAIN]: (1168/1400) reward: -15.314445201307535, rho: 0.375
[TRAIN]: (1169/1400) reward: 2.9448832981288433, rho: 0.425
[TRAIN]: (1170/1400) reward: -13.135729286819696, rho: 0.45625
[TRAIN]: (1171/1400) reward: -9.802766740322113, rho: 0.35625
[TRAIN]: (1172/1400) reward: -7.414749138057232, rho: 0.38125
[TRAIN]: (1173/1400) reward: 17.61053224094212, rho: 0.43125
[TRAIN]: (1174/1400) reward: 7.380973881110549, rho: 0.3375
[TRAIN]: (1175/1400) reward: 3.6341681480407715, rho: 0.45625
[TRAIN]: (1176/1400) reward: 1.7971864938735962, rho: 0.39375
[TRAIN]: (1177/1400) reward: -6.308492124080658, rho: 0.5
[TRAIN]: (1178/1400) reward: -15.305331468582153, rho: 0.33125
[TRAIN]: (1179/1400) reward: -14.861419677734375, rho: 0.375
[TRAIN]: (1180/1400) reward: -0.9821363091468811, rho: 0.5625
[TRAIN]: (1181/1400) reward: 0.11227941513061523, rho: 0.4
[TRAIN]: (1182/1400) reward: 11.283998966217041, rho: 0.35625
[TRAIN]: (1183/1400) reward: -9.659760683774948, rho: 0.4875
[TRAIN]: (1184/1400) reward: -10.59303069114685, rho: 0.4875
[TRAIN]: (1185/1400) reward: -6.444532632827759, rho: 0.4
[TRAIN]: (1186/1400) reward: -8.144208014011383, rho: 0.4875
[TRAIN]: (1187/1400) reward: -8.686148363165557, rho: 0.26875
[TRAIN]: (1188/1400) reward: -8.051687777042389, rho: 0.45
[TRAIN]: (1189/1400) reward: -3.9187393486499786, rho: 0.53125
[TRAIN]: (1190/1400) reward: -20.0, rho: 0.3
[TRAIN]: (1191/1400) reward: -13.430248260498047, rho: 0.41875
[TRAIN]: (1192/1400) reward: -10.565007209777832, rho: 0.38125
[TRAIN]: (1193/1400) reward: -16.284137427806854, rho: 0.4
[TRAIN]: (1194/1400) reward: -9.79981678724289, rho: 0.31875
[TRAIN]: (1195/1400) reward: -16.993341706693172, rho: 0.6
[TRAIN]: (1196/1400) reward: -16.206383492797613, rho: 0.49375
[TRAIN]: (1197/1400) reward: -4.0782623291015625, rho: 0.3375
[TRAIN]: (1198/1400) reward: -13.620063796639442, rho: 0.5125
[TRAIN]: (1199/1400) reward: -4.942792609333992, rho: 0.44375
[TRAIN]: (1200/1400) reward: -13.866223633289337, rho: 0.3875
[TRAIN]: (1201/1400) reward: -1.3780217170715332, rho: 0.36875
[TRAIN]: (1202/1400) reward: -19.0, rho: 0.3375
[TRAIN]: (1203/1400) reward: -15.136528134346008, rho: 0.29375
[TRAIN]: (1204/1400) reward: -17.205411434173584, rho: 0.46875
[TRAIN]: (1205/1400) reward: -10.440327167510986, rho: 0.4375
[TRAIN]: (1206/1400) reward: -13.314849767833948, rho: 0.4125
[TRAIN]: (1207/1400) reward: -7.34957480430603, rho: 0.48125
[TRAIN]: (1208/1400) reward: 1.3726775087416172, rho: 0.39375
[TRAIN]: (1209/1400) reward: -12.153460837900639, rho: 0.4375
[TRAIN]: (1210/1400) reward: -8.903054289519787, rho: 0.35
[TRAIN]: (1211/1400) reward: -17.71529769524932, rho: 0.46875
[TRAIN]: (1212/1400) reward: -9.609604440629482, rho: 0.4
[TRAIN]: (1213/1400) reward: -10.278747797012329, rho: 0.475
[TRAIN]: (1214/1400) reward: -1.6794392904266715, rho: 0.4875
[TRAIN]: (1215/1400) reward: -16.23472855752334, rho: 0.4125
[TRAIN]: (1216/1400) reward: -10.877876192331314, rho: 0.5125
[TRAIN]: (1217/1400) reward: -12.048253796994686, rho: 0.4375
[TRAIN]: (1218/1400) reward: -12.352394580841064, rho: 0.50625
[TRAIN]: (1219/1400) reward: -13.674478083848953, rho: 0.40625
[TRAIN]: (1220/1400) reward: -8.83521702059079, rho: 0.4625
[TRAIN]: (1221/1400) reward: -10.726781129837036, rho: 0.48125
[TRAIN]: (1222/1400) reward: -5.674405097961426, rho: 0.39375
[TRAIN]: (1223/1400) reward: 8.319817066192627, rho: 0.4125
[TRAIN]: (1224/1400) reward: -10.97073829069268, rho: 0.45
[TRAIN]: (1225/1400) reward: -11.861658573150635, rho: 0.39375
[TRAIN]: (1226/1400) reward: -13.016525655984879, rho: 0.3625
[TRAIN]: (1227/1400) reward: -18.77990087866783, rho: 0.375
[TRAIN]: (1228/1400) reward: 7.601045607589185, rho: 0.475
[TRAIN]: (1229/1400) reward: -0.24118877947330475, rho: 0.475
[TRAIN]: (1230/1400) reward: -7.105801522731781, rho: 0.45625
[TRAIN]: (1231/1400) reward: -18.583557099103928, rho: 0.4125
[TRAIN]: (1232/1400) reward: 2.310876201838255, rho: 0.4125
[TRAIN]: (1233/1400) reward: 3.024691581726074, rho: 0.4875
[TRAIN]: (1234/1400) reward: -15.812179068103433, rho: 0.35
[TRAIN]: (1235/1400) reward: -13.382309198379517, rho: 0.50625
[TRAIN]: (1236/1400) reward: -8.560665275901556, rho: 0.3875
[TRAIN]: (1237/1400) reward: -20.0, rho: 0.41875
[TRAIN]: (1238/1400) reward: -10.552896909415722, rho: 0.44375
[TRAIN]: (1239/1400) reward: -20.0, rho: 0.5
[TRAIN]: (1240/1400) reward: -1.079211361357011, rho: 0.53125
[TRAIN]: (1241/1400) reward: -7.9843296483159065, rho: 0.44375
[TRAIN]: (1242/1400) reward: 0.6170834046788514, rho: 0.3875
[TRAIN]: (1243/1400) reward: 12.52875230833888, rho: 0.325
[TRAIN]: (1244/1400) reward: 1.5011162981390953, rho: 0.36875
[TRAIN]: (1245/1400) reward: -13.254470884799957, rho: 0.39375
[TRAIN]: (1246/1400) reward: 12.601569175720215, rho: 0.375
[TRAIN]: (1247/1400) reward: -9.785986736416817, rho: 0.4375
[TRAIN]: (1248/1400) reward: 1.600102280266583, rho: 0.48125
[TRAIN]: (1249/1400) reward: -17.654459476470947, rho: 0.3125
[TRAIN]: (1250/1400) reward: -2.390727698802948, rho: 0.41875
[TRAIN]: (1251/1400) reward: -2.504835155326873, rho: 0.33125
[TRAIN]: (1252/1400) reward: -7.087465836666524, rho: 0.31875
[TRAIN]: (1253/1400) reward: -6.714337632060051, rho: 0.39375
[TRAIN]: (1254/1400) reward: -13.81211513839662, rho: 0.41875
[TRAIN]: (1255/1400) reward: -20.0, rho: 0.25
[TRAIN]: (1256/1400) reward: -5.800500869750977, rho: 0.43125
[TRAIN]: (1257/1400) reward: -13.887036442756653, rho: 0.5125
[TRAIN]: (1258/1400) reward: -16.50969171524048, rho: 0.40625
[TRAIN]: (1259/1400) reward: 9.364934802055359, rho: 0.475
[TRAIN]: (1260/1400) reward: -1.4381162641220726, rho: 0.45625
[TRAIN]: (1261/1400) reward: -20.0, rho: 0.53125
[TRAIN]: (1262/1400) reward: -1.9781024158000946, rho: 0.48125
[TRAIN]: (1263/1400) reward: -8.30076789855957, rho: 0.375
[TRAIN]: (1264/1400) reward: 10.667593151330948, rho: 0.45
[TRAIN]: (1265/1400) reward: -9.92299497127533, rho: 0.51875
[TRAIN]: (1266/1400) reward: -2.413888454437256, rho: 0.34375
[TRAIN]: (1267/1400) reward: -11.520017504692078, rho: 0.5
[TRAIN]: (1268/1400) reward: -14.627620458602905, rho: 0.4625
[TRAIN]: (1269/1400) reward: -2.223349630832672, rho: 0.475
[TRAIN]: (1270/1400) reward: -3.6077704429626465, rho: 0.4
[TRAIN]: (1271/1400) reward: -14.140075296163559, rho: 0.44375
[TRAIN]: (1272/1400) reward: -16.91107201576233, rho: 0.39375
[TRAIN]: (1273/1400) reward: -8.251030921936035, rho: 0.4125
[TRAIN]: (1274/1400) reward: -5.929961334913969, rho: 0.4
[TRAIN]: (1275/1400) reward: -11.983037546277046, rho: 0.38125
[TRAIN]: (1276/1400) reward: -18.487249433994293, rho: 0.375
[TRAIN]: (1277/1400) reward: -20.0, rho: 0.4125
[TRAIN]: (1278/1400) reward: -12.805430793203413, rho: 0.43125
[TRAIN]: (1279/1400) reward: -13.391373477876186, rho: 0.46875
[TRAIN]: (1280/1400) reward: -6.14277383312583, rho: 0.31875
[TRAIN]: (1281/1400) reward: 0.2435481110587716, rho: 0.525
[TRAIN]: (1282/1400) reward: 5.287108667194843, rho: 0.3375
[TRAIN]: (1283/1400) reward: -10.106105089187622, rho: 0.43125
[TRAIN]: (1284/1400) reward: -6.70457822130993, rho: 0.36875
[TRAIN]: (1285/1400) reward: 13.241014714352787, rho: 0.425
[TRAIN]: (1286/1400) reward: 5.6925579607486725, rho: 0.475
[TRAIN]: (1287/1400) reward: -6.775302703958005, rho: 0.39375
[TRAIN]: (1288/1400) reward: -18.97308699414134, rho: 0.54375
[TRAIN]: (1289/1400) reward: -10.328532040119171, rho: 0.4375
[TRAIN]: (1290/1400) reward: -17.443959593772888, rho: 0.50625
[TRAIN]: (1291/1400) reward: -9.728238344192505, rho: 0.38125
[TRAIN]: (1292/1400) reward: -18.553760141134262, rho: 0.475
[TRAIN]: (1293/1400) reward: -10.303434371948242, rho: 0.35
[TRAIN]: (1294/1400) reward: -7.4736480712890625, rho: 0.4
[TRAIN]: (1295/1400) reward: -8.570588143542409, rho: 0.3375
[TRAIN]: (1296/1400) reward: -11.042121887207031, rho: 0.425
[TRAIN]: (1297/1400) reward: -13.744368355721235, rho: 0.45
[TRAIN]: (1298/1400) reward: -20.0, rho: 0.3875
[TRAIN]: (1299/1400) reward: 0.6755169779062271, rho: 0.31875
[TRAIN]: (1300/1400) reward: -14.184724569320679, rho: 0.50625
[TRAIN]: (1301/1400) reward: -4.193400263786316, rho: 0.4125
[TRAIN]: (1302/1400) reward: -13.92436634004116, rho: 0.43125
[TRAIN]: (1303/1400) reward: -9.087812185287476, rho: 0.29375
[TRAIN]: (1304/1400) reward: -12.948571376502514, rho: 0.4625
[TRAIN]: (1305/1400) reward: -10.289333581924438, rho: 0.4
[TRAIN]: (1306/1400) reward: -4.8216739892959595, rho: 0.38125
[TRAIN]: (1307/1400) reward: -13.572472129017115, rho: 0.4375
[TRAIN]: (1308/1400) reward: -16.12161460518837, rho: 0.48125
[TRAIN]: (1309/1400) reward: -9.758408546447754, rho: 0.375
[TRAIN]: (1310/1400) reward: -4.9777257442474365, rho: 0.25625
[TRAIN]: (1311/1400) reward: -9.548130512237549, rho: 0.43125
[TRAIN]: (1312/1400) reward: -10.682271003723145, rho: 0.50625
[TRAIN]: (1313/1400) reward: -17.606774926185608, rho: 0.45
[TRAIN]: (1314/1400) reward: 8.195233397185802, rho: 0.45
[TRAIN]: (1315/1400) reward: -13.431111723184586, rho: 0.375
[TRAIN]: (1316/1400) reward: -10.723717831075191, rho: 0.45625
[TRAIN]: (1317/1400) reward: -8.896820779889822, rho: 0.31875
[TRAIN]: (1318/1400) reward: -10.155037209624425, rho: 0.35625
[TRAIN]: (1319/1400) reward: -17.40505161229521, rho: 0.43125
[TRAIN]: (1320/1400) reward: 3.956598148215562, rho: 0.44375
[TRAIN]: (1321/1400) reward: -18.96615970879793, rho: 0.35
[TRAIN]: (1322/1400) reward: -4.2858865559101105, rho: 0.40625
[TRAIN]: (1323/1400) reward: -4.964547872543335, rho: 0.44375
[TRAIN]: (1324/1400) reward: 0.30761630088090897, rho: 0.36875
[TRAIN]: (1325/1400) reward: 8.037803702056408, rho: 0.45
[TRAIN]: (1326/1400) reward: 3.2866071462631226, rho: 0.325
[TRAIN]: (1327/1400) reward: 1.848017692565918, rho: 0.34375
[TRAIN]: (1328/1400) reward: -15.597785503836349, rho: 0.40625
[TRAIN]: (1329/1400) reward: -5.276973724365234, rho: 0.425
[TRAIN]: (1330/1400) reward: -8.394416689872742, rho: 0.45625
[TRAIN]: (1331/1400) reward: -1.878045916557312, rho: 0.46875
[TRAIN]: (1332/1400) reward: -10.469225108623505, rho: 0.525
[TRAIN]: (1333/1400) reward: -12.681313395500183, rho: 0.5125
[TRAIN]: (1334/1400) reward: -2.9928063452243805, rho: 0.3
[TRAIN]: (1335/1400) reward: 4.69688531011343, rho: 0.4125
[TRAIN]: (1336/1400) reward: -17.794742465019226, rho: 0.48125
[TRAIN]: (1337/1400) reward: -12.07586145401001, rho: 0.5125
[TRAIN]: (1338/1400) reward: -8.96428721677512, rho: 0.35
[TRAIN]: (1339/1400) reward: -13.870658800005913, rho: 0.375
[TRAIN]: (1340/1400) reward: -2.956237107515335, rho: 0.525
[TRAIN]: (1341/1400) reward: -7.860068380832672, rho: 0.30625
[TRAIN]: (1342/1400) reward: -13.080074310302734, rho: 0.4
[TRAIN]: (1343/1400) reward: -6.401143079041503, rho: 0.3625
[TRAIN]: (1344/1400) reward: 1.4566724048927426, rho: 0.3625
[TRAIN]: (1345/1400) reward: -18.19010704755783, rho: 0.41875
[TRAIN]: (1346/1400) reward: -17.802350759506226, rho: 0.375
[TRAIN]: (1347/1400) reward: -5.143641471862793, rho: 0.38125
[TRAIN]: (1348/1400) reward: -13.7003840431571, rho: 0.4125
[TRAIN]: (1349/1400) reward: 1.8088980801403522, rho: 0.50625
[TRAIN]: (1350/1400) reward: -10.31751811504364, rho: 0.3875
[TRAIN]: (1351/1400) reward: -7.119828298687935, rho: 0.375
[TRAIN]: (1352/1400) reward: -13.195905119529925, rho: 0.3875
[TRAIN]: (1353/1400) reward: -8.837528713047504, rho: 0.425
[TRAIN]: (1354/1400) reward: -10.38357925415039, rho: 0.29375
[TRAIN]: (1355/1400) reward: -10.181861877441406, rho: 0.48125
[TRAIN]: (1356/1400) reward: -8.936746686697006, rho: 0.44375
[TRAIN]: (1357/1400) reward: -16.43294609338045, rho: 0.5375
[TRAIN]: (1358/1400) reward: -20.0, rho: 0.55625
[TRAIN]: (1359/1400) reward: 12.976017639040947, rho: 0.3125
[TRAIN]: (1360/1400) reward: -1.078063726425171, rho: 0.4
[TRAIN]: (1361/1400) reward: -16.737389028072357, rho: 0.4125
[TRAIN]: (1362/1400) reward: -17.551448225975037, rho: 0.50625
[TRAIN]: (1363/1400) reward: -6.313838031375781, rho: 0.34375
[TRAIN]: (1364/1400) reward: -8.774825990200043, rho: 0.31875
[TRAIN]: (1365/1400) reward: -10.956692460924387, rho: 0.3375
[TRAIN]: (1366/1400) reward: -7.711989792995155, rho: 0.31875
[TRAIN]: (1367/1400) reward: -1.8972787261009216, rho: 0.49375
[TRAIN]: (1368/1400) reward: -8.73351275920868, rho: 0.3875
[TRAIN]: (1369/1400) reward: -13.402038868516684, rho: 0.375
[TRAIN]: (1370/1400) reward: 2.757536292076111, rho: 0.325
[TRAIN]: (1371/1400) reward: -6.696153241675347, rho: 0.41875
[TRAIN]: (1372/1400) reward: -7.473813695833087, rho: 0.375
[TRAIN]: (1373/1400) reward: -18.196327030658722, rho: 0.4
[TRAIN]: (1374/1400) reward: 4.679865188896656, rho: 0.425
[TRAIN]: (1375/1400) reward: -0.5376328565180302, rho: 0.425
[TRAIN]: (1376/1400) reward: -4.780841503292322, rho: 0.575
[TRAIN]: (1377/1400) reward: 2.0214171493425965, rho: 0.4
[TRAIN]: (1378/1400) reward: -14.808941467897967, rho: 0.46875
[TRAIN]: (1379/1400) reward: -12.594543159008026, rho: 0.44375
[TRAIN]: (1380/1400) reward: -16.912516176700592, rho: 0.45
[TRAIN]: (1381/1400) reward: -10.100757598876953, rho: 0.34375
[TRAIN]: (1382/1400) reward: -4.469932705163956, rho: 0.4375
[TRAIN]: (1383/1400) reward: -11.05575841292739, rho: 0.46875
[TRAIN]: (1384/1400) reward: -4.890060186386108, rho: 0.35
[TRAIN]: (1385/1400) reward: -4.8779177069664, rho: 0.50625
[TRAIN]: (1386/1400) reward: 2.923879384994507, rho: 0.34375
[TRAIN]: (1387/1400) reward: -7.787408143281937, rho: 0.38125
[TRAIN]: (1388/1400) reward: -16.41310477256775, rho: 0.25625
[TRAIN]: (1389/1400) reward: -15.100177582353354, rho: 0.4125
[TRAIN]: (1390/1400) reward: -6.6616034507751465, rho: 0.45625
[TRAIN]: (1391/1400) reward: -12.565024703741074, rho: 0.34375
[TRAIN]: (1392/1400) reward: -20.0, rho: 0.38125
[TRAIN]: (1393/1400) reward: -13.220441102981567, rho: 0.39375
[TRAIN]: (1394/1400) reward: -15.384085944853723, rho: 0.525
[TRAIN]: (1395/1400) reward: 7.315177649259567, rho: 0.34375
[TRAIN]: (1396/1400) reward: -13.134534507989883, rho: 0.4625
[TRAIN]: (1397/1400) reward: -10.988704025628977, rho: 0.3875
[TRAIN]: (1398/1400) reward: -1.7096573412418365, rho: 0.33125
[TRAIN]: (1399/1400) reward: -9.097140312194824, rho: 0.44375
[TRAIN]: (1400/1400) reward: -15.805702023208141, rho: 0.3375
