[MAIN]: START
[ENV]: Started init Environment
[ENV]: ACTIONS_SPACE: 257
[ENV]: Finished init Environment
[TRAIN]: actions: 257, observations: 12
[TRAIN]: CUDA: True
[TRAIN]: (1/1400) reward: -12.855512872338295, rho: 0.40625
[TRAIN]: SAVE MODEL: best_reward: -0.6427756436169147
[TRAIN]: (2/1400) reward: -17.25421430915594, rho: 0.44375
[TRAIN]: (3/1400) reward: -14.687806896865368, rho: 0.46875
[TRAIN]: (4/1400) reward: -8.795793354511261, rho: 0.4875
[TRAIN]: (5/1400) reward: -7.257954955101013, rho: 0.4375
[TRAIN]: (6/1400) reward: -10.23953914642334, rho: 0.4625
[TRAIN]: (7/1400) reward: -20.0, rho: 0.4625
[TRAIN]: (8/1400) reward: -13.068187296390533, rho: 0.5125
[TRAIN]: (9/1400) reward: -13.732250862929504, rho: 0.33125
[TRAIN]: (10/1400) reward: -18.688049852848053, rho: 0.4875
[TRAIN]: (11/1400) reward: -15.816308796405792, rho: 0.4
[TRAIN]: (12/1400) reward: -13.261374782770872, rho: 0.5125
[TRAIN]: (13/1400) reward: -5.562558064237237, rho: 0.51875
[TRAIN]: (14/1400) reward: -20.0, rho: 0.4625
[TRAIN]: (15/1400) reward: -17.335614724084735, rho: 0.39375
[TRAIN]: (16/1400) reward: -9.064611534588039, rho: 0.48125
[TRAIN]: (17/1400) reward: -11.792212953791022, rho: 0.44375
[TRAIN]: (18/1400) reward: -18.877542048692703, rho: 0.38125
[TRAIN]: (19/1400) reward: -16.18652629852295, rho: 0.56875
[TRAIN]: (20/1400) reward: -16.740140303969383, rho: 0.39375
[TRAIN]: (21/1400) reward: -5.75884236395359, rho: 0.41875
[TRAIN]: (22/1400) reward: -15.338412314653397, rho: 0.425
[TRAIN]: (23/1400) reward: -0.7451806515455246, rho: 0.39375
[TRAIN]: (24/1400) reward: -1.28285600990057, rho: 0.54375
[TRAIN]: (25/1400) reward: -18.028331458568573, rho: 0.53125
[TRAIN]: (26/1400) reward: -3.3147614002227783, rho: 0.34375
[TRAIN]: (27/1400) reward: -8.17030519247055, rho: 0.4375
[TRAIN]: (28/1400) reward: -8.0674754884094, rho: 0.38125
[TRAIN]: (29/1400) reward: 9.197496183216572, rho: 0.44375
[TRAIN]: (30/1400) reward: -16.926564721390605, rho: 0.575
[TRAIN]: (31/1400) reward: -9.118000149726868, rho: 0.44375
[TRAIN]: (32/1400) reward: -9.15725314617157, rho: 0.34375
[TRAIN]: (33/1400) reward: -13.151087522506714, rho: 0.4
[TRAIN]: (34/1400) reward: -9.701615564525127, rho: 0.40625
[TRAIN]: (35/1400) reward: -18.82333256304264, rho: 0.4625
[TRAIN]: (36/1400) reward: -0.4256763458251953, rho: 0.36875
[TRAIN]: (37/1400) reward: -1.6718052625656128, rho: 0.45
[TRAIN]: (38/1400) reward: -18.337952315807343, rho: 0.50625
[TRAIN]: (39/1400) reward: -4.077657029032707, rho: 0.4625
[TRAIN]: (40/1400) reward: -12.258522874675691, rho: 0.51875
[TRAIN]: (41/1400) reward: -2.342254331713775, rho: 0.33125
[TRAIN]: (42/1400) reward: -1.659190308302641, rho: 0.35
[TRAIN]: (43/1400) reward: 3.207540988922119, rho: 0.5125
[TRAIN]: (44/1400) reward: -14.558867454528809, rho: 0.44375
[TRAIN]: (45/1400) reward: -12.906123179302085, rho: 0.53125
[TRAIN]: (46/1400) reward: -20.0, rho: 0.3625
[TRAIN]: (47/1400) reward: -16.27370858192444, rho: 0.3625
[TRAIN]: (48/1400) reward: -11.120628833770752, rho: 0.41875
[TRAIN]: (49/1400) reward: -9.935333907604218, rho: 0.3875
[TRAIN]: (50/1400) reward: -3.164153814315796, rho: 0.2875
[TRAIN]: (51/1400) reward: -18.993008939549327, rho: 0.375
[TRAIN]: (52/1400) reward: 9.224758942611516, rho: 0.35625
[TRAIN]: (53/1400) reward: -17.82486927509308, rho: 0.26875
[TRAIN]: (54/1400) reward: -5.739272728562355, rho: 0.49375
[TRAIN]: (55/1400) reward: -6.96073904633522, rho: 0.44375
[TRAIN]: (56/1400) reward: -10.659699976444244, rho: 0.45625
[TRAIN]: (57/1400) reward: -10.914500713348389, rho: 0.5
[TRAIN]: (58/1400) reward: -7.217093467712402, rho: 0.51875
[TRAIN]: (59/1400) reward: 6.768195271492004, rho: 0.40625
[TRAIN]: (60/1400) reward: 11.566068887710571, rho: 0.26875
[TRAIN]: (61/1400) reward: -11.945935249328613, rho: 0.38125
[TRAIN]: (62/1400) reward: -15.528662532567978, rho: 0.4875
[TRAIN]: (63/1400) reward: -9.996220588684082, rho: 0.35625
[TRAIN]: (64/1400) reward: -4.8083769753575325, rho: 0.4375
[TRAIN]: (65/1400) reward: -11.459977405611426, rho: 0.425
[TRAIN]: (66/1400) reward: -11.74515438079834, rho: 0.43125
[TRAIN]: (67/1400) reward: -5.4906697273254395, rho: 0.48125
[TRAIN]: (68/1400) reward: -9.263511603698134, rho: 0.21875
[TRAIN]: (69/1400) reward: -9.169093608856201, rho: 0.48125
[TRAIN]: (70/1400) reward: -7.583597395569086, rho: 0.36875
[TRAIN]: (71/1400) reward: -13.636704314500093, rho: 0.36875
[TRAIN]: (72/1400) reward: -8.50559914112091, rho: 0.40625
[TRAIN]: (73/1400) reward: -14.312527298927307, rho: 0.30625
[TRAIN]: (74/1400) reward: -14.409989148378372, rho: 0.40625
[TRAIN]: (75/1400) reward: -2.010546565055847, rho: 0.375
[TRAIN]: (76/1400) reward: -18.957570992410183, rho: 0.4125
[TRAIN]: (77/1400) reward: -9.485014915466309, rho: 0.3125
[TRAIN]: (78/1400) reward: -4.211061147041619, rho: 0.38125
[TRAIN]: (79/1400) reward: -9.965962536633015, rho: 0.44375
[TRAIN]: (80/1400) reward: 1.8030125945806503, rho: 0.4375
[TRAIN]: (81/1400) reward: -3.0380115509033203, rho: 0.3875
[TRAIN]: (82/1400) reward: -9.201284531503916, rho: 0.43125
[TRAIN]: (83/1400) reward: -11.945607662200928, rho: 0.5375
[TRAIN]: (84/1400) reward: 0.9630460236221552, rho: 0.3875
[TRAIN]: (85/1400) reward: -11.311870127916336, rho: 0.46875
[TRAIN]: (86/1400) reward: -9.390498042106628, rho: 0.36875
[TRAIN]: (87/1400) reward: -11.678475707769394, rho: 0.225
[TRAIN]: (88/1400) reward: -13.134636461734772, rho: 0.3625
[TRAIN]: (89/1400) reward: -16.43976740539074, rho: 0.41875
[TRAIN]: (90/1400) reward: 2.667895570397377, rho: 0.38125
[TRAIN]: (91/1400) reward: -20.0, rho: 0.38125
[TRAIN]: (92/1400) reward: -6.820742189884186, rho: 0.35625
[TRAIN]: (93/1400) reward: -14.126754105091095, rho: 0.48125
[TRAIN]: (94/1400) reward: -19.0, rho: 0.4
[TRAIN]: (95/1400) reward: -10.732547876425087, rho: 0.2875
[TRAIN]: (96/1400) reward: -17.68695367872715, rho: 0.3625
[TRAIN]: (97/1400) reward: -12.558279991149902, rho: 0.34375
[TRAIN]: (98/1400) reward: -15.903212308883667, rho: 0.35
[TRAIN]: (99/1400) reward: -2.320237770676613, rho: 0.3625
[TRAIN]: (100/1400) reward: 4.914858267642558, rho: 0.38125
[TRAIN]: (101/1400) reward: 6.748621940612793, rho: 0.3375
[TRAIN]: (102/1400) reward: -11.319666678085923, rho: 0.45625
[TRAIN]: (103/1400) reward: -9.540802463889122, rho: 0.3375
[TRAIN]: (104/1400) reward: -2.364153084810823, rho: 0.50625
[TRAIN]: (105/1400) reward: -4.797861933708191, rho: 0.475
[TRAIN]: (106/1400) reward: -0.1903049387037754, rho: 0.5625
[TRAIN]: (107/1400) reward: -11.160265494138002, rho: 0.4125
[TRAIN]: (108/1400) reward: -9.383010506629944, rho: 0.35625
[TRAIN]: (109/1400) reward: -15.446270138025284, rho: 0.45625
[TRAIN]: (110/1400) reward: -17.250232338905334, rho: 0.45
[TRAIN]: (111/1400) reward: -0.6833324432373047, rho: 0.39375
[TRAIN]: (112/1400) reward: -14.407586583867669, rho: 0.38125
[TRAIN]: (113/1400) reward: -20.0, rho: 0.50625
[TRAIN]: (114/1400) reward: -10.570408754050732, rho: 0.4375
[TRAIN]: (115/1400) reward: -0.7060079574584961, rho: 0.425
[TRAIN]: (116/1400) reward: -17.667833379469812, rho: 0.45625
[TRAIN]: (117/1400) reward: -18.98278365470469, rho: 0.43125
[TRAIN]: (118/1400) reward: -15.959303207695484, rho: 0.36875
[TRAIN]: (119/1400) reward: -10.84382489323616, rho: 0.25
[TRAIN]: (120/1400) reward: -0.3803714889800176, rho: 0.4
[TRAIN]: (121/1400) reward: 5.830679405480623, rho: 0.31875
[TRAIN]: (122/1400) reward: -13.209184753708541, rho: 0.44375
[TRAIN]: (123/1400) reward: -6.595019847154617, rho: 0.46875
[TRAIN]: (124/1400) reward: -8.794634878635406, rho: 0.45
[TRAIN]: (125/1400) reward: -2.7883432805538177, rho: 0.425
[TRAIN]: (126/1400) reward: -1.8902433663606644, rho: 0.4
[TRAIN]: (127/1400) reward: -18.69551119208336, rho: 0.4375
[TRAIN]: (128/1400) reward: -7.830453634262085, rho: 0.375
[TRAIN]: (129/1400) reward: -4.223797082901001, rho: 0.375
[TRAIN]: (130/1400) reward: -5.875374928116798, rho: 0.425
[TRAIN]: (131/1400) reward: -13.240255355834961, rho: 0.4
[TRAIN]: (132/1400) reward: -7.4762987196445465, rho: 0.53125
[TRAIN]: (133/1400) reward: -11.38702735491097, rho: 0.53125
[TRAIN]: (134/1400) reward: -5.193967819213867, rho: 0.325
[TRAIN]: (135/1400) reward: -17.89270118623972, rho: 0.46875
[TRAIN]: (136/1400) reward: -3.448818564414978, rho: 0.46875
[TRAIN]: (137/1400) reward: -12.705540627241135, rho: 0.55625
[TRAIN]: (138/1400) reward: 0.6046148091554642, rho: 0.38125
[TRAIN]: (139/1400) reward: -20.0, rho: 0.45625
[TRAIN]: (140/1400) reward: 2.207024097442627, rho: 0.44375
[TRAIN]: (141/1400) reward: -13.953901821747422, rho: 0.41875
[TRAIN]: (142/1400) reward: -3.447136253118515, rho: 0.49375
[TRAIN]: (143/1400) reward: -9.095575966872275, rho: 0.49375
[TRAIN]: (144/1400) reward: -18.94100385531783, rho: 0.31875
[TRAIN]: (145/1400) reward: -13.043928765691817, rho: 0.3625
[TRAIN]: (146/1400) reward: 7.42578003089875, rho: 0.41875
[TRAIN]: (147/1400) reward: 0.902634859085083, rho: 0.34375
[TRAIN]: (148/1400) reward: -13.625349044799805, rho: 0.43125
[TRAIN]: (149/1400) reward: -16.188311100006104, rho: 0.53125
[TRAIN]: (150/1400) reward: -10.366685912013054, rho: 0.45625
[TRAIN]: (151/1400) reward: -9.02747556567192, rho: 0.3125
[TRAIN]: (152/1400) reward: -17.079291701316833, rho: 0.375
[TRAIN]: (153/1400) reward: 1.3865179494023323, rho: 0.425
[TRAIN]: (154/1400) reward: 3.77298104763031, rho: 0.4125
[TRAIN]: (155/1400) reward: -20.0, rho: 0.36875
[TRAIN]: (156/1400) reward: -9.93076103925705, rho: 0.45
[TRAIN]: (157/1400) reward: -8.546380698680878, rho: 0.44375
[TRAIN]: (158/1400) reward: -3.063870668411255, rho: 0.38125
[TRAIN]: (159/1400) reward: -12.905982494354248, rho: 0.35
[TRAIN]: (160/1400) reward: -11.273195147514343, rho: 0.55625
[TRAIN]: (161/1400) reward: 4.887364849448204, rho: 0.325
[TRAIN]: (162/1400) reward: -5.622818540781736, rho: 0.49375
[TRAIN]: (163/1400) reward: -18.974046625196934, rho: 0.46875
[TRAIN]: (164/1400) reward: -16.505102060735226, rho: 0.53125
[TRAIN]: (165/1400) reward: -8.776141352951527, rho: 0.3625
[TRAIN]: (166/1400) reward: -20.0, rho: 0.4625
[TRAIN]: (167/1400) reward: -13.618975296616554, rho: 0.40625
[TRAIN]: (168/1400) reward: 13.681562706828117, rho: 0.3875
[TRAIN]: (169/1400) reward: -9.53504417464137, rho: 0.40625
[TRAIN]: (170/1400) reward: 3.818382965400815, rho: 0.50625
[TRAIN]: (171/1400) reward: -17.408817696385086, rho: 0.3875
[TRAIN]: (172/1400) reward: -8.779963672161102, rho: 0.425
[TRAIN]: (173/1400) reward: -16.64913336187601, rho: 0.325
[TRAIN]: (174/1400) reward: 3.8638228592462838, rho: 0.35
[TRAIN]: (175/1400) reward: -13.476516723632812, rho: 0.3875
[TRAIN]: (176/1400) reward: -1.7498136162757874, rho: 0.425
[TRAIN]: (177/1400) reward: -11.941640933975577, rho: 0.5375
[TRAIN]: (178/1400) reward: -15.242162875831127, rho: 0.38125
[TRAIN]: (179/1400) reward: -3.614993095397949, rho: 0.25625
[TRAIN]: (180/1400) reward: -9.937834158539772, rho: 0.41875
[TRAIN]: (181/1400) reward: -12.663872936274856, rho: 0.43125
[TRAIN]: (182/1400) reward: -16.526598174124956, rho: 0.60625
[TRAIN]: (183/1400) reward: -9.42987310513854, rho: 0.48125
[TRAIN]: (184/1400) reward: 8.840560346841812, rho: 0.39375
[TRAIN]: (185/1400) reward: -11.26920536160469, rho: 0.425
[TRAIN]: (186/1400) reward: 7.9926948100328445, rho: 0.51875
[TRAIN]: (187/1400) reward: -15.09997595846653, rho: 0.46875
[TRAIN]: (188/1400) reward: -17.851698637008667, rho: 0.375
[TRAIN]: (189/1400) reward: 2.082623951137066, rho: 0.3625
[TRAIN]: (190/1400) reward: -14.905954867601395, rho: 0.4
[TRAIN]: (191/1400) reward: -11.154445469379425, rho: 0.44375
[TRAIN]: (192/1400) reward: -7.991819005459547, rho: 0.55625
[TRAIN]: (193/1400) reward: -9.033883824944496, rho: 0.45625
[TRAIN]: (194/1400) reward: -11.793475151062012, rho: 0.3
[TRAIN]: (195/1400) reward: 7.652272397652268, rho: 0.425
[TRAIN]: (196/1400) reward: -8.452598571777344, rho: 0.4125
[TRAIN]: (197/1400) reward: -9.644040636718273, rho: 0.375
[TRAIN]: (198/1400) reward: -11.030703067779541, rho: 0.43125
[TRAIN]: (199/1400) reward: -8.201313463039696, rho: 0.4375
[TRAIN]: (200/1400) reward: -1.577563587576151, rho: 0.4125
[TRAIN]: (201/1400) reward: -5.35265938937664, rho: 0.33125
[TRAIN]: (202/1400) reward: -1.6547197103500366, rho: 0.4
[TRAIN]: (203/1400) reward: -16.079405784606934, rho: 0.5375
[TRAIN]: (204/1400) reward: -18.000719368457794, rho: 0.39375
[TRAIN]: (205/1400) reward: -13.819496154785156, rho: 0.44375
[TRAIN]: (206/1400) reward: -17.141513347625732, rho: 0.4125
[TRAIN]: (207/1400) reward: -5.23898458480835, rho: 0.33125
[TRAIN]: (208/1400) reward: -10.930013790726662, rho: 0.425
[TRAIN]: (209/1400) reward: -11.40021163225174, rho: 0.5
[TRAIN]: (210/1400) reward: -15.261510556563735, rho: 0.38125
[TRAIN]: (211/1400) reward: -1.6579596027731895, rho: 0.425
[TRAIN]: (212/1400) reward: -3.1893659830093384, rho: 0.525
[TRAIN]: (213/1400) reward: -17.709009505808353, rho: 0.4375
[TRAIN]: (214/1400) reward: -18.858936861157417, rho: 0.29375
[TRAIN]: (215/1400) reward: -15.298806518316269, rho: 0.48125
[TRAIN]: (216/1400) reward: -5.009641051292419, rho: 0.38125
[TRAIN]: (217/1400) reward: -14.128124237060547, rho: 0.3875
[TRAIN]: (218/1400) reward: 20.701953798532486, rho: 0.35
[TRAIN]: (219/1400) reward: 1.3790372610092163, rho: 0.475
[TRAIN]: (220/1400) reward: 4.2154892683029175, rho: 0.325
[TRAIN]: (221/1400) reward: -3.3780078887939453, rho: 0.35
[TRAIN]: (222/1400) reward: -4.374348282814026, rho: 0.41875
[TRAIN]: (223/1400) reward: -9.426854968070984, rho: 0.4375
[TRAIN]: (224/1400) reward: -4.109843492507935, rho: 0.34375
[TRAIN]: (225/1400) reward: -7.452998042106628, rho: 0.425
[TRAIN]: (226/1400) reward: -3.9634523391723633, rho: 0.4125
[TRAIN]: (227/1400) reward: -7.674267798662186, rho: 0.41875
[TRAIN]: (228/1400) reward: -12.110153205692768, rho: 0.425
[TRAIN]: (229/1400) reward: 7.564087390899658, rho: 0.2875
[TRAIN]: (230/1400) reward: -10.461742097511888, rho: 0.53125
[TRAIN]: (231/1400) reward: -5.507644150406122, rho: 0.26875
[TRAIN]: (232/1400) reward: -5.45514103397727, rho: 0.475
[TRAIN]: (233/1400) reward: -11.854436129331589, rho: 0.35
[TRAIN]: (234/1400) reward: 5.673917563632131, rho: 0.39375
[TRAIN]: (235/1400) reward: -9.594646245241165, rho: 0.38125
[TRAIN]: (236/1400) reward: -8.860262051224709, rho: 0.3375
[TRAIN]: (237/1400) reward: 10.191981434822083, rho: 0.35625
[TRAIN]: (238/1400) reward: -1.712104320526123, rho: 0.3875
[TRAIN]: (239/1400) reward: -11.085418671369553, rho: 0.41875
[TRAIN]: (240/1400) reward: -9.029224589467049, rho: 0.40625
[TRAIN]: (241/1400) reward: -7.129981974605471, rho: 0.40625
[TRAIN]: (242/1400) reward: -5.378059387207031, rho: 0.30625
[TRAIN]: (243/1400) reward: -17.109647274017334, rho: 0.29375
[TRAIN]: (244/1400) reward: -1.6905554234981537, rho: 0.5
[TRAIN]: (245/1400) reward: -4.498745918273926, rho: 0.375
[TRAIN]: (246/1400) reward: 5.35779881477356, rho: 0.51875
[TRAIN]: (247/1400) reward: -11.202561500482261, rho: 0.475
[TRAIN]: (248/1400) reward: -9.462098330259323, rho: 0.3625
[TRAIN]: (249/1400) reward: -0.31901602260768414, rho: 0.41875
[TRAIN]: (250/1400) reward: -3.4959793826565146, rho: 0.44375
[TRAIN]: (251/1400) reward: -8.3751620054245, rho: 0.38125
[TRAIN]: (252/1400) reward: -5.632146004587412, rho: 0.425
[TRAIN]: (253/1400) reward: -0.2331862486898899, rho: 0.35625
[TRAIN]: (254/1400) reward: 8.280123417265713, rho: 0.34375
[TRAIN]: (255/1400) reward: -9.211644321680069, rho: 0.425
[TRAIN]: (256/1400) reward: -11.485466629266739, rho: 0.35
[TRAIN]: (257/1400) reward: -12.775213718414307, rho: 0.4125
[TRAIN]: (258/1400) reward: -9.97341675311327, rho: 0.31875
[TRAIN]: (259/1400) reward: 0.16706061363220215, rho: 0.43125
[TRAIN]: (260/1400) reward: -13.148914009332657, rho: 0.40625
[TRAIN]: (261/1400) reward: 2.210617380682379, rho: 0.33125
[TRAIN]: (262/1400) reward: -0.9196948707103729, rho: 0.3625
[TRAIN]: (263/1400) reward: -4.7156121134758, rho: 0.54375
[TRAIN]: (264/1400) reward: 13.064988195896149, rho: 0.375
[TRAIN]: (265/1400) reward: 2.2330358028411865, rho: 0.45625
[TRAIN]: (266/1400) reward: -9.902438499033451, rho: 0.44375
[TRAIN]: (267/1400) reward: -3.8352824822068214, rho: 0.35625
[TRAIN]: (268/1400) reward: 14.4660450136289, rho: 0.4
[TRAIN]: (269/1400) reward: -10.535243030637503, rho: 0.36875
[TRAIN]: (270/1400) reward: -2.432853937149048, rho: 0.375
[TRAIN]: (271/1400) reward: 13.577877270057797, rho: 0.3625
[TRAIN]: (272/1400) reward: 2.192471284419298, rho: 0.2625
[TRAIN]: (273/1400) reward: -4.909939229954034, rho: 0.44375
[TRAIN]: (274/1400) reward: -16.331565964967012, rho: 0.2875
[TRAIN]: (275/1400) reward: -4.862095110118389, rho: 0.45625
[TRAIN]: (276/1400) reward: 6.6919485898688436, rho: 0.44375
[TRAIN]: (277/1400) reward: -7.927179969847202, rho: 0.39375
[TRAIN]: (278/1400) reward: 2.8549562487751245, rho: 0.43125
[TRAIN]: (279/1400) reward: -1.9463920593261719, rho: 0.30625
[TRAIN]: (280/1400) reward: -4.291854560375214, rho: 0.33125
[TRAIN]: (281/1400) reward: -6.815847173333168, rho: 0.38125
[TRAIN]: (282/1400) reward: -9.596333086490631, rho: 0.35
[TRAIN]: (283/1400) reward: -13.13957965373993, rho: 0.3375
[TRAIN]: (284/1400) reward: -10.005624681711197, rho: 0.36875
[TRAIN]: (285/1400) reward: -14.829397700726986, rho: 0.51875
[TRAIN]: (286/1400) reward: -12.410244413651526, rho: 0.425
[TRAIN]: (287/1400) reward: 6.9438879787921906, rho: 0.3375
[TRAIN]: (288/1400) reward: -4.299574146978557, rho: 0.31875
[TRAIN]: (289/1400) reward: 19.65144443511963, rho: 0.36875
[TRAIN]: (290/1400) reward: -3.9296721443533897, rho: 0.3125
[TRAIN]: (291/1400) reward: -4.579523062333465, rho: 0.35
[TRAIN]: (292/1400) reward: 3.5225399509072304, rho: 0.35625
[TRAIN]: (293/1400) reward: -15.191739432513714, rho: 0.34375
[TRAIN]: (294/1400) reward: 3.342630974948406, rho: 0.3875
[TRAIN]: (295/1400) reward: 2.439678855240345, rho: 0.34375
[TRAIN]: (296/1400) reward: -7.796921668574214, rho: 0.325
[TRAIN]: (297/1400) reward: 5.369294881820679, rho: 0.3375
[TRAIN]: (298/1400) reward: 2.4671812653541565, rho: 0.33125
[TRAIN]: (299/1400) reward: -7.199220180511475, rho: 0.45625
[TRAIN]: (300/1400) reward: 7.121153883635998, rho: 0.3875
[TRAIN]: (301/1400) reward: -17.31253096461296, rho: 0.3375
[TRAIN]: (302/1400) reward: 9.358753928914666, rho: 0.3875
[TRAIN]: (303/1400) reward: 11.373538635671139, rho: 0.41875
[TRAIN]: (304/1400) reward: 1.0453436233801767, rho: 0.28125
[TRAIN]: (305/1400) reward: 0.3577832505106926, rho: 0.36875
[TRAIN]: (306/1400) reward: 7.731359347701073, rho: 0.4
[TRAIN]: (307/1400) reward: -15.673131309449673, rho: 0.39375
[TRAIN]: (308/1400) reward: -1.475897878408432, rho: 0.575
[TRAIN]: (309/1400) reward: -0.532439112663269, rho: 0.3
[TRAIN]: (310/1400) reward: 7.929174359887838, rho: 0.34375
[TRAIN]: (311/1400) reward: -16.84314528107643, rho: 0.28125
[TRAIN]: (312/1400) reward: -17.18903496861458, rho: 0.3625
[TRAIN]: (313/1400) reward: -1.474405400454998, rho: 0.35625
[TRAIN]: (314/1400) reward: 1.451709270477295, rho: 0.35
[TRAIN]: (315/1400) reward: 5.167817411245778, rho: 0.33125
[TRAIN]: (316/1400) reward: -7.27563950419426, rho: 0.34375
[TRAIN]: (317/1400) reward: -1.288481593132019, rho: 0.41875
[TRAIN]: (318/1400) reward: 8.441801816225052, rho: 0.40625
[TRAIN]: (319/1400) reward: -1.0872845314443111, rho: 0.375
[TRAIN]: (320/1400) reward: -6.382331728935242, rho: 0.5125
[TRAIN]: (321/1400) reward: -11.473557693418115, rho: 0.425
[TRAIN]: (322/1400) reward: -10.271821111440659, rho: 0.25
[TRAIN]: (323/1400) reward: -10.033711660187691, rho: 0.35
[TRAIN]: (324/1400) reward: 14.639616175321862, rho: 0.35625
[TRAIN]: (325/1400) reward: 19.179659543558955, rho: 0.425
[TRAIN]: (326/1400) reward: -2.578020479530096, rho: 0.35625
[TRAIN]: (327/1400) reward: -15.124109506607056, rho: 0.43125
[TRAIN]: (328/1400) reward: -9.057185638695955, rho: 0.3875
[TRAIN]: (329/1400) reward: 16.737545788288116, rho: 0.45
[TRAIN]: (330/1400) reward: 1.2698153629899025, rho: 0.35625
[TRAIN]: (331/1400) reward: -18.67817059159279, rho: 0.3875
[TRAIN]: (332/1400) reward: -18.970373272895813, rho: 0.4875
[TRAIN]: (333/1400) reward: 12.954763412475586, rho: 0.4125
[TRAIN]: (334/1400) reward: -6.299451794475317, rho: 0.475
[TRAIN]: (335/1400) reward: -8.229161005467176, rho: 0.35
[TRAIN]: (336/1400) reward: 18.541782170534134, rho: 0.25625
[TRAIN]: (337/1400) reward: -3.1621615886688232, rho: 0.33125
[TRAIN]: (338/1400) reward: 7.011180594563484, rho: 0.35
[TRAIN]: (339/1400) reward: -7.853603068739176, rho: 0.225
[TRAIN]: (340/1400) reward: 1.193804144859314, rho: 0.36875
[TRAIN]: (341/1400) reward: -8.080777859315276, rho: 0.4625
[TRAIN]: (342/1400) reward: -1.0756141021847725, rho: 0.4125
[TRAIN]: (343/1400) reward: -14.328909456729889, rho: 0.425
[TRAIN]: (344/1400) reward: -1.3088356256484985, rho: 0.41875
[TRAIN]: (345/1400) reward: -6.387203395366669, rho: 0.28125
[TRAIN]: (346/1400) reward: 0.46804593317210674, rho: 0.4625
[TRAIN]: (347/1400) reward: 4.274130908772349, rho: 0.40625
[TRAIN]: (348/1400) reward: 8.373598590493202, rho: 0.4
[TRAIN]: (349/1400) reward: 14.679170448333025, rho: 0.4875
[TRAIN]: (350/1400) reward: 0.30425622314214706, rho: 0.45625
[TRAIN]: (351/1400) reward: -19.0, rho: 0.36875
[TRAIN]: (352/1400) reward: -4.883488282561302, rho: 0.33125
[TRAIN]: (353/1400) reward: -6.077385820448399, rho: 0.425
[TRAIN]: (354/1400) reward: -10.93933391571045, rho: 0.40625
[TRAIN]: (355/1400) reward: -13.012900911271572, rho: 0.35
[TRAIN]: (356/1400) reward: 12.453894069418311, rho: 0.33125
[TRAIN]: (357/1400) reward: -14.111957555636764, rho: 0.35625
[TRAIN]: (358/1400) reward: 21.752159336581826, rho: 0.30625
[TRAIN]: (359/1400) reward: 1.1603747121989727, rho: 0.49375
[TRAIN]: (360/1400) reward: -9.011743694543839, rho: 0.41875
[TRAIN]: (361/1400) reward: -3.2032022327184677, rho: 0.375
[TRAIN]: (362/1400) reward: 2.169941920787096, rho: 0.36875
[TRAIN]: (363/1400) reward: 19.877965218387544, rho: 0.34375
[TRAIN]: (364/1400) reward: -3.851989299058914, rho: 0.4
[TRAIN]: (365/1400) reward: -11.866066375747323, rho: 0.56875
[TRAIN]: (366/1400) reward: -1.5704683531075716, rho: 0.35625
[TRAIN]: (367/1400) reward: -11.081445813179016, rho: 0.33125
[TRAIN]: (368/1400) reward: 7.562315502204001, rho: 0.34375
[TRAIN]: (369/1400) reward: -18.97293679602444, rho: 0.39375
[TRAIN]: (370/1400) reward: 12.415486946702003, rho: 0.4375
[TRAIN]: (371/1400) reward: 2.060714967548847, rho: 0.425
[TRAIN]: (372/1400) reward: 5.7918864050880075, rho: 0.25625
[TRAIN]: (373/1400) reward: 6.805844779359177, rho: 0.325
[TRAIN]: (374/1400) reward: 19.240279398858547, rho: 0.375
[TRAIN]: (375/1400) reward: 4.851349897682667, rho: 0.31875
[TRAIN]: (376/1400) reward: -1.130601167678833, rho: 0.35
[TRAIN]: (377/1400) reward: 20.02357904613018, rho: 0.48125
[TRAIN]: (378/1400) reward: 5.028605010360479, rho: 0.325
[TRAIN]: (379/1400) reward: -2.2931815311312675, rho: 0.4375
[TRAIN]: (380/1400) reward: -3.2347137331962585, rho: 0.29375
[TRAIN]: (381/1400) reward: 17.354651775211096, rho: 0.25
[TRAIN]: (382/1400) reward: 14.544579669833183, rho: 0.425
[TRAIN]: (383/1400) reward: 9.779592961072922, rho: 0.38125
[TRAIN]: (384/1400) reward: 1.6127863973379135, rho: 0.3875
[TRAIN]: (385/1400) reward: -8.167336653918028, rho: 0.33125
[TRAIN]: (386/1400) reward: 0.8980720437939453, rho: 0.26875
[TRAIN]: (387/1400) reward: 5.709293385967612, rho: 0.2375
[TRAIN]: (388/1400) reward: 11.862478226423264, rho: 0.35625
[TRAIN]: (389/1400) reward: 7.460355882765725, rho: 0.29375
[TRAIN]: (390/1400) reward: 4.278098523616791, rho: 0.33125
[TRAIN]: (391/1400) reward: -4.39409613609314, rho: 0.43125
[TRAIN]: (392/1400) reward: -2.773630142211914, rho: 0.375
[TRAIN]: (393/1400) reward: -9.305671149864793, rho: 0.2625
[TRAIN]: (394/1400) reward: 2.8194443583488464, rho: 0.44375
[TRAIN]: (395/1400) reward: 8.30691022053361, rho: 0.39375
[TRAIN]: (396/1400) reward: -9.783089791890234, rho: 0.45
[TRAIN]: (397/1400) reward: -5.606994966045022, rho: 0.30625
[TRAIN]: (398/1400) reward: 21.872829020023346, rho: 0.375
[TRAIN]: (399/1400) reward: 25.90047924897226, rho: 0.35
[TRAIN]: (400/1400) reward: 23.563870953395963, rho: 0.4
[TRAIN]: (401/1400) reward: 0.28612443804740906, rho: 0.4125
[TRAIN]: (402/1400) reward: -1.367044597864151, rho: 0.4375
[TRAIN]: (403/1400) reward: -1.6632633209228516, rho: 0.5
[TRAIN]: (404/1400) reward: -3.3716349778696895, rho: 0.39375
[TRAIN]: (405/1400) reward: -2.48403263092041, rho: 0.31875
[TRAIN]: (406/1400) reward: -6.372321673668921, rho: 0.4375
[TRAIN]: (407/1400) reward: -5.442480517551303, rho: 0.35625
[TRAIN]: (408/1400) reward: 11.71789225935936, rho: 0.4375
[TRAIN]: (409/1400) reward: -0.8053553104400635, rho: 0.3125
[TRAIN]: (410/1400) reward: -6.532849976792932, rho: 0.3875
[TRAIN]: (411/1400) reward: -6.943045988678932, rho: 0.3625
[TRAIN]: (412/1400) reward: 4.764425754547119, rho: 0.3125
[TRAIN]: (413/1400) reward: 9.34561014175415, rho: 0.28125
[TRAIN]: (414/1400) reward: -4.245366957038641, rho: 0.39375
[TRAIN]: (415/1400) reward: 19.30345760146156, rho: 0.375
[TRAIN]: (416/1400) reward: -6.872998237609863, rho: 0.21875
[TRAIN]: (417/1400) reward: -14.54875747510232, rho: 0.41875
[TRAIN]: (418/1400) reward: 5.270180799998343, rho: 0.3625
[TRAIN]: (419/1400) reward: -10.133227435871959, rho: 0.43125
[TRAIN]: (420/1400) reward: 5.788471303880215, rho: 0.3125
[TRAIN]: (421/1400) reward: -17.73844623565674, rho: 0.43125
[TRAIN]: (422/1400) reward: 4.481986328959465, rho: 0.39375
[TRAIN]: (423/1400) reward: 1.7411327958106995, rho: 0.375
[TRAIN]: (424/1400) reward: 1.0279823339078575, rho: 0.3375
[TRAIN]: (425/1400) reward: 0.09480559080839157, rho: 0.425
[TRAIN]: (426/1400) reward: -2.8771697599440813, rho: 0.44375
[TRAIN]: (427/1400) reward: -7.849816031754017, rho: 0.35625
[TRAIN]: (428/1400) reward: 6.779528864659369, rho: 0.46875
[TRAIN]: (429/1400) reward: 15.899441096698865, rho: 0.3125
[TRAIN]: (430/1400) reward: -4.2520058155059814, rho: 0.3625
[TRAIN]: (431/1400) reward: -0.5667896997183561, rho: 0.39375
[TRAIN]: (432/1400) reward: -11.10598162189126, rho: 0.45
[TRAIN]: (433/1400) reward: -2.8364785835146904, rho: 0.44375
[TRAIN]: (434/1400) reward: 4.374517560005188, rho: 0.3625
[TRAIN]: (435/1400) reward: 31.147037379443645, rho: 0.31875
[TRAIN]: (436/1400) reward: -7.5000903606414795, rho: 0.19375
[TRAIN]: (437/1400) reward: -14.469523414969444, rho: 0.43125
[TRAIN]: (438/1400) reward: 3.6687530046328902, rho: 0.33125
[TRAIN]: (439/1400) reward: 6.745604515075684, rho: 0.38125
[TRAIN]: (440/1400) reward: -9.848500967025757, rho: 0.3625
[TRAIN]: (441/1400) reward: -10.351146591361612, rho: 0.35625
[TRAIN]: (442/1400) reward: 13.489565134048462, rho: 0.44375
[TRAIN]: (443/1400) reward: -5.059344708919525, rho: 0.2875
[TRAIN]: (444/1400) reward: 16.46092144306749, rho: 0.375
[TRAIN]: (445/1400) reward: 15.27817771397531, rho: 0.3125
[TRAIN]: (446/1400) reward: 6.268980081193149, rho: 0.425
[TRAIN]: (447/1400) reward: -13.050283037358895, rho: 0.28125
[TRAIN]: (448/1400) reward: 11.259904377162457, rho: 0.30625
[TRAIN]: (449/1400) reward: 4.178773054853082, rho: 0.5
[TRAIN]: (450/1400) reward: 15.219260215759277, rho: 0.20625
[TRAIN]: (451/1400) reward: 3.964778423309326, rho: 0.49375
[TRAIN]: (452/1400) reward: -3.7074082121253014, rho: 0.43125
[TRAIN]: (453/1400) reward: -14.999056100845337, rho: 0.3125
[TRAIN]: (454/1400) reward: 6.008284293115139, rho: 0.33125
[TRAIN]: (455/1400) reward: 11.261224269866943, rho: 0.31875
[TRAIN]: (456/1400) reward: 1.6478400230407715, rho: 0.28125
[TRAIN]: (457/1400) reward: 21.864936769008636, rho: 0.33125
[TRAIN]: (458/1400) reward: 7.311254978179932, rho: 0.31875
[TRAIN]: (459/1400) reward: 18.96255972981453, rho: 0.3375
[TRAIN]: (460/1400) reward: -8.011147022247314, rho: 0.28125
[TRAIN]: (461/1400) reward: 23.84980528242886, rho: 0.29375
[TRAIN]: (462/1400) reward: 7.696733266115189, rho: 0.41875
[TRAIN]: (463/1400) reward: 3.222573288716376, rho: 0.3625
[TRAIN]: (464/1400) reward: 29.82657715678215, rho: 0.40625
[TRAIN]: (465/1400) reward: 8.691237065941095, rho: 0.35625
[TRAIN]: (466/1400) reward: -5.189300715923309, rho: 0.33125
[TRAIN]: (467/1400) reward: -8.064709171419963, rho: 0.4125
[TRAIN]: (468/1400) reward: -3.100188583135605, rho: 0.38125
[TRAIN]: (469/1400) reward: -2.8003182411193848, rho: 0.41875
[TRAIN]: (470/1400) reward: -16.378488078713417, rho: 0.25
[TRAIN]: (471/1400) reward: 6.156115525052883, rho: 0.38125
[TRAIN]: (472/1400) reward: -2.8538449183106422, rho: 0.2875
[TRAIN]: (473/1400) reward: 0.4996868968009949, rho: 0.39375
[TRAIN]: (474/1400) reward: -11.890544775873423, rho: 0.28125
[TRAIN]: (475/1400) reward: -2.036683553829789, rho: 0.325
[TRAIN]: (476/1400) reward: 29.8317831158638, rho: 0.3875
[TRAIN]: (477/1400) reward: 14.97040605545044, rho: 0.425
[TRAIN]: (478/1400) reward: -1.28050796687603, rho: 0.20625
[TRAIN]: (479/1400) reward: -2.0777911245822906, rho: 0.31875
[TRAIN]: (480/1400) reward: -7.425187706947327, rho: 0.3125
[TRAIN]: (481/1400) reward: 5.958428978919983, rho: 0.4
[TRAIN]: (482/1400) reward: 19.903717443346977, rho: 0.38125
[TRAIN]: (483/1400) reward: 5.949441832024604, rho: 0.325
[TRAIN]: (484/1400) reward: 11.352497577667236, rho: 0.30625
[TRAIN]: (485/1400) reward: 13.906874775886536, rho: 0.35
[TRAIN]: (486/1400) reward: 18.38444122672081, rho: 0.34375
[TRAIN]: (487/1400) reward: -10.765505999326706, rho: 0.29375
[TRAIN]: (488/1400) reward: 21.84873872809112, rho: 0.34375
[TRAIN]: (489/1400) reward: 14.427693769335747, rho: 0.3375
[TRAIN]: (490/1400) reward: -3.1363192349672318, rho: 0.31875
[TRAIN]: (491/1400) reward: 7.755765277601313, rho: 0.40625
[TRAIN]: (492/1400) reward: -8.667731374502182, rho: 0.3875
[TRAIN]: (493/1400) reward: 11.097645791247487, rho: 0.36875
[TRAIN]: (494/1400) reward: 4.186354484409094, rho: 0.33125
[TRAIN]: (495/1400) reward: 7.488284250721335, rho: 0.38125
[TRAIN]: (496/1400) reward: -1.375057490542531, rho: 0.4125
[TRAIN]: (497/1400) reward: -3.0383824706077576, rho: 0.44375
[TRAIN]: (498/1400) reward: 18.942535419017076, rho: 0.2875
[TRAIN]: (499/1400) reward: -7.604110557585955, rho: 0.36875
[TRAIN]: (500/1400) reward: 26.907834880053997, rho: 0.35625
[TRAIN]: (501/1400) reward: 6.022865770501085, rho: 0.34375
[TRAIN]: (502/1400) reward: 4.409487258642912, rho: 0.3375
[TRAIN]: (503/1400) reward: 13.03884950466454, rho: 0.33125
[TRAIN]: (504/1400) reward: 9.491668588947505, rho: 0.3375
[TRAIN]: (505/1400) reward: -4.745752587914467, rho: 0.43125
[TRAIN]: (506/1400) reward: 3.099016010761261, rho: 0.375
[TRAIN]: (507/1400) reward: 3.587749518454075, rho: 0.28125
[TRAIN]: (508/1400) reward: 17.385795161128044, rho: 0.30625
[TRAIN]: (509/1400) reward: 16.66952310875058, rho: 0.3125
[TRAIN]: (510/1400) reward: 9.44022738118656, rho: 0.2875
[TRAIN]: (511/1400) reward: 6.310226854868233, rho: 0.35625
[TRAIN]: (512/1400) reward: 13.232837438583374, rho: 0.38125
[TRAIN]: (513/1400) reward: 4.671986818313599, rho: 0.39375
[TRAIN]: (514/1400) reward: 14.683832487091422, rho: 0.28125
[TRAIN]: (515/1400) reward: 10.474493882444222, rho: 0.36875
[TRAIN]: (516/1400) reward: 21.61220660060644, rho: 0.28125
[TRAIN]: (517/1400) reward: -1.2068323194980621, rho: 0.31875
[TRAIN]: (518/1400) reward: 18.867412723600864, rho: 0.34375
[TRAIN]: (519/1400) reward: -5.042863647453487, rho: 0.3875
[TRAIN]: (520/1400) reward: 7.633650888921693, rho: 0.3125
[TRAIN]: (521/1400) reward: -16.538601778447628, rho: 0.425
[TRAIN]: (522/1400) reward: 6.636017918586731, rho: 0.2625
[TRAIN]: (523/1400) reward: 7.259239196777344, rho: 0.34375
[TRAIN]: (524/1400) reward: 14.21885957941413, rho: 0.2375
[TRAIN]: (525/1400) reward: 24.542965590953827, rho: 0.35
[TRAIN]: (526/1400) reward: -3.325774669647217, rho: 0.3125
[TRAIN]: (527/1400) reward: 34.69507125392556, rho: 0.275
[TRAIN]: (528/1400) reward: -9.04846641421318, rho: 0.3375
[TRAIN]: (529/1400) reward: 21.60065556317568, rho: 0.35625
[TRAIN]: (530/1400) reward: -9.492356173694134, rho: 0.39375
[TRAIN]: (531/1400) reward: 7.94663275917992, rho: 0.38125
[TRAIN]: (532/1400) reward: 15.459987178444862, rho: 0.34375
[TRAIN]: (533/1400) reward: 9.89914708212018, rho: 0.33125
[TRAIN]: (534/1400) reward: -6.721550077199936, rho: 0.35
[TRAIN]: (535/1400) reward: 16.047097351402044, rho: 0.29375
[TRAIN]: (536/1400) reward: -8.946134891360998, rho: 0.46875
[TRAIN]: (537/1400) reward: -11.499941485002637, rho: 0.25625
[TRAIN]: (538/1400) reward: 7.66014663875103, rho: 0.425
[TRAIN]: (539/1400) reward: 6.221093401312828, rho: 0.35
[TRAIN]: (540/1400) reward: -15.050092343240976, rho: 0.3875
[TRAIN]: (541/1400) reward: 25.152909569442272, rho: 0.30625
[TRAIN]: (542/1400) reward: -4.223495917394757, rho: 0.38125
[TRAIN]: (543/1400) reward: 10.081891268491745, rho: 0.325
[TRAIN]: (544/1400) reward: 8.847062736749649, rho: 0.24375
[TRAIN]: (545/1400) reward: 7.343107812106609, rho: 0.25625
[TRAIN]: (546/1400) reward: 10.195308350026608, rho: 0.33125
[TRAIN]: (547/1400) reward: -5.496692895889282, rho: 0.275
[TRAIN]: (548/1400) reward: -10.771029780153185, rho: 0.29375
[TRAIN]: (549/1400) reward: -16.964481711387634, rho: 0.425
[TRAIN]: (550/1400) reward: 2.302085280418396, rho: 0.4
[TRAIN]: (551/1400) reward: 15.008092690259218, rho: 0.34375
[TRAIN]: (552/1400) reward: 2.267873704433441, rho: 0.40625
[TRAIN]: (553/1400) reward: 6.083647909574211, rho: 0.25
[TRAIN]: (554/1400) reward: -5.1237465888261795, rho: 0.41875
[TRAIN]: (555/1400) reward: -9.279163122177124, rho: 0.4625
[TRAIN]: (556/1400) reward: 17.221805572509766, rho: 0.3
[TRAIN]: (557/1400) reward: 31.1529058101587, rho: 0.30625
[TRAIN]: (558/1400) reward: -1.6128094345331192, rho: 0.31875
[TRAIN]: (559/1400) reward: 0.42720017582178116, rho: 0.2625
[TRAIN]: (560/1400) reward: -18.930548153817654, rho: 0.35
[TRAIN]: (561/1400) reward: 6.073037147521973, rho: 0.43125
[TRAIN]: (562/1400) reward: 17.847910337150097, rho: 0.38125
[TRAIN]: (563/1400) reward: 4.813843743875623, rho: 0.30625
[TRAIN]: (564/1400) reward: -11.117080211639404, rho: 0.375
[TRAIN]: (565/1400) reward: -1.008940428495407, rho: 0.3
[TRAIN]: (566/1400) reward: 16.198368545621634, rho: 0.3625
[TRAIN]: (567/1400) reward: 24.810053028166294, rho: 0.2375
[TRAIN]: (568/1400) reward: 7.309987634420395, rho: 0.3
[TRAIN]: (569/1400) reward: -1.7848201096057892, rho: 0.275
[TRAIN]: (570/1400) reward: 6.183149219490588, rho: 0.3125
[TRAIN]: (571/1400) reward: -2.3646912574768066, rho: 0.35625
[TRAIN]: (572/1400) reward: 11.252453856170177, rho: 0.38125
[TRAIN]: (573/1400) reward: 25.4299635887146, rho: 0.3125
[TRAIN]: (574/1400) reward: 12.865693373139948, rho: 0.275
[TRAIN]: (575/1400) reward: 10.344682335853577, rho: 0.25625
[TRAIN]: (576/1400) reward: -3.0296510281041265, rho: 0.3625
[TRAIN]: (577/1400) reward: -2.0556292831897736, rho: 0.36875
[TRAIN]: (578/1400) reward: -3.982387065887451, rho: 0.34375
[TRAIN]: (579/1400) reward: 20.11588764190674, rho: 0.31875
[TRAIN]: (580/1400) reward: 22.97149177826941, rho: 0.2625
[TRAIN]: (581/1400) reward: 13.755960553884506, rho: 0.28125
[TRAIN]: (582/1400) reward: 9.431728202849627, rho: 0.3375
[TRAIN]: (583/1400) reward: 9.675925016403198, rho: 0.3375
[TRAIN]: (584/1400) reward: -5.95060595870018, rho: 0.375
[TRAIN]: (585/1400) reward: 5.2144880294799805, rho: 0.30625
[TRAIN]: (586/1400) reward: 7.971587803214788, rho: 0.375
[TRAIN]: (587/1400) reward: 9.956183075904846, rho: 0.43125
[TRAIN]: (588/1400) reward: 10.532470235601068, rho: 0.21875
[TRAIN]: (589/1400) reward: 7.257883623242378, rho: 0.375
[TRAIN]: (590/1400) reward: 5.581714943051338, rho: 0.30625
[TRAIN]: (591/1400) reward: 7.1607251185923815, rho: 0.3375
[TRAIN]: (592/1400) reward: 18.146689116954803, rho: 0.3125
[TRAIN]: (593/1400) reward: 15.63786268234253, rho: 0.25625
[TRAIN]: (594/1400) reward: -8.093057306483388, rho: 0.39375
[TRAIN]: (595/1400) reward: 10.808267440646887, rho: 0.23125
[TRAIN]: (596/1400) reward: 2.098976893350482, rho: 0.3375
[TRAIN]: (597/1400) reward: 22.047508349642158, rho: 0.24375
[TRAIN]: (598/1400) reward: 35.02922471612692, rho: 0.19375
[TRAIN]: (599/1400) reward: 5.816345356404781, rho: 0.35625
[TRAIN]: (600/1400) reward: 13.421252563595772, rho: 0.26875
[TRAIN]: (601/1400) reward: 7.949953444302082, rho: 0.33125
[TRAIN]: (602/1400) reward: 0.3198441779240966, rho: 0.2625
[TRAIN]: (603/1400) reward: 6.00569333153544, rho: 0.41875
[TRAIN]: (604/1400) reward: 1.2287897942587733, rho: 0.3625
[TRAIN]: (605/1400) reward: 10.045206654816866, rho: 0.25
[TRAIN]: (606/1400) reward: 27.35932021588087, rho: 0.11875
[TRAIN]: (607/1400) reward: 10.249309539794922, rho: 0.375
[TRAIN]: (608/1400) reward: 9.575946182012558, rho: 0.4
[TRAIN]: (609/1400) reward: 15.903473697602749, rho: 0.34375
[TRAIN]: (610/1400) reward: 7.66590478643775, rho: 0.35
[TRAIN]: (611/1400) reward: -10.864400004968047, rho: 0.35
[TRAIN]: (612/1400) reward: -5.6876280307769775, rho: 0.375
[TRAIN]: (613/1400) reward: 0.3347959518432617, rho: 0.31875
[TRAIN]: (614/1400) reward: 11.190713334828615, rho: 0.4375
[TRAIN]: (615/1400) reward: 20.58198804780841, rho: 0.2625
[TRAIN]: (616/1400) reward: 14.582261028932407, rho: 0.3125
[TRAIN]: (617/1400) reward: 0.2568613179028034, rho: 0.28125
[TRAIN]: (618/1400) reward: 6.622222125530243, rho: 0.225
[TRAIN]: (619/1400) reward: -2.2852491359226406, rho: 0.33125
[TRAIN]: (620/1400) reward: -8.798084568232298, rho: 0.36875
[TRAIN]: (621/1400) reward: -3.0723187923431396, rho: 0.44375
[TRAIN]: (622/1400) reward: -11.337565492838621, rho: 0.38125
[TRAIN]: (623/1400) reward: 4.676845625042915, rho: 0.375
[TRAIN]: (624/1400) reward: 19.32740443944931, rho: 0.25625
[TRAIN]: (625/1400) reward: -9.80511736869812, rho: 0.35625
[TRAIN]: (626/1400) reward: 20.27808960992843, rho: 0.28125
[TRAIN]: (627/1400) reward: 7.111220719758421, rho: 0.275
[TRAIN]: (628/1400) reward: 1.8187460899353027, rho: 0.3375
[TRAIN]: (629/1400) reward: 16.432568952441216, rho: 0.3
[TRAIN]: (630/1400) reward: 7.874122902750969, rho: 0.2625
[TRAIN]: (631/1400) reward: 11.75859396532178, rho: 0.3375
[TRAIN]: (632/1400) reward: -2.979178164852783, rho: 0.35625
[TRAIN]: (633/1400) reward: 14.65821391157806, rho: 0.38125
[TRAIN]: (634/1400) reward: -14.819987773895264, rho: 0.3625
[TRAIN]: (635/1400) reward: 7.814419306814671, rho: 0.31875
[TRAIN]: (636/1400) reward: 0.49402478337287903, rho: 0.225
[TRAIN]: (637/1400) reward: 31.78555589541793, rho: 0.28125
[TRAIN]: (638/1400) reward: 15.797843947715592, rho: 0.375
[TRAIN]: (639/1400) reward: 12.765312725678086, rho: 0.28125
[TRAIN]: (640/1400) reward: 2.4764227950945497, rho: 0.21875
[TRAIN]: (641/1400) reward: -4.7932024002075195, rho: 0.43125
[TRAIN]: (642/1400) reward: 2.8132320158183575, rho: 0.3
[TRAIN]: (643/1400) reward: -10.918019585777074, rho: 0.3375
[TRAIN]: (644/1400) reward: 20.742754995822906, rho: 0.2625
[TRAIN]: (645/1400) reward: 11.669665418565273, rho: 0.3375
[TRAIN]: (646/1400) reward: 4.202115301042795, rho: 0.33125
[TRAIN]: (647/1400) reward: 27.03273731470108, rho: 0.2
[TRAIN]: (648/1400) reward: 11.97211229801178, rho: 0.25625
[TRAIN]: (649/1400) reward: -3.2370220059528947, rho: 0.38125
[TRAIN]: (650/1400) reward: -7.755585744976997, rho: 0.375
[TRAIN]: (651/1400) reward: 22.591025503352284, rho: 0.36875
[TRAIN]: (652/1400) reward: 11.002994554117322, rho: 0.39375
[TRAIN]: (653/1400) reward: 14.554329868406057, rho: 0.31875
[TRAIN]: (654/1400) reward: 11.31923539377749, rho: 0.2625
[TRAIN]: (655/1400) reward: 23.722396977245808, rho: 0.3375
[TRAIN]: (656/1400) reward: -5.659848153591156, rho: 0.3375
[TRAIN]: (657/1400) reward: 13.838336814194918, rho: 0.35625
[TRAIN]: (658/1400) reward: 21.716838836669922, rho: 0.2875
[TRAIN]: (659/1400) reward: 15.895983695983887, rho: 0.325
[TRAIN]: (660/1400) reward: 6.389030575752258, rho: 0.35
[TRAIN]: (661/1400) reward: 18.765063386410475, rho: 0.4125
[TRAIN]: (662/1400) reward: 24.44889396429062, rho: 0.35
[TRAIN]: (663/1400) reward: 0.5326352119445801, rho: 0.34375
[TRAIN]: (664/1400) reward: 24.77820356376469, rho: 0.25
[TRAIN]: (665/1400) reward: 18.45579832792282, rho: 0.3625
[TRAIN]: (666/1400) reward: 37.03571193717653, rho: 0.30625
[TRAIN]: (667/1400) reward: 1.3270235769450665, rho: 0.4
[TRAIN]: (668/1400) reward: 6.693182162940502, rho: 0.41875
[TRAIN]: (669/1400) reward: 11.921097095590085, rho: 0.3375
[TRAIN]: (670/1400) reward: 2.676629826426506, rho: 0.425
[TRAIN]: (671/1400) reward: 27.744061338715255, rho: 0.2625
[TRAIN]: (672/1400) reward: -16.002353191375732, rho: 0.325
[TRAIN]: (673/1400) reward: 13.131356552243233, rho: 0.3
[TRAIN]: (674/1400) reward: 16.90553680807352, rho: 0.3
[TRAIN]: (675/1400) reward: 13.085625171661377, rho: 0.2875
[TRAIN]: (676/1400) reward: 10.98053320730105, rho: 0.2625
[TRAIN]: (677/1400) reward: -9.306128293683287, rho: 0.29375
[TRAIN]: (678/1400) reward: 27.930800028145313, rho: 0.2375
[TRAIN]: (679/1400) reward: 22.922168443445116, rho: 0.275
[TRAIN]: (680/1400) reward: 38.452003836631775, rho: 0.4
[TRAIN]: (681/1400) reward: 27.45205249846913, rho: 0.36875
[TRAIN]: (682/1400) reward: 13.527525156736374, rho: 0.3125
[TRAIN]: (683/1400) reward: 29.213245898485184, rho: 0.25
[TRAIN]: (684/1400) reward: 20.128975074738264, rho: 0.2625
[TRAIN]: (685/1400) reward: 9.909890837967396, rho: 0.3375
[TRAIN]: (686/1400) reward: 15.764691829681396, rho: 0.2625
[TRAIN]: (687/1400) reward: 28.57026743888855, rho: 0.2
[TRAIN]: (688/1400) reward: 22.288557229563594, rho: 0.13125
[TRAIN]: (689/1400) reward: -3.685842603445053, rho: 0.43125
[TRAIN]: (690/1400) reward: 13.868335044942796, rho: 0.24375
[TRAIN]: (691/1400) reward: -5.366581951268017, rho: 0.30625
[TRAIN]: (692/1400) reward: 15.055098145268857, rho: 0.2375
[TRAIN]: (693/1400) reward: 17.775343418121338, rho: 0.175
[TRAIN]: (694/1400) reward: 21.183031745254993, rho: 0.3125
[TRAIN]: (695/1400) reward: 32.43735941173509, rho: 0.31875
[TRAIN]: (696/1400) reward: -1.8004866255214438, rho: 0.2375
[TRAIN]: (697/1400) reward: -8.417225509881973, rho: 0.25
[TRAIN]: (698/1400) reward: 26.22717311605811, rho: 0.2375
[TRAIN]: (699/1400) reward: 25.125328838825226, rho: 0.3125
[TRAIN]: (700/1400) reward: 28.12093509361148, rho: 0.3125
[TRAIN]: (701/1400) reward: 6.080721397418529, rho: 0.34375
[TRAIN]: (702/1400) reward: 19.009437005966902, rho: 0.325
[TRAIN]: (703/1400) reward: -3.734880391508341, rho: 0.40625
[TRAIN]: (704/1400) reward: 3.7211461272090673, rho: 0.25625
[TRAIN]: (705/1400) reward: 34.514495773240924, rho: 0.2875
[TRAIN]: (706/1400) reward: -8.189601182937622, rho: 0.3125
[TRAIN]: (707/1400) reward: 20.26053509861231, rho: 0.35625
[TRAIN]: (708/1400) reward: 5.845479309558868, rho: 0.29375
[TRAIN]: (709/1400) reward: -8.843026291579008, rho: 0.20625
[TRAIN]: (710/1400) reward: 16.973475232720375, rho: 0.29375
[TRAIN]: (711/1400) reward: 12.27290391921997, rho: 0.31875
[TRAIN]: (712/1400) reward: 3.185788966715336, rho: 0.31875
[TRAIN]: (713/1400) reward: 3.478184223175049, rho: 0.35625
[TRAIN]: (714/1400) reward: 15.088817209005356, rho: 0.4
[TRAIN]: (715/1400) reward: 14.215765178203583, rho: 0.26875
[TRAIN]: (716/1400) reward: 18.015277569182217, rho: 0.33125
[TRAIN]: (717/1400) reward: 24.63594099879265, rho: 0.2125
[TRAIN]: SAVE MODEL: best_reward: 0.0006732329437614055
[TRAIN]: (718/1400) reward: 22.516297549009323, rho: 0.1625
[TRAIN]: SAVE MODEL: best_reward: 0.0022402825879211615
[TRAIN]: (719/1400) reward: 15.768066950142384, rho: 0.26875
[TRAIN]: SAVE MODEL: best_reward: 0.0033336943611050255
[TRAIN]: (720/1400) reward: 9.640362943522632, rho: 0.375
[TRAIN]: SAVE MODEL: best_reward: 0.003998533878903674
[TRAIN]: (721/1400) reward: 0.7490368261933327, rho: 0.25625
[TRAIN]: SAVE MODEL: best_reward: 0.004044932363551057
[TRAIN]: (722/1400) reward: -0.4892093203961849, rho: 0.28125
[TRAIN]: (723/1400) reward: 8.758801640942693, rho: 0.2875
[TRAIN]: SAVE MODEL: best_reward: 0.004605637413758835
[TRAIN]: (724/1400) reward: -13.217607133090496, rho: 0.375
[TRAIN]: (725/1400) reward: 2.860422134399414, rho: 0.40625
[TRAIN]: (726/1400) reward: 7.4018681310117245, rho: 0.4875
[TRAIN]: (727/1400) reward: 10.231468856334686, rho: 0.36875
[TRAIN]: SAVE MODEL: best_reward: 0.005080720013177996
[TRAIN]: (728/1400) reward: 14.289920091629028, rho: 0.3375
[TRAIN]: SAVE MODEL: best_reward: 0.006055191557914636
[TRAIN]: (729/1400) reward: -6.953270673751831, rho: 0.45
[TRAIN]: (730/1400) reward: -1.955953424796462, rho: 0.45
[TRAIN]: (731/1400) reward: -9.300180498044938, rho: 0.325
[TRAIN]: (732/1400) reward: 30.458959756419063, rho: 0.3
[TRAIN]: SAVE MODEL: best_reward: 0.006858821328078069
[TRAIN]: (733/1400) reward: -8.75754465162754, rho: 0.4625
[TRAIN]: (734/1400) reward: -9.72321218252182, rho: 0.44375
[TRAIN]: (735/1400) reward: -12.015326499938965, rho: 0.41875
[TRAIN]: (736/1400) reward: 2.292309045791626, rho: 0.40625
[TRAIN]: (737/1400) reward: 17.540596898645163, rho: 0.3375
[TRAIN]: (738/1400) reward: -20.0, rho: 0.38125
[TRAIN]: (739/1400) reward: -2.978094696998596, rho: 0.45625
[TRAIN]: (740/1400) reward: -12.020733118057251, rho: 0.3375
[TRAIN]: (741/1400) reward: -2.8715367428958416, rho: 0.4
[TRAIN]: (742/1400) reward: 2.0925980508327484, rho: 0.4
[TRAIN]: (743/1400) reward: 11.396628270857036, rho: 0.28125
[TRAIN]: (744/1400) reward: -5.377660393714905, rho: 0.4375
[TRAIN]: (745/1400) reward: 0.8539433553814888, rho: 0.48125
[TRAIN]: (746/1400) reward: 0.5891982959583402, rho: 0.38125
[TRAIN]: (747/1400) reward: -10.07448260259116, rho: 0.38125
[TRAIN]: (748/1400) reward: -2.80934476852417, rho: 0.5
[TRAIN]: (749/1400) reward: -0.6478960635140538, rho: 0.46875
[TRAIN]: (750/1400) reward: -3.958251714706421, rho: 0.45
[TRAIN]: (751/1400) reward: -10.603558212518692, rho: 0.34375
[TRAIN]: (752/1400) reward: -13.10739254951477, rho: 0.4375
[TRAIN]: (753/1400) reward: 17.40463027358055, rho: 0.375
[TRAIN]: (754/1400) reward: 16.572709426283836, rho: 0.3125
[TRAIN]: (755/1400) reward: -9.526807966642082, rho: 0.51875
[TRAIN]: (756/1400) reward: 21.33140452578664, rho: 0.40625
[TRAIN]: (757/1400) reward: -3.66705659031868, rho: 0.4
[TRAIN]: (758/1400) reward: -12.725151216611266, rho: 0.40625
[TRAIN]: (759/1400) reward: -12.432341039180756, rho: 0.54375
[TRAIN]: (760/1400) reward: 2.4889485836029053, rho: 0.55
[TRAIN]: (761/1400) reward: -7.580750554800034, rho: 0.425
[TRAIN]: (762/1400) reward: 8.53900220990181, rho: 0.41875
[TRAIN]: (763/1400) reward: -12.263556003570557, rho: 0.575
[TRAIN]: (764/1400) reward: -7.46648206631653, rho: 0.39375
[TRAIN]: (765/1400) reward: -10.025511264801025, rho: 0.39375
[TRAIN]: (766/1400) reward: -11.894102036952972, rho: 0.45
[TRAIN]: (767/1400) reward: -10.701659947633743, rho: 0.4125
[TRAIN]: (768/1400) reward: -17.73615380190313, rho: 0.425
[TRAIN]: (769/1400) reward: -20.0, rho: 0.3
[TRAIN]: (770/1400) reward: -13.69592147320509, rho: 0.41875
[TRAIN]: (771/1400) reward: -8.365156156942248, rho: 0.4125
[TRAIN]: (772/1400) reward: -5.32453538198024, rho: 0.375
[TRAIN]: (773/1400) reward: -12.13864278793335, rho: 0.43125
[TRAIN]: (774/1400) reward: 20.672794995829463, rho: 0.28125
[TRAIN]: (775/1400) reward: -20.0, rho: 0.4875
[TRAIN]: (776/1400) reward: -9.131085276603699, rho: 0.3625
[TRAIN]: (777/1400) reward: -17.53899308294058, rho: 0.43125
[TRAIN]: (778/1400) reward: -18.940717853605747, rho: 0.33125
[TRAIN]: (779/1400) reward: 0.7054374814033508, rho: 0.35
[TRAIN]: (780/1400) reward: -15.413860205560923, rho: 0.45625
[TRAIN]: (781/1400) reward: -14.094007924199104, rho: 0.41875
[TRAIN]: (782/1400) reward: -5.547061562538147, rho: 0.5
[TRAIN]: (783/1400) reward: 8.79136217571795, rho: 0.46875
[TRAIN]: (784/1400) reward: 29.28911404311657, rho: 0.35
[TRAIN]: (785/1400) reward: -8.744896041229367, rho: 0.3375
[TRAIN]: (786/1400) reward: 4.728080602362752, rho: 0.33125
[TRAIN]: (787/1400) reward: -18.949147284030914, rho: 0.39375
[TRAIN]: (788/1400) reward: -9.999543622136116, rho: 0.40625
[TRAIN]: (789/1400) reward: -8.47414019703865, rho: 0.51875
[TRAIN]: (790/1400) reward: -4.421630382537842, rho: 0.5
[TRAIN]: (791/1400) reward: -15.533079981803894, rho: 0.4625
[TRAIN]: (792/1400) reward: -4.072866782546043, rho: 0.3625
[TRAIN]: (793/1400) reward: -18.945006392896175, rho: 0.475
[TRAIN]: (794/1400) reward: -8.27184772491455, rho: 0.375
[TRAIN]: (795/1400) reward: -16.74085456877947, rho: 0.3875
[TRAIN]: (796/1400) reward: -6.126103907823563, rho: 0.5125
[TRAIN]: (797/1400) reward: 3.292635357938707, rho: 0.4125
[TRAIN]: (798/1400) reward: 1.2846230268478394, rho: 0.4625
[TRAIN]: (799/1400) reward: 10.055297076702118, rho: 0.41875
[TRAIN]: (800/1400) reward: -3.5063593685626984, rho: 0.49375
[TRAIN]: (801/1400) reward: -7.585498744621873, rho: 0.4875
[TRAIN]: (802/1400) reward: -10.053510174155235, rho: 0.3125
[TRAIN]: (803/1400) reward: -5.207172493450344, rho: 0.49375
[TRAIN]: (804/1400) reward: -20.0, rho: 0.34375
[TRAIN]: (805/1400) reward: -12.482746243476868, rho: 0.45625
[TRAIN]: (806/1400) reward: -12.475061386823654, rho: 0.44375
[TRAIN]: (807/1400) reward: -9.219048209488392, rho: 0.53125
[TRAIN]: (808/1400) reward: -16.51049434673041, rho: 0.375
[TRAIN]: (809/1400) reward: -12.029722213745117, rho: 0.38125
[TRAIN]: (810/1400) reward: -17.919218853116035, rho: 0.43125
[TRAIN]: (811/1400) reward: -17.80978769250214, rho: 0.425
[TRAIN]: (812/1400) reward: -0.11378338932991028, rho: 0.4375
[TRAIN]: (813/1400) reward: -8.415613055229187, rho: 0.4
[TRAIN]: (814/1400) reward: -12.408508509397507, rho: 0.3625
[TRAIN]: (815/1400) reward: -1.8070215543266386, rho: 0.36875
[TRAIN]: (816/1400) reward: -8.765272498130798, rho: 0.49375
[TRAIN]: (817/1400) reward: -10.507009595632553, rho: 0.49375
[TRAIN]: (818/1400) reward: -8.099644522648305, rho: 0.425
[TRAIN]: (819/1400) reward: -8.077219516038895, rho: 0.4375
[TRAIN]: (820/1400) reward: -9.626811027526855, rho: 0.425
[TRAIN]: (821/1400) reward: -10.234107045456767, rho: 0.5
[TRAIN]: (822/1400) reward: -17.647932566702366, rho: 0.49375
[TRAIN]: (823/1400) reward: -5.827844619750977, rho: 0.35
[TRAIN]: (824/1400) reward: -6.917495250701904, rho: 0.35625
[TRAIN]: (825/1400) reward: -10.48140001296997, rho: 0.41875
[TRAIN]: (826/1400) reward: -17.964022006839514, rho: 0.38125
[TRAIN]: (827/1400) reward: -16.299093396402895, rho: 0.40625
[TRAIN]: (828/1400) reward: -11.86410915851593, rho: 0.35625
[TRAIN]: (829/1400) reward: -18.307338416576385, rho: 0.40625
[TRAIN]: (830/1400) reward: -14.1334810256958, rho: 0.40625
[TRAIN]: (831/1400) reward: -12.466083526611328, rho: 0.375
[TRAIN]: (832/1400) reward: -4.116405963897705, rho: 0.44375
[TRAIN]: (833/1400) reward: -8.4501839466393, rho: 0.46875
[TRAIN]: (834/1400) reward: -9.850762367248535, rho: 0.39375
[TRAIN]: (835/1400) reward: 6.485613822937012, rho: 0.4
[TRAIN]: (836/1400) reward: -2.17259481549263, rho: 0.35
[TRAIN]: (837/1400) reward: 4.415462493896484, rho: 0.34375
[TRAIN]: (838/1400) reward: 0.7739412933588028, rho: 0.3375
[TRAIN]: (839/1400) reward: 5.268403932452202, rho: 0.2875
[TRAIN]: (840/1400) reward: -2.7592695094645023, rho: 0.3625
[TRAIN]: (841/1400) reward: -15.172855854034424, rho: 0.5
[TRAIN]: (842/1400) reward: -1.1514502465724945, rho: 0.35625
[TRAIN]: (843/1400) reward: -11.081885520368814, rho: 0.4
[TRAIN]: (844/1400) reward: -15.375396996736526, rho: 0.2875
[TRAIN]: (845/1400) reward: -10.100575433098129, rho: 0.40625
[TRAIN]: (846/1400) reward: -7.306973330676556, rho: 0.45
[TRAIN]: (847/1400) reward: -20.0, rho: 0.26875
[TRAIN]: (848/1400) reward: 0.793725848197937, rho: 0.41875
[TRAIN]: (849/1400) reward: -18.973507160320878, rho: 0.4375
[TRAIN]: (850/1400) reward: -2.5714809894561768, rho: 0.40625
[TRAIN]: (851/1400) reward: -10.819361686706543, rho: 0.44375
[TRAIN]: (852/1400) reward: -17.220471903681755, rho: 0.3875
[TRAIN]: (853/1400) reward: -8.780011177062988, rho: 0.39375
[TRAIN]: (854/1400) reward: 20.44838309288025, rho: 0.33125
[TRAIN]: (855/1400) reward: -9.0259690284729, rho: 0.4375
[TRAIN]: (856/1400) reward: -5.396026134490967, rho: 0.49375
[TRAIN]: (857/1400) reward: -8.27957570552826, rho: 0.4
[TRAIN]: (858/1400) reward: -18.572920441627502, rho: 0.48125
[TRAIN]: (859/1400) reward: -6.890560626983643, rho: 0.49375
[TRAIN]: (860/1400) reward: -5.375215522944927, rho: 0.48125
[TRAIN]: (861/1400) reward: -2.875854566693306, rho: 0.48125
[TRAIN]: (862/1400) reward: -19.0, rho: 0.41875
[TRAIN]: (863/1400) reward: -18.526390999555588, rho: 0.36875
[TRAIN]: (864/1400) reward: 2.677661396563053, rho: 0.45625
[TRAIN]: (865/1400) reward: -7.442338969558477, rho: 0.35
[TRAIN]: (866/1400) reward: -7.322670605033636, rho: 0.45625
[TRAIN]: (867/1400) reward: -4.217307910323143, rho: 0.38125
[TRAIN]: (868/1400) reward: -18.967928770929575, rho: 0.46875
[TRAIN]: (869/1400) reward: -3.36643439065665, rho: 0.45
[TRAIN]: (870/1400) reward: -4.837046801112592, rho: 0.4375
[TRAIN]: (871/1400) reward: 5.828130722045898, rho: 0.3375
[TRAIN]: (872/1400) reward: -11.77780944108963, rho: 0.40625
[TRAIN]: (873/1400) reward: -7.307533748447895, rho: 0.3875
[TRAIN]: (874/1400) reward: 15.49937908584252, rho: 0.4125
[TRAIN]: (875/1400) reward: 5.467740476131439, rho: 0.25625
[TRAIN]: (876/1400) reward: 3.5757853984832764, rho: 0.33125
[TRAIN]: (877/1400) reward: 10.419259409420192, rho: 0.4
[TRAIN]: (878/1400) reward: -0.3900025188922882, rho: 0.45625
[TRAIN]: (879/1400) reward: -15.54206308722496, rho: 0.4375
[TRAIN]: (880/1400) reward: 0.4186370805837214, rho: 0.41875
[TRAIN]: (881/1400) reward: -3.896470069885254, rho: 0.4
[TRAIN]: (882/1400) reward: -11.405586557462811, rho: 0.4
[TRAIN]: (883/1400) reward: -15.461273100227118, rho: 0.475
[TRAIN]: (884/1400) reward: 11.569666284136474, rho: 0.49375
[TRAIN]: (885/1400) reward: -10.501291667111218, rho: 0.475
[TRAIN]: (886/1400) reward: -17.561239898204803, rho: 0.35
[TRAIN]: (887/1400) reward: 1.553371787071228, rho: 0.4125
[TRAIN]: (888/1400) reward: -15.641270549967885, rho: 0.3125
[TRAIN]: (889/1400) reward: -1.5200092792510986, rho: 0.43125
[TRAIN]: (890/1400) reward: -9.6078380048275, rho: 0.475
[TRAIN]: (891/1400) reward: -5.585062742233276, rho: 0.48125
[TRAIN]: (892/1400) reward: 7.853188432753086, rho: 0.34375
[TRAIN]: (893/1400) reward: -14.64790964126587, rho: 0.55625
[TRAIN]: (894/1400) reward: -1.3204029202461243, rho: 0.425
[TRAIN]: (895/1400) reward: -3.9924257397651672, rho: 0.35
[TRAIN]: (896/1400) reward: -5.7153330482542515, rho: 0.40625
[TRAIN]: (897/1400) reward: 3.3354027718305588, rho: 0.225
[TRAIN]: (898/1400) reward: 15.0385103225708, rho: 0.275
[TRAIN]: (899/1400) reward: -6.287541627883911, rho: 0.45
[TRAIN]: (900/1400) reward: 6.076617360115051, rho: 0.425
[TRAIN]: (901/1400) reward: 3.6115064322948456, rho: 0.46875
[TRAIN]: (902/1400) reward: -6.757948168495204, rho: 0.425
[TRAIN]: (903/1400) reward: -10.727029982954264, rho: 0.48125
[TRAIN]: (904/1400) reward: -7.020322244148701, rho: 0.46875
[TRAIN]: (905/1400) reward: -17.735470056533813, rho: 0.28125
[TRAIN]: (906/1400) reward: -4.186164073646069, rho: 0.475
[TRAIN]: (907/1400) reward: -17.91240929812193, rho: 0.40625
[TRAIN]: (908/1400) reward: -0.08838415145874023, rho: 0.34375
[TRAIN]: (909/1400) reward: -4.736911881715059, rho: 0.49375
[TRAIN]: (910/1400) reward: -8.391682624816895, rho: 0.38125
[TRAIN]: (911/1400) reward: 27.25147071876563, rho: 0.49375
[TRAIN]: (912/1400) reward: 9.233058096840978, rho: 0.35
[TRAIN]: (913/1400) reward: -7.290907859802246, rho: 0.3875
[TRAIN]: (914/1400) reward: 3.3209194242954254, rho: 0.45625
[TRAIN]: (915/1400) reward: -4.123795365914702, rho: 0.35
[TRAIN]: (916/1400) reward: -6.76021284237504, rho: 0.49375
[TRAIN]: (917/1400) reward: -6.094610691070557, rho: 0.54375
[TRAIN]: (918/1400) reward: -20.0, rho: 0.49375
[TRAIN]: (919/1400) reward: 9.734235048294067, rho: 0.3625
[TRAIN]: (920/1400) reward: 25.30012869089842, rho: 0.33125
[TRAIN]: (921/1400) reward: -11.941439926624298, rho: 0.4
[TRAIN]: (922/1400) reward: -15.183640647679567, rho: 0.4625
[TRAIN]: (923/1400) reward: -10.997601674869657, rho: 0.4
[TRAIN]: (924/1400) reward: -18.780218362808228, rho: 0.33125
[TRAIN]: (925/1400) reward: -6.530170783400536, rho: 0.4625
[TRAIN]: (926/1400) reward: 4.34821879863739, rho: 0.4625
[TRAIN]: (927/1400) reward: -18.944693580269814, rho: 0.40625
[TRAIN]: (928/1400) reward: -12.36655309703201, rho: 0.375
[TRAIN]: (929/1400) reward: -0.3721495717763901, rho: 0.425
[TRAIN]: (930/1400) reward: -14.215374872088432, rho: 0.40625
[TRAIN]: (931/1400) reward: 19.46286106109619, rho: 0.3875
[TRAIN]: (932/1400) reward: -4.425111643970013, rho: 0.43125
[TRAIN]: (933/1400) reward: -13.106458730995655, rho: 0.48125
[TRAIN]: (934/1400) reward: 11.320019721984863, rho: 0.4125
[TRAIN]: (935/1400) reward: -14.138658195734024, rho: 0.46875
[TRAIN]: (936/1400) reward: -1.0064753219485283, rho: 0.3875
[TRAIN]: (937/1400) reward: 1.7930678129196167, rho: 0.475
[TRAIN]: (938/1400) reward: 3.750463128089905, rho: 0.3875
[TRAIN]: (939/1400) reward: -14.010284211486578, rho: 0.31875
[TRAIN]: (940/1400) reward: -20.0, rho: 0.48125
[TRAIN]: (941/1400) reward: -7.30696439743042, rho: 0.54375
[TRAIN]: (942/1400) reward: -2.3224756876006722, rho: 0.4875
[TRAIN]: (943/1400) reward: -20.0, rho: 0.55
[TRAIN]: (944/1400) reward: -16.61531028151512, rho: 0.35625
[TRAIN]: (945/1400) reward: 4.242124557495117, rho: 0.325
[TRAIN]: (946/1400) reward: -5.515410661697388, rho: 0.31875
[TRAIN]: (947/1400) reward: -12.82857370376587, rho: 0.3125
[TRAIN]: (948/1400) reward: -14.579871011781506, rho: 0.3625
[TRAIN]: (949/1400) reward: 7.35738138249144, rho: 0.375
[TRAIN]: (950/1400) reward: -17.461082626134157, rho: 0.3375
[TRAIN]: (951/1400) reward: -9.636452795471996, rho: 0.36875
[TRAIN]: (952/1400) reward: -18.983258379623294, rho: 0.54375
[TRAIN]: (953/1400) reward: -1.7401609574444592, rho: 0.4625
[TRAIN]: (954/1400) reward: 2.5066369231790304, rho: 0.4375
[TRAIN]: (955/1400) reward: 8.607729624956846, rho: 0.4875
[TRAIN]: (956/1400) reward: -7.609352231025696, rho: 0.41875
[TRAIN]: (957/1400) reward: -10.011979103088379, rho: 0.41875
[TRAIN]: (958/1400) reward: -10.118038892745972, rho: 0.35625
[TRAIN]: (959/1400) reward: -4.7075300216674805, rho: 0.525
[TRAIN]: (960/1400) reward: -14.180895328521729, rho: 0.4625
[TRAIN]: (961/1400) reward: 7.150876522064209, rho: 0.38125
[TRAIN]: (962/1400) reward: -4.1096657970920205, rho: 0.4375
[TRAIN]: (963/1400) reward: -0.16947245877236128, rho: 0.3875
[TRAIN]: (964/1400) reward: -16.08079618215561, rho: 0.45
[TRAIN]: (965/1400) reward: -9.315958275459707, rho: 0.44375
[TRAIN]: (966/1400) reward: -13.843546032905579, rho: 0.4375
[TRAIN]: (967/1400) reward: 17.838046073913574, rho: 0.40625
[TRAIN]: (968/1400) reward: 6.777454586699605, rho: 0.2625
[TRAIN]: (969/1400) reward: 1.6964089218527079, rho: 0.45
[TRAIN]: (970/1400) reward: 1.283307507634163, rho: 0.40625
[TRAIN]: (971/1400) reward: -5.2386498440173455, rho: 0.4375
[TRAIN]: (972/1400) reward: -17.96491622069152, rho: 0.46875
[TRAIN]: (973/1400) reward: -9.722164385020733, rho: 0.6375
[TRAIN]: (974/1400) reward: -9.617236115038395, rho: 0.39375
[TRAIN]: (975/1400) reward: -15.339230179786682, rho: 0.44375
[TRAIN]: (976/1400) reward: 3.5175932571291924, rho: 0.40625
[TRAIN]: (977/1400) reward: 2.678506374359131, rho: 0.40625
[TRAIN]: (978/1400) reward: 9.435661815106869, rho: 0.46875
[TRAIN]: (979/1400) reward: -4.881419668439776, rho: 0.4
[TRAIN]: (980/1400) reward: -17.109242469072342, rho: 0.26875
[TRAIN]: (981/1400) reward: -0.37113483995199203, rho: 0.4
[TRAIN]: (982/1400) reward: -13.863749980926514, rho: 0.4375
[TRAIN]: (983/1400) reward: 16.0945782661438, rho: 0.49375
[TRAIN]: (984/1400) reward: 25.719781696796417, rho: 0.325
[TRAIN]: (985/1400) reward: -0.302460671402514, rho: 0.3125
[TRAIN]: (986/1400) reward: -18.61983835697174, rho: 0.3875
[TRAIN]: (987/1400) reward: -18.170514285564423, rho: 0.55
[TRAIN]: (988/1400) reward: -7.011035954405088, rho: 0.4
[TRAIN]: (989/1400) reward: -3.635507583618164, rho: 0.425
[TRAIN]: (990/1400) reward: -5.688011288642883, rho: 0.45625
[TRAIN]: (991/1400) reward: -2.5629732850939035, rho: 0.3625
[TRAIN]: (992/1400) reward: -6.489315986633301, rho: 0.44375
[TRAIN]: (993/1400) reward: -6.941953673958778, rho: 0.33125
[TRAIN]: (994/1400) reward: -10.691225736136403, rho: 0.4875
[TRAIN]: (995/1400) reward: -10.239767909049988, rho: 0.48125
[TRAIN]: (996/1400) reward: 7.189767360687256, rho: 0.2625
[TRAIN]: (997/1400) reward: -5.408974267542362, rho: 0.43125
[TRAIN]: (998/1400) reward: -14.62773159891367, rho: 0.48125
[TRAIN]: (999/1400) reward: 4.030801340937614, rho: 0.475
[TRAIN]: (1000/1400) reward: -17.972553055733442, rho: 0.5125
[TRAIN]: (1001/1400) reward: -17.280264139175415, rho: 0.38125
[TRAIN]: (1002/1400) reward: -16.902745470404625, rho: 0.29375
[TRAIN]: (1003/1400) reward: -8.545328140258789, rho: 0.43125
[TRAIN]: (1004/1400) reward: -9.33504033088684, rho: 0.45
[TRAIN]: (1005/1400) reward: 0.8687717318534851, rho: 0.41875
[TRAIN]: (1006/1400) reward: -20.0, rho: 0.375
[TRAIN]: (1007/1400) reward: -20.0, rho: 0.4625
[TRAIN]: (1008/1400) reward: 12.342549622058868, rho: 0.46875
[TRAIN]: (1009/1400) reward: -10.132465694099665, rho: 0.35625
[TRAIN]: (1010/1400) reward: -17.27632451057434, rho: 0.45625
[TRAIN]: (1011/1400) reward: -6.085565209388733, rho: 0.4125
[TRAIN]: (1012/1400) reward: -10.152503378689289, rho: 0.39375
[TRAIN]: (1013/1400) reward: 6.824006237089634, rho: 0.325
[TRAIN]: (1014/1400) reward: 3.7349724769592285, rho: 0.36875
[TRAIN]: (1015/1400) reward: -3.12722110748291, rho: 0.54375
[TRAIN]: (1016/1400) reward: -20.0, rho: 0.4875
[TRAIN]: (1017/1400) reward: -20.0, rho: 0.54375
[TRAIN]: (1018/1400) reward: 6.926866665482521, rho: 0.44375
[TRAIN]: (1019/1400) reward: -9.018687516450882, rho: 0.53125
[TRAIN]: (1020/1400) reward: -0.8957450091838837, rho: 0.4625
[TRAIN]: (1021/1400) reward: -11.546060137450695, rho: 0.4125
[TRAIN]: (1022/1400) reward: -13.396042734384537, rho: 0.46875
[TRAIN]: (1023/1400) reward: -18.95697671920061, rho: 0.34375
[TRAIN]: (1024/1400) reward: -7.199887376278639, rho: 0.425
[TRAIN]: (1025/1400) reward: 4.472984999418259, rho: 0.43125
[TRAIN]: (1026/1400) reward: -9.88271767552942, rho: 0.2875
[TRAIN]: (1027/1400) reward: -2.9517767429351807, rho: 0.50625
[TRAIN]: (1028/1400) reward: -18.96088584139943, rho: 0.40625
[TRAIN]: (1029/1400) reward: -11.978485107421875, rho: 0.35625
[TRAIN]: (1030/1400) reward: 5.089086718857288, rho: 0.25625
[TRAIN]: (1031/1400) reward: -18.691146790981293, rho: 0.45
[TRAIN]: (1032/1400) reward: 4.860834121704102, rho: 0.475
[TRAIN]: (1033/1400) reward: -7.828141495585442, rho: 0.4625
[TRAIN]: (1034/1400) reward: -6.510836724191904, rho: 0.46875
[TRAIN]: (1035/1400) reward: -3.913528732955456, rho: 0.45625
[TRAIN]: (1036/1400) reward: -2.2749900445342064, rho: 0.5
[TRAIN]: (1037/1400) reward: 7.966005772352219, rho: 0.41875
[TRAIN]: (1038/1400) reward: -7.788403630256653, rho: 0.38125
[TRAIN]: (1039/1400) reward: -15.652755782008171, rho: 0.4375
[TRAIN]: (1040/1400) reward: -20.0, rho: 0.33125
[TRAIN]: (1041/1400) reward: -12.290407344698906, rho: 0.475
[TRAIN]: (1042/1400) reward: -0.25833481550216675, rho: 0.43125
[TRAIN]: (1043/1400) reward: -15.694555889815092, rho: 0.53125
[TRAIN]: (1044/1400) reward: -14.002967938780785, rho: 0.4375
[TRAIN]: (1045/1400) reward: 10.982724606990814, rho: 0.38125
[TRAIN]: (1046/1400) reward: -0.8314079791307449, rho: 0.41875
[TRAIN]: (1047/1400) reward: -13.533735855016857, rho: 0.50625
[TRAIN]: (1048/1400) reward: -17.71983204782009, rho: 0.3
[TRAIN]: (1049/1400) reward: 8.960010647773743, rho: 0.4125
[TRAIN]: (1050/1400) reward: 4.5131165981292725, rho: 0.45
[TRAIN]: (1051/1400) reward: -20.0, rho: 0.4875
[TRAIN]: (1052/1400) reward: 21.24269649386406, rho: 0.4625
[TRAIN]: (1053/1400) reward: 7.915766716003418, rho: 0.35
[TRAIN]: (1054/1400) reward: -3.3000380992889404, rho: 0.31875
[TRAIN]: (1055/1400) reward: 13.437569856643677, rho: 0.38125
[TRAIN]: (1056/1400) reward: -11.426279738545418, rho: 0.375
[TRAIN]: (1057/1400) reward: -4.113098829984665, rho: 0.49375
[TRAIN]: (1058/1400) reward: 8.420778002589941, rho: 0.43125
[TRAIN]: (1059/1400) reward: -11.956271060509607, rho: 0.4625
[TRAIN]: (1060/1400) reward: 0.406214103102684, rho: 0.28125
[TRAIN]: (1061/1400) reward: -5.672053098678589, rho: 0.30625
[TRAIN]: (1062/1400) reward: -20.0, rho: 0.46875
[TRAIN]: (1063/1400) reward: -11.344834327697754, rho: 0.38125
[TRAIN]: (1064/1400) reward: -17.861470837146044, rho: 0.5125
[TRAIN]: (1065/1400) reward: -6.745932102203369, rho: 0.45625
[TRAIN]: (1066/1400) reward: -5.358356490731239, rho: 0.5125
[TRAIN]: (1067/1400) reward: -4.0729110930114985, rho: 0.28125
[TRAIN]: (1068/1400) reward: 2.1760268211364746, rho: 0.5125
[TRAIN]: (1069/1400) reward: -6.623180866241455, rho: 0.43125
[TRAIN]: (1070/1400) reward: -9.340311512351036, rho: 0.46875
[TRAIN]: (1071/1400) reward: -2.8878304958343506, rho: 0.35625
[TRAIN]: (1072/1400) reward: -2.6117191314697266, rho: 0.45
[TRAIN]: (1073/1400) reward: -9.635060787200928, rho: 0.44375
[TRAIN]: (1074/1400) reward: -7.076908469200134, rho: 0.5
[TRAIN]: (1075/1400) reward: 4.315817110240459, rho: 0.325
[TRAIN]: (1076/1400) reward: -9.869024352636188, rho: 0.44375
[TRAIN]: (1077/1400) reward: -3.6856863256543875, rho: 0.4375
[TRAIN]: (1078/1400) reward: -12.152134895324707, rho: 0.375
[TRAIN]: (1079/1400) reward: -3.6083643436431885, rho: 0.33125
[TRAIN]: (1080/1400) reward: -15.240859270095825, rho: 0.4125
[TRAIN]: (1081/1400) reward: 1.2301772634964436, rho: 0.36875
[TRAIN]: (1082/1400) reward: -9.370737180113792, rho: 0.44375
[TRAIN]: (1083/1400) reward: -1.2349834442138672, rho: 0.3625
[TRAIN]: (1084/1400) reward: -10.554802536964417, rho: 0.275
[TRAIN]: (1085/1400) reward: -11.19768063724041, rho: 0.3875
[TRAIN]: (1086/1400) reward: -9.959143936634064, rho: 0.3125
[TRAIN]: (1087/1400) reward: -4.24157977104187, rho: 0.4875
[TRAIN]: (1088/1400) reward: -17.882390186190605, rho: 0.45
[TRAIN]: (1089/1400) reward: -17.68012225627899, rho: 0.475
[TRAIN]: (1090/1400) reward: -16.711023960262537, rho: 0.39375
[TRAIN]: (1091/1400) reward: -16.72267863713205, rho: 0.50625
[TRAIN]: (1092/1400) reward: 1.6724684238433838, rho: 0.425
[TRAIN]: (1093/1400) reward: -9.726568844402209, rho: 0.4875
[TRAIN]: (1094/1400) reward: -15.467830698005855, rho: 0.40625
[TRAIN]: (1095/1400) reward: -12.578083038330078, rho: 0.50625
[TRAIN]: (1096/1400) reward: -12.016180228441954, rho: 0.5125
[TRAIN]: (1097/1400) reward: -17.868219576776028, rho: 0.40625
[TRAIN]: (1098/1400) reward: -2.3089819699525833, rho: 0.40625
[TRAIN]: (1099/1400) reward: -16.92964768409729, rho: 0.3375
[TRAIN]: (1100/1400) reward: -9.72495873272419, rho: 0.4125
[TRAIN]: (1101/1400) reward: -5.898309230804443, rho: 0.34375
[TRAIN]: (1102/1400) reward: -8.28492570668459, rho: 0.40625
[TRAIN]: (1103/1400) reward: -9.047787236049771, rho: 0.56875
[TRAIN]: (1104/1400) reward: -15.009719610214233, rho: 0.3
[TRAIN]: (1105/1400) reward: -13.544588565826416, rho: 0.4
[TRAIN]: (1106/1400) reward: -0.29255631752312183, rho: 0.39375
[TRAIN]: (1107/1400) reward: 8.584839887917042, rho: 0.39375
[TRAIN]: (1108/1400) reward: 10.839150667190552, rho: 0.3625
[TRAIN]: (1109/1400) reward: -20.0, rho: 0.35625
[TRAIN]: (1110/1400) reward: 6.391264826059341, rho: 0.31875
[TRAIN]: (1111/1400) reward: -18.261926591396332, rho: 0.4125
[TRAIN]: (1112/1400) reward: -0.9104159758426249, rho: 0.3625
[TRAIN]: (1113/1400) reward: 1.1566417217254639, rho: 0.44375
[TRAIN]: (1114/1400) reward: 4.562889486551285, rho: 0.4125
[TRAIN]: (1115/1400) reward: -11.542246969416738, rho: 0.40625
[TRAIN]: (1116/1400) reward: -14.425518214702606, rho: 0.36875
[TRAIN]: (1117/1400) reward: -16.700633987784386, rho: 0.425
[TRAIN]: (1118/1400) reward: -6.388222075998783, rho: 0.54375
[TRAIN]: (1119/1400) reward: 0.6981138586997986, rho: 0.5
[TRAIN]: (1120/1400) reward: -13.867649607360363, rho: 0.50625
[TRAIN]: (1121/1400) reward: -15.311355173587799, rho: 0.4
[TRAIN]: (1122/1400) reward: -9.276175618171692, rho: 0.40625
[TRAIN]: (1123/1400) reward: -11.020842745900154, rho: 0.45
[TRAIN]: (1124/1400) reward: 17.467866871505976, rho: 0.525
[TRAIN]: (1125/1400) reward: 3.7867971919476986, rho: 0.46875
[TRAIN]: (1126/1400) reward: -10.900113105773926, rho: 0.45
[TRAIN]: (1127/1400) reward: -4.544071435928345, rho: 0.3
[TRAIN]: (1128/1400) reward: 4.644692420959473, rho: 0.39375
[TRAIN]: (1129/1400) reward: -7.320452451705933, rho: 0.4625
[TRAIN]: (1130/1400) reward: -8.238775566220284, rho: 0.475
[TRAIN]: (1131/1400) reward: -12.814689949154854, rho: 0.5375
[TRAIN]: (1132/1400) reward: -10.17884635925293, rho: 0.5125
[TRAIN]: (1133/1400) reward: -18.4638432264328, rho: 0.41875
[TRAIN]: (1134/1400) reward: -14.996480933623388, rho: 0.46875
[TRAIN]: (1135/1400) reward: -0.6727315410971642, rho: 0.4
[TRAIN]: (1136/1400) reward: 4.88489131256938, rho: 0.3875
[TRAIN]: (1137/1400) reward: -14.47280740737915, rho: 0.36875
[TRAIN]: (1138/1400) reward: 0.37948134541511536, rho: 0.38125
[TRAIN]: (1139/1400) reward: 4.816478431224823, rho: 0.3875
[TRAIN]: (1140/1400) reward: -18.963253144174814, rho: 0.4375
[TRAIN]: (1141/1400) reward: -11.310121983289719, rho: 0.41875
[TRAIN]: (1142/1400) reward: -20.0, rho: 0.4375
[TRAIN]: (1143/1400) reward: 1.6469879411160946, rho: 0.36875
[TRAIN]: (1144/1400) reward: -3.2090592424283386, rho: 0.45625
[TRAIN]: (1145/1400) reward: -17.893493980867788, rho: 0.475
[TRAIN]: (1146/1400) reward: -15.69959419267252, rho: 0.39375
[TRAIN]: (1147/1400) reward: -7.0600972175598145, rho: 0.35
[TRAIN]: (1148/1400) reward: 2.0238963961601257, rho: 0.38125
[TRAIN]: (1149/1400) reward: -2.7074673511087894, rho: 0.4375
[TRAIN]: (1150/1400) reward: -7.332102864980698, rho: 0.53125
[TRAIN]: (1151/1400) reward: 19.604400146752596, rho: 0.36875
[TRAIN]: (1152/1400) reward: -5.74201774597168, rho: 0.34375
[TRAIN]: (1153/1400) reward: 23.12991988658905, rho: 0.4375
[TRAIN]: (1154/1400) reward: -8.732262372970581, rho: 0.4375
[TRAIN]: (1155/1400) reward: 9.071946317330003, rho: 0.4375
[TRAIN]: (1156/1400) reward: 1.7707220166921616, rho: 0.425
[TRAIN]: (1157/1400) reward: -6.481144193559885, rho: 0.4125
[TRAIN]: (1158/1400) reward: 21.9456528108567, rho: 0.40625
[TRAIN]: (1159/1400) reward: 1.0050028860569, rho: 0.41875
[TRAIN]: (1160/1400) reward: -17.216588497161865, rho: 0.3875
[TRAIN]: (1161/1400) reward: -2.4277520775794983, rho: 0.59375
[TRAIN]: (1162/1400) reward: 5.53676450997591, rho: 0.49375
[TRAIN]: (1163/1400) reward: 9.53301984560676, rho: 0.38125
[TRAIN]: (1164/1400) reward: -13.991671323776245, rho: 0.30625
[TRAIN]: (1165/1400) reward: -10.59464904665947, rho: 0.5625
[TRAIN]: (1166/1400) reward: -2.2821976710110903, rho: 0.4125
[TRAIN]: (1167/1400) reward: -5.943403332028538, rho: 0.39375
[TRAIN]: (1168/1400) reward: -10.15665839985013, rho: 0.375
[TRAIN]: (1169/1400) reward: 13.330342274159193, rho: 0.45
[TRAIN]: (1170/1400) reward: -6.019693911075592, rho: 0.51875
[TRAIN]: (1171/1400) reward: -4.190422162413597, rho: 0.45
[TRAIN]: (1172/1400) reward: -12.242302425205708, rho: 0.39375
[TRAIN]: (1173/1400) reward: 17.97115738503635, rho: 0.35
[TRAIN]: (1174/1400) reward: 12.440077720209956, rho: 0.35625
[TRAIN]: (1175/1400) reward: -11.892471831524745, rho: 0.4375
[TRAIN]: (1176/1400) reward: 10.81467230594717, rho: 0.38125
[TRAIN]: (1177/1400) reward: -9.604130566120148, rho: 0.34375
[TRAIN]: (1178/1400) reward: -8.69798731803894, rho: 0.4375
[TRAIN]: (1179/1400) reward: -15.795427322387695, rho: 0.4625
[TRAIN]: (1180/1400) reward: 6.041168756783009, rho: 0.4125
[TRAIN]: (1181/1400) reward: 9.11245322972536, rho: 0.30625
[TRAIN]: (1182/1400) reward: -5.653469085693359, rho: 0.475
[TRAIN]: (1183/1400) reward: -6.780044674873352, rho: 0.4625
[TRAIN]: (1184/1400) reward: -9.038736581802368, rho: 0.475
[TRAIN]: (1185/1400) reward: -5.674159847199917, rho: 0.48125
[TRAIN]: (1186/1400) reward: -10.890775859355927, rho: 0.38125
[TRAIN]: (1187/1400) reward: -17.864047246985137, rho: 0.30625
[TRAIN]: (1188/1400) reward: -0.6796953082084656, rho: 0.325
[TRAIN]: (1189/1400) reward: -4.694190442562103, rho: 0.39375
[TRAIN]: (1190/1400) reward: -6.567823063582182, rho: 0.3375
[TRAIN]: (1191/1400) reward: -10.881328582763672, rho: 0.2875
[TRAIN]: (1192/1400) reward: 18.84657120704651, rho: 0.4125
[TRAIN]: (1193/1400) reward: -15.169441908597946, rho: 0.44375
[TRAIN]: (1194/1400) reward: 4.152590865269303, rho: 0.33125
[TRAIN]: (1195/1400) reward: -1.2457823920994997, rho: 0.425
[TRAIN]: (1196/1400) reward: -15.596017822623253, rho: 0.425
[TRAIN]: (1197/1400) reward: -12.314435005187988, rho: 0.275
[TRAIN]: (1198/1400) reward: -17.17888930439949, rho: 0.35
[TRAIN]: (1199/1400) reward: 13.092048168182373, rho: 0.49375
[TRAIN]: (1200/1400) reward: 1.7826611697673798, rho: 0.275
[TRAIN]: (1201/1400) reward: 13.70973788201809, rho: 0.33125
[TRAIN]: (1202/1400) reward: -18.975842447951436, rho: 0.39375
[TRAIN]: (1203/1400) reward: 3.2719793617725372, rho: 0.3125
[TRAIN]: (1204/1400) reward: -1.384068489074707, rho: 0.43125
[TRAIN]: (1205/1400) reward: -10.811741068959236, rho: 0.48125
[TRAIN]: (1206/1400) reward: -4.864813957363367, rho: 0.45625
[TRAIN]: (1207/1400) reward: -6.653986692428589, rho: 0.43125
[TRAIN]: (1208/1400) reward: -2.7767487578094006, rho: 0.35625
[TRAIN]: (1209/1400) reward: -13.020492248237133, rho: 0.39375
[TRAIN]: (1210/1400) reward: -3.7814828529953957, rho: 0.46875
[TRAIN]: (1211/1400) reward: -10.79989194497466, rho: 0.3875
[TRAIN]: (1212/1400) reward: -18.544759064912796, rho: 0.45625
[TRAIN]: (1213/1400) reward: -7.128000915050507, rho: 0.4125
[TRAIN]: (1214/1400) reward: 7.374480769969523, rho: 0.36875
[TRAIN]: (1215/1400) reward: -3.461870241910219, rho: 0.3125
[TRAIN]: (1216/1400) reward: -11.131242275238037, rho: 0.31875
[TRAIN]: (1217/1400) reward: -5.350063048303127, rho: 0.4125
[TRAIN]: (1218/1400) reward: -17.028981685638428, rho: 0.46875
[TRAIN]: (1219/1400) reward: -12.706013679504395, rho: 0.33125
[TRAIN]: (1220/1400) reward: -16.870579481124878, rho: 0.4
[TRAIN]: (1221/1400) reward: -8.582676529884338, rho: 0.325
[TRAIN]: (1222/1400) reward: 32.328005596995354, rho: 0.3625
[TRAIN]: (1223/1400) reward: 7.9160332679748535, rho: 0.45625
[TRAIN]: (1224/1400) reward: -1.996275789104402, rho: 0.35625
[TRAIN]: (1225/1400) reward: -3.7275736331939697, rho: 0.45
[TRAIN]: (1226/1400) reward: -6.316410690546036, rho: 0.33125
[TRAIN]: (1227/1400) reward: -3.080540470778942, rho: 0.36875
[TRAIN]: (1228/1400) reward: 4.285946846008301, rho: 0.31875
[TRAIN]: (1229/1400) reward: -19.0, rho: 0.425
[TRAIN]: (1230/1400) reward: -2.226616382598877, rho: 0.46875
[TRAIN]: (1231/1400) reward: -20.0, rho: 0.4
[TRAIN]: (1232/1400) reward: -12.872905559837818, rho: 0.44375
[TRAIN]: (1233/1400) reward: -5.853284180164337, rho: 0.46875
[TRAIN]: (1234/1400) reward: -17.861146092414856, rho: 0.46875
[TRAIN]: (1235/1400) reward: -9.214858457446098, rho: 0.39375
[TRAIN]: (1236/1400) reward: -10.084464959800243, rho: 0.39375
[TRAIN]: (1237/1400) reward: -16.481284379959106, rho: 0.36875
[TRAIN]: (1238/1400) reward: -13.904431700706482, rho: 0.54375
[TRAIN]: (1239/1400) reward: -20.0, rho: 0.51875
[TRAIN]: (1240/1400) reward: -7.3269544910872355, rho: 0.53125
[TRAIN]: (1241/1400) reward: 6.861594437621534, rho: 0.33125
[TRAIN]: (1242/1400) reward: -13.555410623550415, rho: 0.40625
[TRAIN]: (1243/1400) reward: 15.514295101165771, rho: 0.3625
[TRAIN]: (1244/1400) reward: 16.219198375940323, rho: 0.3875
[TRAIN]: (1245/1400) reward: -0.30143266916275024, rho: 0.30625
[TRAIN]: (1246/1400) reward: 22.982622295618057, rho: 0.26875
[TRAIN]: (1247/1400) reward: -12.298672288656235, rho: 0.45625
[TRAIN]: (1248/1400) reward: -7.507509390823543, rho: 0.4375
[TRAIN]: (1249/1400) reward: -7.002760231494904, rho: 0.375
[TRAIN]: (1250/1400) reward: 1.0220995098352432, rho: 0.35
[TRAIN]: (1251/1400) reward: 29.008961291983724, rho: 0.375
[TRAIN]: (1252/1400) reward: -17.82170081138611, rho: 0.375
[TRAIN]: (1253/1400) reward: -9.1340342015028, rho: 0.3125
[TRAIN]: (1254/1400) reward: 9.218572275713086, rho: 0.375
[TRAIN]: (1255/1400) reward: -1.2497426271438599, rho: 0.35625
[TRAIN]: (1256/1400) reward: 8.641375184059143, rho: 0.3625
[TRAIN]: (1257/1400) reward: -9.426043756306171, rho: 0.4625
[TRAIN]: (1258/1400) reward: -14.010286808013916, rho: 0.29375
[TRAIN]: (1259/1400) reward: 21.810089230537415, rho: 0.3875
[TRAIN]: (1260/1400) reward: -8.804378815519158, rho: 0.44375
[TRAIN]: (1261/1400) reward: -9.362379296682775, rho: 0.33125
[TRAIN]: (1262/1400) reward: 6.226691372692585, rho: 0.5375
[TRAIN]: (1263/1400) reward: 2.416647423990071, rho: 0.4875
[TRAIN]: (1264/1400) reward: 21.792176246643066, rho: 0.425
[TRAIN]: (1265/1400) reward: 0.6636057794094086, rho: 0.325
[TRAIN]: (1266/1400) reward: 1.1925079226493835, rho: 0.4125
[TRAIN]: (1267/1400) reward: -9.053921222686768, rho: 0.425
[TRAIN]: (1268/1400) reward: -13.177962243556976, rho: 0.45625
[TRAIN]: (1269/1400) reward: -2.352602541446686, rho: 0.39375
[TRAIN]: (1270/1400) reward: -6.529737178236246, rho: 0.4875
[TRAIN]: (1271/1400) reward: -1.8934666365385056, rho: 0.4
[TRAIN]: (1272/1400) reward: -9.23354098200798, rho: 0.43125
[TRAIN]: (1273/1400) reward: 3.0201759338378906, rho: 0.2875
[TRAIN]: (1274/1400) reward: -17.018719911575317, rho: 0.40625
[TRAIN]: (1275/1400) reward: -5.564457505941391, rho: 0.43125
[TRAIN]: (1276/1400) reward: -6.54705274105072, rho: 0.3875
[TRAIN]: (1277/1400) reward: -18.663902312517166, rho: 0.45
[TRAIN]: (1278/1400) reward: -4.845637083984911, rho: 0.425
[TRAIN]: (1279/1400) reward: -7.425138884456828, rho: 0.3875
[TRAIN]: (1280/1400) reward: 18.059378013014793, rho: 0.3375
[TRAIN]: (1281/1400) reward: -4.953655696474016, rho: 0.60625
[TRAIN]: (1282/1400) reward: 8.227416515350342, rho: 0.425
[TRAIN]: (1283/1400) reward: 9.425971060991287, rho: 0.475
[TRAIN]: (1284/1400) reward: -14.26979335770011, rho: 0.375
[TRAIN]: (1285/1400) reward: 1.5855751670897007, rho: 0.38125
[TRAIN]: (1286/1400) reward: 14.352107187267393, rho: 0.4375
[TRAIN]: (1287/1400) reward: -19.0, rho: 0.3375
[TRAIN]: (1288/1400) reward: -18.981663392856717, rho: 0.35
[TRAIN]: (1289/1400) reward: 2.6267952620983124, rho: 0.4375
[TRAIN]: (1290/1400) reward: -6.757144391536713, rho: 0.45
[TRAIN]: (1291/1400) reward: -3.391145408153534, rho: 0.45625
[TRAIN]: (1292/1400) reward: -11.793679237365723, rho: 0.475
[TRAIN]: (1293/1400) reward: -7.9108329568989575, rho: 0.3
[TRAIN]: (1294/1400) reward: -5.72141695022583, rho: 0.40625
[TRAIN]: (1295/1400) reward: -14.12069347500801, rho: 0.44375
[TRAIN]: (1296/1400) reward: -3.9759345054626465, rho: 0.4125
[TRAIN]: (1297/1400) reward: -8.257488999515772, rho: 0.475
[TRAIN]: (1298/1400) reward: -16.142179591581225, rho: 0.45
[TRAIN]: (1299/1400) reward: -7.057702204212546, rho: 0.35625
[TRAIN]: (1300/1400) reward: -2.7169995307922363, rho: 0.3625
[TRAIN]: (1301/1400) reward: -1.142592430114746, rho: 0.3875
[TRAIN]: (1302/1400) reward: -17.78503492474556, rho: 0.4625
[TRAIN]: (1303/1400) reward: 0.16754475235939026, rho: 0.3375
[TRAIN]: (1304/1400) reward: -3.786079939454794, rho: 0.4375
[TRAIN]: (1305/1400) reward: 3.6118427515029907, rho: 0.38125
[TRAIN]: (1306/1400) reward: 5.407569780945778, rho: 0.40625
[TRAIN]: (1307/1400) reward: -13.613708786666393, rho: 0.4625
[TRAIN]: (1308/1400) reward: -10.399319872260094, rho: 0.51875
[TRAIN]: (1309/1400) reward: -7.89883890748024, rho: 0.35
[TRAIN]: (1310/1400) reward: -15.176297564059496, rho: 0.40625
[TRAIN]: (1311/1400) reward: 8.27274227142334, rho: 0.4625
[TRAIN]: (1312/1400) reward: -12.446518898010254, rho: 0.51875
[TRAIN]: (1313/1400) reward: -8.835495591163635, rho: 0.44375
[TRAIN]: (1314/1400) reward: 10.407552503049374, rho: 0.4125
[TRAIN]: (1315/1400) reward: 18.92711033858359, rho: 0.35
[TRAIN]: (1316/1400) reward: 4.007797457277775, rho: 0.45625
[TRAIN]: (1317/1400) reward: 8.260999202728271, rho: 0.425
[TRAIN]: (1318/1400) reward: 8.132254719734192, rho: 0.35625
[TRAIN]: (1319/1400) reward: -13.603125520981848, rho: 0.40625
[TRAIN]: (1320/1400) reward: -3.5591984535567462, rho: 0.39375
[TRAIN]: (1321/1400) reward: -0.4054527636617422, rho: 0.375
[TRAIN]: (1322/1400) reward: -6.817614585161209, rho: 0.2875
[TRAIN]: (1323/1400) reward: -3.993388682603836, rho: 0.43125
[TRAIN]: (1324/1400) reward: -2.7640094170346856, rho: 0.325
[TRAIN]: (1325/1400) reward: 3.2603851505555212, rho: 0.48125
[TRAIN]: (1326/1400) reward: 6.903845250606537, rho: 0.3375
[TRAIN]: (1327/1400) reward: -12.992499753832817, rho: 0.4625
[TRAIN]: (1328/1400) reward: -6.69523960351944, rho: 0.4625
[TRAIN]: (1329/1400) reward: -0.547703742980957, rho: 0.4
[TRAIN]: (1330/1400) reward: -15.660799104720354, rho: 0.4375
[TRAIN]: (1331/1400) reward: -16.05535531975329, rho: 0.45
[TRAIN]: (1332/1400) reward: -1.5054571405053139, rho: 0.5125
[TRAIN]: (1333/1400) reward: -16.539418324828148, rho: 0.525
[TRAIN]: (1334/1400) reward: -5.313724343664944, rho: 0.31875
[TRAIN]: (1335/1400) reward: 3.647470914758742, rho: 0.4625
[TRAIN]: (1336/1400) reward: -0.42008677078410983, rho: 0.5
[TRAIN]: (1337/1400) reward: -4.191121935844421, rho: 0.5125
[TRAIN]: (1338/1400) reward: 3.577618923969567, rho: 0.30625
[TRAIN]: (1339/1400) reward: 6.861898085102439, rho: 0.425
[TRAIN]: (1340/1400) reward: -0.5979933738708496, rho: 0.3875
[TRAIN]: (1341/1400) reward: 7.101024944335222, rho: 0.4125
[TRAIN]: (1342/1400) reward: -5.228034019470215, rho: 0.4375
[TRAIN]: (1343/1400) reward: 3.3366066426970065, rho: 0.35625
[TRAIN]: (1344/1400) reward: -6.7064181519672275, rho: 0.35
[TRAIN]: (1345/1400) reward: -14.110061675310135, rho: 0.3625
[TRAIN]: (1346/1400) reward: -2.806620955467224, rho: 0.4125
[TRAIN]: (1347/1400) reward: 6.616045668721199, rho: 0.41875
[TRAIN]: (1348/1400) reward: -9.7316933311522, rho: 0.4125
[TRAIN]: (1349/1400) reward: 25.967363581061363, rho: 0.36875
[TRAIN]: (1350/1400) reward: 1.7753816097974777, rho: 0.375
[TRAIN]: (1351/1400) reward: -6.456993341445923, rho: 0.3625
[TRAIN]: (1352/1400) reward: -14.840147303417325, rho: 0.4625
[TRAIN]: (1353/1400) reward: -11.137066841125488, rho: 0.35625
[TRAIN]: (1354/1400) reward: 7.449043273925781, rho: 0.325
[TRAIN]: (1355/1400) reward: -0.06259593367576599, rho: 0.35625
[TRAIN]: (1356/1400) reward: 14.487612128257751, rho: 0.30625
[TRAIN]: (1357/1400) reward: -14.334797598421574, rho: 0.4625
[TRAIN]: (1358/1400) reward: -15.020411759614944, rho: 0.2875
[TRAIN]: (1359/1400) reward: -3.4171178936958313, rho: 0.4
[TRAIN]: (1360/1400) reward: 5.963950574398041, rho: 0.425
[TRAIN]: (1361/1400) reward: 3.8384726122021675, rho: 0.34375
[TRAIN]: (1362/1400) reward: -10.562316298484802, rho: 0.39375
[TRAIN]: (1363/1400) reward: -1.7058213020209223, rho: 0.35625
[TRAIN]: (1364/1400) reward: 8.332540760748088, rho: 0.36875
[TRAIN]: (1365/1400) reward: -16.449662076309323, rho: 0.35625
[TRAIN]: (1366/1400) reward: 0.15546245779842138, rho: 0.44375
[TRAIN]: (1367/1400) reward: -6.156899839639664, rho: 0.39375
[TRAIN]: (1368/1400) reward: -11.226482179015875, rho: 0.45
[TRAIN]: (1369/1400) reward: -4.314642429351807, rho: 0.45625
[TRAIN]: (1370/1400) reward: -1.571125864982605, rho: 0.3875
[TRAIN]: (1371/1400) reward: 3.6158665381371975, rho: 0.3125
[TRAIN]: (1372/1400) reward: -9.889093719422817, rho: 0.39375
[TRAIN]: (1373/1400) reward: 2.4993090368807316, rho: 0.45625
[TRAIN]: (1374/1400) reward: 4.45704734174069, rho: 0.4
[TRAIN]: (1375/1400) reward: 10.84158355370164, rho: 0.40625
[TRAIN]: (1376/1400) reward: -15.052701205015182, rho: 0.4625
[TRAIN]: (1377/1400) reward: 11.525591616984457, rho: 0.30625
[TRAIN]: (1378/1400) reward: 9.104173499159515, rho: 0.33125
[TRAIN]: (1379/1400) reward: -5.466244876384735, rho: 0.4125
[TRAIN]: (1380/1400) reward: 0.7135043144226074, rho: 0.41875
[TRAIN]: (1381/1400) reward: -6.207712012343109, rho: 0.43125
[TRAIN]: (1382/1400) reward: 8.913338974118233, rho: 0.34375
[TRAIN]: (1383/1400) reward: 6.0795939564704895, rho: 0.35625
[TRAIN]: (1384/1400) reward: -8.971435546875, rho: 0.38125
[TRAIN]: (1385/1400) reward: -4.669572234153748, rho: 0.4875
[TRAIN]: (1386/1400) reward: -7.584259644150734, rho: 0.475
[TRAIN]: (1387/1400) reward: -6.689633637666702, rho: 0.325
[TRAIN]: (1388/1400) reward: -7.8203053794568405, rho: 0.35625
[TRAIN]: (1389/1400) reward: -9.594381630420685, rho: 0.41875
[TRAIN]: (1390/1400) reward: 3.1039761304855347, rho: 0.3625
[TRAIN]: (1391/1400) reward: -14.424572795629501, rho: 0.38125
[TRAIN]: (1392/1400) reward: -11.43966557085514, rho: 0.3875
[TRAIN]: (1393/1400) reward: 0.42278639413416386, rho: 0.31875
[TRAIN]: (1394/1400) reward: 6.143854251131415, rho: 0.45
[TRAIN]: (1395/1400) reward: 22.524400789290667, rho: 0.35
[TRAIN]: (1396/1400) reward: 1.163039743900299, rho: 0.4125
[TRAIN]: (1397/1400) reward: -5.025763985933736, rho: 0.48125
[TRAIN]: (1398/1400) reward: 8.2207932472229, rho: 0.38125
[TRAIN]: (1399/1400) reward: -5.203258693218231, rho: 0.4125
[TRAIN]: (1400/1400) reward: -17.588461592793465, rho: 0.3375
