[MAIN]: START
[ENV]: Started init Environment
[ENV]: ACTIONS_SPACE: 257
[ENV]: Finished init Environment
[TRAIN]: actions: 257, observations: 12
[TRAIN]: CUDA: True
[TRAIN]: (1): action: 26, observation: (1, 4.814318112467942, 0.0, 0.2511487728551902, 0.71487189149458, 1.298611360039865, 7.480219882041653, 12.042771878799476, 7.711449370178768, 6.8030287387516815, 0.7450134115475262, 18.29698426938661), rho: 0.4, reward: -1.0 - 0, eps: 1.0, sample: -1, 
[TRAIN]: (1): action: 214, observation: (1, 0.09644015516081789, 0.5, 0.7019261668951821, 0.33965176820019627, 2.1878286651807026, 7.820237374814393, 1.2270721492770773, 2.3534890633935315, 1.2427836058103046, 10.229974956778493, 1.7929285868879241), rho: 0.4, reward: -1.0 - 0, eps: 1.0, sample: -1, 
[TRAIN]: (1): action: 92, observation: (1, 1.4130785421619758, 0.3339401551608178, 0.6054651448352689, 0.5616811236082674, 5.1347899338441225, 2.351298833451625, 0.7216283230154473, 3.901604564441994, 7.514165157642867, 1.9068125934736107, 6.391752106311584), rho: 0.4, reward: -1.0 - 0, eps: 1.0, sample: -1, 
[TRAIN]: (1): action: 48, observation: (1, 0.5795718245973169, 0.5, 0.6024322135750458, 0.5938129568052549, 7.07487803991609, 38.9722934451829, 5.38856363714653, 27.452357924966066, 6.588785298916261, 14.65345950650271, 2.1693495801199525), rho: 0.4, reward: 0.09266295284032822 - 1, eps: 1.0, sample: -1, 
[TRAIN]: (1): action: 245, observation: (1, 0.1608392263084661, 0.5, 0.9492880212753749, 0.3717040693060093, 12.131544248096422, 2.556189319267561, 17.630134393052785, 3.861906631017467, 9.517837367789527, 25.617651339460053, 5.783668611320083), rho: 0.4, reward: -1.0 - 0, eps: 1.0, sample: -1, 
[TRAIN]: (1): action: 187, observation: (1, 1.6794167019777413, 0.5, 0.3741729677715856, 0.676932598175649, 13.397732426623243, 1.573937363466864, 3.9555883733975605, 0.5500696953559482, 0.6617638619270525, 7.354646390934408, 6.483039556870577), rho: 0.4, reward: -1.0 - 0, eps: 1.0, sample: -1, 
[TRAIN]: (1): action: 9, observation: (1, 1.482218703660915, 0.5, 0.4639664829011866, 0.572595478812525, 2.476147898589316, 2.428464524024309, 4.900356580423276, 6.054584581339512, 0.589790064348493, 1.4241553814551298, 6.234877309359942), rho: 0.4, reward: 0.1781056970357895 - 1, eps: 1.0, sample: -1, 
[TRAIN]: (1): action: 60, observation: (1, 0.571939773118594, 0.5, 0.3155559169793428, 0.87975343450919, 1.7448687139700134, 3.2566307543314315, 0.0933190945222341, 18.924416859622276, 19.3420673791745, 0.7336968338855155, 1.18387189598929), rho: 0.4, reward: -1.0 - 0, eps: 1.0, sample: -1, 
[TRAIN]: (1): action: 187, observation: (1, 4.597163801550183, 0.5, 0.27174295060218745, 0.5799681901763618, 5.056499605933885, 4.2565955529139785, 5.989879164074564, 21.114168800840403, 13.77751119251493, 15.471612897928102, 21.899681910186537), rho: 0.4, reward: -1.0 - 0, eps: 1.0, sample: -1, 
[TRAIN]: (1): action: 148, observation: (1, 1.948470811176228, 0.5, 0.17551224076860927, 0.6267637173651353, 5.751716209845901, 19.280784610588316, 10.484748838737548, 19.29597853752537, 18.643129074834036, 2.4160639065958724, 8.597242520559341), rho: 0.4, reward: -1.0 - 0, eps: 1.0, sample: -1, 
[TRAIN]: (1): action: 190, observation: (0, 2.985891157434258, 0.5, 0.972858180085144, 0.43401116761297776, 18.479941522193947, 1.0201159226938197, 20.868930050079328, 10.389354948756049, 5.4699530673457755, 8.387342121525796, 2.1845992505239056), rho: 0.4, reward: 7.304390907287598 - 1, eps: 1.0, sample: -1, 
[TRAIN]: (1): action: 157, observation: (0, 0.24668788185704998, 0.5, 0.7616166618889443, 0.6132734379980082, 3.56603481740073, 7.323181485018253, 7.362751536099305, 7.9770486558692095, 44.44839752766918, 0.4291490111612556, 5.3956804748836875), rho: 0.4, reward: -1.0 - 0, eps: 1.0, sample: -1, 
[TRAIN]: (1): action: 9, observation: (0, 0.4588036700011247, 0.5, 0.7169618920145174, 0.8981249762462, 9.270743398229005, 9.02459627492901, 5.105564649858, 0.06046991723026626, 8.46186635799357, 1.5687262550270733, 9.42051212409931), rho: 0.4, reward: 4.910064220428467 - 1, eps: 1.0, sample: -1, 
[TRAIN]: (1): action: 211, observation: (0, 2.745230859349751, 0.5, 0.5244803448685317, 0.15145700974712728, 10.684173763744997, 0.22106535304596442, 2.6470539701773133, 9.91878377156476, 15.154548926243912, 14.402472765591952, 4.652160706943993), rho: 0.4, reward: 6.714695930480957 - 1, eps: 1.0, sample: -1, 
[TRAIN]: (1): action: 51, observation: (0, 0.8116310720883092, 0.5, 0.5718408889568846, 0.48455377297071367, 4.422595879993821, 5.7250227728184235, 44.36830795843078, 3.1954217663181463, 2.5141060187863817, 3.195740008264978, 4.773056801168406), rho: 0.4, reward: -1.0 - 0, eps: 1.0, sample: -1, 
[TRAIN]: (1): action: 53, observation: (0, 0.6951554604644448, 0.5, 0.5293441377521291, 0.07879926464997833, 27.893594418217226, 4.087696649323801, 6.938060641492706, 5.151539894931386, 20.149591998226942, 2.8090798600613693, 17.358620099504257), rho: 0.4, reward: -1.0 - 0, eps: 1.0, sample: -1, 
[TRAIN]: (1): action: 156, observation: (0, 0.1449516913142855, 0.5, 0.21202353240695038, 0.7333097500535253, 16.525689723257944, 23.455374554417816, 2.1699416043244875, 0.7755925368452765, 11.180694125377942, 9.130926560613846, 5.222125743407706), rho: 0.4, reward: -1.0 - 0, eps: 1.0, sample: -1, 
[TRAIN]: (1): action: 101, observation: (0, 0.22134780028825346, 0.04495169131428556, 0.9961694093773861, 0.3147245671351818, 28.29487327350715, 0.5623659759009889, 13.821176877931647, 3.8029059094131497, 3.7636715719205727, 0.10090955645487702, 1.3271736993713117), rho: 0.4, reward: -1.0 - 0, eps: 1.0, sample: -1, 
[TRAIN]: (1): action: 8, observation: (0, 0.9523598633980737, -0.3149505083974609, 0.4426362731957679, 0.10307433567351698, 0.7439254011548574, 2.67246783755138, 0.34950720341036245, 10.001582542196292, 11.589106452603806, 4.857312292058214, 2.6174946212618706), rho: 0.4, reward: -1.0 - 0, eps: 1.0, sample: -1, 
[TRAIN]: (1): action: 231, observation: (0, 0.1259657937427254, 0.056159355000612865, 0.26362315964627936, 0.734538587778745, 1.5370301488735996, 8.825970813627409, 3.049094575393933, 23.684747595775022, 2.192598699854664, 3.8837813902377345, 7.770614362315104), rho: 0.4, reward: -1.0 - 0, eps: 1.0, sample: -1, 
[TRAIN]: (1/2000): reward: 4.199919708073139, rho: 0.4000000000000001, rates: 0.9599959854036569
[TRAIN]: SAVE MODEL: best_reward: 0.20999598540365697
[TRAIN]: (2): action: 30, observation: (1, 1.841151309328662, 0.0, 0.6266593370554131, 0.6715216471094939, 0.8775581622482695, 29.376267170769495, 4.234224898614875, 10.111950402072189, 29.616126664738122, 29.042040949059942, 6.9428487722693655), rho: 0.4, reward: -1.0 - 0, eps: 1.0, sample: -1, 
[TRAIN]: (2): action: 210, observation: (1, 7.283741573638101, 0.5, 0.47423503226703945, 0.9760796408414529, 6.227712948419728, 1.741631185157804, 1.3825174512459648, 0.2997316365331749, 3.9031528926179186, 16.951079252520845, 20.543464076653745), rho: 0.4, reward: -1.0 - 0, eps: 1.0, sample: -1, 
[TRAIN]: (2): action: 248, observation: (1, 0.020594595943850127, 0.5, 0.8326398218443715, 0.7216616485401907, 18.413997880596185, 29.820768248939093, 25.839105607169284, 1.7758681031866779, 23.878876074713272, 25.29837066987181, 0.06097354813942875), rho: 0.4, reward: -1.0 - 0, eps: 1.0, sample: -1, 
[TRAIN]: (2): action: 237, observation: (1, 6.412010301588434, 0.2955945959438502, 0.2512005778642502, 0.9997867078044318, 15.340443060578444, 14.30261422308051, 24.84646373912428, 1.5409913574783012, 3.2403428226942443, 4.26899765583795, 17.38467042611), rho: 0.4, reward: -1.0 - 0, eps: 1.0, sample: -1, 
[TRAIN]: (2): action: 106, observation: (1, 2.1762761302913716, 0.5, 0.7007720799470717, 0.5616404256475174, 7.8515528424702055, 1.5527656678934763, 3.5860695474181274, 2.335711436366908, 33.04937419795327, 4.600220571101303, 10.13678126269207), rho: 0.4, reward: 0.011366632767021656 - 1, eps: 1.0, sample: -1, 
[TRAIN]: (2): action: 37, observation: (1, 6.557905808752808, 0.5, 0.16614488437928054, 0.7940040091073374, 11.060910867804623, 1.3422672668281497, 0.6824411364034911, 8.975372881836668, 6.004838996410751, 7.332570157440924, 22.4334693330807), rho: 0.4, reward: 0.31256264448165894 - 1, eps: 1.0, sample: -1, 
[TRAIN]: (2): action: 2, observation: (1, 0.013015453803513056, 0.5, 0.7445894016365148, 0.25501195101718777, 9.729849729545428, 11.17223703421068, 0.7072545104752737, 12.066522919040752, 3.304102105497998, 14.83897822836032, 2.164970295316816), rho: 0.4, reward: 1.822292447090149 - 1, eps: 1.0, sample: -1, 
[TRAIN]: (2): action: 145, observation: (1, 0.05708322831449977, 0.1380154538035131, 0.9066024534130788, 0.3851246449078517, 11.501570131319443, 15.388501945588917, 2.1006733011429937, 7.217212972381997, 3.503223308478253, 0.6623073466170819, 5.184485794740091), rho: 0.4, reward: -1.0 - 0, eps: 1.0, sample: -1, 
[TRAIN]: (2): action: 12, observation: (1, 3.437203429220328, -0.1236513178819871, 0.8045063847447079, 0.8420103792689544, 5.554933052148334, 1.9045263076277195, 24.644176669839037, 1.692286114806628, 4.1169823704422095, 10.283340198383868, 11.25614731767369), rho: 0.4, reward: -1.0 - 0, eps: 1.0, sample: -1, 
[TRAIN]: (2): action: 190, observation: (1, 0.12735540974146536, 0.5, 0.010757279061970881, 0.15255063833157234, 5.052527182187441, 0.754569122486155, 16.094883891894398, 17.939037653849997, 2.649158349934677, 14.707059736797227, 3.0435050582846976), rho: 0.4, reward: -1.0 - 0, eps: 1.0, sample: -1, 
[TRAIN]: (2): action: 156, observation: (0, 0.04773013091482199, 0.4773554097414653, 0.09831680062992432, 0.661577898372288, 2.1769079327784744, 11.16579915650431, 3.4745408160670848, 0.10665717722274677, 4.106729822179849, 3.4321645087637997, 23.620489383487985), rho: 0.4, reward: -1.0 - 0, eps: 1.0, sample: -1, 
[TRAIN]: (2): action: 39, observation: (0, 3.770660326251478, -0.07491445934371266, 0.6457860277916779, 0.44347527029123535, 3.799099977671489, 29.44009271839932, 2.9089199106775343, 10.728523295080734, 5.625106753962564, 15.767442073108073, 38.26869243342099), rho: 0.4, reward: -1.0 - 0, eps: 1.0, sample: -1, 
[TRAIN]: (2): action: 112, observation: (0, 0.1315056986239623, 0.5, 0.06752767196784304, 0.9103477626254965, 13.94430907781538, 12.190213826931375, 17.57074214078193, 4.365649262130185, 5.812487291244963, 3.744788195547529, 3.24783133791024), rho: 0.4, reward: -1.0 - 0, eps: 1.0, sample: -1, 
[TRAIN]: (2): action: 251, observation: (0, 0.12616477247645025, 0.12525569862396235, 0.07819353210240532, 0.3675163690071377, 8.520604827156387, 2.309697452667572, 4.286713325673764, 2.391707578990143, 27.386296985840566, 28.082678171471258, 1.2731484689901327), rho: 0.4, reward: -1.0 - 0, eps: 1.0, sample: -1, 
[TRAIN]: (2): action: 98, observation: (0, 0.1283487951659332, 0.026420471100412624, 0.36716033646480584, 0.7552298922043488, 19.14831376190335, 12.827804237345614, 0.2755656259084345, 15.344045540916449, 18.389856704534257, 0.9061712465380329, 10.959906987833701), rho: 0.4, reward: -1.0 - 0, eps: 1.0, sample: -1, 
[TRAIN]: (2): action: 59, observation: (0, 0.523745676102262, 0.023519266266345817, 0.5337302436168726, 0.8197659895215903, 7.206497297991083, 12.087124278094784, 9.118905778466594, 3.5408186650666735, 0.69645538357585, 2.1362606461997897, 5.885361497064338), rho: 0.4, reward: -1.0 - 0, eps: 1.0, sample: -1, 
[TRAIN]: (2): action: 191, observation: (0, 6.919771696437245, 0.4722649423686078, 0.5890755751661296, 0.9227204282170355, 3.728713529528984, 23.88014937602182, 7.826548986107714, 7.93532777761021, 1.6558091641484676, 31.738247658359647, 19.694128466971886), rho: 0.4, reward: -1.0 - 0, eps: 1.0, sample: -1, 
[TRAIN]: (2): action: 200, observation: (0, 0.1453960044923225, 0.5, 0.3509506618582827, 0.6356160905227913, 10.597334153368333, 9.427129433360474, 4.845029627101237, 13.432727523764958, 0.1680378119947096, 2.1631553499491134, 22.02230123832047), rho: 0.4, reward: -1.0 - 0, eps: 1.0, sample: -1, 
[TRAIN]: (2): action: 237, observation: (0, 10.130403051063825, 0.045396004492322506, 0.8556386554119416, 0.30401820881021235, 35.2093408598856, 1.6020926780794058, 14.393688267097831, 7.679604880991908, 8.542688261525488, 32.324116923300046, 13.459249219455803), rho: 0.4, reward: -1.0 - 0, eps: 1.0, sample: -1, 
[TRAIN]: (2): action: 71, observation: (0, 1.0369241409177876, 0.5, 0.7580851066368891, 0.794777341051855, 9.528134751731386, 20.21821790387421, 13.422552760622501, 3.119881010918433, 13.622632666712327, 3.293918787870658, 0.9155914828435435), rho: 0.4, reward: -1.0 - 0, eps: 1.0, sample: -1, 
[TRAIN]: (2/2000): reward: -14.85377827566117, rho: 0.4000000000000001, rates: 0.10731108621694148
[TRAIN]: (3): action: 176, observation: (1, 0.49182551076990005, 0.0, 0.1419669520916409, 0.893709535492906, 10.387946725920877, 10.488027894629653, 13.03383922610547, 0.702684038789339, 4.135836025427857, 3.6208036475600776, 0.9602795111424333), rho: 0.4, reward: -1.0 - 0, eps: 1.0, sample: -1, 
[TRAIN]: (3): action: 202, observation: (1, 0.6957476284421302, 0.30432551076990005, 0.6504201010750064, 0.4300438351112381, 2.9667168347680666, 4.417285264366094, 9.161415145522469, 2.570403886788041, 8.970461065819645, 14.408375947439174, 3.295003401188747), rho: 0.4, reward: -1.0 - 0, eps: 1.0, sample: -1, 
[TRAIN]: (3): action: 62, observation: (1, 0.5848939781923953, 0.5, 0.639785249227525, 0.8094950362250433, 5.800205578622556, 14.399152364845287, 6.026536270613837, 8.995609822977096, 4.644871158137934, 41.12008209996121, 1.5031544225341333), rho: 0.4, reward: -1.0 - 0, eps: 1.0, sample: -1, 
[TRAIN]: (3): action: 130, observation: (1, 0.38691273611242794, 0.5, 0.09519605971772993, 0.5507257295808773, 19.795766174177068, 0.3422189641006504, 4.971351872727314, 1.4745606783951364, 4.073300140802371, 8.523051700444343, 1.2521542186463361), rho: 0.4, reward: -1.0 - 0, eps: 1.0, sample: -1, 
[TRAIN]: (3): action: 62, observation: (1, 0.18192836876005278, 0.5, 0.07526470955572717, 0.13872750401429867, 4.686294907344829, 4.705316210907093, 4.609047572399059, 0.8705570723515119, 3.156271718238129, 52.09833707148875, 26.107581312954032), rho: 0.4, reward: -1.0 - 0, eps: 1.0, sample: -1, 
[TRAIN]: (3): action: 62, observation: (1, 0.10996879709653194, 0.5, 0.6869689772226741, 0.2441157015166714, 1.1002360548126773, 7.668689079605708, 3.5808726663264547, 8.038110258144032, 3.7999959293692824, 21.707821932822604, 4.63304059089615), rho: 0.4, reward: -1.0 - 0, eps: 1.0, sample: -1, 
[TRAIN]: (3): action: 41, observation: (1, 0.6864481303543125, 0.441218797096532, 0.36527646431974337, 0.7179707289664955, 11.969854679908101, 4.380419063353146, 45.09319379088854, 19.724820487787778, 25.912738214818635, 8.882408930280048, 2.5706910599584054), rho: 0.4, reward: -1.0 - 0, eps: 1.0, sample: -1, 
[TRAIN]: (3): action: 171, observation: (1, 0.16740429113061564, 0.5, 0.6165143306518988, 0.2519158604827737, 2.5173908253098523, 3.467187502410145, 0.9907761255195341, 28.816993672898022, 12.236266119342618, 0.35974792273250833, 34.47555355930663), rho: 0.4, reward: 0.2804863750934601 - 1, eps: 1.0, sample: -1, 
[TRAIN]: (3): action: 200, observation: (1, 1.9717558266097601, 0.3861542911306156, 0.7575729458232465, 0.5699735988973784, 2.6029502706260264, 3.4963663805912497, 0.6262885388472585, 6.317961973698129, 11.009883973410572, 0.5816727600188133, 9.198049442652124), rho: 0.4, reward: -1.0 - 0, eps: 1.0, sample: -1, 
[TRAIN]: (3): action: 108, observation: (1, 1.6888545664197872, 0.5, 0.3200934028750735, 0.7484743197417314, 0.8093318051443288, 7.197511803799791, 6.823066053081953, 1.0010366044469605, 12.787598810451188, 2.4653198675711674, 5.82449619299012), rho: 0.4, reward: -1.0 - 0, eps: 1.0, sample: -1, 
[TRAIN]: (3): action: 53, observation: (0, 0.10887589565992667, 0.5, 0.303310276856506, 0.16083744934684074, 8.020841328422398, 4.82176096498425, 0.37861011529612587, 6.392033577488866, 20.423626267482604, 11.185666539227341, 3.396530141434748), rho: 0.4, reward: -1.0 - 0, eps: 1.0, sample: -1, 
[TRAIN]: (3): action: 12, observation: (0, 1.4557565002722768, 0.3651258956599267, 0.5954938291819323, 0.8329974157500478, 7.230732965738884, 11.636156732789654, 18.365574721584135, 1.9621077079210152, 11.171868300115706, 6.073147178566334, 4.750779268175202), rho: 0.4, reward: -1.0 - 0, eps: 1.0, sample: -1, 
[TRAIN]: (3): action: 240, observation: (0, 0.10299906209536264, 0.5, 0.053151649845669224, 0.9057480673417759, 8.911325742131812, 7.965796995772089, 11.565674065315878, 5.425365250077502, 19.006257921759534, 14.7559313541576, 10.609200952582212), rho: 0.4, reward: -1.0 - 0, eps: 1.0, sample: -1, 
[TRAIN]: (3): action: 22, observation: (0, 0.1263640961494393, 0.2092490620953627, 0.13266556276357844, 0.4110126086927671, 26.67372960616095, 10.85951989187738, 2.731714184168865, 15.696926861145592, 4.864055118219699, 8.113779750205278, 8.533887588006762), rho: 0.4, reward: -1.0 - 0, eps: 1.0, sample: -1, 
[TRAIN]: (3): action: 254, observation: (0, 4.994800570848862, 0.20436315824480197, 0.4766510657038425, 0.8660241840648196, 3.94602314254805, 3.6800339497793733, 6.9713386304802825, 4.239611384245516, 22.665657908460734, 28.818029062339964, 5.364971591882309), rho: 0.4, reward: -1.0 - 0, eps: 1.0, sample: -1, 
[TRAIN]: (3): action: 148, observation: (0, 1.9622687018644394, 0.5, 0.6865455657156669, 0.5449055294381847, 17.64476605422583, 0.667430882552156, 21.160722098672867, 4.792355103148961, 6.003644288081454, 7.141730065708812, 3.7222771305279996), rho: 0.4, reward: 8.05740737915039 - 1, eps: 1.0, sample: -1, 
[TRAIN]: (3): action: 183, observation: (0, 0.09750560244707812, 0.5, 0.1273790066074052, 0.036339340738181236, 3.4536617872777953, 17.775720308661015, 22.680207280025808, 21.166693418094017, 52.40224865175081, 35.702039197427226, 32.89371955356923), rho: 0.4, reward: -1.0 - 0, eps: 1.0, sample: -1, 
[TRAIN]: (3): action: 234, observation: (0, 5.640492499919103, -0.002494397552921801, 0.9946768797239877, 0.399533012276852, 15.370832049733298, 14.599335545796219, 4.55480764186259, 13.979819801830576, 15.132069042507464, 15.418729017878745, 23.791022253140838), rho: 0.4, reward: -1.0 - 0, eps: 1.0, sample: -1, 
[TRAIN]: (3): action: 72, observation: (0, 0.1621567529538926, 0.5, 0.2456698170197381, 0.5982746586465675, 2.755498752646428, 31.480586615287148, 7.667415648454994, 11.928608777622467, 6.032247026650511, 4.782877007709924, 3.566451627194418), rho: 0.4, reward: -1.0 - 0, eps: 1.0, sample: -1, 
[TRAIN]: (3): action: 191, observation: (0, 2.902094589518338, 0.5, 0.7750577700684251, 0.8158202473818627, 4.524633239454659, 9.916082845876952, 0.05650490194430264, 0.11167484897156611, 3.8776814285000123, 9.892051085636865, 25.70812005006292), rho: 0.4, reward: -1.0 - 0, eps: 1.0, sample: -1, 
[TRAIN]: (3/2000): reward: -9.66210624575615, rho: 0.4000000000000001, rates: 0.4168946877121925
[TRAIN]: (4): action: 137, observation: (1, 0.1243726428341176, 0.0, 0.1374079217265456, 0.013704599407606488, 3.3002567990940546, 0.18733401936728622, 10.193276978867697, 0.44193420323983296, 3.4057065883562823, 4.212937874088538, 2.158249154902412), rho: 0.4, reward: -1.0 - 0, eps: 1.0, sample: -1, 
[TRAIN]: (4): action: 247, observation: (1, 0.013910855674592493, -0.3631273571658824, 0.12451550562312497, 0.15475153821344045, 1.0786999787785005, 26.463925032031103, 8.79767022818479, 47.485094556662155, 0.05019370441018828, 15.915985226450545, 19.61872722608168), rho: 0.4, reward: -1.0 - 0, eps: 1.0, sample: -1, 
[TRAIN]: (4): action: 244, observation: (1, 0.0957268714631588, -0.8554665014912899, 0.5270433987411819, 0.3406272157357296, 7.822645440410692, 1.51480950388157, 0.10898878531139634, 19.635965893626942, 0.534445641468301, 6.574346130018639, 10.807823067576766), rho: 0.4, reward: -1.0 - 0, eps: 1.0, sample: -1, 
[TRAIN]: (4): action: 214, observation: (1, 0.07123609493760333, -1.284739630028131, 0.8887102496334413, 0.25217541257062803, 5.995548816790691, 29.957932455806954, 1.3778540566740405, 20.09081811475665, 17.83142641335102, 28.34525530025749, 2.6291752152062338), rho: 0.4, reward: -1.0 - 0, eps: 1.0, sample: -1, 
[TRAIN]: (4): action: 251, observation: (1, 2.0913483020540387, -1.4760035350905276, 0.1902239047580162, 0.7909286444459552, 0.42666275092197786, 3.0193379501123765, 12.54736389096475, 2.5429218532742275, 2.2465406683849594, 3.9203964871406667, 6.988509102219178), rho: 0.4, reward: -1.0 - 0, eps: 1.0, sample: -1, 
[TRAIN]: (4): action: 151, observation: (1, 9.86397074191134, 0.39034476696351106, 0.6653853444831448, 0.8008271182702003, 14.549488595900558, 8.974311598412472, 39.80883786307299, 0.27965964475497085, 1.7977926850087165, 12.575053557220357, 33.67033440052159), rho: 0.4, reward: -1.0 - 0, eps: 1.0, sample: -1, 
[TRAIN]: (4): action: 202, observation: (1, 0.12500680552814586, 0.5, 0.5218554114429136, 0.5885432362648431, 4.178561153040147, 1.043381972424573, 8.084260132980244, 5.690067548602904, 5.939094035405523, 6.194480726727658, 0.21006136705168102), rho: 0.4, reward: -1.0 - 0, eps: 1.0, sample: -1, 
[TRAIN]: (4): action: 118, observation: (1, 0.3562469054582895, 0.3812568055281459, 0.8044606556565854, 0.4909292638906011, 29.19057164772073, 0.39392686147258327, 9.612480396767623, 5.113121115117822, 1.0473844351427262, 3.0878365502295697, 1.4805742860504443), rho: 0.4, reward: -1.0 - 0, eps: 1.0, sample: -1, 
[TRAIN]: (4): action: 80, observation: (1, 0.11754778242962934, 0.32500371098643543, 0.7245062313387582, 0.02412193972130494, 12.826209180243017, 8.650849994375868, 0.4473011395847207, 1.6796983232075346, 3.2982765434510175, 7.246141685432521, 13.061108324715692), rho: 0.4, reward: -1.0 - 0, eps: 1.0, sample: -1, 
[TRAIN]: (4): action: 250, observation: (1, 6.054025998014771, -0.1011985065839352, 0.19297335021468964, 0.4102660391926296, 1.8020647465529838, 9.1551731716765, 14.26647670641437, 6.131804358145384, 25.85347047902095, 5.487016214116905, 40.31324784948794), rho: 0.4, reward: -1.0 - 0, eps: 1.0, sample: -1, 
[TRAIN]: (4): action: 132, observation: (0, 0.1434580442491704, 0.5, 0.09852575829406174, 0.029701965092026494, 6.252026752195622, 10.418946261046445, 3.8918684665110845, 9.23974287056718, 6.694415746270566, 0.24386884814712245, 4.80534170296351), rho: 0.4, reward: -1.0 - 0, eps: 1.0, sample: -1, 
[TRAIN]: (4): action: 218, observation: (0, 0.09406035984613022, 0.19345804424917046, 0.012965411922996162, 0.3042521657518372, 12.040003868276221, 11.223011379961187, 2.4512514458924897, 0.5154738851101781, 12.313603866465282, 1.2372809946928311, 3.3889144055823976), rho: 0.4, reward: -1.0 - 0, eps: 1.0, sample: -1, 
[TRAIN]: (4): action: 43, observation: (0, 0.4183098380509932, 0.04376840409530067, 0.8153157926014548, 0.3714940967334843, 52.08527996845628, 8.849012002787319, 1.0768691746988837, 2.188409040485573, 3.6207064008464895, 0.9637302883098824, 0.03554169179899425), rho: 0.4, reward: -1.0 - 0, eps: 1.0, sample: -1, 
[TRAIN]: (4): action: 49, observation: (0, 1.7946650484192388, 0.2558282421462939, 0.5910210581919147, 0.4290423741785514, 23.46150653464592, 1.8899376860021977, 0.20986300701090868, 4.2702405232818075, 4.756896144009004, 8.17079742754235, 7.493396561153683), rho: 0.4, reward: -1.0 - 0, eps: 1.0, sample: -1, 
[TRAIN]: (4): action: 36, observation: (0, 3.226737818093801, 0.5, 0.5350381272818344, 0.31503529176652034, 5.929532883566072, 9.336704996785292, 7.449774918789874, 5.601252265762331, 2.72599565020402, 15.717235218624827, 0.6903817821706472), rho: 0.4, reward: -1.0 - 0, eps: 1.0, sample: -1, 
[TRAIN]: (4): action: 182, observation: (0, 1.310146543453005, 0.5, 0.759538907771961, 0.8134058779924642, 7.365369211669506, 17.026256604721468, 10.057280241969718, 13.977409558792665, 3.811679996727273, 4.448658978083441, 8.778490211874118), rho: 0.4, reward: -1.0 - 0, eps: 1.0, sample: -1, 
[TRAIN]: (4): action: 90, observation: (0, 0.2535982061480844, 0.5, 0.7263884817108196, 0.21580627711790157, 23.45044926619062, 2.5369118369325667, 2.7023514189470332, 1.352573703701404, 1.8382626288121346, 0.6878852804764429, 1.4759759731011894), rho: 0.4, reward: -1.0 - 0, eps: 1.0, sample: -1, 
[TRAIN]: (4): action: 75, observation: (0, 0.4276687136327926, 0.28484820614808437, 0.5958503606850233, 0.6150768428226172, 8.890682107175587, 26.449141887906347, 3.9514886569281926, 13.06183725917204, 3.3808910535663212, 1.0705633726185635, 7.70280464898406), rho: 0.4, reward: -1.0 - 0, eps: 1.0, sample: -1, 
[TRAIN]: (4): action: 213, observation: (0, 3.571609259797108, 0.375016919780877, 0.8787929818101949, 0.238078003014645, 24.59017455773153, 3.1066224973530234, 2.0013520498853996, 15.204945491577082, 18.965318541133257, 10.750671452856679, 12.98878093034332), rho: 0.4, reward: -1.0 - 0, eps: 1.0, sample: -1, 
[TRAIN]: (4): action: 34, observation: (0, 0.7344241698663101, 0.5, 0.6471625703190672, 0.58678986479604, 0.7621753891593634, 2.2452693777401835, 39.71763954677933, 14.717088593036006, 0.0033152869152451715, 2.881567130089672, 8.262104603145499), rho: 0.4, reward: -1.0 - 0, eps: 1.0, sample: -1, 
[TRAIN]: (4/2000): reward: -20.0, rho: 0.4000000000000001, rates: 0.0
[TRAIN]: (5): action: 44, observation: (1, 0.11855878766017665, 0.0, 0.4458691838898312, 0.30093600810037224, 1.2269653431852632, 9.43543664992784, 1.1905934990554599, 4.195369514545226, 11.774951218672529, 13.719000484782375, 11.065274218730272), rho: 0.4, reward: -1.0 - 0, eps: 1.0, sample: -1, 
[TRAIN]: (5): action: 19, observation: (1, 9.814512468787278, -0.25644121233982337, 0.012001908876643097, 0.8856209885209925, 3.935704319863485, 9.060557230396233, 58.86393050225099, 9.186117592365552, 3.950661025795799, 7.272553132052877, 30.681806173508196), rho: 0.4, reward: -1.0 - 0, eps: 1.0, sample: -1, 
[TRAIN]: (5): action: 65, observation: (1, 1.0201329723561683, 0.5, 0.9861526849039792, 0.5412726938695365, 13.913921665844969, 5.3163689700774865, 6.440383182580151, 13.803263894723637, 3.886625088199567, 3.052991508026217, 4.474259230328838), rho: 0.4, reward: -1.0 - 0, eps: 1.0, sample: -1, 
[TRAIN]: (5): action: 151, observation: (1, 1.1432444593442301, 0.5, 0.5607760126350607, 0.6569884124507752, 27.99974885735969, 1.1047461913526573, 5.1430911252097955, 0.2845426840713464, 3.475134177150415, 10.492127428167944, 4.1177396396255785), rho: 0.4, reward: -1.0 - 0, eps: 1.0, sample: -1, 
[TRAIN]: (5): action: 199, observation: (1, 0.12663632943274777, 0.5, 0.0830929816406818, 0.3982221404213845, 0.17484115128454533, 10.333315233524768, 2.076393664432401, 4.073300924051034, 2.852029042317023, 6.620725656446181, 7.668649153263411), rho: 0.4, reward: -1.0 - 0, eps: 1.0, sample: -1, 
[TRAIN]: (5): action: 118, observation: (1, 2.691843993997168, 0.2703863294327477, 0.8572793266746104, 0.4238222588972893, 4.663289935080267, 2.4712119779787973, 27.51487816866483, 0.8148847646100731, 4.728600099497941, 2.24241409395425, 16.812686816519857), rho: 0.4, reward: -1.0 - 0, eps: 1.0, sample: -1, 
[TRAIN]: (5): action: 168, observation: (1, 0.8858793693526695, 0.5, 0.8729516780166409, 0.7989226639498931, 0.14830324206641887, 4.073726286585853, 2.171565902843067, 12.700860216615883, 2.708029376291226, 20.705113495870627, 2.978111178506426), rho: 0.4, reward: -1.0 - 0, eps: 1.0, sample: -1, 
[TRAIN]: (5): action: 224, observation: (1, 0.6375177687536334, 0.5, 0.017427667904569843, 0.8122310330731858, 6.248533742315795, 15.820246060675153, 18.593867563263373, 3.1664220668080745, 5.869677434050456, 5.646631101407995, 1.870333637231059), rho: 0.4, reward: -1.0 - 0, eps: 1.0, sample: -1, 
[TRAIN]: (5): action: 88, observation: (1, 1.3031200212840301, 0.5, 0.055090604512782915, 0.5668276288080688, 1.0483985106765672, 0.3666717857766482, 11.439503095198473, 5.0199933134719785, 2.5946576156563292, 5.071281036323318, 6.102258352697728), rho: 0.4, reward: -1.0 - 0, eps: 1.0, sample: -1, 
[TRAIN]: (5): action: 146, observation: (1, 2.5733311605699947, 0.5, 0.21443116590485012, 0.5773471243024285, 1.9858422014345876, 0.981816884551221, 5.80849032124092, 23.27798135387319, 9.556011592453604, 2.210225823363717, 11.81108709249149), rho: 0.4, reward: -1.0 - 0, eps: 1.0, sample: -1, 
[TRAIN]: (5): action: 57, observation: (0, 6.593574250313938, 0.5, 0.9459560658630369, 0.502663447236695, 29.174972346397226, 12.399548643005048, 2.946251856168715, 12.751350678920655, 54.25464105229143, 19.030869230153225, 12.645128757410664), rho: 0.4, reward: -1.0 - 0, eps: 1.0, sample: -1, 
[TRAIN]: (5): action: 79, observation: (0, 3.077153400577238, 0.5, 0.584130803556387, 0.6299916541607932, 6.483045330372014, 11.796975225720592, 3.059916664346643, 13.914295735608956, 1.2912087498608813, 13.819590642454369, 13.30211851129297), rho: 0.4, reward: 0.0 - 2, eps: 1.0, sample: -1, 
[TRAIN]: (5): action: 216, observation: (0, 0.06348333286434356, 0.5, 0.18664221313305895, 0.7034277446190791, 4.019434385432346, 11.503510626305166, 6.860563898229277, 6.764964385699681, 4.329815459759942, 6.047951000144616, 3.1688983026367747), rho: 0.4, reward: -1.0 - 0, eps: 1.0, sample: -1, 
[TRAIN]: (5): action: 49, observation: (0, 0.1475915212924075, 0.3572333328643436, 0.9397804576322054, 0.6402255731218953, 0.7413142094536878, 3.4982438265475917, 1.5740432431582307, 0.27074389393829523, 3.6402901235050344, 0.19838819262381185, 0.8947902500391891), rho: 0.4, reward: -1.0 - 0, eps: 1.0, sample: -1, 
[TRAIN]: (5): action: 168, observation: (0, 1.302905325610656, -0.057675145843248954, 0.6926886200564836, 0.5079592200120977, 11.47636437142268, 9.969710034952387, 5.606595887449821, 14.234866320865436, 2.685141175299833, 4.524118922400456, 6.039050709889229), rho: 0.4, reward: -1.0 - 0, eps: 1.0, sample: -1, 
[TRAIN]: (5): action: 127, observation: (0, 1.9725026607960052, 0.5, 0.5870139501402676, 0.4727414439883838, 2.393181584567308, 3.870837607334642, 1.2219498428727225, 6.456702222018019, 5.219018877306242, 8.749599383977918, 9.06254624471622), rho: 0.4, reward: -1.0 - 0, eps: 1.0, sample: -1, 
[TRAIN]: (5): action: 131, observation: (0, 0.0971395511318503, 0.5, 0.27683848384992693, 0.7681893208120474, 7.311054227317713, 9.100549943636613, 5.019042592673823, 17.723140653984174, 12.815980956780578, 11.008113100237198, 7.117179388608175), rho: 0.4, reward: -1.0 - 0, eps: 1.0, sample: -1, 
[TRAIN]: (5): action: 86, observation: (0, 0.40458121213355036, 0.4283895511318503, 0.5972398358199965, 0.26743487972780633, 0.06735568912534134, 12.036151528963918, 4.227937129099218, 8.451335678089032, 4.678662055615223, 1.6677934900667444, 24.135737854132792), rho: 0.4, reward: 0.9807184338569641 - 1, eps: 1.0, sample: -1, 
[TRAIN]: (5): action: 80, observation: (0, 1.4405510444622833, 0.5, 0.7540247924161243, 0.3357251733576214, 8.703390152478242, 20.635526929917823, 0.7246770504874089, 8.391477578120101, 0.3850050815667994, 4.657103070145035, 8.16352666640696), rho: 0.4, reward: -1.0 - 0, eps: 1.0, sample: -1, 
[TRAIN]: (5): action: 236, observation: (0, 0.1024747563833367, 0.5, 0.05879204634209212, 0.4015588087263855, 8.233979584472946, 3.7505872940899776, 1.0847298695080296, 6.816210502688145, 13.427966926529624, 21.406095514701708, 10.520290537603838), rho: 0.4, reward: 6.005265235900879 - 1, eps: 1.0, sample: -1, 
[TRAIN]: (5/2000): reward: -10.014016330242157, rho: 0.4000000000000001, rates: 0.34929918348789213
[TRAIN]: (6): action: 120, observation: (1, 1.2709669592443604, 0.0, 0.5198810332030683, 0.9002109271685217, 10.085094893819353, 2.071807092087038, 11.542058284791297, 5.556731088394022, 0.7223108813601836, 5.445508833998809, 3.3861971439547527), rho: 0.4, reward: -1.0 - 0, eps: 1.0, sample: -1, 
[TRAIN]: (6): action: 206, observation: (1, 2.47197807977218, 0.5, 0.9294775886605811, 0.45121579652196064, 15.66381047629201, 6.049621118086186, 1.3773313128737763, 3.602508003575341, 0.3707699655406539, 7.199086186323987, 14.554630241421302), rho: 0.4, reward: 2.760592460632324 - 1, eps: 1.0, sample: -1, 
[TRAIN]: (6): action: 183, observation: (1, 0.19551940353534367, 0.5, 0.5991393704529447, 0.1533850735857939, 29.042555847231796, 6.85912643116679, 5.1678897601968465, 2.1116347905298856, 7.0683090194976685, 31.70915964321591, 2.3352540188011277), rho: 0.4, reward: -1.0 - 0, eps: 1.0, sample: -1, 
[TRAIN]: (6): action: 74, observation: (1, 0.08000408541920981, 0.09551940353534372, 0.8674867676365747, 0.11612098086531264, 6.252227015466106, 41.43312367560165, 1.179203787760303, 4.2372739372116826, 9.53484497397238, 0.0989030670733046, 8.346923360748335), rho: 0.4, reward: -1.0 - 0, eps: 1.0, sample: -1, 
[TRAIN]: (6): action: 238, observation: (1, 1.8563034622971883, -0.04947651104544645, 0.4473322101181154, 0.6532067522635921, 3.241929867172089, 3.5900108247643474, 1.0882896099196357, 10.652487035907782, 5.048620815098275, 18.31571743706237, 7.588589487428496), rho: 0.4, reward: -1.0 - 0, eps: 1.0, sample: -1, 
[TRAIN]: (6): action: 225, observation: (1, 0.1890042135515546, 0.5, 0.9892534106951737, 0.44266535787957584, 17.43076969022466, 5.529934633977998, 1.848270364688047, 4.810625743333171, 3.1862949746722697, 1.1014305174335908, 0.6067216154982906), rho: 0.4, reward: -1.0 - 0, eps: 1.0, sample: -1, 
[TRAIN]: (6): action: 15, observation: (1, 0.04054209087437573, 0.35150421355155465, 0.10454278635374104, 0.1492128612731013, 0.192883443999323, 3.0837223384937285, 5.53451117059479, 18.773158691922948, 14.224718592803212, 5.759320281657539, 1.2024908043690887), rho: 0.4, reward: -1.0 - 0, eps: 1.0, sample: -1, 
[TRAIN]: (6): action: 196, observation: (1, 2.1864470148039863, 0.22329630442593038, 0.7884890689625814, 0.6130822204807113, 1.2195032780257424, 2.0288916428929746, 21.44631791941166, 4.276889265805797, 11.973399619511403, 2.106287547572289, 9.378698633822044), rho: 0.4, reward: -1.0 - 0, eps: 1.0, sample: -1, 
[TRAIN]: (6): action: 92, observation: (1, 0.153098938169077, 0.5, 0.01213913631125152, 0.05649711564679494, 0.5902651025750665, 5.430360975902513, 8.321543597869253, 7.792309597773861, 0.544270108173943, 9.349732810824191, 3.2887483869654583), rho: 0.4, reward: -1.0 - 0, eps: 1.0, sample: -1, 
[TRAIN]: (6): action: 201, observation: (1, 0.4690347943898602, 0.12809893816907703, 0.15703275456136867, 0.8828217676849652, 53.49178569671862, 0.3927113989000816, 22.53498959856344, 10.910286470481896, 16.277750500597683, 8.418805618242375, 0.9256699619784493), rho: 0.4, reward: -1.0 - 0, eps: 1.0, sample: -1, 
[TRAIN]: (6): action: 27, observation: (0, 0.5814252065852085, 0.14713373255893725, 0.6733165707026253, 0.20667354274930216, 2.2849129436416526, 5.183218129905746, 0.1814716278055065, 1.0087631825454721, 9.822572576109382, 1.9973418154191172, 3.016623176081173), rho: 0.4, reward: -1.0 - 0, eps: 1.0, sample: -1, 
[TRAIN]: (6): action: 247, observation: (0, 1.0565217389780446, 0.4848089391441457, 0.7834063219107918, 0.2529776489151836, 4.739642073117533, 2.000587011838491, 16.79764117993461, 8.322633579998378, 4.228041320913441, 3.2908051815102084, 26.01900323914174), rho: 0.4, reward: -1.0 - 0, eps: 1.0, sample: -1, 
[TRAIN]: (6): action: 140, observation: (0, 3.308116499329556, 0.5, 0.9685722199225166, 0.3991576422973121, 13.934028596535198, 4.766884503882597, 23.34640450200286, 6.031328922290279, 8.553784683761132, 9.134678360588968, 3.391107578903114), rho: 0.4, reward: -1.0 - 0, eps: 1.0, sample: -1, 
[TRAIN]: (6): action: 207, observation: (0, 0.030519598378962055, 0.5, 0.24311929442024816, 0.013240296879008961, 11.002888094348616, 1.9358283382573487, 29.93748316122489, 5.779165024395777, 4.069620817055021, 5.399558970888002, 1.8443911533755697), rho: 0.4, reward: 6.00717306137085 - 1, eps: 1.0, sample: -1, 
[TRAIN]: (6): action: 129, observation: (0, 0.4862119664613655, 0.474269598378962, 0.6714385265609625, 0.6274213794421689, 10.127295636524071, 1.6836380480837019, 12.375063726910813, 4.724279140316797, 10.83694183648148, 2.008870043661257, 22.87429916123845), rho: 0.4, reward: -1.0 - 0, eps: 1.0, sample: -1, 
[TRAIN]: (6): action: 211, observation: (0, 6.209336405114929, 0.36048156484032756, 0.8504496500839155, 0.040993435871739314, 13.734507942908136, 3.3283869419799434, 25.797285960570292, 2.056843636087714, 1.1014470311281863, 20.271271898394435, 17.02051776780962), rho: 0.4, reward: -1.0 - 0, eps: 1.0, sample: -1, 
[TRAIN]: (6): action: 241, observation: (0, 0.16921292199604396, 0.5, 0.1714536458230297, 0.5334797995518645, 27.724588036537167, 17.393959488341938, 40.91943369816239, 1.3536784841534568, 0.9108534798699071, 4.26765256273118, 0.0683704544031132), rho: 0.4, reward: -1.0 - 0, eps: 1.0, sample: -1, 
[TRAIN]: (6): action: 184, observation: (0, 0.12277758630960514, 0.481712921996044, 0.08257205449034655, 0.7786809147136499, 0.3139084297728368, 7.892114486951335, 1.7240574920230747, 3.193779294538755, 0.5088654532516869, 0.7976956020690007, 2.5462274113487804), rho: 0.4, reward: -1.0 - 0, eps: 1.0, sample: -1, 
[TRAIN]: (6): action: 169, observation: (0, 1.7948317222348864, 0.4544905083056491, 0.4100527054926685, 0.4379831615928058, 13.639932019969503, 16.019663118849422, 24.52336676699847, 10.561815833883813, 12.978878315349284, 10.850565504167257, 0.2853329416768148), rho: 0.4, reward: -1.0 - 0, eps: 1.0, sample: -1, 
[TRAIN]: (6): action: 41, observation: (0, 5.530214061376476, 0.5, 0.4740399213780543, 0.14220059060273926, 2.808154220358299, 7.693828925074336, 1.4764067004192627, 0.13394399094227752, 2.591628016646438, 32.284828341955944, 10.388535756965908), rho: 0.4, reward: -1.0 - 0, eps: 1.0, sample: -1, 
[TRAIN]: (6/2000): reward: -9.232234477996826, rho: 0.4000000000000001, rates: 0.4383882761001587
[TRAIN]: (7): action: 115, observation: (1, 0.05806359167179314, 0.0, 0.19740310654398718, 0.1523882884233171, 2.4726985263482417, 7.805000686078348, 6.361656058406849, 1.189853090747683, 6.907700292336014, 14.453466905419422, 5.406831044165764), rho: 0.4, reward: -1.0 - 0, eps: 1.0, sample: -1, 
[TRAIN]: (7): action: 96, observation: (1, 0.013706829684966726, -0.24193640832820684, 0.015828856323228835, 0.3704329919807544, 4.552354752024651, 3.0763066503948195, 43.07414853604679, 17.171966472457946, 13.6052774595553, 10.701051131670427, 8.614120120195368), rho: 0.4, reward: -1.0 - 0, eps: 1.0, sample: -1, 
[TRAIN]: (7): action: 206, observation: (1, 2.166026364926251, -0.6594795786432401, 0.9151965612221693, 0.40872856847884087, 13.399572175350123, 8.15258534586056, 14.003774246570265, 16.014766132586033, 10.937424327692543, 1.0052123277385054, 13.910045658417152), rho: 0.4, reward: -1.0 - 0, eps: 1.0, sample: -1, 
[TRAIN]: (7): action: 195, observation: (1, 1.9487250506978588, 0.5, 0.8989870640418715, 0.8237618086575086, 2.3414379627228175, 38.25696888713098, 2.6287831218256157, 8.084154430000362, 6.116385850137165, 23.1174634082838, 5.9315956801668985), rho: 0.4, reward: 0.04886740446090698 - 1, eps: 1.0, sample: -1, 
[TRAIN]: (7): action: 5, observation: (1, 0.041698884814226594, 0.5, 0.05879759171121579, 0.06302422476417446, 2.6585795066443003, 3.935692557805523, 9.44579719197458, 25.135946404777435, 22.100201402038312, 4.854222119312873, 4.3558492199902545), rho: 0.4, reward: -1.0 - 0, eps: 1.0, sample: -1, 
[TRAIN]: (7): action: 160, observation: (1, 0.731087131786168, 0.3729488848142266, 0.43132240594341464, 0.6556222718038639, 9.193609174853577, 32.275906523392585, 3.6310470768696534, 20.506548887226476, 2.5481752744083987, 2.858090161515366, 2.5149160043544923), rho: 0.4, reward: -1.0 - 0, eps: 1.0, sample: -1, 
[TRAIN]: (7): action: 237, observation: (1, 0.18336239287330608, 0.5, 0.3514247238823798, 0.18875468385798932, 15.042793678938775, 1.441824119831969, 7.560604765910577, 40.068018186672305, 35.499357379380314, 25.734034905306714, 3.965301796286933), rho: 0.4, reward: -1.0 - 0, eps: 1.0, sample: -1, 
[TRAIN]: (7): action: 238, observation: (1, 0.16384731688439852, 0.40211239287330613, 0.48791159169943654, 0.2879561297803256, 13.391900884240089, 0.2338516255274573, 3.614084666410246, 1.6962832140280821, 0.08037692401498502, 2.098982373126059, 6.31548903938679), rho: 0.4, reward: -1.0 - 0, eps: 1.0, sample: -1, 
[TRAIN]: (7): action: 226, observation: (1, 2.0819989562149344, 0.39720970975770475, 0.7086107205722119, 0.6350744122514441, 11.799262568722282, 12.182351271558108, 2.99074680251332, 5.520442763115762, 9.16503113331985, 1.1232445174176948, 8.832787632511776), rho: 0.4, reward: 0.23815296590328217 - 1, eps: 1.0, sample: -1, 
[TRAIN]: (7): action: 200, observation: (1, 0.050659508732843334, 0.5, 0.5752244832612905, 0.1206012951086387, 10.332365145904172, 1.4666721844842454, 20.458392928278354, 4.500605478748209, 2.1072911983439653, 0.8223378649378119, 0.8884168429155479), rho: 0.4, reward: -1.0 - 0, eps: 1.0, sample: -1, 
[TRAIN]: (7): action: 70, observation: (0, 0.6653689839590003, -0.04934049126715667, 0.7263656568366904, 0.7665076029197057, 45.25972985914613, 34.46079796188346, 10.565024278877466, 18.02924243909827, 26.51626416097549, 2.099581449679359, 8.96071871410671), rho: 0.4, reward: -1.0 - 0, eps: 1.0, sample: -1, 
[TRAIN]: (7): action: 121, observation: (0, 0.17710130233183116, 0.09102849269184365, 0.2410484060431859, 0.593560722462839, 3.6024434285749267, 30.0659770435362, 3.333673459101538, 2.204791828340586, 24.65923152095771, 5.78892534337054, 6.678531771603836), rho: 0.4, reward: -1.0 - 0, eps: 1.0, sample: -1, 
[TRAIN]: (7): action: 93, observation: (0, 0.10129867917029833, -0.08812020497632517, 0.746948085018653, 0.9944191191655883, 19.140801925260348, 6.520330822171507, 3.260190183215837, 5.183249899957266, 3.5162512653494997, 0.010569572452195721, 8.367056810910846), rho: 0.4, reward: -1.0 - 0, eps: 1.0, sample: -1, 
[TRAIN]: (7): action: 119, observation: (0, 1.1679753201612821, -0.08057152580602683, 0.96824216036127, 0.1820769263015889, 1.0611576811439185, 24.40659798221732, 0.03929909246032131, 5.841008973433476, 14.445640654509205, 3.1226017559197676, 11.486047413148384), rho: 0.4, reward: -1.0 - 0, eps: 1.0, sample: -1, 
[TRAIN]: (7): action: 184, observation: (0, 0.1849329762490921, 0.5, 0.3351643357307036, 0.49598219376117303, 20.819498359124427, 0.4401367808109051, 21.352840385753744, 0.3727324139937218, 14.19179497997112, 32.02401517932666, 10.20532014612219), rho: 0.4, reward: 7.407555103302002 - 1, eps: 1.0, sample: -1, 
[TRAIN]: (7): action: 60, observation: (0, 0.31774695473897974, 0.5, 0.46057417944319123, 0.533666813671851, 10.362090502442605, 8.329387127376808, 4.339214529173897, 10.770631633117919, 38.811969669796454, 1.100618953986342, 4.2530192990234275), rho: 0.4, reward: -1.0 - 0, eps: 1.0, sample: -1, 
[TRAIN]: (7): action: 199, observation: (0, 0.096498404864069, 0.2927469547389797, 0.23530691084940292, 0.20878029165759993, 13.911770315629635, 15.40805919293154, 21.30158763508831, 3.757164219718509, 5.595052526523546, 2.8816483505868846, 1.41867649546257), rho: 0.4, reward: -1.0 - 0, eps: 1.0, sample: -1, 
[TRAIN]: (7): action: 210, observation: (0, 4.334737982641296, 0.032995359603048724, 0.7966710935940648, 0.7208080986324462, 1.475605139984222, 11.018376811865394, 26.915097057464628, 15.832834507435118, 0.7160499031438562, 14.759996228306369, 5.067037226021237), rho: 0.4, reward: -1.0 - 0, eps: 1.0, sample: -1, 
[TRAIN]: (7): action: 88, observation: (0, 0.30425452222511495, 0.5, 0.9463371653727934, 0.9812800201404087, 10.090061113374125, 3.262997281823134, 0.5160714763481853, 18.39294447808532, 14.957206051608871, 0.639937861828772, 45.43634953354651), rho: 0.4, reward: -1.0 - 0, eps: 1.0, sample: -1, 
[TRAIN]: (7): action: 246, observation: (0, 0.028426019676355874, 0.31675452222511497, 0.2176680798741737, 0.5952248722854123, 4.172724222335492, 16.930300755295875, 10.025340823518242, 4.3236839483821035, 8.908763626143477, 5.4743096759677865, 1.528923644900708), rho: 0.4, reward: -1.0 - 0, eps: 1.0, sample: -1, 
[TRAIN]: (7/2000): reward: -9.305424526333809, rho: 0.4000000000000001, rates: 0.38472877368330954
[TRAIN]: (8): action: 135, observation: (1, 0.059738936606877235, 0.0, 0.7606443009898359, 0.2044730051954985, 0.5767884756253843, 7.962174915540775, 8.859238125918857, 5.921603265470673, 5.172515895667345, 12.470338474937464, 8.148134077774662), rho: 0.4, reward: -1.0 - 0, eps: 1.0, sample: -1, 
[TRAIN]: (8): action: 94, observation: (1, 2.9697087257130383, -0.5215110633931227, 0.31842421787585173, 0.6733649365236661, 0.07924922874558467, 14.870789169742118, 1.235002382533553, 11.834683426769958, 4.407211471047183, 3.3323103646408194, 12.14526572294666), rho: 0.4, reward: -1.0 - 0, eps: 1.0, sample: -1, 
[TRAIN]: (8): action: 99, observation: (1, 0.0865258819333312, 0.5, 0.6481381288107657, 0.12284105816051871, 10.85294660700514, 4.0502824219997695, 0.3265958556711711, 1.6013886895675418, 12.77881181367264, 7.316517393748095, 4.245504358166638), rho: 0.4, reward: 0.6337776780128479 - 1, eps: 1.0, sample: -1, 
[TRAIN]: (8): action: 224, observation: (1, 1.1686805567285143, 0.4927758819333312, 0.6224992252524152, 0.7960351238595011, 6.1576616605618675, 12.169586344152654, 3.6339015391783254, 67.4715208189657, 22.810595212366774, 11.175155383843284, 4.024221973358731), rho: 0.4, reward: -1.0 - 0, eps: 1.0, sample: -1, 
[TRAIN]: (8): action: 129, observation: (1, 12.353008105589195, 0.5, 0.9028939147190985, 0.905870844369367, 4.693853368463334, 28.58186562943567, 4.781241969033556, 26.69649896488302, 1.3878571060306097, 1.099354931924906, 37.81104099795623), rho: 0.4, reward: -1.0 - 0, eps: 1.0, sample: -1, 
[TRAIN]: (8): action: 139, observation: (1, 0.15108502408742452, 0.5, 0.13964634699550305, 0.061028890951320136, 5.405143339299547, 11.705516941287058, 38.60235905750814, 17.665860138771635, 3.0333712114537454, 2.3952021601856925, 10.433464377696144), rho: 0.4, reward: -1.0 - 0, eps: 1.0, sample: -1, 
[TRAIN]: (8): action: 223, observation: (1, 0.04786455625720592, 0.33233502408742455, 0.12172282243076671, 0.29610989329429416, 6.083737472988405, 4.857468854876682, 14.959315480187271, 0.2992163947023626, 7.080488218871388, 4.231275980697692, 2.265272097602437), rho: 0.4, reward: -1.0 - 0, eps: 1.0, sample: -1, 
[TRAIN]: (8): action: 1, observation: (1, 0.09917221802506011, 0.23019958034463048, 0.9488573008585411, 0.0752433816222664, 13.874179228055459, 4.684109267587423, 2.399926524489466, 11.004168968140915, 4.602108724955651, 13.133946574318482, 3.209280986078487), rho: 0.4, reward: -1.0 - 0, eps: 1.0, sample: -1, 
[TRAIN]: (8): action: 139, observation: (1, 0.016225890158345437, -0.08312820163030937, 0.1312998899542076, 0.14730703650288435, 5.463111580867443, 0.13417992519319774, 15.872472186825178, 7.671201746728985, 1.1051375753909967, 1.6197210303407816, 16.227433513967892), rho: 0.4, reward: -1.0 - 0, eps: 1.0, sample: -1, 
[TRAIN]: (8): action: 238, observation: (1, 1.4998405524414848, -0.3856523114719639, 0.45343817891312976, 0.804420369062531, 16.6550156363232, 17.154181481548704, 9.778927068843457, 0.5126750385579297, 0.7312539587997123, 11.946216353179011, 4.5122316164301175), rho: 0.4, reward: -1.0 - 0, eps: 1.0, sample: -1, 
[TRAIN]: (8): action: 111, observation: (0, 0.5875337396370778, 0.5, 0.6433018698763537, 0.05291672957365501, 22.59995259354884, 6.185074054649159, 6.090892944003108, 5.351258379118011, 15.342009265061897, 2.332945041769203, 1.7394633127627643), rho: 0.4, reward: -1.0 - 0, eps: 1.0, sample: -1, 
[TRAIN]: (8): action: 143, observation: (0, 0.06684840445313867, 0.5, 0.34509245821111056, 0.16414740247111093, 2.8484664740176235, 0.4930055076474877, 27.421984771754772, 1.441169780711708, 3.1833797343759054, 0.20839163704341454, 21.91145281892769), rho: 0.4, reward: 6.286189556121826 - 1, eps: 1.0, sample: -1, 
[TRAIN]: (8): action: 91, observation: (0, 0.12671722351944964, 0.2668484044531387, 0.18812025078910877, 0.3267097288387364, 16.562697670901315, 16.24104240328219, 3.0667969810915596, 20.727623344111503, 13.111828053267002, 11.752187343199502, 10.96818788976295), rho: 0.4, reward: -1.0 - 0, eps: 1.0, sample: -1, 
[TRAIN]: (8): action: 3, observation: (0, 1.1698434141564025, -0.07518437202741168, 0.7571570419277595, 0.14360031292540476, 10.516743101517372, 16.809656303018095, 0.14354539306815187, 0.8753098453421524, 7.5812595812371795, 4.239776943101405, 9.197355568492698), rho: 0.4, reward: -1.0 - 0, eps: 1.0, sample: -1, 
[TRAIN]: (8): action: 13, observation: (0, 4.765024620694506, 0.5, 0.7529280092473664, 0.7677027923508187, 11.301983225987598, 0.7842515046201468, 0.9770340859322757, 9.959067110722335, 3.113065720848034, 16.991564829914598, 22.69021165689569), rho: 0.4, reward: 6.2791852951049805 - 1, eps: 1.0, sample: -1, 
[TRAIN]: (8): action: 116, observation: (0, 0.18840614075189732, 0.5, 0.19026276254709773, 0.6549126755993638, 1.4627111040720262, 0.1625562847158163, 11.02082267839374, 10.968836480409244, 4.165986339842841, 21.0342634103854, 21.908999580663632), rho: 0.4, reward: 5.858409881591797 - 1, eps: 1.0, sample: -1, 
[TRAIN]: (8): action: 236, observation: (0, 0.13401767903295977, 0.3321561407518973, 0.17795397318502082, 0.8190591392633819, 18.931205743405176, 3.7703295837183037, 0.19006430991456275, 7.353601447963519, 21.954767480312363, 2.9439614163151244, 8.19505728734757), rho: 0.4, reward: 6.725452899932861 - 1, eps: 1.0, sample: -1, 
[TRAIN]: (8): action: 113, observation: (0, 2.0179214191011603, 0.39117381978485705, 0.7410461941186217, 0.8505324179377517, 21.722378961755687, 17.45920449240713, 1.4723047856883733, 1.2167518649391893, 9.632778830081268, 7.182269958747639, 3.3343571303571085), rho: 0.4, reward: -1.0 - 0, eps: 1.0, sample: -1, 
[TRAIN]: (8): action: 208, observation: (0, 0.14887249152435109, 0.5, 0.38076551166415096, 0.9179704936110676, 3.109750661205247, 8.477247913504197, 13.19640624593446, 9.431801524837036, 1.919703649202216, 2.399559362906642, 0.8582246410454617), rho: 0.4, reward: -1.0 - 0, eps: 1.0, sample: -1, 
[TRAIN]: (8): action: 162, observation: (0, 13.18914843125315, 0.4051224915243511, 0.9926711026072907, 0.8926991904509577, 9.052485571738845, 0.7075447581388488, 15.675436607966411, 4.856204431336902, 11.894347874699939, 36.49769211620996, 10.364275017032012), rho: 0.4, reward: -1.0 - 0, eps: 1.0, sample: -1, 
[TRAIN]: (8/2000): reward: 10.783015310764313, rho: 0.4000000000000001, rates: 1.2891507655382157
[TRAIN]: (9): action: 149, observation: (1, 4.955666344322265, 0.0, 0.7297976964925136, 0.8760561084059278, 4.308950853407976, 9.506394268571217, 5.764044979063218, 11.915723865902132, 7.0967868443738045, 6.700975763217333, 15.331396591321553), rho: 0.4, reward: -1.0 - 0, eps: 1.0, sample: -1, 
[TRAIN]: (9): action: 210, observation: (1, 0.4418020541950809, 0.5, 0.5563462368605532, 0.41722654853606866, 2.3689975767894795, 21.157482749600444, 2.35582324463065, 5.6777033371637025, 13.552022663302438, 4.210511350752637, 1.6737264216034027), rho: 0.4, reward: -1.0 - 0, eps: 1.0, sample: -1, 
[TRAIN]: (9): action: 108, observation: (1, 0.2015034780303878, 0.5, 0.6743576155972709, 0.43352726587242074, 0.8751490657097125, 12.041812327341697, 3.3686419969266175, 1.5797060240585312, 1.7022214949322154, 0.23788590296455495, 0.10636522361308194), rho: 0.4, reward: 0.09113714843988419 - 1, eps: 1.0, sample: -1, 
[TRAIN]: (9): action: 126, observation: (1, 0.13973292560309936, 0.5, 0.1756877549863387, 0.04203398943823511, 8.370224129755995, 17.66819886541382, 3.2720291773854155, 2.1694759315966157, 8.441733087349467, 11.90992917167958, 24.7478920802373), rho: 0.4, reward: -1.0 - 0, eps: 1.0, sample: -1, 
[TRAIN]: (9): action: 9, observation: (1, 0.8508588024503901, 0.03973292560309938, 0.6586228501227295, 0.7934560715043539, 34.94973805928285, 6.283904491140056, 27.473101736684843, 10.79587914991503, 4.125857786766096, 5.067600133406129, 2.3890122350839653), rho: 0.4, reward: -1.0 - 0, eps: 1.0, sample: -1, 
[TRAIN]: (9): action: 165, observation: (1, 0.056111075934492896, 0.5, 0.7195992514430312, 0.12478401633115443, 21.667932201356834, 19.430010456840247, 10.078604412254, 7.023551966339458, 0.7812247634061198, 0.4436582348381455, 13.917293549843242), rho: 0.4, reward: -1.0 - 0, eps: 1.0, sample: -1, 
[TRAIN]: (9): action: 176, observation: (1, 0.0513117804908535, 0.08736107593449294, 0.3690657859653568, 0.21878168843101098, 4.229558641928033, 4.240677428254108, 2.2249214521339864, 41.615626165624995, 4.983417828074044, 10.213423303057308, 8.104381250196555), rho: 0.4, reward: -1.0 - 0, eps: 1.0, sample: -1, 
[TRAIN]: (9): action: 50, observation: (1, 0.6908610806455646, -0.048827143574653564, 0.23302587022366128, 0.6779611918442903, 19.08699588277505, 8.21428351592475, 10.482147960837464, 2.8763710404053744, 0.583315984880437, 8.552027584059061, 2.2294225554086586), rho: 0.4, reward: -1.0 - 0, eps: 1.0, sample: -1, 
[TRAIN]: (9): action: 209, observation: (1, 0.7111451871749739, 0.26703393707091105, 0.33338701697849393, 0.8708761196462469, 27.240399971908452, 10.95274326501003, 7.9847232686877145, 20.243241893437514, 4.462636435803533, 5.55215948668291, 1.7864570566980582), rho: 0.4, reward: -1.0 - 0, eps: 1.0, sample: -1, 
[TRAIN]: (9): action: 197, observation: (1, 0.4544547486779511, 0.5, 0.6270450477503632, 0.5647536036516501, 2.1394182814694704, 16.083192430997563, 6.262630776472941, 36.36627668416441, 4.960619507492464, 2.8809894714211683, 1.7616442584336043), rho: 0.4, reward: -1.0 - 0, eps: 1.0, sample: -1, 
[TRAIN]: (9): action: 90, observation: (0, 2.781085286990447, 0.4482047486779511, 0.876321703428845, 0.46821849343263733, 2.4369214986577874, 7.808403093899314, 17.2388355739412, 18.47670445971955, 9.984047315769297, 8.623752649241915, 6.480252034985865), rho: 0.4, reward: -1.0 - 0, eps: 1.0, sample: -1, 
[TRAIN]: (9): action: 223, observation: (0, 3.4358887378942047, 0.5, 0.8635610479455518, 0.5229086870052548, 8.66716784120206, 6.687626824134467, 1.3246658910008713, 11.431563303639598, 0.22237554024904826, 10.65671080866338, 3.858833296678287), rho: 0.4, reward: -1.0 - 0, eps: 1.0, sample: -1, 
[TRAIN]: (9): action: 111, observation: (0, 2.4113702319982546, 0.5, 0.4977061097408103, 0.5421998378670998, 1.349735139379387, 0.25952802284108917, 23.593606299402715, 2.6886336634878427, 5.184023621381739, 13.322061999338196, 1.0678229962662034), rho: 0.4, reward: 5.875443458557129 - 1, eps: 1.0, sample: -1, 
[TRAIN]: (9): action: 14, observation: (0, 3.514251383738796, 0.5, 0.838037996231978, 0.31171344739542317, 1.5222177495435378, 29.39763852905471, 5.570468588756974, 8.375581280547975, 1.6519089331250971, 11.00465717100115, 7.337260936817545), rho: 0.4, reward: -1.0 - 0, eps: 1.0, sample: -1, 
[TRAIN]: (9): action: 135, observation: (0, 0.08881876386863251, 0.5, 0.14073376751676303, 0.5281212997597461, 14.170618710231938, 0.7741279948536167, 20.35570864721071, 2.042292467471845, 1.6984457487922482, 7.885816795001172, 4.890762384528183), rho: 0.4, reward: -1.0 - 0, eps: 1.0, sample: -1, 
[TRAIN]: (9): action: 40, observation: (0, 1.055652653973613, 0.007568763868632589, 0.5279496995205831, 0.7163808546891146, 1.655116688182546, 19.94144267199214, 7.57588515489588, 28.1879941081949, 18.411026281688684, 4.773016198461658, 9.401689911774334), rho: 0.4, reward: -1.0 - 0, eps: 1.0, sample: -1, 
[TRAIN]: (9): action: 13, observation: (0, 0.4456906066981797, 0.5, 0.6587479439331565, 0.4415808104811336, 10.624155337486092, 16.24292837810191, 4.398829690707351, 2.49242917543868, 28.0034072788434, 1.1244469840288658, 2.8612066349283345), rho: 0.4, reward: -1.0 - 0, eps: 1.0, sample: -1, 
[TRAIN]: (9): action: 128, observation: (0, 0.08364018782510446, 0.5, 0.1897113051608933, 0.6463176917623439, 37.15086607317783, 9.24723007189658, 7.44471489406728, 6.184223626595598, 19.157160459734527, 13.237356359131793, 12.041865660268998), rho: 0.4, reward: -1.0 - 0, eps: 1.0, sample: -1, 
[TRAIN]: (9): action: 45, observation: (0, 3.7543304119192653, 0.03989018782510456, 0.5977135431426023, 0.4545730132068009, 14.1609260335086, 1.7396682784536894, 24.71981688854354, 11.655358502942967, 4.002480661373914, 17.2934449409999, 8.599318405499595), rho: 0.4, reward: -1.0 - 0, eps: 1.0, sample: -1, 
[TRAIN]: (9): action: 45, observation: (0, 2.518231609023013, 0.5, 0.9436815816445978, 0.6621696556707428, 10.342428225304445, 5.938800410088509, 16.975224093974877, 17.242891697154, 10.251255193736842, 7.019178446927812, 2.831133194072394), rho: 0.4, reward: -1.0 - 0, eps: 1.0, sample: -1, 
[TRAIN]: (9/2000): reward: -12.033419393002987, rho: 0.4000000000000001, rates: 0.29832903034985064
[TRAIN]: (10): action: 78, observation: (1, 2.6179979823281343, 0.0, 0.4748025834583096, 0.8663117633578353, 6.526185691036107, 47.11774612087888, 7.9301979429144644, 0.3823280026730017, 24.410836196574834, 0.41545419917659276, 7.91256311930198), rho: 0.4, reward: -1.0 - 0, eps: 1.0, sample: -1, 
[TRAIN]: (10): action: 71, observation: (1, 2.0691342102643135, 0.5, 0.5756733687600449, 0.726411601263404, 4.492149949586489, 0.9074194185538093, 14.370101409727384, 8.75214382722115, 60.57030602572002, 35.492136132410884, 7.3757553779970975), rho: 0.4, reward: -1.0 - 0, eps: 1.0, sample: -1, 
[TRAIN]: (10): action: 161, observation: (1, 0.6128246585043752, 0.5, 0.9274482344962411, 0.4126853761770003, 4.769283051095493, 15.648718063637174, 4.01109469527988, 0.07788616565592989, 17.56584915827592, 1.1058300581468932, 2.904441104024608), rho: 0.4, reward: -1.0 - 0, eps: 1.0, sample: -1, 
[TRAIN]: (10): action: 187, observation: (1, 0.22229192283549593, 0.5, 0.09893205920832815, 0.5299697259843987, 0.9463236960161713, 7.3278125812628225, 2.947292940642245, 4.026623785355116, 12.954840632155332, 0.278482374741161, 0.34372133955116735), rho: 0.4, reward: -1.0 - 0, eps: 1.0, sample: -1, 
[TRAIN]: (10): action: 243, observation: (1, 3.6032527287412592, 0.27229192283549597, 0.8786894384533992, 0.7871860136742432, 1.2350369376868273, 3.478330520907012, 11.232632635556268, 17.843500220841058, 1.4013768128279744, 0.13555711783550387, 12.032203938811003), rho: 0.4, reward: -1.0 - 0, eps: 1.0, sample: -1, 
[TRAIN]: (10): action: 23, observation: (1, 0.2948262116708799, 0.5, 0.017708453636779753, 0.5792848661720671, 6.717137334928962, 23.375679534117122, 6.43955873907862, 2.3139878405054843, 4.8994702024308525, 7.050477408065606, 1.2885347679969814), rho: 0.4, reward: -1.0 - 0, eps: 1.0, sample: -1, 
[TRAIN]: (10): action: 180, observation: (1, 0.0849045087709714, 0.40107621167088, 0.956604703797931, 0.1052374721874425, 13.556726418902599, 30.785124636669146, 23.562598309704047, 8.948835112737592, 1.4327161186376873, 7.047998180316464, 2.8569921252161463), rho: 0.4, reward: -1.0 - 0, eps: 1.0, sample: -1, 
[TRAIN]: (10): action: 67, observation: (1, 0.058970883113894784, -0.11401927955814861, 0.45663900715116024, 0.26908387205575657, 0.026577160210411347, 7.521659695584376, 9.22556818512162, 41.787232881042, 8.37503061122861, 16.297391592374638, 7.2770186126509735), rho: 0.4, reward: -1.0 - 0, eps: 1.0, sample: -1, 
[TRAIN]: (10): action: 4, observation: (1, 2.6413801050185386, -0.4112983964442538, 0.5276550805913136, 0.43474772721636323, 29.47490537764596, 3.6587733516220498, 2.883663560220751, 3.787867689638425, 3.554184393674161, 9.003536141693512, 15.739839749155287), rho: 0.4, reward: -1.0 - 0, eps: 1.0, sample: -1, 
[TRAIN]: (10): action: 18, observation: (1, 0.021631046517469877, 0.5, 0.43277144653252253, 0.18219422472873614, 23.465856941518524, 6.680102154863591, 5.833112091170199, 10.35896057063704, 11.550648526079035, 13.195671436787215, 6.886167647785211), rho: 0.4, reward: -1.0 - 0, eps: 1.0, sample: -1, 
[TRAIN]: (10): action: 159, observation: (0, 0.14632356442179903, 0.40913104651746984, 0.052147970955337075, 0.1904241934525338, 5.188174329388685, 15.725592817405825, 5.429607172762761, 23.916170251383278, 0.6406049397221445, 0.42591138636376175, 19.742679231180293), rho: 0.4, reward: -1.0 - 0, eps: 1.0, sample: -1, 
[TRAIN]: (10): action: 117, observation: (0, 0.13844810327133647, 0.5, 0.18949610361178004, 0.9523368064028787, 6.572255208128493, 2.589331182276073, 31.551806909165386, 6.262309768297911, 0.6730455844835495, 3.744432874688375, 8.088968292423864), rho: 0.4, reward: -1.0 - 0, eps: 1.0, sample: -1, 
[TRAIN]: (10): action: 143, observation: (0, 2.2813466601080408, 0.22594810327133652, 0.4305588812036917, 0.18526351184898893, 0.9814246753164055, 0.18638637258614316, 6.612906978158818, 30.34317697923667, 10.84415763359476, 13.593510506043211, 10.216651344621727), rho: 0.4, reward: -1.0 - 0, eps: 1.0, sample: -1, 
[TRAIN]: (10): action: 225, observation: (0, 0.00324685680396406, 0.5, 0.1375011219122586, 0.2528348276715676, 6.089194437861579, 30.603868507240037, 1.1657086426188632, 3.08201445377109, 18.72094551058503, 42.344813049168465, 0.7882356884066148), rho: 0.4, reward: -1.0 - 0, eps: 1.0, sample: -1, 
[TRAIN]: (10): action: 31, observation: (0, 1.9403149440964875, 0.16574685680396412, 0.6707349778893428, 0.11409545324034154, 1.2795627713916073, 5.541173252135303, 0.0907898149675985, 1.1652000733805403, 5.143800087815303, 7.3359133694563505, 2.506958345357548), rho: 0.4, reward: -1.0 - 0, eps: 1.0, sample: -1, 
[TRAIN]: (10): action: 178, observation: (0, 1.832615706363579, 0.5, 0.5995297099375773, 0.4873385707508555, 12.920033823748803, 4.434008497078846, 18.99007089201127, 11.406199482873152, 5.606951537154111, 7.742146861743357, 0.29210826934553824), rho: 0.4, reward: -1.0 - 0, eps: 1.0, sample: -1, 
[TRAIN]: (10): action: 208, observation: (0, 2.069659785203605, 0.5, 0.7457174501853822, 0.7326562229237888, 0.5515802698096373, 16.065283019655862, 1.9492926324895719, 18.644108230953247, 8.521875945753512, 6.973986776084923, 2.486610464361621), rho: 0.4, reward: -1.0 - 0, eps: 1.0, sample: -1, 
[TRAIN]: (10): action: 82, observation: (0, 0.8879337166220789, 0.5, 0.576345545722288, 0.6188254616771114, 28.181123942799275, 7.665146281543482, 35.07093576775017, 18.43528280253823, 2.0376791107559313, 3.8104254405252256, 12.485162299860587), rho: 0.4, reward: -1.0 - 0, eps: 1.0, sample: -1, 
[TRAIN]: (10): action: 46, observation: (0, 1.545671403085916, 0.5, 0.69653994509046, 0.06273224710487313, 9.50208426348591, 2.0925635494537658, 10.205289619163555, 0.8304164841654654, 10.192603319170825, 5.592850482041019, 9.919171403708006), rho: 0.4, reward: -1.0 - 0, eps: 1.0, sample: -1, 
[TRAIN]: (10): action: 61, observation: (0, 3.3904838656367864, 0.5, 0.4260485881956103, 0.8927926309748645, 16.339158614708083, 4.122066139652224, 25.555619250604423, 2.742768630956775, 5.922679071389316, 21.97055248566717, 1.9332903828937282), rho: 0.4, reward: 5.998475074768066 - 1, eps: 1.0, sample: -1, 
[TRAIN]: (10/2000): reward: -13.001524925231934, rho: 0.4000000000000001, rates: 0.2999237537384033
