[MAIN]: START
[ENV]: Started init Environment
[ENV]: ACTIONS_SPACE: 257
[ENV]: Finished init Environment
[TRAIN]: actions: 257, observations: 12
[TRAIN]: CUDA: True
[TRAIN]: (1): action: 26, observation: (1, 0.6577961792501725, 0.0, 0.13688068058467895, 0.39978143135417876, 1.298611360039865, 0.700236861223011, 3.5238702456244084, 3.499991508459485, 23.588065807804874, 11.468527920189473, 4.487030949441372), rho: 0.4, reward: -1.0 - 0, eps: 1.0, sample: -1, 
[TRAIN]: (1): action: 214, observation: (1, 1.7833766610048802, 0.5, 0.9671505457453474, 0.21782424412075385, 2.1878286651807026, 8.735455520358007, 25.35777944491041, 14.82389619782699, 9.991584828582633, 11.834061092588836, 21.92582068747585), rho: 0.4, reward: -1.0 - 0, eps: 1.0, sample: -1, 
[TRAIN]: (1): action: 92, observation: (1, 2.499256284838742, 0.5, 0.11959124643390351, 0.7401475641655698, 5.1347899338441225, 1.9863632876145476, 10.255956358488005, 3.1362382851103767, 1.2027814926833327, 25.672572107821154, 8.779590761073543), rho: 0.4, reward: -1.0 - 0, eps: 1.0, sample: -1, 
[TRAIN]: (1): action: 48, observation: (1, 2.005794031981773, 0.5, 0.6395735564888261, 0.7450775066595628, 7.07487803991609, 0.023199767701161327, 11.422932112614028, 9.884666129801523, 40.128181230386666, 0.12861143842761097, 7.32922767606474), rho: 0.4, reward: -1.0 - 0, eps: 1.0, sample: -1, 
[TRAIN]: (1): action: 245, observation: (1, 0.3821621845809169, 0.5, 0.8613733425898477, 0.2144268997898241, 12.131544248096422, 0.42640030590789146, 22.987091556753022, 12.168722829645112, 0.9205027386106568, 1.3485905582892483, 3.62678339983147), rho: 0.4, reward: -1.0 - 0, eps: 1.0, sample: -1, 
[TRAIN]: (1): action: 187, observation: (1, 2.660857633297052, 0.5, 0.6575887836828319, 0.6053953879598869, 13.397732426623243, 14.498529524268369, 10.721071573299172, 18.723159112393848, 21.283642014577747, 2.566816621488969, 11.650404086931296), rho: 0.4, reward: -1.0 - 0, eps: 1.0, sample: -1, 
[TRAIN]: (1): action: 9, observation: (1, 3.5252955410998132, 0.5, 0.4994762349401425, 0.5670349419078373, 2.476147898589316, 5.170206767700912, 0.5002158966105315, 0.5561847910042906, 4.054374385322835, 9.32843080629905, 16.95393251397207), rho: 0.4, reward: 0.028643403202295303 - 1, eps: 1.0, sample: -1, 
[TRAIN]: (1): action: 60, observation: (1, 0.14454903678386186, 0.5, 0.03491662488090397, 0.4361565330219539, 1.7448687139700134, 2.028008777665496, 4.528489510066282, 1.9584201740065155, 13.119642623541836, 17.290834632241786, 0.847915453364235), rho: 0.4, reward: -1.0 - 0, eps: 1.0, sample: -1, 
[TRAIN]: (1): action: 187, observation: (1, 1.0752090365175528, 0.11954903678386186, 0.7512455261484153, 0.1609373119437264, 5.056499605933885, 6.790694081054687, 20.33956974293091, 11.47540395410176, 2.0750384753672133, 1.275930344968277, 15.116137709772978), rho: 0.4, reward: -1.0 - 0, eps: 1.0, sample: -1, 
[TRAIN]: (1): action: 148, observation: (1, 0.8551036886968548, 0.5, 0.6491561340121824, 0.588808720733383, 5.751716209845901, 2.516796169458704, 1.1853610197232451, 4.497773458840337, 0.17448376134319682, 8.95070984364686, 3.802738850111704), rho: 0.4, reward: -1.0 - 0, eps: 1.0, sample: -1, 
[TRAIN]: (1): action: 190, observation: (0, 0.0863786506519934, 0.5, 0.07126407037701232, 0.8152647149352007, 18.479941522193947, 22.12102276327102, 6.878697262578576, 2.0496715311216205, 9.377104011102398, 2.1041332415405076, 8.058277559343349), rho: 0.4, reward: -1.0 - 0, eps: 1.0, sample: -1, 
[TRAIN]: (1): action: 157, observation: (0, 1.3706971034806756, 0.43637865065199344, 0.7851852190499133, 0.3633456580182123, 3.56603481740073, 4.203748860161618, 4.822958064897377, 4.407949909294395, 1.255969422609418, 4.698287953351819, 8.942873896634328), rho: 0.4, reward: -1.0 - 0, eps: 1.0, sample: -1, 
[TRAIN]: (1): action: 9, observation: (0, 10.62473306755508, 0.5, 0.7442224128042741, 0.015053438163124988, 9.270743398229005, 0.24915591316431873, 19.233286401774727, 9.664363627777476, 3.928697551497169, 39.31327902742979, 9.338271854440436), rho: 0.4, reward: 4.910064220428467 - 1, eps: 1.0, sample: -1, 
[TRAIN]: (1): action: 211, observation: (0, 1.954941391441599, 0.5, 0.5282514615739122, 0.178233109728418, 10.684173763744997, 8.457216649252624, 10.398260196352496, 82.71969542848416, 9.03836924208735, 9.461155746900673, 13.37161817130142), rho: 0.4, reward: -1.0 - 0, eps: 1.0, sample: -1, 
[TRAIN]: (1): action: 51, observation: (0, 0.9732276479163263, 0.5, 0.2410303269797519, 0.9391963863974802, 4.422595879993821, 11.048102687210237, 6.9098681518932095, 21.87484931379611, 9.39833043868149, 10.058400087408314, 2.2729145592488194), rho: 0.4, reward: -1.0 - 0, eps: 1.0, sample: -1, 
[TRAIN]: (1): action: 53, observation: (0, 0.8130126739887771, 0.5, 0.5469210780261354, 0.6446284108408934, 27.893594418217226, 3.8009395947911635, 25.980161132635505, 11.700842141046309, 11.69168958131404, 4.041945738759026, 8.670236229486092), rho: 0.4, reward: -1.0 - 0, eps: 1.0, sample: -1, 
[TRAIN]: (1): action: 156, observation: (0, 1.9046617524938967, 0.5, 0.3129559449690351, 0.9302702780811182, 16.525689723257944, 8.217561823252021, 1.418247619344738, 2.005703451817317, 14.269798744221822, 16.702249167204293, 0.05063970458130437), rho: 0.4, reward: -1.0 - 0, eps: 1.0, sample: -1, 
[TRAIN]: (1): action: 101, observation: (0, 0.5591402545421129, 0.5, 0.7631491817771905, 0.5823031895428219, 28.29487327350715, 13.800287513604196, 8.003185405293898, 4.33290927411616, 30.798077502000186, 1.547745510495854, 4.010159187420946), rho: 0.4, reward: -1.0 - 0, eps: 1.0, sample: -1, 
[TRAIN]: (1): action: 8, observation: (0, 1.2326068040525255, 0.477890254542113, 0.5670876828515605, 0.2010687078553577, 0.7439254011548574, 5.704945349741082, 5.856819193383183, 4.665779483242273, 19.417904087190696, 5.792483590346179, 8.962313498411367), rho: 0.4, reward: -1.0 - 0, eps: 1.0, sample: -1, 
[TRAIN]: (1): action: 231, observation: (0, 1.2500966317423559, 0.5, 0.42412610307685583, 0.9923647881663672, 1.5370301488735996, 20.3431940119131, 5.192759938797964, 14.233460826040336, 0.5807540169705006, 7.8212696759874785, 0.29583972474326103), rho: 0.4, reward: -1.0 - 0, eps: 1.0, sample: -1, 
[TRAIN]: (1/1400): reward: -13.061292376369238, rho: 0.4000000000000001, rates: 0.2469353811815381
[TRAIN]: SAVE MODEL: best_reward: -0.6530646188184619
