[MAIN]: START
[ENV]: Started init Environment
[ENV]: ACTIONS_SPACE: 257
[ENV]: Finished init Environment
[TRAIN]: actions: 257, observations: 12
[TRAIN]: CUDA: True
[TRAIN]: (1): action: 26, observation: (1, 0, 0.0, 0.2511487728551902, 0.71487189149458, 1.298611360039865, 7.480219882041653, 12.042771878799476, 7.711449370178768, 6.8030287387516815, 0.7450134115475262, 18.29698426938661), rho: 0.125, reward: -1.0 - 0, eps: 1.0, sample: -1, 
[TRAIN]: (1): action: 214, observation: (1, 1.5770181735254543, 0.5, 0.7019261668951821, 0.33965176820019627, 2.1878286651807026, 7.820237374814393, 1.2270721492770773, 2.3534890633935315, 1.2427836058103046, 10.229974956778493, 1.7929285868879241), rho: 0.125, reward: -1.0 - 0, eps: 1.0, sample: -1, 
[TRAIN]: (1): action: 92, observation: (1, 0.9042674549059067, 0.5, 0.6054651448352689, 0.5616811236082674, 5.1347899338441225, 2.351298833451625, 0.7216283230154473, 3.901604564441994, 7.514165157642867, 1.9068125934736107, 6.391752106311584), rho: 0.875, reward: -1.0 - 0, eps: 1.0, sample: -1, 
[TRAIN]: (1): action: 48, observation: (1, 3.857033116432584, 0.5, 0.6024322135750458, 0.5938129568052549, 7.07487803991609, 38.9722934451829, 5.38856363714653, 27.452357924966066, 6.588785298916261, 14.65345950650271, 2.1693495801199525), rho: 0.75, reward: 0.03860956430435181 - 1, eps: 1.0, sample: -1, 
[TRAIN]: (1): action: 245, observation: (1, 6.9440593412280665, 0.5, 0.9492880212753749, 0.3717040693060093, 12.131544248096422, 2.556189319267561, 17.630134393052785, 3.861906631017467, 9.517837367789527, 25.617651339460053, 5.783668611320083), rho: 0.25, reward: -1.0 - 0, eps: 1.0, sample: -1, 
[TRAIN]: (1): action: 187, observation: (1, 5.632508375004127, 0.5, 0.3741729677715856, 0.676932598175649, 13.397732426623243, 1.573937363466864, 3.9555883733975605, 0.5500696953559482, 0.6617638619270525, 7.354646390934408, 6.483039556870577), rho: 0.625, reward: -1.0 - 0, eps: 1.0, sample: -1, 
[TRAIN]: (1): action: 9, observation: (1, 2.568104316267593, 0.5, 0.4639664829011866, 0.572595478812525, 2.476147898589316, 2.428464524024309, 4.900356580423276, 6.054584581339512, 0.589790064348493, 1.4241553814551298, 6.234877309359942), rho: 0.375, reward: 0.1855267733335495 - 1, eps: 1.0, sample: -1, 
[TRAIN]: (1): action: 60, observation: (1, 1.6248989187598883, 0.5, 0.3155559169793428, 0.87975343450919, 1.7448687139700134, 3.2566307543314315, 0.0933190945222341, 18.924416859622276, 19.3420673791745, 0.7336968338855155, 1.18387189598929), rho: 0.75, reward: 0.03098883479833603 - 1, eps: 1.0, sample: -1, 
[TRAIN]: (1): action: 187, observation: (1, 0.9000171135709716, 0.5, 0.27174295060218745, 0.5799681901763618, 5.056499605933885, 4.2565955529139785, 5.989879164074564, 21.114168800840403, 13.77751119251493, 15.471612897928102, 21.899681910186537), rho: 0.625, reward: -1.0 - 0, eps: 1.0, sample: -1, 
[TRAIN]: (1): action: 148, observation: (1, 7.169140375335184, 0.5, 0.17551224076860927, 0.6267637173651353, 5.751716209845901, 19.280784610588316, 10.484748838737548, 19.29597853752537, 18.643129074834036, 2.4160639065958724, 8.597242520559341), rho: 0.0, reward: -1.0 - 0, eps: 1.0, sample: -1, 
[TRAIN]: (1): action: 190, observation: (0, 0.008632525917091826, -0.11636747408290815, 0.972858180085144, 0.43401116761297776, 18.479941522193947, 1.0201159226938197, 20.868930050079328, 10.389354948756049, 5.4699530673457755, 8.387342121525796, 2.1845992505239056), rho: 0.75, reward: -1.0 - 0, eps: 1.0, sample: -1, 
[TRAIN]: (1): action: 157, observation: (0, 6.196189709198725, 0.5, 0.7616166618889443, 0.6132734379980082, 3.56603481740073, 7.323181485018253, 7.362751536099305, 7.9770486558692095, 44.44839752766918, 0.4291490111612556, 5.3956804748836875), rho: 0.5, reward: -1.0 - 0, eps: 1.0, sample: -1, 
[TRAIN]: (1): action: 9, observation: (0, 1.7651664970438619, 0.5, 0.7169618920145174, 0.8981249762462, 9.270743398229005, 9.02459627492901, 5.105564649858, 0.06046991723026626, 8.46186635799357, 1.5687262550270733, 9.42051212409931), rho: 0.375, reward: 5.114650249481201 - 1, eps: 1.0, sample: -1, 
[TRAIN]: (1): action: 211, observation: (0, 3.2890166031076014, 0.5, 0.5244803448685317, 0.15145700974712728, 10.684173763744997, 0.22106535304596442, 2.6470539701773133, 9.91878377156476, 15.154548926243912, 14.402472765591952, 4.652160706943993), rho: 0.0, reward: 11.191160202026367 - 1, eps: 1.0, sample: -1, 
[TRAIN]: (1): action: 51, observation: (0, 0.025857861449122013, 0.30710786144912205, 0.5718408889568846, 0.48455377297071367, 4.422595879993821, 5.7250227728184235, 44.36830795843078, 3.1954217663181463, 2.5141060187863817, 3.195740008264978, 4.773056801168406), rho: 0.125, reward: -1.0 - 0, eps: 1.0, sample: -1, 
[TRAIN]: (1): action: 53, observation: (0, 0.6195263089870695, 0.35241542043619156, 0.5293441377521291, 0.07879926464997833, 27.893594418217226, 4.087696649323801, 6.938060641492706, 5.151539894931386, 20.149591998226942, 2.8090798600613693, 17.358620099504257), rho: 0.5, reward: -1.0 - 0, eps: 1.0, sample: -1, 
[TRAIN]: (1): action: 156, observation: (0, 0.8289827565405398, 0.5, 0.21202353240695038, 0.7333097500535253, 16.525689723257944, 23.455374554417816, 2.1699416043244875, 0.7755925368452765, 11.180694125377942, 9.130926560613846, 5.222125743407706), rho: 0.5, reward: -1.0 - 0, eps: 1.0, sample: -1, 
[TRAIN]: (1): action: 101, observation: (0, 1.8681977669551588, 0.5, 0.9961694093773861, 0.3147245671351818, 28.29487327350715, 0.5623659759009889, 13.821176877931647, 3.8029059094131497, 3.7636715719205727, 0.10090955645487702, 1.3271736993713117), rho: 0.375, reward: -1.0 - 0, eps: 1.0, sample: -1, 
[TRAIN]: (1): action: 8, observation: (0, 0.21908603249003422, 0.11361728249003422, 0.4426362731957679, 0.10307433567351698, 0.7439254011548574, 2.67246783755138, 0.34950720341036245, 10.001582542196292, 11.589106452603806, 4.857312292058214, 2.6174946212618706), rho: 0.0, reward: -1.0 - 0, eps: 1.0, sample: -1, 
[TRAIN]: (1): action: 231, observation: (0, 0.17835172354440268, -0.6767809939655631, 0.26362315964627936, 0.734538587778745, 1.5370301488735996, 8.825970813627409, 3.049094575393933, 23.684747595775022, 2.192598699854664, 3.8837813902377345, 7.770614362315104), rho: 0.5, reward: -1.0 - 0, eps: 1.0, sample: -1, 
[TRAIN]: (1/2000): reward: 1.5609356239438057, rho: 0.40625, rates: 0.8280467811971903
[TRAIN]: SAVE MODEL: best_reward: 0.07804678119719029
[TRAIN]: (2): action: 30, observation: (1, 0, 0.0, 0.6266593370554131, 0.6715216471094939, 0.8775581622482695, 29.376267170769495, 4.234224898614875, 10.111950402072189, 29.616126664738122, 29.042040949059942, 6.9428487722693655), rho: 0.75, reward: -1.0 - 0, eps: 1.0, sample: -1, 
[TRAIN]: (2): action: 210, observation: (1, 15.594407017247388, 0.5, 0.47423503226703945, 0.9760796408414529, 6.227712948419728, 1.741631185157804, 1.3825174512459648, 0.2997316365331749, 3.9031528926179186, 16.951079252520845, 20.543464076653745), rho: 0.75, reward: -1.0 - 0, eps: 1.0, sample: -1, 
[TRAIN]: (2): action: 248, observation: (1, 19.026326581464883, 0.5, 0.8326398218443715, 0.7216616485401907, 18.413997880596185, 29.820768248939093, 25.839105607169284, 1.7758681031866779, 23.878876074713272, 25.29837066987181, 0.06097354813942875), rho: 0.625, reward: -1.0 - 0, eps: 1.0, sample: -1, 
[TRAIN]: (2): action: 237, observation: (1, 11.8782474076027, 0.5, 0.2512005778642502, 0.9997867078044318, 15.340443060578444, 14.30261422308051, 24.84646373912428, 1.5409913574783012, 3.2403428226942443, 4.26899765583795, 17.38467042611), rho: 0.375, reward: -1.0 - 0, eps: 1.0, sample: -1, 
[TRAIN]: (2): action: 106, observation: (1, 6.020938647327758, 0.5, 0.7007720799470717, 0.5616404256475174, 7.8515528424702055, 1.5527656678934763, 3.5860695474181274, 2.335711436366908, 33.04937419795327, 4.600220571101303, 10.13678126269207), rho: 0.0, reward: 0.01894438825547695 - 1, eps: 1.0, sample: -1, 
[TRAIN]: (2): action: 37, observation: (1, 0.1267147187846763, 0.5, 0.16614488437928054, 0.7940040091073374, 11.060910867804623, 1.3422672668281497, 0.6824411364034911, 8.975372881836668, 6.004838996410751, 7.332570157440924, 22.4334693330807), rho: 0.125, reward: 0.4558205008506775 - 1, eps: 1.0, sample: -1, 
[TRAIN]: (2): action: 2, observation: (1, 2.1493703230612917, 0.5, 0.7445894016365148, 0.25501195101718777, 9.729849729545428, 11.17223703421068, 0.7072545104752737, 12.066522919040752, 3.304102105497998, 14.83897822836032, 2.164970295316816), rho: 0.5, reward: 1.518576979637146 - 1, eps: 1.0, sample: -1, 
[TRAIN]: (2): action: 145, observation: (1, 4.985041117781949, 0.5, 0.9066024534130788, 0.3851246449078517, 11.501570131319443, 15.388501945588917, 2.1006733011429937, 7.217212972381997, 3.503223308478253, 0.6623073466170819, 5.184485794740091), rho: 0.125, reward: -1.0 - 0, eps: 1.0, sample: -1, 
[TRAIN]: (2): action: 12, observation: (1, 0.12463379316711196, 0.15979004316711198, 0.8045063847447079, 0.8420103792689544, 5.554933052148334, 1.9045263076277195, 24.644176669839037, 1.692286114806628, 4.1169823704422095, 10.283340198383868, 11.25614731767369), rho: 0.625, reward: -1.0 - 0, eps: 1.0, sample: -1, 
[TRAIN]: (2): action: 190, observation: (1, 10.010026211745036, 0.5, 0.010757279061970881, 0.15255063833157234, 5.052527182187441, 0.754569122486155, 16.094883891894398, 17.939037653849997, 2.649158349934677, 14.707059736797227, 3.0435050582846976), rho: 0.75, reward: -1.0 - 0, eps: 1.0, sample: -1, 
[TRAIN]: (2): action: 156, observation: (0, 0.12735540974146536, 0.5, 0.09831680062992432, 0.661577898372288, 2.1769079327784744, 11.16579915650431, 3.4745408160670848, 0.10665717722274677, 4.106729822179849, 3.4321645087637997, 23.620489383487985), rho: 0.5, reward: -1.0 - 0, eps: 1.0, sample: -1, 
[TRAIN]: (2): action: 39, observation: (0, 7.079787307098637, 0.5, 0.6457860277916779, 0.44347527029123535, 3.799099977671489, 29.44009271839932, 2.9089199106775343, 10.728523295080734, 5.625106753962564, 15.767442073108073, 38.26869243342099), rho: 0.125, reward: -1.0 - 0, eps: 1.0, sample: -1, 
[TRAIN]: (2): action: 112, observation: (0, 3.159779970574483, 0.5, 0.06752767196784304, 0.9103477626254965, 13.94430907781538, 12.190213826931375, 17.57074214078193, 4.365649262130185, 5.812487291244963, 3.744788195547529, 3.24783133791024), rho: 0.5, reward: -1.0 - 0, eps: 1.0, sample: -1, 
[TRAIN]: (2): action: 251, observation: (0, 1.4620008949571643, 0.5, 0.07819353210240532, 0.3675163690071377, 8.520604827156387, 2.309697452667572, 4.286713325673764, 2.391707578990143, 27.386296985840566, 28.082678171471258, 1.2731484689901327), rho: 0.125, reward: -1.0 - 0, eps: 1.0, sample: -1, 
[TRAIN]: (2): action: 98, observation: (0, 0.12616477247645025, 0.2980397724764503, 0.36716033646480584, 0.7552298922043488, 19.14831376190335, 12.827804237345614, 0.2755656259084345, 15.344045540916449, 18.389856704534257, 0.9061712465380329, 10.959906987833701), rho: 0.75, reward: -1.0 - 0, eps: 1.0, sample: -1, 
[TRAIN]: (2): action: 59, observation: (0, 5.7154921219350845, 0.5, 0.5337302436168726, 0.8197659895215903, 7.206497297991083, 12.087124278094784, 9.118905778466594, 3.5408186650666735, 0.69645538357585, 2.1362606461997897, 5.885361497064338), rho: 0.125, reward: -1.0 - 0, eps: 1.0, sample: -1, 
[TRAIN]: (2): action: 191, observation: (0, 0.7843190736337242, 0.5, 0.5890755751661296, 0.9227204282170355, 3.728713529528984, 23.88014937602182, 7.826548986107714, 7.93532777761021, 1.6558091641484676, 31.738247658359647, 19.694128466971886), rho: 0.75, reward: -1.0 - 0, eps: 1.0, sample: -1, 
[TRAIN]: (2): action: 200, observation: (0, 25.07530093245671, 0.5, 0.3509506618582827, 0.6356160905227913, 10.597334153368333, 9.427129433360474, 4.845029627101237, 13.432727523764958, 0.1680378119947096, 2.1631553499491134, 22.02230123832047), rho: 0.875, reward: -1.0 - 0, eps: 1.0, sample: -1, 
[TRAIN]: (2): action: 237, observation: (0, 11.168607605707804, 0.5, 0.8556386554119416, 0.30401820881021235, 35.2093408598856, 1.6020926780794058, 14.393688267097831, 7.679604880991908, 8.542688261525488, 32.324116923300046, 13.459249219455803), rho: 0.375, reward: -1.0 - 0, eps: 1.0, sample: -1, 
[TRAIN]: (2): action: 71, observation: (0, 9.508103362377131, 0.5, 0.7580851066368891, 0.794777341051855, 9.528134751731386, 20.21821790387421, 13.422552760622501, 3.119881010918433, 13.622632666712327, 3.293918787870658, 0.9155914828435435), rho: 0.125, reward: -1.0 - 0, eps: 1.0, sample: -1, 
[TRAIN]: (2/2000): reward: -15.0066581312567, rho: 0.44375, rates: 0.09966709343716502
[TRAIN]: (3): action: 176, observation: (1, 0, 0.0, 0.1419669520916409, 0.893709535492906, 10.387946725920877, 10.488027894629653, 13.03383922610547, 0.702684038789339, 4.135836025427857, 3.6208036475600776, 0.9602795111424333), rho: 0.625, reward: -1.0 - 0, eps: 1.0, sample: -1, 
[TRAIN]: (3): action: 202, observation: (1, 0.665613229328808, 0.5, 0.6504201010750064, 0.4300438351112381, 2.9667168347680666, 4.417285264366094, 9.161415145522469, 2.570403886788041, 8.970461065819645, 14.408375947439174, 3.295003401188747), rho: 0.625, reward: -1.0 - 0, eps: 1.0, sample: -1, 
[TRAIN]: (3): action: 62, observation: (1, 6.254156551844661, 0.5, 0.639785249227525, 0.8094950362250433, 5.800205578622556, 14.399152364845287, 6.026536270613837, 8.995609822977096, 4.644871158137934, 41.12008209996121, 1.5031544225341333), rho: 0.5, reward: -1.0 - 0, eps: 1.0, sample: -1, 
[TRAIN]: (3): action: 130, observation: (1, 12.533015510688283, 0.5, 0.09519605971772993, 0.5507257295808773, 19.795766174177068, 0.3422189641006504, 4.971351872727314, 1.4745606783951364, 4.073300140802371, 8.523051700444343, 1.2521542186463361), rho: 0.0, reward: -1.0 - 0, eps: 1.0, sample: -1, 
[TRAIN]: (3): action: 62, observation: (1, 0.13865905969218828, 0.16990905969218828, 0.07526470955572717, 0.13872750401429867, 4.686294907344829, 4.705316210907093, 4.609047572399059, 0.8705570723515119, 3.156271718238129, 52.09833707148875, 26.107581312954032), rho: 0.5, reward: -1.0 - 0, eps: 1.0, sample: -1, 
[TRAIN]: (3): action: 62, observation: (1, 0.18192836876005278, 0.21121242845224109, 0.6869689772226741, 0.2441157015166714, 1.1002360548126773, 7.668689079605708, 3.5808726663264547, 8.038110258144032, 3.7999959293692824, 21.707821932822604, 4.63304059089615), rho: 0.5, reward: -1.0 - 0, eps: 1.0, sample: -1, 
[TRAIN]: (3): action: 41, observation: (1, 6.820638901011917, 0.5, 0.36527646431974337, 0.7179707289664955, 11.969854679908101, 4.380419063353146, 45.09319379088854, 19.724820487787778, 25.912738214818635, 8.882408930280048, 2.5706910599584054), rho: 0.25, reward: -1.0 - 0, eps: 1.0, sample: -1, 
[TRAIN]: (3): action: 171, observation: (1, 0.4372812042284039, 0.4919687042284039, 0.6165143306518988, 0.2519158604827737, 2.5173908253098523, 3.467187502410145, 0.9907761255195341, 28.816993672898022, 12.236266119342618, 0.35974792273250833, 34.47555355930663), rho: 0.5, reward: 0.23373864591121674 - 1, eps: 1.0, sample: -1, 
[TRAIN]: (3): action: 200, observation: (1, 0.2672096785346952, 0.5, 0.7575729458232465, 0.5699735988973784, 2.6029502706260264, 3.4963663805912497, 0.6262885388472585, 6.317961973698129, 11.009883973410572, 0.5816727600188133, 9.198049442652124), rho: 0.875, reward: -1.0 - 0, eps: 1.0, sample: -1, 
[TRAIN]: (3): action: 108, observation: (1, 4.56000610374748, 0.5, 0.3200934028750735, 0.7484743197417314, 0.8093318051443288, 7.197511803799791, 6.823066053081953, 1.0010366044469605, 12.787598810451188, 2.4653198675711674, 5.82449619299012), rho: 0.25, reward: -1.0 - 0, eps: 1.0, sample: -1, 
[TRAIN]: (3): action: 53, observation: (0, 1.1003239799250983, 0.5, 0.303310276856506, 0.16083744934684074, 8.020841328422398, 4.82176096498425, 0.37861011529612587, 6.392033577488866, 20.423626267482604, 11.185666539227341, 3.396530141434748), rho: 0.5, reward: -1.0 - 0, eps: 1.0, sample: -1, 
[TRAIN]: (3): action: 12, observation: (0, 0.10887589565992667, 0.4057508956599267, 0.5954938291819323, 0.8329974157500478, 7.230732965738884, 11.636156732789654, 18.365574721584135, 1.9621077079210152, 11.171868300115706, 6.073147178566334, 4.750779268175202), rho: 0.625, reward: -1.0 - 0, eps: 1.0, sample: -1, 
[TRAIN]: (3): action: 240, observation: (0, 4.414132243072361, 0.5, 0.053151649845669224, 0.9057480673417759, 8.911325742131812, 7.965796995772089, 11.565674065315878, 5.425365250077502, 19.006257921759534, 14.7559313541576, 10.609200952582212), rho: 0.5, reward: -1.0 - 0, eps: 1.0, sample: -1, 
[TRAIN]: (3): action: 22, observation: (0, 4.427167528574202, 0.5, 0.13266556276357844, 0.4110126086927671, 26.67372960616095, 10.85951989187738, 2.731714184168865, 15.696926861145592, 4.864055118219699, 8.113779750205278, 8.533887588006762), rho: 0.875, reward: -1.0 - 0, eps: 1.0, sample: -1, 
[TRAIN]: (3): action: 254, observation: (0, 2.8885482235214592, 0.5, 0.4766510657038425, 0.8660241840648196, 3.94602314254805, 3.6800339497793733, 6.9713386304802825, 4.239611384245516, 22.665657908460734, 28.818029062339964, 5.364971591882309), rho: 0.0, reward: -1.0 - 0, eps: 1.0, sample: -1, 
[TRAIN]: (3): action: 148, observation: (0, 0.049788635791347895, -0.13771136420865215, 0.6865455657156669, 0.5449055294381847, 17.64476605422583, 0.667430882552156, 21.160722098672867, 4.792355103148961, 6.003644288081454, 7.141730065708812, 3.7222771305279996), rho: 0.0, reward: -1.0 - 0, eps: 1.0, sample: -1, 
[TRAIN]: (3): action: 183, observation: (0, 0.19714438293020753, -0.5655669812784446, 0.1273790066074052, 0.036339340738181236, 3.4536617872777953, 17.775720308661015, 22.680207280025808, 21.166693418094017, 52.40224865175081, 35.702039197427226, 32.89371955356923), rho: 0.125, reward: -1.0 - 0, eps: 1.0, sample: -1, 
[TRAIN]: (3): action: 234, observation: (0, 0.09750560244707812, -1.3430613788313666, 0.9946768797239877, 0.399533012276852, 15.370832049733298, 14.599335545796219, 4.55480764186259, 13.979819801830576, 15.132069042507464, 15.418729017878745, 23.791022253140838), rho: 0.75, reward: -1.0 - 0, eps: 1.0, sample: -1, 
[TRAIN]: (3): action: 72, observation: (0, 10.471538279595302, 0.5, 0.2456698170197381, 0.5982746586465675, 2.755498752646428, 31.480586615287148, 7.667415648454994, 11.928608777622467, 6.032247026650511, 4.782877007709924, 3.566451627194418), rho: 0.625, reward: -1.0 - 0, eps: 1.0, sample: -1, 
[TRAIN]: (3): action: 191, observation: (0, 1.3623729197384626, 0.5, 0.7750577700684251, 0.8158202473818627, 4.524633239454659, 9.916082845876952, 0.05650490194430264, 0.11167484897156611, 3.8776814285000123, 9.892051085636865, 25.70812005006292), rho: 0.75, reward: -1.0 - 0, eps: 1.0, sample: -1, 
[TRAIN]: (3/2000): reward: -18.766261354088783, rho: 0.46875, rates: 0.011686932295560837
[TRAIN]: (4): action: 137, observation: (1, 0, 0.0, 0.1374079217265456, 0.013704599407606488, 3.3002567990940546, 0.18733401936728622, 10.193276978867697, 0.44193420323983296, 3.4057065883562823, 4.212937874088538, 2.158249154902412), rho: 0.875, reward: -1.0 - 0, eps: 1.0, sample: -1, 
[TRAIN]: (4): action: 247, observation: (1, 0.1243726428341176, 0.0228101428341176, 0.12451550562312497, 0.15475153821344045, 1.0786999787785005, 26.463925032031103, 8.79767022818479, 47.485094556662155, 0.05019370441018828, 15.915985226450545, 19.61872722608168), rho: 0.75, reward: -1.0 - 0, eps: 1.0, sample: -1, 
[TRAIN]: (4): action: 244, observation: (1, 0.013910855674592493, -0.17421650149128992, 0.5270433987411819, 0.3406272157357296, 7.822645440410692, 1.51480950388157, 0.10898878531139634, 19.635965893626942, 0.534445641468301, 6.574346130018639, 10.807823067576766), rho: 0.5, reward: -1.0 - 0, eps: 1.0, sample: -1, 
[TRAIN]: (4): action: 214, observation: (1, 1.6549614494528406, 0.5, 0.8887102496334413, 0.25217541257062803, 5.995548816790691, 29.957932455806954, 1.3778540566740405, 20.09081811475665, 17.83142641335102, 28.34525530025749, 2.6291752152062338), rho: 0.125, reward: -1.0 - 0, eps: 1.0, sample: -1, 
[TRAIN]: (4): action: 251, observation: (1, 2.9051919727418425, 0.5, 0.1902239047580162, 0.7909286444459552, 0.42666275092197786, 3.0193379501123765, 12.54736389096475, 2.5429218532742275, 2.2465406683849594, 3.9203964871406667, 6.988509102219178), rho: 0.125, reward: -1.0 - 0, eps: 1.0, sample: -1, 
[TRAIN]: (4): action: 151, observation: (1, 0.7233138244022213, 0.5, 0.6653853444831448, 0.8008271182702003, 14.549488595900558, 8.974311598412472, 39.80883786307299, 0.27965964475497085, 1.7977926850087165, 12.575053557220357, 33.67033440052159), rho: 0.625, reward: -1.0 - 0, eps: 1.0, sample: -1, 
[TRAIN]: (4): action: 202, observation: (1, 20.03078610089109, 0.5, 0.5218554114429136, 0.5885432362648431, 4.178561153040147, 1.043381972424573, 8.084260132980244, 5.690067548602904, 5.939094035405523, 6.194480726727658, 0.21006136705168102), rho: 0.625, reward: -1.0 - 0, eps: 1.0, sample: -1, 
[TRAIN]: (4): action: 118, observation: (1, 1.9683925200567898, 0.5, 0.8044606556565854, 0.4909292638906011, 29.19057164772073, 0.39392686147258327, 9.612480396767623, 5.113121115117822, 1.0473844351427262, 3.0878365502295697, 1.4805742860504443), rho: 0.5, reward: -1.0 - 0, eps: 1.0, sample: -1, 
[TRAIN]: (4): action: 80, observation: (1, 1.53948341454416, 0.5, 0.7245062313387582, 0.02412193972130494, 12.826209180243017, 8.650849994375868, 0.4473011395847207, 1.6796983232075346, 3.2982765434510175, 7.246141685432521, 13.061108324715692), rho: 0.875, reward: 0.8978432416915894 - 1, eps: 1.0, sample: -1, 
[TRAIN]: (4): action: 250, observation: (1, 4.2518241907839025, 0.5, 0.19297335021468964, 0.4102660391926296, 1.8020647465529838, 9.1551731716765, 14.26647670641437, 6.131804358145384, 25.85347047902095, 5.487016214116905, 40.31324784948794), rho: 0.625, reward: -1.0 - 0, eps: 1.0, sample: -1, 
[TRAIN]: (4): action: 132, observation: (0, 9.403205193760312, 0.5, 0.09852575829406174, 0.029701965092026494, 6.252026752195622, 10.418946261046445, 3.8918684665110845, 9.23974287056718, 6.694415746270566, 0.24386884814712245, 4.80534170296351), rho: 0.875, reward: -1.0 - 0, eps: 1.0, sample: -1, 
[TRAIN]: (4): action: 218, observation: (0, 0.1434580442491704, 0.5, 0.012965411922996162, 0.3042521657518372, 12.040003868276221, 11.223011379961187, 2.4512514458924897, 0.5154738851101781, 12.313603866465282, 1.2372809946928311, 3.3889144055823976), rho: 0.375, reward: -1.0 - 0, eps: 1.0, sample: -1, 
[TRAIN]: (4): action: 43, observation: (0, 0.09406035984613022, 0.34015410984613026, 0.8153157926014548, 0.3714940967334843, 52.08527996845628, 8.849012002787319, 1.0768691746988837, 2.188409040485573, 3.6207064008464895, 0.9637302883098824, 0.03554169179899425), rho: 0.5, reward: -1.0 - 0, eps: 1.0, sample: -1, 
[TRAIN]: (4): action: 49, observation: (0, 0.48902684519905926, 0.5, 0.5910210581919147, 0.4290423741785514, 23.46150653464592, 1.8899376860021977, 0.20986300701090868, 4.2702405232818075, 4.756896144009004, 8.17079742754235, 7.493396561153683), rho: 0.0, reward: -1.0 - 0, eps: 1.0, sample: -1, 
[TRAIN]: (4): action: 36, observation: (0, 0.05618424533601077, -0.38131575466398926, 0.5350381272818344, 0.31503529176652034, 5.929532883566072, 9.336704996785292, 7.449774918789874, 5.601252265762331, 2.72599565020402, 15.717235218624827, 0.6903817821706472), rho: 0.25, reward: -1.0 - 0, eps: 1.0, sample: -1, 
[TRAIN]: (4): action: 182, observation: (0, 2.09147960494195, 0.5, 0.759538907771961, 0.8134058779924642, 7.365369211669506, 17.026256604721468, 10.057280241969718, 13.977409558792665, 3.811679996727273, 4.448658978083441, 8.778490211874118), rho: 0.375, reward: -1.0 - 0, eps: 1.0, sample: -1, 
[TRAIN]: (4): action: 90, observation: (0, 3.644031122029809, 0.5, 0.7263884817108196, 0.21580627711790157, 23.45044926619062, 2.5369118369325667, 2.7023514189470332, 1.352573703701404, 1.8382626288121346, 0.6878852804764429, 1.4759759731011894), rho: 0.375, reward: -1.0 - 0, eps: 1.0, sample: -1, 
[TRAIN]: (4): action: 75, observation: (0, 0.24235558739736307, 0.25407433739736307, 0.5958503606850233, 0.6150768428226172, 8.890682107175587, 26.449141887906347, 3.9514886569281926, 13.06183725917204, 3.3808910535663212, 1.0705633726185635, 7.70280464898406), rho: 0.625, reward: -1.0 - 0, eps: 1.0, sample: -1, 
[TRAIN]: (4): action: 213, observation: (0, 3.221864496866037, 0.5, 0.8787929818101949, 0.238078003014645, 24.59017455773153, 3.1066224973530234, 2.0013520498853996, 15.204945491577082, 18.965318541133257, 10.750671452856679, 12.98878093034332), rho: 0.125, reward: -1.0 - 0, eps: 1.0, sample: -1, 
[TRAIN]: (4): action: 34, observation: (0, 1.2333246407239864, 0.5, 0.6471625703190672, 0.58678986479604, 0.7621753891593634, 2.2452693777401835, 39.71763954677933, 14.717088593036006, 0.0033152869152451715, 2.881567130089672, 8.262104603145499), rho: 0.625, reward: -1.0 - 0, eps: 1.0, sample: -1, 
[TRAIN]: (4/2000): reward: -18.10215675830841, rho: 0.4875, rates: 0.04489216208457947
[TRAIN]: (5): action: 44, observation: (1, 0, 0.0, 0.4458691838898312, 0.30093600810037224, 1.2269653431852632, 9.43543664992784, 1.1905934990554599, 4.195369514545226, 11.774951218672529, 13.719000484782375, 11.065274218730272), rho: 0.875, reward: -1.0 - 0, eps: 1.0, sample: -1, 
[TRAIN]: (5): action: 19, observation: (1, 4.935601433233293, 0.5, 0.012001908876643097, 0.8856209885209925, 3.935704319863485, 9.060557230396233, 58.86393050225099, 9.186117592365552, 3.950661025795799, 7.272553132052877, 30.681806173508196), rho: 0.375, reward: -1.0 - 0, eps: 1.0, sample: -1, 
[TRAIN]: (5): action: 65, observation: (1, 9.20313230974496, 0.5, 0.9861526849039792, 0.5412726938695365, 13.913921665844969, 5.3163689700774865, 6.440383182580151, 13.803263894723637, 3.886625088199567, 3.052991508026217, 4.474259230328838), rho: 0.25, reward: -1.0 - 0, eps: 1.0, sample: -1, 
[TRAIN]: (5): action: 151, observation: (1, 1.3706017843971678, 0.5, 0.5607760126350607, 0.6569884124507752, 27.99974885735969, 1.1047461913526573, 5.1430911252097955, 0.2845426840713464, 3.475134177150415, 10.492127428167944, 4.1177396396255785), rho: 0.625, reward: -1.0 - 0, eps: 1.0, sample: -1, 
[TRAIN]: (5): action: 199, observation: (1, 5.0006692012258585, 0.5, 0.0830929816406818, 0.3982221404213845, 0.17484115128454533, 10.333315233524768, 2.076393664432401, 4.073300924051034, 2.852029042317023, 6.620725656446181, 7.668649153263411), rho: 0.375, reward: -1.0 - 0, eps: 1.0, sample: -1, 
[TRAIN]: (5): action: 118, observation: (1, 0.12663632943274777, 0.2555425794327477, 0.8572793266746104, 0.4238222588972893, 4.663289935080267, 2.4712119779787973, 27.51487816866483, 0.8148847646100731, 4.728600099497941, 2.24241409395425, 16.812686816519857), rho: 0.5, reward: -1.0 - 0, eps: 1.0, sample: -1, 
[TRAIN]: (5): action: 168, observation: (1, 4.19821603548692, 0.5, 0.8729516780166409, 0.7989226639498931, 0.14830324206641887, 4.073726286585853, 2.171565902843067, 12.700860216615883, 2.708029376291226, 20.705113495870627, 2.978111178506426), rho: 0.625, reward: -1.0 - 0, eps: 1.0, sample: -1, 
[TRAIN]: (5): action: 224, observation: (1, 11.53462568187932, 0.5, 0.017427667904569843, 0.8122310330731858, 6.248533742315795, 15.820246060675153, 18.593867563263373, 3.1664220668080745, 5.869677434050456, 5.646631101407995, 1.870333637231059), rho: 0.75, reward: -1.0 - 0, eps: 1.0, sample: -1, 
[TRAIN]: (5): action: 88, observation: (1, 1.1160478207969426, 0.5, 0.055090604512782915, 0.5668276288080688, 1.0483985106765672, 0.3666717857766482, 11.439503095198473, 5.0199933134719785, 2.5946576156563292, 5.071281036323318, 6.102258352697728), rho: 0.125, reward: -1.0 - 0, eps: 1.0, sample: -1, 
[TRAIN]: (5): action: 146, observation: (1, 0.4470351847566434, 0.2360976847566434, 0.21443116590485012, 0.5773471243024285, 1.9858422014345876, 0.981816884551221, 5.80849032124092, 23.27798135387319, 9.556011592453604, 2.210225823363717, 11.81108709249149), rho: 0.0, reward: -1.0 - 0, eps: 1.0, sample: -1, 
[TRAIN]: (5): action: 57, observation: (0, 0.11845618018521678, 0.26080386494186014, 0.9459560658630369, 0.502663447236695, 29.174972346397226, 12.399548643005048, 2.946251856168715, 12.751350678920655, 54.25464105229143, 19.030869230153225, 12.645128757410664), rho: 0.625, reward: -1.0 - 0, eps: 1.0, sample: -1, 
[TRAIN]: (5): action: 79, observation: (0, 13.814440659886095, 0.5, 0.584130803556387, 0.6299916541607932, 6.483045330372014, 11.796975225720592, 3.059916664346643, 13.914295735608956, 1.2912087498608813, 13.819590642454369, 13.30211851129297), rho: 0.0, reward: 0.0 - 2, eps: 1.0, sample: -1, 
[TRAIN]: (5): action: 216, observation: (0, 0.17107190933024644, 0.5, 0.18664221313305895, 0.7034277446190791, 4.019434385432346, 11.503510626305166, 6.860563898229277, 6.764964385699681, 4.329815459759942, 6.047951000144616, 3.1688983026367747), rho: 0.125, reward: -1.0 - 0, eps: 1.0, sample: -1, 
[TRAIN]: (5): action: 49, observation: (0, 0.31425606878383266, 0.5, 0.9397804576322054, 0.6402255731218953, 0.7413142094536878, 3.4982438265475917, 1.5740432431582307, 0.27074389393829523, 3.6402901235050344, 0.19838819262381185, 0.8947902500391891), rho: 0.0, reward: -1.0 - 0, eps: 1.0, sample: -1, 
[TRAIN]: (5): action: 168, observation: (0, 0.08047263656938797, -0.35702736343061203, 0.6926886200564836, 0.5079592200120977, 11.47636437142268, 9.969710034952387, 5.606595887449821, 14.234866320865436, 2.685141175299833, 4.524118922400456, 6.039050709889229), rho: 0.625, reward: -1.0 - 0, eps: 1.0, sample: -1, 
[TRAIN]: (5): action: 127, observation: (0, 3.6630211906272496, 0.5, 0.5870139501402676, 0.4727414439883838, 2.393181584567308, 3.870837607334642, 1.2219498428727225, 6.456702222018019, 5.219018877306242, 8.749599383977918, 9.06254624471622), rho: 0.75, reward: -1.0 - 0, eps: 1.0, sample: -1, 
[TRAIN]: (5): action: 131, observation: (0, 6.48224859181272, 0.5, 0.27683848384992693, 0.7681893208120474, 7.311054227317713, 9.100549943636613, 5.019042592673823, 17.723140653984174, 12.815980956780578, 11.008113100237198, 7.117179388608175), rho: 0.0, reward: -1.0 - 0, eps: 1.0, sample: -1, 
[TRAIN]: (5): action: 86, observation: (0, 0.0971395511318503, 0.31588955113185024, 0.5972398358199965, 0.26743487972780633, 0.06735568912534134, 12.036151528963918, 4.227937129099218, 8.451335678089032, 4.678662055615223, 1.6677934900667444, 24.135737854132792), rho: 0.625, reward: 0.612949013710022 - 1, eps: 1.0, sample: -1, 
[TRAIN]: (5): action: 80, observation: (0, 0.6062859359468474, 0.5, 0.7540247924161243, 0.3357251733576214, 8.703390152478242, 20.635526929917823, 0.7246770504874089, 8.391477578120101, 0.3850050815667994, 4.657103070145035, 8.16352666640696), rho: 0.875, reward: -1.0 - 0, eps: 1.0, sample: -1, 
[TRAIN]: (5): action: 236, observation: (0, 2.941747722085407, 0.5, 0.05879204634209212, 0.4015588087263855, 8.233979584472946, 3.7505872940899776, 1.0847298695080296, 6.816210502688145, 13.427966926529624, 21.406095514701708, 10.520290537603838), rho: 0.625, reward: 3.7532906532287598 - 1, eps: 1.0, sample: -1, 
[TRAIN]: (5/2000): reward: -12.633760333061218, rho: 0.4375, rates: 0.21831198334693908
[TRAIN]: (6): action: 120, observation: (1, 0, 0.0, 0.5198810332030683, 0.9002109271685217, 10.085094893819353, 2.071807092087038, 11.542058284791297, 5.556731088394022, 0.7223108813601836, 5.445508833998809, 3.3861971439547527), rho: 0.625, reward: -1.0 - 0, eps: 1.0, sample: -1, 
[TRAIN]: (6): action: 206, observation: (1, 3.4806929494290313, 0.5, 0.9294775886605811, 0.45121579652196064, 15.66381047629201, 6.049621118086186, 1.3773313128737763, 3.602508003575341, 0.3707699655406539, 7.199086186323987, 14.554630241421302), rho: 0.875, reward: 0.5751234292984009 - 1, eps: 1.0, sample: -1, 
[TRAIN]: (6): action: 183, observation: (1, 10.548958934745185, 0.5, 0.5991393704529447, 0.1533850735857939, 29.042555847231796, 6.85912643116679, 5.1678897601968465, 2.1116347905298856, 7.0683090194976685, 31.70915964321591, 2.3352540188011277), rho: 0.125, reward: -1.0 - 0, eps: 1.0, sample: -1, 
[TRAIN]: (6): action: 74, observation: (1, 2.332817572486028, 0.5, 0.8674867676365747, 0.11612098086531264, 6.252227015466106, 41.43312367560165, 1.179203787760303, 4.2372739372116826, 9.53484497397238, 0.0989030670733046, 8.346923360748335), rho: 0.375, reward: 1.0247163772583008 - 1, eps: 1.0, sample: -1, 
[TRAIN]: (6): action: 238, observation: (1, 0.10896060733231777, 0.3745856073323177, 0.4473322101181154, 0.6532067522635921, 3.241929867172089, 3.5900108247643474, 1.0882896099196357, 10.652487035907782, 5.048620815098275, 18.31571743706237, 7.588589487428496), rho: 0.125, reward: 0.30807235836982727 - 1, eps: 1.0, sample: -1, 
[TRAIN]: (6): action: 225, observation: (1, 1.5512024493091008, 0.5, 0.9892534106951737, 0.44266535787957584, 17.43076969022466, 5.529934633977998, 1.848270364688047, 4.810625743333171, 3.1862949746722697, 1.1014305174335908, 0.6067216154982906), rho: 0.875, reward: -1.0 - 0, eps: 1.0, sample: -1, 
[TRAIN]: (6): action: 15, observation: (1, 1.161875065715532, 0.5, 0.10454278635374104, 0.1492128612731013, 0.192883443999323, 3.0837223384937285, 5.53451117059479, 18.773158691922948, 14.224718592803212, 5.759320281657539, 1.2024908043690887), rho: 0.875, reward: -1.0 - 0, eps: 1.0, sample: -1, 
[TRAIN]: (6): action: 196, observation: (1, 0.04054209087437573, 0.5, 0.7884890689625814, 0.6130822204807113, 1.2195032780257424, 2.0288916428929746, 21.44631791941166, 4.276889265805797, 11.973399619511403, 2.106287547572289, 9.378698633822044), rho: 0.75, reward: -1.0 - 0, eps: 1.0, sample: -1, 
[TRAIN]: (6): action: 92, observation: (1, 5.118699408114649, 0.5, 0.01213913631125152, 0.05649711564679494, 0.5902651025750665, 5.430360975902513, 8.321543597869253, 7.792309597773861, 0.544270108173943, 9.349732810824191, 3.2887483869654583), rho: 0.875, reward: -1.0 - 0, eps: 1.0, sample: -1, 
[TRAIN]: (6): action: 201, observation: (1, 0.153098938169077, 0.5, 0.15703275456136867, 0.8828217676849652, 53.49178569671862, 0.3927113989000816, 22.53498959856344, 10.910286470481896, 16.277750500597683, 8.418805618242375, 0.9256699619784493), rho: 0.75, reward: -1.0 - 0, eps: 1.0, sample: -1, 
[TRAIN]: (6): action: 27, observation: (0, 0.7264532959097673, 0.5, 0.6733165707026253, 0.20667354274930216, 2.2849129436416526, 5.183218129905746, 0.1814716278055065, 1.0087631825454721, 9.822572576109382, 1.9973418154191172, 3.016623176081173), rho: 0.25, reward: -1.0 - 0, eps: 1.0, sample: -1, 
[TRAIN]: (6): action: 247, observation: (0, 0.3998713554585493, 0.5, 0.7834063219107918, 0.2529776489151836, 4.739642073117533, 2.000587011838491, 16.79764117993461, 8.322633579998378, 4.228041320913441, 3.2908051815102084, 26.01900323914174), rho: 0.75, reward: -1.0 - 0, eps: 1.0, sample: -1, 
[TRAIN]: (6): action: 140, observation: (0, 1.8686035777401893, 0.5, 0.9685722199225166, 0.3991576422973121, 13.934028596535198, 4.766884503882597, 23.34640450200286, 6.031328922290279, 8.553784683761132, 9.134678360588968, 3.391107578903114), rho: 0.125, reward: -1.0 - 0, eps: 1.0, sample: -1, 
[TRAIN]: (6): action: 207, observation: (0, 1.118336564076082, 0.5, 0.24311929442024816, 0.013240296879008961, 11.002888094348616, 1.9358283382573487, 29.93748316122489, 5.779165024395777, 4.069620817055021, 5.399558970888002, 1.8443911533755697), rho: 0.125, reward: 8.76046085357666 - 1, eps: 1.0, sample: -1, 
[TRAIN]: (6): action: 129, observation: (0, 0.030519598378962055, 0.448488348378962, 0.6714385265609625, 0.6274213794421689, 10.127295636524071, 1.6836380480837019, 12.375063726910813, 4.724279140316797, 10.83694183648148, 2.008870043661257, 22.87429916123845), rho: 0.625, reward: -1.0 - 0, eps: 1.0, sample: -1, 
[TRAIN]: (6): action: 211, observation: (0, 8.832251784353815, 0.5, 0.8504496500839155, 0.040993435871739314, 13.734507942908136, 3.3283869419799434, 25.797285960570292, 2.056843636087714, 1.1014470311281863, 20.271271898394435, 17.02051776780962), rho: 0.0, reward: -1.0 - 0, eps: 1.0, sample: -1, 
[TRAIN]: (6): action: 241, observation: (0, 0.0030458117265639295, 0.28429581172656393, 0.1714536458230297, 0.5334797995518645, 27.724588036537167, 17.393959488341938, 40.91943369816239, 1.3536784841534568, 0.9108534798699071, 4.26765256273118, 0.0683704544031132), rho: 0.0, reward: -1.0 - 0, eps: 1.0, sample: -1, 
[TRAIN]: (6): action: 184, observation: (0, 0.16921292199604396, 0.14100873372260792, 0.08257205449034655, 0.7786809147136499, 0.3139084297728368, 7.892114486951335, 1.7240574920230747, 3.193779294538755, 0.5088654532516869, 0.7976956020690007, 2.5462274113487804), rho: 0.5, reward: -1.0 - 0, eps: 1.0, sample: -1, 
[TRAIN]: (6): action: 169, observation: (0, 1.0149919966917218, 0.5, 0.4100527054926685, 0.4379831615928058, 13.639932019969503, 16.019663118849422, 24.52336676699847, 10.561815833883813, 12.978878315349284, 10.850565504167257, 0.2853329416768148), rho: 0.375, reward: -1.0 - 0, eps: 1.0, sample: -1, 
[TRAIN]: (6): action: 41, observation: (0, 1.7369001086269171, 0.5, 0.4740399213780543, 0.14220059060273926, 2.808154220358299, 7.693828925074336, 1.4764067004192627, 0.13394399094227752, 2.591628016646438, 32.284828341955944, 10.388535756965908), rho: 0.25, reward: -1.0 - 0, eps: 1.0, sample: -1, 
[TRAIN]: (6/2000): reward: -5.331626981496811, rho: 0.4625, rates: 0.5334186509251595
[TRAIN]: (7): action: 115, observation: (1, 0, 0.0, 0.19740310654398718, 0.1523882884233171, 2.4726985263482417, 7.805000686078348, 6.361656058406849, 1.189853090747683, 6.907700292336014, 14.453466905419422, 5.406831044165764), rho: 0.125, reward: -1.0 - 0, eps: 1.0, sample: -1, 
[TRAIN]: (7): action: 96, observation: (1, 0.05806359167179314, -0.37943640832820685, 0.015828856323228835, 0.3704329919807544, 4.552354752024651, 3.0763066503948195, 43.07414853604679, 17.171966472457946, 13.6052774595553, 10.701051131670427, 8.614120120195368), rho: 0.875, reward: -1.0 - 0, eps: 1.0, sample: -1, 
[TRAIN]: (7): action: 206, observation: (1, 0.013706829684966726, -0.4555733286432401, 0.9151965612221693, 0.40872856847884087, 13.399572175350123, 8.15258534586056, 14.003774246570265, 16.014766132586033, 10.937424327692543, 1.0052123277385054, 13.910045658417152), rho: 0.875, reward: -1.0 - 0, eps: 1.0, sample: -1, 
[TRAIN]: (7): action: 195, observation: (1, 5.321022900256893, 0.5, 0.8989870640418715, 0.8237618086575086, 2.3414379627228175, 38.25696888713098, 2.6287831218256157, 8.084154430000362, 6.116385850137165, 23.1174634082838, 5.9315956801668985), rho: 0.75, reward: 0.020361417904496193 - 1, eps: 1.0, sample: -1, 
[TRAIN]: (7): action: 5, observation: (1, 17.51593785251766, 0.5, 0.05879759171121579, 0.06302422476417446, 2.6585795066443003, 3.935692557805523, 9.44579719197458, 25.135946404777435, 22.100201402038312, 4.854222119312873, 4.3558492199902545), rho: 0.75, reward: -1.0 - 0, eps: 1.0, sample: -1, 
[TRAIN]: (7): action: 160, observation: (1, 0.041698884814226594, 0.47138638481422657, 0.43132240594341464, 0.6556222718038639, 9.193609174853577, 32.275906523392585, 3.6310470768696534, 20.506548887226476, 2.5481752744083987, 2.858090161515366, 2.5149160043544923), rho: 0.25, reward: -1.0 - 0, eps: 1.0, sample: -1, 
[TRAIN]: (7): action: 237, observation: (1, 0.7858650374184138, 0.5, 0.3514247238823798, 0.18875468385798932, 15.042793678938775, 1.441824119831969, 7.560604765910577, 40.068018186672305, 35.499357379380314, 25.734034905306714, 3.965301796286933), rho: 0.375, reward: -1.0 - 0, eps: 1.0, sample: -1, 
