[MAIN]: START
[ENV]: Started init Environment
[ENV]: ACTIONS_SPACE: 257
[ENV]: Finished init Environment
[TRAIN]: actions: 257, observations: 12
[TRAIN]: CUDA: True
[TRAIN]: (1): action: 26, observation: (1, 0.012016783270830823, 0.0, 0.13688068058467895, 0.39978143135417876, 1.298611360039865, 0.700236861223011, 3.5238702456244084, 3.499991508459485, 23.588065807804874, 11.468527920189473, 4.487030949441372), rho: 0.4, reward: -1.0 - 0, eps: 1.0, sample: -1, 
[TRAIN]: (1): action: 214, observation: (1, 0.06402554653329913, -0.11923321672916919, 0.9671505457453474, 0.21782424412075385, 2.1878286651807026, 8.735455520358007, 25.35777944491041, 14.82389619782699, 9.991584828582633, 11.834061092588836, 21.92582068747585), rho: 0.4, reward: -1.0 - 0, eps: 1.0, sample: -1, 
[TRAIN]: (1): action: 92, observation: (1, 2.499256284838742, -0.3177076701958701, 0.11959124643390351, 0.7401475641655698, 5.1347899338441225, 1.9863632876145476, 10.255956358488005, 3.1362382851103767, 1.2027814926833327, 25.672572107821154, 8.779590761073543), rho: 0.4, reward: -1.0 - 0, eps: 1.0, sample: -1, 
[TRAIN]: (1): action: 48, observation: (1, 2.005794031981773, 0.5, 0.6395735564888261, 0.7450775066595628, 7.07487803991609, 0.023199767701161327, 11.422932112614028, 9.884666129801523, 40.128181230386666, 0.12861143842761097, 7.32922767606474), rho: 0.4, reward: -1.0 - 0, eps: 1.0, sample: -1, 
[TRAIN]: (1): action: 245, observation: (1, 0.10219741315229525, 0.5, 0.8613733425898477, 0.2144268997898241, 12.131544248096422, 0.42640030590789146, 22.987091556753022, 12.168722829645112, 0.9205027386106568, 1.3485905582892483, 3.62678339983147), rho: 0.4, reward: -1.0 - 0, eps: 1.0, sample: -1, 
[TRAIN]: (1): action: 187, observation: (1, 2.660857633297052, 0.5, 0.6575887836828319, 0.6053953879598869, 13.397732426623243, 14.498529524268369, 10.721071573299172, 18.723159112393848, 21.283642014577747, 2.566816621488969, 11.650404086931296), rho: 0.4, reward: -1.0 - 0, eps: 1.0, sample: -1, 
[TRAIN]: (1): action: 9, observation: (1, 3.5252955410998132, 0.5, 0.4994762349401425, 0.5670349419078373, 2.476147898589316, 5.170206767700912, 0.5002158966105315, 0.5561847910042906, 4.054374385322835, 9.32843080629905, 16.95393251397207), rho: 0.4, reward: 0.028643403202295303 - 1, eps: 1.0, sample: -1, 
[TRAIN]: (1): action: 60, observation: (1, 0.14454903678386186, 0.5, 0.03491662488090397, 0.4361565330219539, 1.7448687139700134, 2.028008777665496, 4.528489510066282, 1.9584201740065155, 13.119642623541836, 17.290834632241786, 0.847915453364235), rho: 0.4, reward: -1.0 - 0, eps: 1.0, sample: -1, 
[TRAIN]: (1): action: 187, observation: (1, 0.19941883132401128, 0.11954903678386186, 0.7512455261484153, 0.1609373119437264, 5.056499605933885, 6.790694081054687, 20.33956974293091, 11.47540395410176, 2.0750384753672133, 1.275930344968277, 15.116137709772978), rho: 0.4, reward: -1.0 - 0, eps: 1.0, sample: -1, 
[TRAIN]: (1): action: 148, observation: (1, 0.8551036886968548, -0.1310321318921268, 0.6491561340121824, 0.588808720733383, 5.751716209845901, 2.516796169458704, 1.1853610197232451, 4.497773458840337, 0.17448376134319682, 8.95070984364686, 3.802738850111704), rho: 0.4, reward: -1.0 - 0, eps: 1.0, sample: -1, 
[TRAIN]: (1): action: 190, observation: (0, 0.0863786506519934, 0.349071556804728, 0.07126407037701232, 0.8152647149352007, 18.479941522193947, 22.12102276327102, 6.878697262578576, 2.0496715311216205, 9.377104011102398, 2.1041332415405076, 8.058277559343349), rho: 0.4, reward: -1.0 - 0, eps: 1.0, sample: -1, 
[TRAIN]: (1): action: 157, observation: (0, 1.3706971034806756, 0.28545020745672145, 0.7851852190499133, 0.3633456580182123, 3.56603481740073, 4.203748860161618, 4.822958064897377, 4.407949909294395, 1.255969422609418, 4.698287953351819, 8.942873896634328), rho: 0.4, reward: -1.0 - 0, eps: 1.0, sample: -1, 
[TRAIN]: (1): action: 9, observation: (0, 10.62473306755508, 0.5, 0.7442224128042741, 0.015053438163124988, 9.270743398229005, 0.24915591316431873, 19.233286401774727, 9.664363627777476, 3.928697551497169, 39.31327902742979, 9.338271854440436), rho: 0.4, reward: 4.910064220428467 - 1, eps: 1.0, sample: -1, 
[TRAIN]: (1): action: 211, observation: (0, 1.954941391441599, 0.5, 0.5282514615739122, 0.178233109728418, 10.684173763744997, 8.457216649252624, 10.398260196352496, 82.71969542848416, 9.03836924208735, 9.461155746900673, 13.37161817130142), rho: 0.4, reward: -1.0 - 0, eps: 1.0, sample: -1, 
[TRAIN]: (1): action: 51, observation: (0, 0.10045104161029746, 0.5, 0.2410303269797519, 0.9391963863974802, 4.422595879993821, 11.048102687210237, 6.9098681518932095, 21.87484931379611, 9.39833043868149, 10.058400087408314, 2.2729145592488194), rho: 0.4, reward: -1.0 - 0, eps: 1.0, sample: -1, 
[TRAIN]: (1): action: 53, observation: (0, 0.8130126739887771, 0.2067010416102975, 0.5469210780261354, 0.6446284108408934, 27.893594418217226, 3.8009395947911635, 25.980161132635505, 11.700842141046309, 11.69168958131404, 4.041945738759026, 8.670236229486092), rho: 0.4, reward: -1.0 - 0, eps: 1.0, sample: -1, 
[TRAIN]: (1): action: 156, observation: (0, 0.02291721085084473, 0.5, 0.3129559449690351, 0.9302702780811182, 16.525689723257944, 8.217561823252021, 1.418247619344738, 2.005703451817317, 14.269798744221822, 16.702249167204293, 0.05063970458130437), rho: 0.4, reward: -1.0 - 0, eps: 1.0, sample: -1, 
[TRAIN]: (1): action: 101, observation: (0, 0.5591402545421129, -0.07708278914915523, 0.7631491817771905, 0.5823031895428219, 28.29487327350715, 13.800287513604196, 8.003185405293898, 4.33290927411616, 30.798077502000186, 1.547745510495854, 4.010159187420946), rho: 0.4, reward: -1.0 - 0, eps: 1.0, sample: -1, 
[TRAIN]: (1): action: 8, observation: (0, 1.2326068040525255, -0.09919253460704225, 0.5670876828515605, 0.2010687078553577, 0.7439254011548574, 5.704945349741082, 5.856819193383183, 4.665779483242273, 19.417904087190696, 5.792483590346179, 8.962313498411367), rho: 0.4, reward: -1.0 - 0, eps: 1.0, sample: -1, 
[TRAIN]: (1): action: 231, observation: (0, 1.2500966317423559, 0.5, 0.42412610307685583, 0.9923647881663672, 1.5370301488735996, 20.3431940119131, 5.192759938797964, 14.233460826040336, 0.5807540169705006, 7.8212696759874785, 0.29583972474326103), rho: 0.4, reward: -1.0 - 0, eps: 1.0, sample: -1, 
[TRAIN]: (1/1400): reward: -13.061292376369238, rho: 0.4000000000000001, rates: 0.2469353811815381
[TRAIN]: SAVE MODEL: best_reward: -0.6530646188184619
[TRAIN]: (2): action: 30, observation: (1, 5.092915462326618, 0.0, 0.8595565809297969, 0.8216775349381416, 0.8775581622482695, 15.799408707831336, 4.913370178888189, 0.33165815162320006, 21.449758300750467, 17.231545055939453, 16.66053874726576), rho: 0.4, reward: -1.0 - 0, eps: 1.0, sample: -1, 
[TRAIN]: (2): action: 210, observation: (1, 0.07071829238301071, 0.5, 0.8981891945529721, 0.10197731532005094, 6.227712948419728, 8.520477814675626, 0.04208963796446769, 2.1344034563181675, 7.77227047027214, 14.592898421565364, 1.7899025683800354), rho: 0.4, reward: 1.6387578248977661 - 1, eps: 1.0, sample: -1, 
[TRAIN]: (2): action: 248, observation: (1, 3.575927149163489, 0.13946829238301078, 0.6794324003494293, 0.813291124868657, 18.413997880596185, 3.734840400714501, 2.858494136318219, 4.8479788491789, 2.8391665208595773, 5.321146697940407, 11.662643506790719), rho: 0.4, reward: -1.0 - 0, eps: 1.0, sample: -1, 
[TRAIN]: (2): action: 237, observation: (1, 0.03990247459067336, 0.5, 0.39292611397594845, 0.25478964977054686, 15.340443060578444, 5.598903820933058, 16.958890739432604, 0.2602343652648454, 2.4811798278704904, 10.13247886999702, 0.43270824902957783), rho: 0.4, reward: -1.0 - 0, eps: 1.0, sample: -1, 
[TRAIN]: (2): action: 106, observation: (1, 0.3195766663981329, 0.2586524745906733, 0.7853949214909476, 0.6092877645842181, 7.8515528424702055, 1.049812081442853, 13.129082545323474, 11.110999618723223, 9.024701511040526, 4.654842858908891, 0.9155187343278516), rho: 0.4, reward: 0.0377819798886776 - 1, eps: 1.0, sample: -1, 
[TRAIN]: (2): action: 37, observation: (1, 3.175597257572905, 0.5, 0.9708111094601374, 0.9601222611886225, 11.060910867804623, 0.5491904006200545, 8.085403666120047, 20.88307400484443, 0.791825189603277, 13.10038008914918, 8.742937356058247), rho: 0.4, reward: -1.0 - 0, eps: 1.0, sample: -1, 
[TRAIN]: (2): action: 2, observation: (1, 0.45901370405934677, 0.5, 0.1568299441567449, 0.8123443103002235, 9.729849729545428, 1.0364790315995034, 14.49647074157932, 5.148373167787358, 6.303958616158214, 32.79749626521372, 1.5370285833165545), rho: 0.4, reward: -1.0 - 0, eps: 1.0, sample: -1, 
[TRAIN]: (2): action: 145, observation: (1, 1.431976117939579, 0.5, 0.15935269637029992, 0.6216782173182225, 11.501570131319443, 3.208199514155811, 5.406059536033232, 1.4375662231730044, 7.315318027929472, 0.07938836980370083, 5.878243599020891), rho: 0.4, reward: -1.0 - 0, eps: 1.0, sample: -1, 
[TRAIN]: (2): action: 12, observation: (1, 6.675510389072693, 0.5, 0.20480054049116458, 0.980362749277036, 5.554933052148334, 3.6107718716714827, 13.123102698678249, 1.87890741727765, 15.391348014188676, 0.27844684380410445, 18.75675916860641), rho: 0.4, reward: -1.0 - 0, eps: 1.0, sample: -1, 
[TRAIN]: (2): action: 190, observation: (1, 7.60033639218846, 0.5, 0.7212122369212924, 0.6632827221568989, 5.052527182187441, 0.5781172687420398, 2.9119395030267023, 17.131034239289725, 2.1766687477687685, 13.045230480996109, 31.47422217078357), rho: 0.4, reward: -1.0 - 0, eps: 1.0, sample: -1, 
[TRAIN]: (2): action: 156, observation: (0, 1.2652749716591059, 0.5, 0.5077039268503056, 0.3846388031613396, 2.1769079327784744, 15.227653793984057, 1.2215429223154928, 1.3178110198873616, 20.48206190350286, 5.948922169404714, 21.379379236071287), rho: 0.4, reward: -1.0 - 0, eps: 1.0, sample: -1, 
[TRAIN]: (2): action: 39, observation: (0, 0.05231545875862625, 0.5, 0.3836098156850708, 0.22625317999759242, 3.799099977671489, 7.29597284575409, 9.758211430524543, 15.821928513899849, 31.910362363469922, 6.3371276256052855, 4.5555598313571295), rho: 0.4, reward: -1.0 - 0, eps: 1.0, sample: -1, 
[TRAIN]: (2): action: 112, observation: (0, 0.14710996748126975, 0.10231545875862624, 0.10990693262577955, 0.8715018564651346, 13.94430907781538, 18.07038299745933, 15.772389694432341, 37.2101562253389, 14.906859452543607, 15.147066021904864, 0.505740597513058), rho: 0.4, reward: -1.0 - 0, eps: 1.0, sample: -1, 
[TRAIN]: (2): action: 251, observation: (0, 1.2019517368006014, -0.256824573760104, 0.7089642752215636, 0.11360189642010077, 8.520604827156387, 29.847604871886254, 4.875529228567356, 0.38165292740503165, 4.063753392104209, 4.552980434118213, 4.0617903514059375), rho: 0.4, reward: -1.0 - 0, eps: 1.0, sample: -1, 
[TRAIN]: (2): action: 98, observation: (0, 0.08703769652250311, 0.5, 0.20604640167816546, 0.7661819568198104, 19.14831376190335, 14.980919235183174, 4.38815768142443, 15.73812053000134, 8.833983294191919, 6.6748868652535815, 0.3205577616210953), rho: 0.4, reward: -1.0 - 0, eps: 1.0, sample: -1, 
[TRAIN]: (2): action: 59, observation: (0, 3.562382181783657, 0.45578769652250317, 0.7539748758283121, 0.7152588436672668, 7.206497297991083, 10.399537915796484, 8.66091282974177, 11.965739106403404, 0.3502320803087159, 13.054137707035938, 17.614463709952123), rho: 0.4, reward: -1.0 - 0, eps: 1.0, sample: -1, 
[TRAIN]: (2): action: 191, observation: (0, 0.8668512434870764, 0.5, 0.7483109956086346, 0.049553624993715295, 3.728713529528984, 7.481187442400648, 0.7250139175939724, 3.9012942470118697, 1.563266673186281, 2.529723091800515, 10.574763352516861), rho: 0.4, reward: -1.0 - 0, eps: 1.0, sample: -1, 
[TRAIN]: (2): action: 200, observation: (0, 0.9728547750491675, 0.5, 0.8742997120188419, 0.17990560647706044, 10.597334153368333, 7.972459587326028, 5.088018169713482, 25.833060083825295, 16.512226491015973, 2.955858156172803, 3.659573537331985), rho: 0.4, reward: -1.0 - 0, eps: 1.0, sample: -1, 
[TRAIN]: (2): action: 237, observation: (0, 2.843676169769475, 0.5, 0.5581252344852395, 0.17533827557066783, 35.2093408598856, 12.319366618628411, 15.326569632394467, 11.465615348467505, 4.914724994475885, 13.975612596745314, 17.51071211785564), rho: 0.4, reward: -1.0 - 0, eps: 1.0, sample: -1, 
[TRAIN]: (2): action: 71, observation: (0, 0.12988299618942753, 0.5, 0.10169742869397436, 0.5844705513020013, 9.528134751731386, 1.786626741895632, 24.624964422559934, 2.2470422446546334, 1.3302531892237153, 14.936275087874751, 10.386687482630688), rho: 0.4, reward: -1.0 - 0, eps: 1.0, sample: -1, 
[TRAIN]: (2/1400): reward: -16.323460195213556, rho: 0.4000000000000001, rates: 0.08382699023932219
[TRAIN]: (3): action: 176, observation: (1, 0.1274899470242773, 0.0, 0.5771838115467488, 0.04629775369537592, 10.387946725920877, 4.230097087157576, 32.685917841013676, 13.685260235160152, 15.008916569069521, 10.665375547534774, 6.726131465512025), rho: 0.4, reward: -1.0 - 0, eps: 1.0, sample: -1, 
[TRAIN]: (3): action: 202, observation: (1, 0.7372155766561834, -0.060010052975722705, 0.04862571486600642, 0.8161735630159529, 2.9667168347680666, 4.074527543928533, 5.968125774243366, 1.0313374921584115, 10.61257990959878, 2.545152388742971, 2.497087008378153), rho: 0.4, reward: -1.0 - 0, eps: 1.0, sample: -1, 
[TRAIN]: (3): action: 62, observation: (1, 3.030616696037893, 0.4334555236804607, 0.7781301576607964, 0.7896170887193683, 5.800205578622556, 12.4648775056658, 3.42645595499808, 5.852180671736273, 0.14457643846019108, 12.177262168576382, 10.072916749606621), rho: 0.4, reward: -1.0 - 0, eps: 1.0, sample: -1, 
[TRAIN]: (3): action: 130, observation: (1, 0.060760150973220274, 0.5, 0.2591477658163517, 0.10883893459535487, 19.795766174177068, 13.035817632141402, 26.233979854137672, 19.0291300969834, 7.922377366810762, 10.049692850271736, 3.880305448159158), rho: 0.4, reward: -1.0 - 0, eps: 1.0, sample: -1, 
[TRAIN]: (3): action: 62, observation: (1, 0.02824387821214709, 0.2795101509732203, 0.0026931336635005465, 0.38395915083899235, 4.686294907344829, 9.820737037192755, 2.595410713616712, 2.0870141615504543, 9.043301081060891, 12.822866173839918, 3.992713628338193), rho: 0.4, reward: -1.0 - 0, eps: 1.0, sample: -1, 
[TRAIN]: (3): action: 62, observation: (1, 5.33952995340432, 0.1390040291853674, 0.30116466089600247, 0.9105967544092198, 1.1002360548126773, 9.215342972298405, 4.473152872909214, 42.04134817817997, 4.046602688458506, 0.8347872266922223, 16.15353317453338), rho: 0.4, reward: -1.0 - 0, eps: 1.0, sample: -1, 
[TRAIN]: (3): action: 41, observation: (1, 0.17267536344011536, 0.5, 0.15289401321126472, 0.015541873292088004, 11.969854679908101, 15.383330317674401, 5.0345837982613215, 7.807375529174646, 3.646649026859235, 24.963916315413694, 11.114560783282602), rho: 0.4, reward: -1.0 - 0, eps: 1.0, sample: -1, 
[TRAIN]: (3): action: 171, observation: (1, 2.474419205768844, 0.31642536344011535, 0.1132136593420997, 0.7211762437846289, 2.5173908253098523, 40.20562216013989, 9.06470078083297, 6.085257454524667, 21.103393760434027, 24.63882324998486, 9.285632426531915), rho: 0.4, reward: -1.0 - 0, eps: 1.0, sample: -1, 
[TRAIN]: (3): action: 200, observation: (1, 0.16937809608892104, 0.5, 0.8988260750726855, 0.039816422707320775, 2.6029502706260264, 2.4234206815718133, 28.439121401182604, 8.919946157090187, 2.0340740737289558, 28.00044926118751, 15.019748909990279), rho: 0.4, reward: -1.0 - 0, eps: 1.0, sample: -1, 
[TRAIN]: (3): action: 108, observation: (1, 0.02601651249981132, 0.06937809608892109, 0.444850541096666, 0.2341072837488809, 0.8093318051443288, 3.470376872690166, 1.025260872059283, 3.813574131537007, 11.65067252014033, 12.063905518626818, 14.370497812730015), rho: 0.4, reward: 0.023742634803056717 - 1, eps: 1.0, sample: -1, 
[TRAIN]: (3): action: 53, observation: (0, 6.0033694585516955, 0.03914460858873242, 0.9095772931390155, 0.770692927411732, 8.020841328422398, 10.289585858899384, 21.92271689950072, 5.903587853419085, 6.60209242325725, 18.267460873662, 0.5371792038289074), rho: 0.4, reward: -1.0 - 0, eps: 1.0, sample: -1, 
[TRAIN]: (3): action: 12, observation: (0, 1.4365983079990032, 0.5, 0.62305874821443, 0.2229984749862275, 7.230732965738884, 7.161471433623925, 14.97763273589878, 5.903772122695235, 1.4652457509637284, 6.3283346574469945, 9.561683875732589), rho: 0.4, reward: -1.0 - 0, eps: 1.0, sample: -1, 
[TRAIN]: (3): action: 240, observation: (0, 0.3668362350651997, 0.5, 0.7257697810300218, 0.2511385792757491, 8.911325742131812, 7.34349981635509, 22.696648686056694, 1.9637978881492542, 0.5441349685734375, 0.8980671298464078, 10.575400353098168), rho: 0.4, reward: -1.0 - 0, eps: 1.0, sample: -1, 
[TRAIN]: (3): action: 22, observation: (0, 0.6100899368089272, 0.4730862350651997, 0.42240096578112885, 0.7208207051220819, 26.67372960616095, 10.165876890969741, 15.78849590693724, 1.2795910161693727, 5.848758738107711, 3.3496663705568457, 3.7275649904792294), rho: 0.4, reward: -1.0 - 0, eps: 1.0, sample: -1, 
[TRAIN]: (3): action: 254, observation: (0, 2.223624096481551, 0.5, 0.6862523013716699, 0.9202168515126742, 3.94602314254805, 12.515255069721118, 0.23768051690464814, 28.351085650344423, 1.9461246135609722, 8.77566510983278, 0.5261462771992208), rho: 0.4, reward: -1.0 - 0, eps: 1.0, sample: -1, 
[TRAIN]: (3): action: 148, observation: (0, 0.036117185588253366, 0.5, 0.2154194765970514, 0.02379676422176613, 17.64476605422583, 6.228858644097012, 0.9249304008697932, 16.80909285409363, 16.626864443338036, 10.059083137920195, 3.37162371999137), rho: 0.4, reward: -1.0 - 0, eps: 1.0, sample: -1, 
[TRAIN]: (3): action: 183, observation: (0, 1.1493704931452986, 0.1611171855882534, 0.6263455113522666, 0.6746901004230249, 3.4536617872777953, 3.778496653537819, 15.36387581837258, 18.787371293930427, 1.2631045684031155, 4.501288914408982, 13.59034672891432), rho: 0.4, reward: -1.0 - 0, eps: 1.0, sample: -1, 
[TRAIN]: (3): action: 234, observation: (0, 0.16539774366630158, 0.5, 0.26189675236523613, 0.8202288281848303, 15.370832049733298, 30.886675751232396, 7.566089725792178, 18.29924999594737, 5.014581303049135, 15.296991317548285, 19.00803864287399), rho: 0.4, reward: -1.0 - 0, eps: 1.0, sample: -1, 
[TRAIN]: (3): action: 72, observation: (0, 2.839538642331483, 0.40289774366630154, 0.8564683934184356, 0.15033984359053343, 2.755498752646428, 2.3419765741427065, 16.896431102776287, 2.0850453266036495, 2.434700534145186, 8.82878205587376, 5.063191264641266), rho: 0.4, reward: 5.252023696899414 - 1, eps: 1.0, sample: -1, 
[TRAIN]: (3): action: 191, observation: (0, 1.0937258982210112, 0.5, 0.8594639087537352, 0.3068125159165166, 4.524633239454659, 35.74491894320831, 2.863339810496342, 0.47012046712042677, 6.298588956795146, 3.348265528778743, 5.625463088995719), rho: 0.4, reward: -1.0 - 0, eps: 1.0, sample: -1, 
[TRAIN]: (3/1400): reward: -12.72423366829753, rho: 0.4000000000000001, rates: 0.26378831658512353
[TRAIN]: (4): action: 137, observation: (1, 0.5534645988618003, 0.0, 0.9247511818192065, 0.5426199256507608, 3.3002567990940546, 4.911929667435232, 30.76252940657101, 2.312835625996339, 4.638040853531369, 41.52534978828893, 2.2790801364525985), rho: 0.4, reward: -1.0 - 0, eps: 1.0, sample: -1, 
[TRAIN]: (4): action: 247, observation: (1, 0.06137520309573901, 0.06596459886180034, 0.4140697994959007, 0.09616789659483516, 1.0786999787785005, 10.929199333334708, 3.6527747175628242, 5.783438654803279, 2.144437121151773, 15.30370948005646, 2.463235142662697), rho: 0.4, reward: -1.0 - 0, eps: 1.0, sample: -1, 
[TRAIN]: (4): action: 244, observation: (1, 2.19097446602277, -0.3789101980424606, 0.8707315529813623, 0.4730881766495334, 7.822645440410692, 15.98484590966152, 33.57466549222502, 9.18059871735126, 16.254296473063658, 0.6563611969071306, 12.287630059722368), rho: 0.4, reward: -1.0 - 0, eps: 1.0, sample: -1, 
[TRAIN]: (4): action: 214, observation: (1, 0.5173468790683594, 0.5, 0.704648334732479, 0.7875004285223455, 5.995548816790691, 17.674743135797968, 0.33186590975179403, 16.606444728969656, 3.3374375019984193, 1.6328814139020134, 1.738621162063161), rho: 0.4, reward: 0.5989819169044495 - 1, eps: 1.0, sample: -1, 
[TRAIN]: (4): action: 251, observation: (1, 6.620284405019788, 0.5, 0.3406448405193362, 0.9148531365938851, 0.42666275092197786, 0.11550203883128304, 12.245623405718051, 0.07075561791273247, 6.178599619944873, 33.778524321229284, 19.538496208195596), rho: 0.4, reward: -1.0 - 0, eps: 1.0, sample: -1, 
[TRAIN]: (4): action: 151, observation: (1, 0.4288834117987176, 0.5, 0.931822548553983, 0.6353263269272602, 14.549488595900558, 21.02689098712578, 0.35266600780465, 12.111496051946137, 25.838761282301608, 0.1287577096375335, 1.2043785154874915), rho: 0.4, reward: 0.42662572860717773 - 1, eps: 1.0, sample: -1, 
[TRAIN]: (4): action: 202, observation: (1, 5.364671797080505, 0.4976334117987176, 0.1347771994873741, 0.5315116442319687, 4.178561153040147, 8.289056005517274, 4.905711453649655, 5.619361008241972, 2.3582081809783997, 3.8365024379200197, 27.486035870137773), rho: 0.4, reward: -1.0 - 0, eps: 1.0, sample: -1, 
[TRAIN]: (4): action: 118, observation: (1, 0.46254760785583315, 0.5, 0.4459157941066769, 0.6531884737494057, 29.19057164772073, 1.8608519436381536, 1.3040097026303774, 39.75808570925226, 6.104676821464194, 4.055361356554462, 1.1476624338383878), rho: 0.4, reward: -1.0 - 0, eps: 1.0, sample: -1, 
[TRAIN]: (4): action: 80, observation: (1, 2.0820631888727936, 0.5, 0.910360859833709, 0.4113540178076942, 12.826209180243017, 9.11149061132058, 1.4704184101445086, 0.14504276531012852, 6.314979026704092, 5.393402444311074, 13.140838954547352), rho: 0.4, reward: -1.0 - 0, eps: 1.0, sample: -1, 
[TRAIN]: (4): action: 250, observation: (1, 0.1598615558347289, 0.5, 0.627941430207001, 0.2232731994224778, 1.8020647465529838, 29.725919053573495, 0.6389147320190781, 5.723052843954552, 3.1954858272798785, 14.655257944343719, 13.35591028051817), rho: 0.4, reward: -1.0 - 0, eps: 1.0, sample: -1, 
[TRAIN]: (4): action: 132, observation: (0, 0.19178115553770558, 0.11611155583472899, 0.3752669891670747, 0.8559883391074284, 6.252026752195622, 8.132670736431415, 15.291485760019352, 9.68111759632304, 2.16379707839601, 8.204906068740181, 12.0937237640117), rho: 0.4, reward: -1.0 - 0, eps: 1.0, sample: -1, 
[TRAIN]: (4): action: 218, observation: (0, 0.12519706072004258, -0.1421072886275654, 0.11110612031552969, 0.403021199078221, 12.040003868276221, 6.396597086794068, 4.814202818618091, 4.080248595078865, 4.8618041059527926, 0.19975384627614506, 7.679088234588402), rho: 0.4, reward: -1.0 - 0, eps: 1.0, sample: -1, 
[TRAIN]: (4): action: 43, observation: (0, 0.04408285147302651, -0.2606602279075228, 0.06924925781815405, 0.08451935691911439, 52.08527996845628, 0.28312361569919503, 4.642896159435096, 10.936357521400886, 1.5904287166401292, 4.638793129658334, 5.322588690484525), rho: 0.4, reward: -1.0 - 0, eps: 1.0, sample: -1, 
[TRAIN]: (4): action: 49, observation: (0, 0.11143827198400258, -0.4228273764344963, 0.18389276648253272, 0.7995006473752575, 23.46150653464592, 11.947236217960736, 0.688620118339679, 3.3421085829861092, 6.914362544410411, 7.120105059021623, 23.101906553535613), rho: 0.4, reward: -1.0 - 0, eps: 1.0, sample: -1, 
[TRAIN]: (4): action: 36, observation: (0, 0.11210740952484162, -0.8738891044504937, 0.07684755666062659, 0.1917333030493864, 5.929532883566072, 9.541735683744076, 0.3162140490484552, 17.70794063478061, 2.537686584011543, 4.6213258193077795, 8.38155838576853), rho: 0.4, reward: -1.0 - 0, eps: 1.0, sample: -1, 
[TRAIN]: (4): action: 182, observation: (0, 0.1176031901949572, -0.968031694925652, 0.3839058347851503, 0.3681980377423123, 7.365369211669506, 0.5044002705036035, 3.7996307946589085, 26.711758825510348, 0.0348317153475933, 0.622194997333977, 4.121543530300355), rho: 0.4, reward: -1.0 - 0, eps: 1.0, sample: -1, 
[TRAIN]: (4): action: 90, observation: (0, 1.3546803916950216, -1.4129285047306948, 0.7408432010086534, 0.31804533008613434, 23.45044926619062, 14.071222340205145, 1.0539320305063458, 9.594528852740043, 13.655073335751906, 4.626882564885852, 13.344655745396555), rho: 0.4, reward: -1.0 - 0, eps: 1.0, sample: -1, 
[TRAIN]: (4): action: 75, observation: (0, 1.3840491038010696, -0.5269981130356731, 0.4094106678380707, 0.6891260857114193, 8.890682107175587, 3.1101878213954897, 4.406940805575851, 20.34716578414042, 7.518768626367334, 8.7624052269345, 33.711854957700304), rho: 0.4, reward: -1.0 - 0, eps: 1.0, sample: -1, 
[TRAIN]: (4): action: 213, observation: (0, 0.08845751411784111, 0.5, 0.3459351529482775, 0.16790284565726454, 24.59017455773153, 11.273257888753394, 16.460232369846267, 0.6409265424014623, 21.063332904935574, 1.4886483559261023, 1.9656320406735928), rho: 0.4, reward: -1.0 - 0, eps: 1.0, sample: -1, 
[TRAIN]: (4): action: 34, observation: (0, 12.007626084182919, 0.04470751411784113, 0.8465312478902492, 0.5711633121066424, 0.7621753891593634, 13.965821530684954, 3.761070025378879, 8.177500094913533, 16.306747646661734, 39.26157150587161, 11.96979454570797), rho: 0.4, reward: -1.0 - 0, eps: 1.0, sample: -1, 
[TRAIN]: (4/1400): reward: -16.974392354488373, rho: 0.4000000000000001, rates: 0.05128038227558136
[TRAIN]: (5): action: 44, observation: (1, 2.852329911244489, 0.0, 0.06340326855536216, 0.6247080362490267, 1.2269653431852632, 33.236546981881304, 30.606469722586237, 20.199001239623556, 12.70326578039331, 2.960995572290846, 12.083938444971402), rho: 0.4, reward: -1.0 - 0, eps: 1.0, sample: -1, 
[TRAIN]: (5): action: 19, observation: (1, 0.0699140254066628, 0.5, 0.3356177171854807, 0.3420647027993664, 3.935704319863485, 12.249052662332138, 5.727555361234003, 4.174379787058398, 18.44923172754782, 8.594272368113025, 7.561504978332039), rho: 0.4, reward: -1.0 - 0, eps: 1.0, sample: -1, 
[TRAIN]: (5): action: 65, observation: (1, 1.9065310351847726, 0.2699140254066628, 0.7007977395332718, 0.6364633858437048, 13.913921665844969, 9.620449279010653, 6.122782716976665, 3.8981667378382046, 7.180739425161016, 5.1887682645612685, 7.732781509189923), rho: 0.4, reward: -1.0 - 0, eps: 1.0, sample: -1, 
[TRAIN]: (5): action: 151, observation: (1, 1.8246580086217608, 0.5, 0.5690098152418899, 0.9163227279434601, 27.99974885735969, 7.895949227058221, 10.140963263522151, 24.0326178512689, 4.7591826229672805, 7.257779742129536, 5.019414371986954), rho: 0.4, reward: -1.0 - 0, eps: 1.0, sample: -1, 
[TRAIN]: (5): action: 199, observation: (1, 0.5649576963466605, 0.5, 0.9208281348792251, 0.9720029698342588, 0.17484115128454533, 7.6331299723351265, 3.358452311130071, 1.4477300012162073, 17.063342067616272, 2.5912382505551124, 1.419799822555855), rho: 0.4, reward: -1.0 - 0, eps: 1.0, sample: -1, 
[TRAIN]: (5): action: 118, observation: (1, 0.7121718406352707, 0.5, 0.6825998896939974, 0.7839985893202444, 4.663289935080267, 5.4618040644130605, 21.769482293168817, 30.926222960707086, 24.743310672214953, 4.230123981005125, 2.0443785373970007), rho: 0.4, reward: -1.0 - 0, eps: 1.0, sample: -1, 
[TRAIN]: (5): action: 168, observation: (1, 0.06359913714543113, 0.5, 0.17587529323383433, 0.0027058441939198374, 0.14830324206641887, 11.843579857875843, 4.568306306847994, 5.544886479934936, 6.440898378417011, 5.2875847270556156, 29.1018193822954), rho: 0.4, reward: -1.0 - 0, eps: 1.0, sample: -1, 
[TRAIN]: (5): action: 224, observation: (1, 0.12902518314786704, 0.39484913714543113, 0.2250077283283235, 0.32368132304477026, 6.248533742315795, 18.152342647122286, 24.189027311974876, 4.100567540291012, 30.388357570693927, 11.387759070623485, 8.233112545987604), rho: 0.4, reward: -1.0 - 0, eps: 1.0, sample: -1, 
[TRAIN]: (5): action: 88, observation: (1, 2.433803037159671, -0.057375679706701765, 0.2328249836711488, 0.6585685771765386, 1.0483985106765672, 8.566087692939222, 8.777868578318138, 9.433785333158404, 12.36832755178962, 15.655500659009011, 10.25447897879507), rho: 0.4, reward: -1.0 - 0, eps: 1.0, sample: -1, 
[TRAIN]: (5): action: 146, observation: (1, 4.698850050428425, 0.5, 0.6717157526851188, 0.9177999011251387, 1.9858422014345876, 1.43157292918795, 16.305331347794624, 7.917609347009148, 38.14822234216969, 9.537171765108358, 13.917061404268338), rho: 0.4, reward: -1.0 - 0, eps: 1.0, sample: -1, 
[TRAIN]: (5): action: 57, observation: (0, 2.256224084691948, 0.5, 0.5019188077484269, 0.2444741685848999, 29.174972346397226, 2.939309611730277, 0.7265234242544871, 24.61313255537032, 8.780805963634666, 11.879349734481146, 6.266391286857943), rho: 0.4, reward: -1.0 - 0, eps: 1.0, sample: -1, 
[TRAIN]: (5): action: 79, observation: (0, 0.15356739160635488, 0.5, 0.319880260218675, 0.5102469219247212, 6.483045330372014, 2.420075952937456, 11.329418587585582, 43.966958533082696, 8.813508100271807, 21.538634823868364, 2.357689737125241), rho: 0.4, reward: 0.0 - 2, eps: 1.0, sample: -1, 
[TRAIN]: (5): action: 216, observation: (0, 4.110354032352431, 0.5, 0.7023083363227228, 0.30441852927637414, 4.019434385432346, 0.30220912217378504, 15.672654730553692, 16.456611292008397, 2.375817697544008, 15.91504809649707, 1.7536892365523562), rho: 0.4, reward: 6.259951114654541 - 1, eps: 1.0, sample: -1, 
[TRAIN]: (5): action: 49, observation: (0, 0.4422157061297943, 0.5, 0.6922777297279897, 0.7382169352073176, 0.7413142094536878, 16.70253661305464, 4.292414138641281, 0.9779132938622073, 2.5068543130700367, 1.3811570355350136, 26.908508292426472), rho: 0.4, reward: -1.0 - 0, eps: 1.0, sample: -1, 
[TRAIN]: (5): action: 168, observation: (0, 1.5010758525479406, 0.3797157061297942, 0.6756705296508411, 0.8172033301615675, 11.47636437142268, 6.958939098587239, 29.442104944798835, 3.588756302733816, 5.270797252278445, 5.973006577501412, 2.6774311559620667), rho: 0.4, reward: -1.0 - 0, eps: 1.0, sample: -1, 
[TRAIN]: (5): action: 127, observation: (0, 0.07674366147451173, 0.5, 0.40662722539022844, 0.712145386981817, 2.393181584567308, 11.164977362739474, 3.016818396184511, 33.603779032596975, 1.1836833284276054, 0.26675337043366915, 1.1563703837769816), rho: 0.4, reward: -1.0 - 0, eps: 1.0, sample: -1, 
[TRAIN]: (5): action: 131, observation: (0, 2.322630647077522, 0.25799366147451175, 0.7591115194434391, 0.6619285077914898, 7.311054227317713, 20.778061410687137, 8.500416792167904, 3.2093677146821316, 1.8716629251044627, 8.186905803697881, 6.759904302793597), rho: 0.4, reward: -1.0 - 0, eps: 1.0, sample: -1, 
[TRAIN]: (5): action: 86, observation: (0, 0.004792662783809388, 0.5, 0.16248880612619898, 0.9099323392330392, 0.06735568912534134, 11.351178474545478, 5.853771288787217, 8.081906115600685, 6.298264058493656, 8.085037915776486, 6.57820548049326), rho: 0.4, reward: 0.9807184338569641 - 1, eps: 1.0, sample: -1, 
[TRAIN]: (5): action: 80, observation: (0, 0.7972766076641639, 0.4860426627838094, 0.7091949655539566, 0.6024755180127738, 8.703390152478242, 1.1430710151160648, 0.3403321752681606, 0.1664298507711684, 5.301351809121862, 2.75877719068843, 9.065428798798886), rho: 0.4, reward: -1.0 - 0, eps: 1.0, sample: -1, 
[TRAIN]: (5): action: 236, observation: (0, 2.7678575632999154, 0.5, 0.649951285109963, 0.8799817220899501, 8.233979584472946, 5.0101843688467165, 22.03080777724952, 4.319643865923722, 1.5440077383069137, 11.122937211512431, 15.084746212700086), rho: 0.4, reward: -1.0 - 0, eps: 1.0, sample: -1, 
[TRAIN]: (5/1400): reward: -9.759330451488495, rho: 0.4000000000000001, rates: 0.36203347742557523
[TRAIN]: (6): action: 120, observation: (1, 13.513789205674293, 0.0, 0.9975603008077092, 0.8523339538376256, 10.085094893819353, 8.93124738669265, 17.085668463272008, 0.9576317156993466, 5.440023752226263, 9.123221639400267, 43.70687305717916), rho: 0.4, reward: -1.0 - 0, eps: 1.0, sample: -1, 
[TRAIN]: (6): action: 206, observation: (1, 0.19310469558834267, 0.5, 0.9695715836949206, 0.3535939143069846, 15.66381047629201, 5.236141299690772, 4.31974079122853, 4.298710825813694, 17.357130057113096, 7.974502300283222, 13.99685371594215), rho: 0.4, reward: -1.0 - 0, eps: 1.0, sample: -1, 
[TRAIN]: (6): action: 183, observation: (1, 3.5798181429249896, 0.5, 0.3155409861523355, 0.6805420439074786, 29.042555847231796, 17.45147074900789, 8.14811766472383, 16.14207667599464, 8.50711888640072, 8.018631001260717, 14.512036716364117), rho: 0.4, reward: -1.0 - 0, eps: 1.0, sample: -1, 
[TRAIN]: (6): action: 74, observation: (1, 0.06071138432816614, 0.5, 0.17561153544639652, 0.19955156107814587, 6.252227015466106, 8.814254798264036, 14.009965317950483, 12.351951431139668, 3.3760762452625714, 48.65498685118379, 3.0617369559626133), rho: 0.4, reward: -1.0 - 0, eps: 1.0, sample: -1, 
[TRAIN]: (6): action: 238, observation: (1, 0.08990995284887954, 0.33571138432816616, 0.7255205782271865, 0.3251280270663136, 3.241929867172089, 0.1824514656561106, 25.036797969908775, 12.759080924833947, 0.6130071173287542, 5.62152276184095, 1.2277627582303392), rho: 0.4, reward: -1.0 - 0, eps: 1.0, sample: -1, 
[TRAIN]: (6): action: 225, observation: (1, 5.242521720709984, 0.2568713371770457, 0.9373770262788652, 0.8936224316814614, 17.43076969022466, 1.5696196095793014, 7.241372724269024, 6.108808016069506, 8.194873191671245, 0.9867813765800602, 16.07268394695068), rho: 0.4, reward: -1.0 - 0, eps: 1.0, sample: -1, 
[TRAIN]: (6): action: 15, observation: (1, 4.497761250142657, 0.5, 0.09605047052194982, 0.9236955158515847, 0.192883443999323, 42.184313026932, 1.9966544756740412, 3.7862815784042536, 6.86361331518095, 1.2676956244246353, 13.360308067292559), rho: 0.4, reward: -1.0 - 0, eps: 1.0, sample: -1, 
[TRAIN]: (6): action: 196, observation: (1, 0.1792465608381462, 0.5, 0.2967621227135593, 0.23933226483154313, 1.2195032780257424, 1.8172181852487965, 7.094980898531025, 5.864611799477214, 1.734827634105081, 1.2022063692149267, 8.639736557080049), rho: 0.4, reward: -1.0 - 0, eps: 1.0, sample: -1, 
[TRAIN]: (6): action: 92, observation: (1, 0.18419429048007613, 0.19174656083814617, 0.14764871716314587, 0.25597233734023617, 0.5902651025750665, 1.2533145388452458, 6.174241901781587, 28.84186684429305, 9.775416042599208, 1.727709554580776, 3.2115482681953216), rho: 0.4, reward: -1.0 - 0, eps: 1.0, sample: -1, 
[TRAIN]: (6): action: 201, observation: (1, 0.02634382645547011, -0.14905914868177772, 0.2575074702184096, 0.2825850230495134, 53.49178569671862, 7.1184709860502835, 1.2954648629992116, 12.285450143787262, 10.740359334968424, 19.674644870121327, 1.5611066611060755), rho: 0.4, reward: -1.0 - 0, eps: 1.0, sample: -1, 
[TRAIN]: (6): action: 27, observation: (0, 4.020870738409894, -0.5727153222263076, 0.4037899765640002, 0.8682160452915255, 2.2849129436416526, 11.058391852014662, 1.810714050769397, 7.452357245951211, 20.740101605314067, 26.41007857613515, 0.4449237596450056), rho: 0.4, reward: -1.0 - 0, eps: 1.0, sample: -1, 
[TRAIN]: (6): action: 247, observation: (0, 0.7146909646638353, 0.5, 0.4339345650709059, 0.40658717669000566, 4.739642073117533, 2.3516027945946587, 59.16404371294987, 32.207460204977906, 5.1118421947620405, 4.0824313141495665, 0.28234339116342444), rho: 0.4, reward: -1.0 - 0, eps: 1.0, sample: -1, 
[TRAIN]: (6): action: 140, observation: (0, 0.11763169141423575, 0.5, 0.16528901202790325, 0.9159783627661267, 13.934028596535198, 0.2806873410457992, 0.6406524346842547, 26.848558048338433, 1.0889012781731608, 9.239588382235008, 8.234917233760578), rho: 0.4, reward: -1.0 - 0, eps: 1.0, sample: -1, 
[TRAIN]: (6): action: 207, observation: (0, 0.00484349684705181, 0.11138169141423582, 0.06319467349869512, 0.24084165558639714, 11.002888094348616, 4.730369318806347, 17.1988990195003, 16.120222323683574, 9.127218869656108, 8.686209458634483, 16.833549724273755), rho: 0.4, reward: 6.00717306137085 - 1, eps: 1.0, sample: -1, 
[TRAIN]: (6): action: 129, observation: (0, 1.4114803990715907, 0.05997518826128763, 0.7452198505292433, 0.2517483415020092, 10.127295636524071, 3.736027637055701, 9.44469440344476, 10.774269373926957, 17.093169185369646, 5.040719073628907, 4.195895278276119), rho: 0.4, reward: -1.0 - 0, eps: 1.0, sample: -1, 
[TRAIN]: (6): action: 211, observation: (0, 4.451873236234126, 0.5, 0.6953612018060651, 0.6749775576776715, 13.734507942908136, 15.39680898592479, 6.792724870214162, 7.246579968974349, 9.006622344954478, 17.477429293840586, 0.599483629867485), rho: 0.4, reward: -1.0 - 0, eps: 1.0, sample: -1, 
[TRAIN]: (6): action: 241, observation: (0, 6.445846814643833, 0.5, 0.8812007898005313, 0.08467989919151808, 27.724588036537167, 3.2958307703127883, 14.794252089711936, 0.7061622164002397, 9.078582671798515, 19.72956331554953, 2.9100724863879073), rho: 0.4, reward: -1.0 - 0, eps: 1.0, sample: -1, 
[TRAIN]: (6): action: 184, observation: (0, 0.18507396106999313, 0.5, 0.08423276719975947, 0.9737954606639021, 0.3139084297728368, 8.518111394747178, 4.960689893147048, 1.3282776308860442, 16.307563476068296, 4.451324426117669, 11.015971022020103), rho: 0.4, reward: -1.0 - 0, eps: 1.0, sample: -1, 
[TRAIN]: (6): action: 169, observation: (0, 7.149243772233504, 0.5, 0.9339761424936152, 0.3976599369301952, 13.639932019969503, 5.532513235958154, 12.659990080136957, 20.211243095530488, 0.20505045896519053, 20.967358173596825, 0.6989318248720802), rho: 0.4, reward: -1.0 - 0, eps: 1.0, sample: -1, 
[TRAIN]: (6): action: 41, observation: (0, 12.196122037530733, 0.5, 0.8974837419792132, 0.7322957268156076, 2.808154220358299, 11.216619116466969, 2.617668477845558, 28.065450925840253, 3.48828312214146, 37.387639156829636, 2.7486874730638897), rho: 0.4, reward: -1.0 - 0, eps: 1.0, sample: -1, 
[TRAIN]: (6/1400): reward: -12.99282693862915, rho: 0.4000000000000001, rates: 0.3003586530685425
[TRAIN]: (7): action: 115, observation: (1, 0.06373649608717429, 0.0, 0.33590336637074025, 0.019530763730686407, 2.4726985263482417, 1.9554941589299737, 5.34430508685692, 21.173053172724803, 1.7204571088509675, 0.5014612060838652, 7.197829199883729), rho: 0.4, reward: -1.0 - 0, eps: 1.0, sample: -1, 
[TRAIN]: (7): action: 96, observation: (1, 0.016247619224352673, -0.2362635039128257, 0.8192239285239428, 0.22620606007976274, 4.552354752024651, 3.2299479222759677, 10.800216937188562, 2.1400442520484555, 35.53979244239285, 0.35282518301477905, 12.860561395835697), rho: 0.4, reward: -1.0 - 0, eps: 1.0, sample: -1, 
[TRAIN]: (7): action: 206, observation: (1, 0.02111386886909257, -0.651265884688473, 0.7640501438015234, 0.3691590626984659, 13.399572175350123, 13.770209486565692, 10.070972778170793, 11.523845380350776, 3.3592162933598275, 9.42105646436896, 3.260427094404083), rho: 0.4, reward: -1.0 - 0, eps: 1.0, sample: -1, 
[TRAIN]: (7): action: 195, observation: (1, 0.10723807712766409, -0.7801520158193804, 0.3289614253300208, 0.0566156265952279, 2.3414379627228175, 49.36658203311194, 15.035610992192641, 0.8839205408428518, 7.8121897260400495, 6.511873013981884, 2.6929673960076537), rho: 0.4, reward: -1.0 - 0, eps: 1.0, sample: -1, 
[TRAIN]: (7): action: 5, observation: (1, 0.4057972282425444, -0.7479139386917163, 0.5417664128782667, 0.6147151072485516, 2.6585795066443003, 25.786313061928226, 4.878376837989269, 15.057612308405343, 0.9053438724931234, 9.2629214431217, 1.5921944994711659), rho: 0.4, reward: -1.0 - 0, eps: 1.0, sample: -1, 
[TRAIN]: (7): action: 160, observation: (1, 3.063042587648054, -0.5108667104491719, 0.4944535231034245, 0.5001501257200883, 9.193609174853577, 12.651812651751877, 31.31656261190364, 3.114712642526072, 34.59184251903741, 0.8705171599112738, 16.00452522295534), rho: 0.4, reward: -1.0 - 0, eps: 1.0, sample: -1, 
[TRAIN]: (7): action: 237, observation: (1, 1.0496980228854578, 0.5, 0.919140119259317, 0.4225181337652002, 15.042793678938775, 14.07532439883665, 25.90817997504836, 67.36553052792698, 3.5148895233662953, 7.737553469242339, 5.864869854546408), rho: 0.4, reward: -1.0 - 0, eps: 1.0, sample: -1, 
[TRAIN]: (7): action: 238, observation: (1, 1.054989871842951, 0.5, 0.11744797200853785, 0.40128512571135666, 13.391900884240089, 5.945688523986407, 5.983588104737506, 31.724341795340933, 0.5853437672130175, 3.080518530917207, 7.257337324410188), rho: 0.4, reward: -1.0 - 0, eps: 1.0, sample: -1, 
[TRAIN]: (7): action: 226, observation: (1, 0.10171710491486344, 0.5, 0.7967707090414878, 0.3833847003653904, 11.799262568722282, 4.971270488410014, 7.826031606284289, 0.0012253711131563684, 6.034027157086287, 4.657034421711049, 1.5459207244843238), rho: 0.4, reward: -1.0 - 0, eps: 1.0, sample: -1, 
[TRAIN]: (7): action: 200, observation: (1, 0.17014063954776787, 0.5, 0.04104921357607616, 0.2055234862454952, 10.332365145904172, 20.021179498314638, 9.872405311282256, 1.2091482233559898, 5.022108192275888, 25.888390128848865, 6.914135560231395), rho: 0.4, reward: -1.0 - 0, eps: 1.0, sample: -1, 
[TRAIN]: (7): action: 70, observation: (0, 10.359723128257011, 0.07014063954776784, 0.7592296952824782, 0.4466388639242046, 45.25972985914613, 12.358055269574075, 0.5324288209759592, 24.367403173785615, 7.476749617472105, 37.815191879702034, 3.822961803315822), rho: 0.4, reward: -1.0 - 0, eps: 1.0, sample: -1, 
[TRAIN]: (7): action: 121, observation: (0, 0.2857473601034528, 0.5, 0.448656774217959, 0.47568441347696344, 3.6024434285749267, 2.6606183581748617, 11.146045842627304, 25.352544037211025, 12.002667161441202, 1.0340051513506163, 11.81427405518198), rho: 0.4, reward: -1.0 - 0, eps: 1.0, sample: -1, 
[TRAIN]: (7): action: 93, observation: (0, 0.8787479228308889, 0.4294973601034528, 0.715254179752396, 0.7094233534618143, 19.140801925260348, 0.6499485865352861, 1.225986363098696, 3.551080401548874, 2.1083316943459205, 3.0851152073554173, 15.41745609038275), rho: 0.4, reward: 6.928064346313477 - 1, eps: 1.0, sample: -1, 
[TRAIN]: (7): action: 119, observation: (0, 0.07421093839632897, 0.5, 0.2591557394289491, 0.6488245891969349, 1.0611576811439185, 3.695605111923152, 0.20464620483387658, 7.127501406578358, 13.639893626794716, 10.47349809737129, 3.327682355332438), rho: 0.4, reward: -1.0 - 0, eps: 1.0, sample: -1, 
[TRAIN]: (7): action: 184, observation: (0, 0.19611493865557306, 0.461710938396329, 0.26892900731117664, 0.6929830350430544, 20.819498359124427, 11.526508120316784, 6.165040492441321, 56.50985297032484, 22.52138052216919, 4.503734249814153, 2.183884467649237), rho: 0.4, reward: -1.0 - 0, eps: 1.0, sample: -1, 
[TRAIN]: (7): action: 60, observation: (0, 6.999969211135205, 0.5, 0.8947465027755843, 0.29183704447750647, 10.362090502442605, 10.641005927983521, 0.34274152997348184, 10.686685872469099, 2.248714702164956, 21.35241844374557, 7.153063081588165), rho: 0.4, reward: -1.0 - 0, eps: 1.0, sample: -1, 
[TRAIN]: (7): action: 199, observation: (0, 4.222870561412062, 0.5, 0.7313548722169707, 0.5921850681907754, 13.911770315629635, 23.552712162159505, 0.12204320475348684, 6.18126297330255, 9.956172346546923, 15.3321826777053, 9.777428327102491), rho: 0.4, reward: -1.0 - 0, eps: 1.0, sample: -1, 
[TRAIN]: (7): action: 210, observation: (0, 0.009635338311275521, 0.5, 0.12628905908994348, 0.8980337871038472, 1.475605139984222, 12.0691895708006, 2.4454780813111117, 1.2195699822412907, 3.8736698170191812, 7.427429857097017, 9.502358027227366), rho: 0.4, reward: -1.0 - 0, eps: 1.0, sample: -1, 
[TRAIN]: (7): action: 88, observation: (0, 0.08412867478301758, 0.07838533831127553, 0.3712190133992094, 0.898442230534778, 10.090061113374125, 11.652491677483475, 34.982920240737776, 13.055951592748432, 1.144779384670373, 1.2094768883402638, 0.41552315529215633), rho: 0.4, reward: -1.0 - 0, eps: 1.0, sample: -1, 
[TRAIN]: (7): action: 246, observation: (0, 3.3075492135213715, -0.3249859869057069, 0.6881833826193963, 0.047365386444676694, 4.172724222335492, 3.71336282226908, 1.0386037767546885, 7.658838831482041, 8.459151519047971, 13.09340655901276, 6.032678417342509), rho: 0.4, reward: -1.0 - 0, eps: 1.0, sample: -1, 
[TRAIN]: (7/1400): reward: -12.071935653686523, rho: 0.4000000000000001, rates: 0.3464032173156738
[TRAIN]: (8): action: 135, observation: (1, 0.08327898869873172, 0.0, 0.7770533138623967, 0.35702539163226377, 0.5767884756253843, 0.36929140662690163, 11.65937518303278, 6.753341383774195, 1.6547795452906335, 1.1802936155858972, 4.425074943030315), rho: 0.4, reward: -1.0 - 0, eps: 1.0, sample: -1, 
[TRAIN]: (8): action: 94, observation: (1, 0.18038838377706856, -0.4979710113012682, 0.2084745928478745, 0.0990353305187911, 0.07924922874558467, 1.5416272128017199, 9.67522049695832, 37.01390499219647, 0.3144685683092671, 1.4203467007417168, 2.7940765556732265), rho: 0.4, reward: -1.0 - 0, eps: 1.0, sample: -1, 
[TRAIN]: (8): action: 99, observation: (1, 0.003136771729526533, -0.37383262752419966, 0.47461341393271483, 0.28917223499764544, 10.85294660700514, 4.210161978306076, 3.334973267188614, 8.871602073645487, 1.0913220142233482, 10.862715918088618, 12.773811992748882), rho: 0.4, reward: -1.0 - 0, eps: 1.0, sample: -1, 
[TRAIN]: (8): action: 224, observation: (1, 2.122269263391216, -0.4644458557946731, 0.5864777058351545, 0.7345926578507791, 6.1576616605618675, 16.49934141066129, 2.543622200333218, 3.8973882150808543, 6.221062889111285, 10.234128149798511, 7.571264926666279), rho: 0.4, reward: -1.0 - 0, eps: 1.0, sample: -1, 
[TRAIN]: (8): action: 129, observation: (1, 0.13385859999273736, 0.5, 0.9025158072892481, 0.28099254883201585, 4.693853368463334, 27.373302044311405, 10.347564329040736, 4.233715137408022, 9.50126143303493, 3.4158899221890264, 8.23943100355491), rho: 0.4, reward: -1.0 - 0, eps: 1.0, sample: -1, 
[TRAIN]: (8): action: 139, observation: (1, 3.6216030008110236, 0.033858599992737326, 0.32242810672808364, 0.7816501721921022, 5.405143339299547, 10.53831577061949, 23.091751443539664, 0.82009009795452, 10.594263515994351, 3.330170149107131, 12.444728576750478), rho: 0.4, reward: -1.0 - 0, eps: 1.0, sample: -1, 
[TRAIN]: (8): action: 223, observation: (1, 2.708921719117038, 0.5, 0.04644621337313026, 0.6364550002288037, 6.083737472988405, 18.03376223367153, 23.721690336980288, 11.338652796017767, 10.195063212453588, 4.897514411514703, 11.810199285553047), rho: 0.4, reward: -1.0 - 0, eps: 1.0, sample: -1, 
[TRAIN]: (8): action: 1, observation: (1, 0.0572956609059174, 0.5, 0.7299343040308106, 0.013147370953186188, 13.874179228055459, 8.085162014828697, 1.0999171860462178, 34.812357503475305, 5.979456493398122, 0.9623475731274195, 9.047314533704732), rho: 0.4, reward: -1.0 - 0, eps: 1.0, sample: -1, 
[TRAIN]: (8): action: 139, observation: (1, 0.3376627959302207, 0.14479566090591744, 0.681696894570086, 0.5166673038661548, 5.463111580867443, 26.259081602747806, 2.608704815870082, 0.2174717174226001, 20.55096154058319, 10.608124181082356, 1.1051490046693366), rho: 0.4, reward: -1.0 - 0, eps: 1.0, sample: -1, 
[TRAIN]: (8): action: 238, observation: (1, 0.14686237179493006, 0.16370845683613816, 0.35697109187936715, 0.1857023878143329, 16.6550156363232, 2.6193260954347117, 5.009971461986264, 10.161432128588856, 4.554354085270026, 3.2097670965268925, 1.9769237795974668), rho: 0.4, reward: -1.0 - 0, eps: 1.0, sample: -1, 
[TRAIN]: (8): action: 111, observation: (0, 0.13524215754371557, 0.14182082863106824, 0.238695270394512, 0.7135953310534005, 22.59995259354884, 17.543150960988005, 1.437439716534727, 1.711865229144942, 7.100147433232632, 6.0496061179738, 1.1554305991816995), rho: 0.4, reward: -1.0 - 0, eps: 1.0, sample: -1, 
[TRAIN]: (8): action: 143, observation: (0, 0.1918855056996594, -0.11668701382521618, 0.07329381571917781, 0.5402447842933029, 2.8484664740176235, 11.75863947735343, 12.357104332168129, 6.414967951928755, 28.910331022330126, 3.0072144512343426, 2.5472016250635825), rho: 0.4, reward: -1.0 - 0, eps: 1.0, sample: -1, 
[TRAIN]: (8): action: 91, observation: (0, 0.08874615303695628, -0.22480150812555677, 0.26583798624005084, 0.7985801318910486, 16.562697670901315, 0.8654475308911125, 4.183124825718634, 19.533840836423455, 11.14826281093441, 11.118681843948124, 6.395067981189358), rho: 0.4, reward: -1.0 - 0, eps: 1.0, sample: -1, 
[TRAIN]: (8): action: 3, observation: (0, 0.12160531127510651, -0.6048053550886006, 0.6369841854642233, 0.5262642325944948, 10.516743101517372, 34.027237236117685, 6.626827308149763, 53.97935281862134, 1.3075061516622286, 0.08703707286835691, 5.2314601057870895), rho: 0.4, reward: -1.0 - 0, eps: 1.0, sample: -1, 
[TRAIN]: (8): action: 13, observation: (0, 3.36284545050591, -0.7832000438134941, 0.9362158275037815, 0.8164440030491463, 11.301983225987598, 2.5279592116680103, 6.94774429103464, 0.050434121370842674, 1.1204214077063028, 9.743211814813055, 2.1969953388568), rho: 0.4, reward: -1.0 - 0, eps: 1.0, sample: -1, 
[TRAIN]: (8): action: 116, observation: (0, 6.691341216280144, 0.5, 0.9372164369032997, 0.9593377768720758, 1.4627111040720262, 25.442979934167354, 15.603214970724244, 27.831213568710247, 4.739947588539463, 19.505202318092266, 4.264973255401939), rho: 0.4, reward: -1.0 - 0, eps: 1.0, sample: -1, 
[TRAIN]: (8): action: 236, observation: (0, 0.4187206391037762, 0.5, 0.7998832053938699, 0.097422349797881, 18.931205743405176, 33.88530846976262, 18.67932232333384, 5.274274731487802, 0.9063016545722966, 1.2721720188655676, 1.8244677555054534), rho: 0.4, reward: -1.0 - 0, eps: 1.0, sample: -1, 
[TRAIN]: (8): action: 113, observation: (0, 0.10404474753612587, 0.5, 0.39352374579948357, 0.9618991298504462, 21.722378961755687, 6.425169642871839, 17.50320868799279, 12.308206867003527, 4.4519555568949905, 17.899660554648477, 24.544795496082976), rho: 0.4, reward: -1.0 - 0, eps: 1.0, sample: -1, 
[TRAIN]: (8): action: 208, observation: (0, 0.06540377598232841, 0.28529474753612594, 0.1800200901666621, 0.6835493239495691, 3.109750661205247, 39.61883516998256, 0.8680790183157072, 8.908294374793307, 3.8886479438963137, 0.4834691404378682, 3.0841632703920636), rho: 0.4, reward: -1.0 - 0, eps: 1.0, sample: -1, 
[TRAIN]: (8): action: 162, observation: (0, 2.5236427763257976, 0.10694852351845432, 0.8895692810752986, 0.6430103492244077, 9.052485571738845, 7.6714327649455, 2.761611659851754, 10.64210151129303, 23.74879576687084, 7.801845598873037, 5.036708787796078), rho: 0.4, reward: -1.0 - 0, eps: 1.0, sample: -1, 
[TRAIN]: (8/1400): reward: -20.0, rho: 0.4000000000000001, rates: 0.0
[TRAIN]: (9): action: 149, observation: (1, 0.18012073906703593, 0.0, 0.5607251022934588, 0.36703463125625213, 4.308950853407976, 14.324987214171156, 11.029895988128757, 10.17043487126042, 1.8978356770412939, 6.117531531090492, 4.797416499463069), rho: 0.4, reward: -1.0 - 0, eps: 1.0, sample: -1, 
[TRAIN]: (9): action: 210, observation: (1, 4.453169273293783, 0.12387073906703594, 0.15231788007190883, 0.9473766380570782, 2.3689975767894795, 2.5482091296238623, 7.675162964595579, 2.2276503311959654, 29.667128888899615, 2.1203378036050835, 12.624193397190018), rho: 0.4, reward: -1.0 - 0, eps: 1.0, sample: -1, 
[TRAIN]: (9): action: 108, observation: (1, 1.1454033100972996, 0.5, 0.3233673128684841, 0.8893910496855922, 0.8751490657097125, 0.6765416616650373, 5.755312545391619, 16.866989911565717, 8.05626564907524, 2.244706361974847, 3.514015984399971), rho: 0.4, reward: -1.0 - 0, eps: 1.0, sample: -1, 
[TRAIN]: (9): action: 126, observation: (1, 0.16203965999891817, 0.5, 0.6531382308277865, 0.9638755973211416, 8.370224129755995, 7.267985009241059, 2.4941732066338425, 2.574782107312413, 0.3861011801099772, 10.581265376409185, 0.3056112043629495), rho: 0.4, reward: -1.0 - 0, eps: 1.0, sample: -1, 
[TRAIN]: (9): action: 9, observation: (1, 0.2041712465778721, 0.06203965999891825, 0.6694890598490654, 0.556655178053155, 34.94973805928285, 11.605843017002975, 7.354467671607607, 13.812900204895662, 8.475673276862357, 17.297890842505797, 0.8508123835462366), rho: 0.4, reward: 0.1802089363336563 - 1, eps: 1.0, sample: -1, 
[TRAIN]: (9): action: 165, observation: (1, 0.05840987584523099, 0.24746090657679037, 0.19960504325961914, 0.11547093156084298, 21.667932201356834, 0.1997451183605868, 6.847279399215155, 18.506614467423507, 10.030605530517036, 13.369104115711787, 5.972932307147035), rho: 0.4, reward: -1.0 - 0, eps: 1.0, sample: -1, 
[TRAIN]: (9): action: 176, observation: (1, 0.08919504987686491, -0.16287921757797863, 0.991548534261746, 0.14716619231968253, 4.229558641928033, 16.034791393103752, 4.009102751184551, 4.483048003792106, 2.633536568201716, 4.200557993577694, 0.32760859383547625), rho: 0.4, reward: -1.0 - 0, eps: 1.0, sample: -1, 
[TRAIN]: (9): action: 50, observation: (1, 0.4937517697324767, -0.26118416770111375, 0.4512039042105599, 0.5296239287118176, 19.08699588277505, 17.327262570844518, 3.3997689788630865, 12.912867401913466, 9.149272403167389, 11.791942825602957, 1.6027958933048776), rho: 0.4, reward: -1.0 - 0, eps: 1.0, sample: -1, 
[TRAIN]: (9): action: 209, observation: (1, 0.15816141312388804, -0.14243239796863705, 0.705882743374001, 0.7797128126895424, 27.240399971908452, 1.2285952257052486, 3.2660517050668103, 0.13758131586289943, 2.5118908214609488, 3.3130719000362885, 0.4632003310798266), rho: 0.4, reward: -1.0 - 0, eps: 1.0, sample: -1, 
[TRAIN]: (9): action: 197, observation: (1, 0.28106645337194536, -0.359270984844749, 0.8977067460988176, 0.971183855832349, 2.1394182814694704, 18.035995409335413, 13.195288259531655, 0.1479796294288047, 2.174093723803262, 6.4504034487234305, 0.6634518258103019), rho: 0.4, reward: -1.0 - 0, eps: 1.0, sample: -1, 
[TRAIN]: (9): action: 90, observation: (0, 3.4637425946323845, -0.5844545314728036, 0.6162033992813615, 0.6915640784164548, 2.4369214986577874, 4.824447271328286, 5.345111410288603, 49.72997411540631, 11.30658975841024, 14.81781322962422, 29.914091602308183), rho: 0.4, reward: -1.0 - 0, eps: 1.0, sample: -1, 
[TRAIN]: (9): action: 223, observation: (0, 0.14498054627378373, 0.5, 0.19796374441199105, 0.4737103086923995, 8.66716784120206, 12.068336713453323, 0.3654137791632262, 20.075603513140884, 1.9109988333447627, 0.9626093398519835, 20.954515343969963), rho: 0.4, reward: -1.0 - 0, eps: 1.0, sample: -1, 
[TRAIN]: (9): action: 111, observation: (0, 7.321006108739127, 0.49498054627378374, 0.7395849147482247, 0.6048014597984589, 1.349735139379387, 5.61305131297011, 1.2366419921812999, 9.935018760846457, 8.496833056834317, 27.35888362790306, 2.6001402372615816), rho: 0.4, reward: -1.0 - 0, eps: 1.0, sample: -1, 
[TRAIN]: (9): action: 14, observation: (0, 4.426038239883505, 0.5, 0.8477201146795891, 0.5659708944334934, 1.5222177495435378, 10.541560723168686, 3.827262144736603, 2.8113427034143514, 1.079859486047107, 14.081308742090819, 0.05049440229974897), rho: 0.4, reward: -1.0 - 0, eps: 1.0, sample: -1, 
[TRAIN]: (9): action: 135, observation: (0, 0.748175356169986, 0.5, 0.9765489627351541, 0.6122382474638489, 14.170618710231938, 21.29948942780625, 27.411277987541386, 5.444202578967089, 15.48187726822606, 1.699223830939588, 8.393566956686643), rho: 0.4, reward: -1.0 - 0, eps: 1.0, sample: -1, 
[TRAIN]: (9): action: 40, observation: (0, 2.475839062845815, 0.5, 0.7752465965376645, 0.2992105056475365, 1.655116688182546, 3.710474965299657, 0.4017765438413279, 0.39171437958419353, 0.8099564296064948, 8.320037804841297, 3.255128910410803), rho: 0.4, reward: 4.619804382324219 - 1, eps: 1.0, sample: -1, 
[TRAIN]: (9): action: 13, observation: (0, 0.017319081207626576, 0.5, 0.18987976192878364, 0.23126855711139926, 10.624155337486092, 6.952226216197546, 5.869165213797927, 20.08643680975799, 6.295337697324151, 2.561157734216572, 0.16077566549213462), rho: 0.4, reward: -1.0 - 0, eps: 1.0, sample: -1, 
[TRAIN]: (9): action: 128, observation: (0, 0.004043131753116969, 0.4423190812076266, 0.386274115700602, 0.3087110635329975, 37.15086607317783, 4.178658886892926, 1.3568026626830285, 16.26240799935893, 20.968103993670518, 7.3226015352537495, 16.870345208525524), rho: 0.4, reward: -1.0 - 0, eps: 1.0, sample: -1, 
[TRAIN]: (9): action: 45, observation: (0, 11.010822523928676, -0.09738778703925638, 0.8998660164298775, 0.988553907702859, 14.1609260335086, 5.893047579032422, 3.2021288823005873, 3.7954037754883334, 9.573309425993491, 33.59050903590805, 6.261345216239416), rho: 0.4, reward: -1.0 - 0, eps: 1.0, sample: -1, 
[TRAIN]: (9): action: 45, observation: (0, 0.17303073223835122, 0.5, 0.0912328429713336, 0.2027918302749392, 10.342428225304445, 18.5663431187017, 1.9036391609589367, 5.753935392738464, 14.420114630570707, 31.1274215820513, 1.0486950079828188), rho: 0.4, reward: -1.0 - 0, eps: 1.0, sample: -1, 
[TRAIN]: (9/1400): reward: -13.199986681342125, rho: 0.4000000000000001, rates: 0.24000066593289376
